%-----%hostname% DavLs-MacBook-Air.local
%-----%TIME_START% 2024/05/11 21:00:38
%-----%palyer_name% Normal Normal Normal Normal Normal
%-----%WINDOW_TYPE% ALICE
%-----%GRAPH_WINDOW% YES
%-----%RAND_TYPE% 1
%-----%RULE_KAKUMEI% YES
%-----%RULE_SHIBARI% YES
%-----%RULE_KINSOKU% NO
%-----%RULE_KAIDAN% YES
%-----%RULE_CHANGE% YES
%-----%RULE_5TOBI% NO
%-----%RULE_6REVERS% NO
%-----%RULE_8GIRI% YES
%-----%RULE_11BACK% NO
%-----%RULE_SEKIGAE% YES
%-----%RULE_SEKIGAE_NUM% 3
%-----%GAME_NUMBER% 15000
%-----%FLASH_MIBUN_NUMBER% 100
%-----%GAME_PORT% 52745
%-----%RANDOM_SEED% 1715428645
%00000%mibun% 22222
%00000%seat% 02314
%00000%palyer_cards% S5SJH7HJH2D4DJC3CTJ3 STHTHKD5D6DKDAD2C4C7CA S3S8SKSAH9D3DQC9CJCK S4S6S7SQH6H8HAD7C5C6C8 S9S2H3H4H5HQD8D9DTCQC2 
%00000%change_cards% NULL
%00000%play%  2S3D3EE 3S6H6C6EE 1STHTEE 4EE 0SJHJDJEE 2EE 1HKDKEE 1DACAEE 1EE 1C4EE 4H5EE 0H7EE 2H9EE 3HAEE 1KxEE 4KxEE 0H2EE 2KxEE 3KxEE 0KxEE 0KxEE 0SJHJDJEE 2SKCKEE 3EE 1EE 4EE 0EE 0C3EE 2S8EE 2SKCKEE 3EE 1EE 4EE 0EE 2EE 2C9EE 3SQEE 1D2EE 4KxEE 0KxEE 2KxEE 3KxEE 1KxEE 1D5EE 4D8EE 4S9D9EE 0EE 2EE 3EE 1EE 4HQCQEE 4S2C2EE 4EE 4H3EE 0D4EE 2CJEE 3KxEE 1KxEE 4KxEE 0KxEE 2DQEE 2SAEE 3S6H6C6EE 1EE 4EE 0EE 3S7D7EE 3S7D7EE 1EE 4EE 0EE 3H8C8EE 3S4EE 1D6EE 4DTEE 0KxEE 3KxEE 1KxEE 4KxEE 4H4EE 0S5EE 3KxEE 1C7EE 0CTEE
%00000%result% 24103
%00000%points% 2 3 5 1 4
%00001%mibun% 32041
%00001%seat% 02314
%00001%palyer_cards% H9HQHAH2D8DTDQC3CAJ3 S5S7SQHTD3D6D7D2C4C7CJ STH4H7HJHKDJDKC8C9CTCK S3S4S9SKS2H6H8D9DAC5CQ S6S8SJSAH3H5D4D5C6C2 
%00001%change_cards%  32S2DAEE 04J3EE 23H4H7EE 40H3EE
%00001%play%  1S7D7C7EE 4EE 0EE 2STCTEE 3EE 1EE 1D3EE 4D4EE 0D8EE 0H3C3EE 2STCTEE 3EE 1EE 4EE 0HQDQEE 2EE 0HACAEE 0EE 0H9EE 2HJEE 3KxEE 1KxEE 4KxEE 0KxEE 2KxEE 4KxEE 4H5D5EE 0EE 2HKDKCKEE 3EE 1EE 4S6C6EE 4EE 4S8EE 4SJEE 0H2EE 2KxEE 3KxEE 1KxEE 4KxEE 0KxEE 0DTEE 2DJEE 3KxEE 1D2EE 4KxEE 2KxEE 1KxEE 1C4EE 4SAEE 2S2EE 3KxEE 1KxEE 4KxEE 2KxEE 2HKDKCKEE 3EE 1EE 4EE 2EE 2C8EE 2C9EE 3CQEE 1KxEE 4C2EE 2KxEE 3KxEE 2DAEE 3KxEE 1KxEE 3H6H7H8EE 3S4H4EE 1EE 3S9D9EE 3EE 3S3EE 1S5EE 3SKEE 1KxEE 3KxEE 3C5EE
%00001%result% 04231
%00001%points% 7 4 8 3 8
%00002%mibun% 04231
%00002%seat% 02314
%00002%palyer_cards% S9SJH2D6DTDAC6C7CQCKCA S3S8SAH3HTHAD7C4C5CT S4S5STSKH7D5DKC8C9CJC2 S6S7SQH8HJD3D4D8D2C3J3 S2H4H5H6H9HQHKD9DJDQ 
%00002%change_cards%  10SAHAEE 34J3EE 01D6C6EE 43H4EE
%00002%play%  3D3C3EE 1EE 4H9D9EE 0SAHADACAEE 2EE 3EE 4HQDQEE 4EE 4H5EE 0C7EE 2C8EE 2S5D5EE 3EE 1EE 4EE 0SAHADACAEE 2SKDKEE 2EE 2S4EE 3S6EE 1S8EE 1C4C5C6EE 4EE 0CQCKCAEE 2EE 3EE 1EE 0EE 0SAHADAEE 2EE 3EE 1EE 4EE 0EE 0S9EE 2STEE 3SQEE 1KxEE 4S2EE 0KxEE 2KxEE 3KxEE 4KxEE 4KxEE 4H6EE 0DTEE 2CJEE 3D2EE 1KxEE 4KxEE 0KxEE 2KxEE 3KxEE 3H4D4EE 1EE 4EE 0EE 2EE 3H8D8EE 3S7EE 1HTEE 4DJEE 0H2EE 2KxEE 3KxEE 1KxEE 4KxEE 0KxEE 0SJEE 2C2EE 3KxEE 1KxEE 4KxEE 2KxEE 2H7EE 3HJEE 1KxEE 4HKEE 2KxEE 2C9EE
%00002%result% 03421
%00002%points% 12 5 10 7 11
%00003%mibun% 04312
%00003%seat% 23410
%00003%palyer_cards% S4S6SQSAD3DTD2C9CTCJCK S5STH8HAD4D5DQC3C4C2 S7S9SJSKH4H7H9D8D9DJJ3 H3H5HJHQH2D7DKC6C7C8CA S3S8S2H6HTHKD6DAC5CQ 
%00003%change_cards%  10HAC2EE 23J3EE 01S4D3EE 32H3EE
%00003%play%  1D3D4D5EE 0C9CTCJEE 2EE 3C6C7C8EE 4EE 1EE 0EE 0SAHAEE 2EE 3EE 4EE 1EE 0D2C2EE 0EE 0S6EE 2S7EE 3KxEE 4KxEE 1KxEE 0KxEE 2KxEE 3KxEE 3C6C7C8EE 3H5EE 4H6EE 1H8EE 1S4C4EE 0EE 2S9H9D9EE 3EE 4EE 1EE 1C3EE 0DTEE 2SJEE 3HQEE 4HKEE 1KxEE 0KxEE 2KxEE 3H2EE 4KxEE 3KxEE 3D7EE 4S8EE 4S3EE 1S5EE 0SQEE 2SKEE 3KxEE 4S2EE 1KxEE 0KxEE 2KxEE 4KxEE 4C5EE 1STEE 0CKEE 2KxEE 3CAEE 4KxEE 1KxEE 3KxEE 3HJEE 4CQEE 1KxEE 2KxEE 3DKEE 4DAEE 4KxEE 4D6EE 1DQEE 2KxEE 4KxEE 2S9H9D9EE 4EE 2EE 2H3EE 4HTEE
%00003%result% 03142
%00003%points% 17 8 11 11 13
%00004%mibun% 02413
%00004%seat% 23410
%00004%palyer_cards% STSAH4HJHQHAD5DTDAC6C7 S3H3H7H8H9D3D2C3C4C5 S6HTH2D4D7D8DQDKCTCAC2 S4S5S7S8SJSQSKS2H5D6C9 S9H6HKD9DJC8CJCQCKJ3 
%00004%change_cards%  20H2C2EE 43J3EE 02H4D5EE 34S4EE
%00004%play%  1C3C4C5EE 0EE 2EE 3SJSQSKEE 4CJCQCKEE 1H7H8H9EE 3EE 3S5H5EE 4S9D9EE 1EE 0STDTEE 2EE 3EE 4DJEE 0SADAEE 0EE 0H2C2EE 2EE 3EE 4EE 1EE 0EE 0C6EE 2D7EE 3S8EE 3D6EE 4C8EE 4CJCQCKEE 1H7H8H9EE 0EE 2EE 3EE 4EE 4S4EE 1H7EE 0HJEE 2KxEE 3KxEE 4KxEE 1KxEE 0KxEE 3KxEE 3S7EE 4DJEE 1D2EE 0KxEE 2KxEE 3KxEE 4KxEE 1KxEE 1S3H3D3EE 0EE 2H4D4EE 3EE 4EE 1EE 1H8EE 1H9EE 0HQEE 2KxEE 3KxEE 4HKEE 0HAEE 4KxEE 0KxEE 0C7EE 2D8EE 2H4D4EE 3EE 4EE 2HTCTEE 2EE 2D5EE 3C9EE 4KxEE 2DQEE 3S2EE 2KxEE 4H6EE
%00004%result% 10342
%00004%points% 21 13 12 14 15
%00005%mibun% 10423
%00005%seat% 23410
%00005%palyer_cards% S5S6S7SJH4HKD3D6D7CAJ3 STSQSAHJD5D9DJC4C6C8CJ S8SKH5H7HAH2D8DQDAC9CQ S9H6HQD4DTDKC5CTCKC2 S3S4S2H3H8H9HTD2C3C7 
%00005%change_cards%  21HAH2EE 40S2EE 12D5C4EE 04D3EE
%00005%play%  4H8H9HTEE 4S3H3D3C3EE 1EE 0EE 2EE 3EE 4EE 4EE 1EE 0EE 2EE 3EE 4EE 1EE 0EE 2EE 3EE 4EE 1EE 0EE 2EE 3EE
%00005%result% 43201
%00005%points% 23 14 15 18 20
%00006%mibun% 34210
%00006%seat% 41203
%00006%palyer_cards% S9SJH3H4H5HJD6D2C6C2 S7S8SQHTHQD3D8DAC5C8CT S6SKSAS2H7D4D7DQCJCKJ3 S3H8HKH2D9DTC3C7C9CA S4S5STH6H9HAD5DJDKC4CQ 
%00006%change_cards%  14SQDAEE 03D2EE 41S4C4EE 30S3EE
%00006%play%  1S4C4EE 2H7D7EE 0EE 3D9C9EE 4EE 1EE 2SKCKEE 3H2D2EE 2EE 3EE 3C3EE 4S5EE 1S7EE 2SAEE 0KxEE 3KxEE 4KxEE 1KxEE 2S2EE 2KxEE 2KxEE 2D4EE 0H5EE 3C7EE 4H9EE 1HTEE 2KxEE 0HJEE 3HKEE 4HAEE 1KxEE 0KxEE 3KxEE 4KxEE 4SQCQEE 1EE 2EE 0EE 3EE 4EE 4D5EE 1S8EE 1D8C8EE 1D3EE 2S6EE 0S9EE 3KxEE 4STEE 1KxEE 2KxEE 0SJEE 4KxEE 0KxEE 0S3H3EE 3EE 4EE 1EE 2EE 0D6C6EE 0EE 0H4EE 3H8EE 3DTEE 4DJEE 1KxEE 2DQEE 0KxEE 3KxEE 4DKEE 2KxEE 4DAEE 4KxEE 4H6EE 1CTEE 2CJEE 0C2EE 3KxEE 1KxEE 3CAEE
%00006%result% 42031
%00006%points% 26 15 19 20 25
%00007%mibun% 24130
%00007%seat% 41203
%00007%palyer_cards% S4SJH8HAD3D8D9DAC4C8 S8S2H9HJH2D7DTC5C6C7C9 S6SQH6H7HKDJDQDKD2C3CQ STSKH3H4H5HTD5D6CJCA S3S5S7S9SAHQD4CTCKC2J3 
%00007%change_cards%  14S2H2EE 32CAEE 41S3D4EE 23C3EE
%00007%play%  0S4C4EE 3EE 4S2H2C2EE 1D7C7EE 2EE 0H8D8C8EE 1H9C9EE 1EE 1S3EE 2S6EE 0SJEE 3SKEE 4SAEE 1KxEE 2KxEE 0KxEE 3KxEE 4S2EE 4KxEE 4KxEE 4H2C2EE 1EE 2EE 0EE 3EE 4EE 4S5EE 1C6EE 2H7EE 0H8EE 0D8C8EE 0HADAEE 3EE 4EE 1EE 2EE 0EE 0D3EE 3H4EE 4S7EE 1S8EE 1D4EE 2H6EE 0D9EE 3STEE 4HQEE 1KxEE 2HKEE 3KxEE 4KxEE 2KxEE 2DJDQDKEE 3EE 4EE 1EE 2EE 2SQCQEE 3EE 4EE 1EE 2EE 2CAEE 3KxEE 4KxEE 1KxEE 2D2EE 3H3C3EE 4EE 1EE 3H5D5EE 3EE 3D6EE 4S9EE 1DTEE 3CJEE 4CKEE 1KxEE 3KxEE 4KxEE 4CTEE 1HJEE 3KxEE 1KxEE 1C5EE
%00007%result% 02413
%00007%points% 31 17 23 21 28
%00008%mibun% 03142
%00008%seat% 41203
%00008%palyer_cards% S8S9STSAH3H8H9D9DTCAC2 HTHJHQD6DJDKC4C7C9CK SQH5H6D3D5D7DQD2C5C6 S3S6S7SJHKHAH2DAC3CQJ3 S4S5SKS2H4H7D4D8C8CTCJ 
%00008%change_cards%  30H2J3EE 12DKEE 03S8H3EE 21D3EE
%00008%play%  1HTHJHQEE 2EE 0EE 3S6S7S8EE 4EE 1EE 1D3EE 2H5EE 0H8EE 0S9H9D9EE 3EE 4EE 1EE 2EE 0STDTEE 0STDTEE 3EE 4EE 1EE 2EE 0SACAEE 0H2C2EE 0EE 0EE 3S6S7S8EE 3S3H3C3EE 4S4H4D4EE 1EE 2D5C5EE 0EE 3HADAEE 4D8C8EE 4D8C8EE 4S5EE 1D6EE 2D7EE 0KxEE 3KxEE 4KxEE 1KxEE 2KxEE 3HADAEE 4EE 1EE 2EE 3EE 3SJEE 4SKEE 1KxEE 2KxEE 3KxEE 4S2EE 4KxEE 4H7EE 1C9EE 2SQEE 3HKEE 4KxEE 1KxEE 2D2EE 3KxEE 2KxEE 2D5C5EE 3EE 4EE 1EE 2H6C6EE 2EE 2DQEE 3KxEE 4KxEE 1CKEE 2KxEE 1KxEE 1C4EE 2DKEE 3KxEE 4KxEE 1KxEE 3CQEE 4KxEE 1KxEE 4CTEE 1DJEE 4KxEE 1KxEE 1C7EE
%00008%result% 02314
%00008%points% 36 19 27 24 29
%00009%mibun% 03124
%00009%seat% 41320
%00009%palyer_cards% S5S8SKH6H9HKD7D8C8CKCA STSQSAS2HJHADQC5C9CJJ3 S4H3H7H8HQD3D9DJDKC6 S3H4HTH2D4DTDAD2C4C2 S6S7S9SJH5D5D6C3C7CTCQ 
%00009%change_cards%  40SJCQEE 12J3EE 04S5H6EE 21H3EE
%00009%play%  2D3EE 0D7EE 4KxEE 1DQEE 3DAEE 2KxEE 0KxEE 1KxEE 3KxEE 2KxEE 2S4EE 0S8EE 0CQCKCAEE 4S5S6S7EE 1EE 3EE 2EE 0EE 0D8C8EE 0SKHKEE 4EE 1EE 3EE 2EE 0EE 0H9EE 4CTEE 1HJEE 3H2EE 2KxEE 0KxEE 4KxEE 1KxEE 3KxEE 3H4D4C4EE 2EE 0EE 4S5H5D5EE 1SAHAEE 3HTDTEE 4S6H6D6EE 4S7EE 4S7C7EE 1SAHAEE 3EE 2EE 0EE 4EE 1EE 1H3EE 3HTEE 2HQEE 0KxEE 4KxEE 1KxEE 3KxEE 2KxEE 2C6EE 0SJEE 4KxEE 1SQEE 3KxEE 2KxEE 1S2EE 1KxEE 1C5EE 3DTEE 2DJEE 4KxEE 1KxEE 3D2EE 2KxEE 3KxEE 3S3EE 2H7EE 4S9EE 1STEE 3KxEE 2KxEE 4KxEE 1KxEE 1C9EE 3C2EE 2KxEE 4KxEE 1KxEE 2H8EE 2D9EE 4KxEE 1CJEE 2DKEE
%00009%result% 03124
%00009%points% 41 22 29 28 30
%00010%mibun% 02314
%00010%seat% 41320
%00010%palyer_cards% S5S6H8HTHKD8C3C8CJCKJ3 S4H4H5H6D7DKDAD2C4C6C7 S9SAH7HQD4DTDJC5CTCA S8STSJSQS2HAD5D9C9C2 S3S7SKH3H9HJH2D3D6DQCQ 
%00010%change_cards%  40SKH2EE 23SAEE 04S5C3EE 32D5EE
%00010%play%  4S3H3D3C3EE 1EE 3EE 2EE 0EE 4EE 4EE 1EE 3EE 2EE 0EE 4EE 1EE 3EE 2EE 0EE 4EE 1EE 3EE 2EE 0EE
%00010%result% 24103
%00010%points% 43 25 34 29 34
%00011%mibun% 32041
%00011%seat% 41320
%00011%palyer_cards% S3S9SJSKS2H4H2DAC3C5C9 H8H9HTHKHAD5DKC6CJCK S7STH3H6D6D9DTDJD2C8CT S4S5S8SQH5HJD7D8DQJ3 S6SAH7HQD3D4C4C7CQCAC2 
%00011%change_cards%  32SQJ3EE 04S2EE 23H3H6EE 40D3EE
%00011%play%  0S3D3C3EE 4D4C4EE 1HKDKCKEE 3EE 2EE 0EE 1EE 1H8H9HTEE 1D5EE 3H6EE 2S7EE 0S9EE 4SAEE 1KxEE 3KxEE 2KxEE 0KxEE 4KxEE 2KxEE 2D9DTDJEE 0EE 4EE 1EE 3EE 2EE 2STCTEE 0EE 4EE 1EE 3EE 2EE 2D6EE 0C9EE 4HQEE 1HAEE 3KxEE 2KxEE 0H2EE 4KxEE 1KxEE 0KxEE 0H4EE 4S6EE 1CJEE 3DQEE 2D2EE 0KxEE 4KxEE 1KxEE 3KxEE 2KxEE 2C8EE 2SQEE 0SKEE 4S2EE 1KxEE 3KxEE 0KxEE 4KxEE 4D4C4EE 1EE 3S5H5EE 0EE 4H7C7EE 3S8D8EE 3H3EE 0C5EE 4CQEE 1KxEE 3KxEE 0KxEE 4CAEE 4C2EE 1C6EE 3D7EE 0SJEE 3KxEE 0DAEE
%00011%result% 24103
%00011%points% 45 28 39 30 38
%00012%mibun% 32041
%00012%seat% 14023
%00012%palyer_cards% SKSAHJHKD5D6C3C7C9CT S8S9S2H5HTD9C6C8CJCAC2 S3STH6H9HAH2D8DTDQC4C5 S6S7SJH8HQD3D7D2CQCKJ3 S4S5SQH3H4H7D4DJDKDA 
%00012%change_cards%  32D2J3EE 04SAEE 23S3C4EE 40H3EE
%00012%play%  3S3D3EE 1S8C8EE 1S9D9EE 4EE 0EE 2STDTEE 3EE 1S2EE 2D2EE 2H2D2EE 3EE 1EE 4EE 0EE 2EE 2C5EE 3S6EE 1HTEE 4DJEE 0SKEE 2HAEE 3KxEE 1S2EE 4KxEE 0KxEE 2KxEE 1KxEE 2KxEE 2H6EE 3S7EE 1CJEE 4SQEE 0HKEE 2KxEE 3KxEE 1CAEE 4KxEE 0KxEE 1C2EE 1KxEE 1H5EE 4H7EE 0HJEE 2KxEE 3HQEE 1KxEE 4KxEE 0KxEE 3KxEE 3C4EE 1C6EE 4KxEE 0C7EE 2KxEE 3CQEE 0KxEE 3CKEE 3KxEE 3D7EE 4DKEE 0KxEE 2KxEE 3KxEE 4DAEE 4KxEE 4S4H4D4EE 0EE 2EE 3EE 4EE 4S5EE 0D6EE 2D8EE 2H9EE 3SJEE 4SAEE 0KxEE 2KxEE 3KxEE 0H3C3EE 2EE 3EE 0EE 0D5EE 2DQEE 3KxEE 0KxEE 3H8EE
%00012%result% 14230
%00012%points% 46 33 42 32 42
%00013%mibun% 40231
%00013%seat% 14023
%00013%palyer_cards% S3S8SJH9D8D9DAC5C9CJC2 S4STS2D3D6DTDQD2C3C6CA S9H4H7HKHAH2D7CTCQJ3 S5S7SKSAH5H6HTDKC4C7 S6SQH3H8HJHQD4D5DJC8CK 
%00013%change_cards%  01DAC2EE 34SAEE 10D3C3EE 43H3EE
%00013%play%  0S3D3C3EE 2H7D7EE 3S5H5EE 1D6C6EE 4H8C8EE 0S8D8EE 0S8D8EE 0H9D9C9EE 2EE 3EE 1EE 4EE 0SJCJEE 0SJCJEE 2EE 3EE 1EE 4EE 0EE 0C5EE 2H7EE 3HTEE 1KxEE 4HJEE 2HKEE 3KxEE 4KxEE 2HAEE 2H2EE 2KxEE 2KxEE 2H4EE 3S5EE 1D6EE 4H8EE 4SQHQEE 2EE 3EE 1EE 4EE 4D4EE 2D7EE 3DKEE 1DAEE 4KxEE 2KxEE 3KxEE 1D2EE 1KxEE 1STDTEE 4EE 2EE 3EE 1S2C2EE 1EE 1S4EE 4D5EE 2S9EE 3SKEE 1KxEE 4SAEE 2KxEE 3KxEE 4KxEE 4S6EE 2CTEE 3KxEE 1DQEE 4CKEE 2KxEE 1CAEE 4KxEE 1KxEE 1C6EE 4C8EE 4DJEE 2CQEE
%00013%result% 01423
%00013%points% 51 37 44 33 45
%00014%mibun% 01342
%00014%seat% 14023
%00014%palyer_cards% S6H4H8HTHQD3D9DAD2CKC2 S2H5H7H9D4D5DJDKC3CT S8S9SQSKHJD6D7DTDQC7J3 S3S4S7H3H2C4C8C9CJCQCA S5STSJSAH6HKHAD8C5C6 
%00014%change_cards%  30H2CAEE 21J3EE 03H4D3EE 12C3EE
%00014%play%  3S3H3D3EE 1H5D5EE 4S5C5EE 0DACAEE 2D7C7EE 3S4H4C4EE 3EE 3S7EE 1H9EE 4STEE 0HQEE 2SKEE 3KxEE 1S2EE 4KxEE 0KxEE 2KxEE 1KxEE 1KxEE 1H5D5EE 4EE 0DACAEE 2EE 3EE 1EE 0H2D2C2EE 0H2D2C2EE 2EE 3EE 1EE 4EE 0EE 0S6EE 2D7EE 3C8EE 3C9EE 1CTEE 4KxEE 0CKEE 2KxEE 3KxEE 1KxEE 0KxEE 0H8EE 0D9EE 2DTEE 3KxEE 1DJEE 4KxEE 0KxEE 2DQEE 1DKEE 2KxEE 1KxEE 1D4EE 4S5EE 0HTEE 2HJEE 3KxEE 1KxEE 4HKEE 2KxEE 4HAEE 4KxEE 4H6C6EE 2EE 3EE 1EE 4EE 4C5EE 2D6EE 3CJEE 1KxEE 4SAEE 2KxEE 3KxEE 4KxEE 4D8EE 4SJEE 2SQEE 3KxEE 1KxEE 2KxEE 2C3EE 3CQEE 1KxEE 2KxEE 1H7EE
%00014%result% 04312
%00014%points% 56 39 45 36 49
%00015%mibun% 03421
%00015%seat% 03421
%00015%palyer_cards% S5S7STH4H7HJHAD9DJDQC2 S8SKH5H8HQD4DTC3C9CQ S4SQHKDAD2C4C7CTCJJ3 SAH6H9H2D6D8DKC5C6CKCA S3S6S9SJS2H3HTD3D5D7C8 
%00015%change_cards%  20D2J3EE 14SKEE 02S5H4EE 41S3EE
%00015%play%  4H3D3EE 2S4H4C4EE 1EE 0S7H7EE 3EE 4EE 0HJDJEE 0D2C2EE 0EE 0D9EE 3DKEE 4KxEE 2DAEE 1KxEE 0KxEE 3KxEE 2KxEE 0KxEE 0STEE 3CKEE 4S2EE 2KxEE 1KxEE 0KxEE 3KxEE 4KxEE 4D5EE 2C7EE 1S8EE 1S3C3EE 0EE 3H6D6C6EE 4EE 2S4H4C4EE 1HQCQEE 1EE 1D4EE 0DQEE 3KxEE 4KxEE 2KxEE 1KxEE 0KxEE 0HAEE 3H2EE 4KxEE 2KxEE 1KxEE 3KxEE 3H6D6C6EE 4EE 2EE 1EE 3SACAEE 3SACAEE 4EE 2EE 1EE 3EE 3C5EE 4S6EE 2CTEE 1KxEE 3KxEE 4SJEE 2SQEE 4SKEE 2KxEE 4KxEE 4D7EE 2CJEE 1KxEE 3KxEE 4KxEE 2HKEE 2KxEE 2S4H4C4EE 1EE 3EE 4EE 2EE 2S5EE 1H8EE 1H5EE 3D8EE 3H9EE 4HTEE 1KxEE 4KxEE 4C8EE 4S9EE
%00015%result% 02341
%00015%points% 61 40 49 39 51
%00016%mibun% 04123
%00016%seat% 03421
%00016%palyer_cards% SAH4H2D3D7DJDQDKC6C8CA H5H8HQD5D6D9C9CTCJCK S9SQH6H7H9HTHKDAD2J3 S4S6S7S8SJSKH3HJDTCQC2 S3S5STS2HAD4D8C3C4C5C7 
%00016%change_cards%  10HQCKEE 42S2EE 01H4D3EE 24H6EE
%00016%play%  1C9CTCJEE 0DJDQDKEE 3S6S7S8EE 4C3C4C5EE 2EE 1EE 1H5D5EE 0HQDQEE 3EE 4EE 2EE 1EE 0DKEE 0DKCKEE 3EE 4EE 2EE 1EE 0SACAEE 0EE 0C6EE 3S7EE 4D8EE 4C3C4C5EE 2EE 1EE 0EE 3EE 4EE 4S3EE 2H7EE 1H8EE 1D3EE 0D7EE 3DTEE 4KxEE 2DAEE 1KxEE 0KxEE 3KxEE 2D2EE 2KxEE 2KxEE 2S9H9EE 1EE 0EE 3SJHJEE 4EE 2EE 3EE 3H3EE 4D4EE 2HTEE 1KxEE 0DJEE 3CQEE 4HAEE 2S2EE 0KxEE 3KxEE 4KxEE 2KxEE 2SQEE 1KxEE 0H2EE 3KxEE 4KxEE 2KxEE 0KxEE 0C8EE 3S4EE 4S5EE 2KxEE 1KxEE 3S6EE 4STEE 3SKEE 4KxEE 3KxEE 3S8EE 3C2EE 4KxEE 2KxEE 1KxEE 4H6EE 2HKEE 1KxEE 4KxEE 1H4EE 4C7EE
%00016%result% 03241
%00016%points% 66 41 52 43 53
%00017%mibun% 04213
%00017%seat% 03421
%00017%palyer_cards% S3SKH3H6HAD4D5DAD2C5CA S9H4H8H9HJD3D7DKC4J3 S6S8STSJSQS2H7HKD8C3 S7H5HTH2D6DQC6C7C9CKC2 S4S5SAHQD9DTDJC8CTCJCQ 
%00017%change_cards%  10DKJ3EE 43SAEE 01S3H3EE 34H5EE
%00017%play%  1S3H3D3EE 0D5C5EE 3D6C6EE 4S5H5EE 2S8D8EE 1H4C4EE 1H4C4EE 0D5C5EE 3D6C6EE 4EE 2D8EE 1EE 0DKEE 3C7EE 3S7C7EE 4EE 2S8D8EE 2STSJSQEE 1EE 0DKDAD2EE 3EE 4D9DTDJEE 2EE 0EE 0HACAEE 3H2C2EE 4EE 2EE 1EE 0EE 3EE 3C9EE 4DTEE 2HKEE 1KxEE 0KxEE 3KxEE 4KxEE 2KxEE 0KxEE 0D4EE 3HTEE 4DJEE 2S2EE 1KxEE 0KxEE 3KxEE 4KxEE 2KxEE 2C3EE 1D7EE 0SKEE 3SAEE 4KxEE 2KxEE 1KxEE 0KxEE 3KxEE 3DQEE 4KxEE 2KxEE 1KxEE 0KxEE 3CKEE 4CTCJCQEE 2EE 1EE 0EE 4EE 4S5H5EE 2EE 1S9H9EE 0EE 4EE 1EE 1H8EE 1HJEE 0KxEE 4HQEE 2KxEE 4KxEE 4S4EE 2S6EE 0KxEE 4KxEE 2KxEE 2H7EE 0KxEE 4C8EE 4D9EE
%00017%result% 31240
%00017%points% 67 45 55 48 55
%00018%mibun% 41203
%00018%seat% 34012
%00018%palyer_cards% SJS2H3H4H5H6H8HQD9C7CK S9STSKHJD3D5C5C8CTCA S3S5S7H7H2DQDKC6CJJ3 S4SQHTHAD6D8DJDAD2CQC2 S6S8SAH9HKD4D7DTC3C4C9 
%00018%change_cards%  03S2CKEE 41SAEE 30S4D6EE 14D3EE
%00018%play%  4D3C3EE 0S4H4EE 1D5C5EE 2S7H7EE 3SQCQEE 4EE 0EE 1EE 2EE 3HADAEE 3S2D2C2EE 3S2D2C2EE 4EE 0EE 1EE 2EE 3EE 3D8EE 3HTEE 4HKEE 0KxEE 1KxEE 2H2EE 3KxEE 4KxEE 2KxEE 2KxEE 2S3EE 3DJEE 4KxEE 0HQEE 1SKEE 2KxEE 3KxEE 0KxEE 1SAEE 1KxEE 1STCTEE 2EE 3EE 4EE 0EE 1EE 1C8EE 1S9EE 2CJEE 3CKEE 4KxEE 0KxEE 1CAEE 2KxEE 1KxEE 1HJEE 2DQEE 4KxEE 0KxEE 2DKEE 2KxEE 2S5EE 4S6EE 0SJEE 2KxEE 4KxEE 0KxEE 0H6D6EE 2EE 4EE 0EE 0H3EE 2C6EE 4D7EE 0H8EE 0H5EE 4S8EE 4D4C4EE 0EE 4H9C9EE 4EE 4DTEE
%00018%result% 31240
%00018%points% 68 49 58 53 57
%00019%mibun% 41203
%00019%seat% 34012
%00019%palyer_cards% S5S6SJS2HTHQD3D8DAC9C2 S3S8S9SKH7DQDKC8CTCA SQH3H4HAD4D6DTD2C3C6 S4STSAH5H8HJDJC4C5CQJ3 S7H6H9HKH2D5D7D9C7CJCK 
%00019%change_cards%  03S2C2EE 41H2EE 30S4C4EE 14S3EE
%00019%play%  0S4S5S6EE 1EE 2EE 3EE 4EE 0EE 0D3EE 1H7EE 2DTEE 3HJEE 4HKEE 0KxEE 1H2EE 2KxEE 3KxEE 4KxEE 1KxEE 3KxEE 3H5C5EE 4S7D7C7EE 0EE 1S8C8EE 1SKDKEE 2EE 3S2C2EE 4EE 0EE 1EE 3EE 3H8EE 3STEE 4CJEE 0HQEE 1CAEE 2D2EE 3KxEE 4KxEE 0KxEE 1KxEE 2KxEE 2H3C3EE 3EE 4S7D7C7EE 0EE 1EE 2H4D4EE 2D6C6EE 2EE 2SQEE 3SAEE 4KxEE 0KxEE 1KxEE 2KxEE 3KxEE 3DJEE 4CKEE 0DAEE 1KxEE 2KxEE 3KxEE 4KxEE 0KxEE 0C4EE 1S9EE 2HAEE 3KxEE 4KxEE 0KxEE 1KxEE 3CQEE 4KxEE 0KxEE 1KxEE 4S7D7C7EE 0EE 1EE 4H9D9EE 4H9D9EE 0EE 1EE 4EE 4S3EE 0D8EE 0C9EE 1CTEE 4KxEE 0KxEE 1KxEE 1DQEE 4KxEE 0KxEE 4D5EE 0HTEE 4KxEE 0SJEE
%00019%result% 23104
%00019%points% 70 52 63 57 58
%00020%mibun% 32014
%00020%seat% 34012
%00020%palyer_cards% STSJSQHJDJDAC3C7CJCA S3S5S6HTHQD4DTDQCTCK S7SKS2H4H8HKH2D6D8C4CQ S4S8S9H5H9D3D7DKD2C8J3 SAH3H6H7HAD5D9C5C6C9C2 
%00020%change_cards%  42SAC2EE 03DAEE 24H4C4EE 30D3EE
%00020%play%  0STSJSQEE 1EE 2SKSAS2EE 3DKDAD2EE 4C4C5C6EE 0EE 2EE 2H8D8EE 2H2C2EE 3EE 4EE 0EE 1EE 2EE 2D6EE 3D7EE 4D9EE 0DJEE 1DQEE 2KxEE 3DKEE 4KxEE 0KxEE 1KxEE 3DAEE 3D2EE 3KxEE 3KxEE 3S8C8EE 3S9H9EE 4EE 0EE 1HTDTCTEE 2EE 3EE 3S4EE 4D5EE 0C7EE 1HTEE 2CQEE 3KxEE 4HAEE 0KxEE 1KxEE 2KxEE 4KxEE 4C4C5C6EE 0EE 1EE 2EE 3EE 4EE 4H3EE 0HJEE 1HQEE 2HKEE 3KxEE 4KxEE 0KxEE 1KxEE 2KxEE 2S7EE 3KxEE 4C9EE 0CJEE 1CKEE 4KxEE 0CAEE 1KxEE 0KxEE 0D3C3EE 1DTCTEE 3EE 4EE 1EE 1S3EE 3H5EE 4H6EE 1KxEE 4H7EE 4KxEE 4H4EE
%00020%result% 20341
%00020%points% 74 53 68 60 60
%00021%mibun% 14023
%00021%seat% 20413
%00021%palyer_cards% S5S2H9D4D5D6D8D9C9CAJ3 S6SAH3H6H7HKHAH2D7CJ STSKHQDTDKD2C4C6C7C8C2 S4SQH4H5H8DJDQDACQCK S3S7S8S9SJHTHJD3C3C5CT 
%00021%change_cards%  12SAH2EE 40SJEE 21C4C6EE 04D4EE
%00021%play%  4S7S8S9EE 4S3D3C3EE 1S6H6C6EE 3EE 2STDTEE 0EE 4HTCTEE 1H7D7EE 1H7D7EE 3EE 2STDTEE 0EE 4EE 1EE 2SKDKEE 2D2EE 2H2D2C2EE 0EE 4EE 1EE 3EE 2EE 2C7EE 0D8EE 0S5D5EE 4HTCTEE 1EE 3EE 2EE 0EE 4EE 4D4EE 1CJEE 3SQEE 2SAEE 0S2EE 4KxEE 1KxEE 3KxEE 2KxEE 0KxEE 0KxEE 0H9D9C9EE 4EE 1EE 3EE 2EE 0EE 0D6EE 4HJEE 1HKEE 3KxEE 2KxEE 0KxEE 4KxEE 1HAEE 1KxEE 1H3EE 3S4EE 2C8EE 2HQEE 0CAEE 4KxEE 1KxEE 3KxEE 0KxEE 0SJEE 4KxEE 1KxEE 3DQEE 3CKEE 3DAEE 3KxEE 3H4EE 4C5EE 1KxEE 3H8EE 3H5EE 1KxEE 3DJEE 3CQEE
%00021%result% 20431
%00021%points% 78 54 73 62 63
%00022%mibun% 14032
%00022%seat% 20413
%00022%palyer_cards% S5SKSAHKH2D7DKC3C7CQCK S3H7HQD8D9DJDQDAC4C5 S8SQH8HTHAD3D4D5C8CTCJ S7S9STH4H9HJDTC6CAJ3 S4S6SJS2H3H5H6D6D2C9C2 
%00022%change_cards%  12HQDAEE 30J3EE 21D3D4EE 03C3EE
%00022%play%  1S3D3EE 3S9H9EE 2EE 0EE 4EE 1EE 3STDTEE 3EE 3C3EE 2D5EE 0D7EE 4D2EE 1KxEE 3KxEE 2KxEE 0KxEE 4KxEE 0KxEE 0SKHKDKCKEE 4EE 1EE 3EE 2EE 0EE 0EE 4EE 1EE 3EE 2EE 0EE 4EE 1EE 3EE 2EE 0EE 4EE 1EE 3EE 2EE
%00022%result% 24310
%00022%points% 79 56 78 65 67
%00023%mibun% 43021
%00023%seat% 20413
%00023%palyer_cards% STSQH6HQD3D4DJC6CTCJCQ S3H8HJH2D5D6D9DQC8C2 SJS2H4H7HKD7D8C3C4C9CK S4S6S9SKH9HTHADKC7CA S5S7S8SAH3H5DTDAD2C5J3 
%00023%change_cards%  02SQHQEE 14H2EE 20H4C3EE 41H3EE
%00023%play%  0CTCJCQEE 4EE 1EE 3EE 2EE 0EE 0D3C3EE 4S5H5C5EE 1EE 3S9H9EE 2EE 0EE 3SKDKEE 3HACAEE 3EE 3S4EE 2H7EE 0STEE 4SAEE 1KxEE 3KxEE 2S2EE 0KxEE 4KxEE 2KxEE 4KxEE 4S5H5C5EE 1EE 3EE 2SQHQEE 0EE 4H2D2EE 4H2D2EE 1EE 3EE 2EE 0EE 4EE 4S7EE 1H8EE 1S3H3EE 3EE 2SQHQEE 0EE 4EE 1EE 2HKEE 2HKCKEE 0EE 4EE 1EE 3EE 2EE 2C4EE 0H6EE 4S8EE 4DTEE 1HJEE 3KxEE 2KxEE 0KxEE 4DAEE 1C2EE 1KxEE 1D5EE 3S6EE 2D7EE 0DJEE 1DQEE 3KxEE 2KxEE 0KxEE 1KxEE 1D6EE 3C7EE 2D8EE 2C9EE 0KxEE 1KxEE 3HTEE 2SJEE 0H4D4EE 1EE 0EE 0C6EE
%00023%result% 43201
%00023%points% 81 57 81 69 72
%00024%mibun% 34210
%00024%seat% 20134
%00024%palyer_cards% S3STSKH6HJHAH2D7C9CQCK SQSAH7D5DQD2C4C6CJCA S8SJHQHKD4D6DKC3C5CTJ3 S6S9H8D3D8DTDJDAC8C2 S4S5S7S2H3H4H5H9HTD9C7 
%00024%change_cards%  14SAD2EE 03H2EE 41S4H3EE 30D3EE
%00024%play%  0S3D3EE 1S4C4EE 3H8D8C8EE 4S5H5EE 2HKDKEE 0EE 1EE 4EE 2EE 2C3EE 0H6EE 1H7EE 3H8EE 3D8C8EE 3H2C2EE 4EE 2EE 0EE 1EE 3EE 3S6EE 4S7EE 2S8EE 2D4EE 0D7EE 1DQEE 3DAEE 4D2EE 2KxEE 0KxEE 1KxEE 3KxEE 4KxEE 2KxEE 2C5EE 0C9EE 1CJEE 3KxEE 4KxEE 2KxEE 0CQEE 1CAEE 0KxEE 1KxEE 1H3EE 3S9EE 4HTEE 2SJEE 0SKEE 1KxEE 3KxEE 4SAEE 2KxEE 0KxEE 4S2EE 4KxEE 4H9D9EE 2EE 0EE 1EE 3EE 4EE 4H4EE 2D6EE 0STEE 1SQEE 3KxEE 4KxEE 2KxEE 0KxEE 1KxEE 1D5EE 3DTEE 4KxEE 2KxEE 0KxEE 1KxEE 3DJEE 4C7EE 2CTEE 0CKEE 1KxEE 2KxEE 0KxEE 0HJEE 1KxEE 2HQEE 0HAEE
%00024%result% 34201
%00024%points% 83 58 84 74 76
%00025%mibun% 34201
%00025%seat% 20134
%00025%palyer_cards% S8STS2H4H6HTC3C6C7J3 S5H3H5HJHKD4D9DAC8CK S3S9SQSKD5D6D8D2C5CTCA S6S7SJSAH7H8D7DJC4CJC2 S4H9HQHAH2D3DTDQDKC9CQ 
%00025%change_cards%  13HKDAEE 04J3EE 31S6C4EE 40D3EE
%00025%play%  0D3C3EE 1D4C4EE 3D7EE 4C9EE 2D5C5EE 0C6EE 1EE 2EE 2S3EE 0H4EE 1S5EE 3S7EE 4KxEE 2KxEE 0KxEE 1KxEE 3KxEE 4KxEE 4H9C9EE 2EE 0EE 1EE 3EE 4HQDQCQEE 4HQDQCQEE 2EE 0EE 1EE 3EE 4EE 4S4EE 2D6EE 0C7EE 1C8EE 1H3EE 3H7EE 4HAEE 2KxEE 0KxEE 1KxEE 3KxEE 4H2EE 4KxEE 4DTEE 2SQEE 0S2EE 1KxEE 3KxEE 4KxEE 2KxEE 0KxEE 0H6C6EE 1EE 3SJDJCJEE 4EE 2EE 0STHTEE 0EE 0S8EE 1H5EE 3D7EE 4DKEE 2D2EE 1KxEE 3KxEE 2KxEE 2D8EE 2S9EE 1HJEE 3HKEE 2KxEE 1KxEE 3KxEE 3SJDJCJEE 2EE 1EE 3SADAEE 3SADAEE 2EE 1EE 3EE 3H8EE 3C2EE 2KxEE 1KxEE 2CTEE 1CKEE 2CAEE 1KxEE 2KxEE 2SKEE
%00025%result% 04321
%00025%points% 88 59 86 77 80
%00026%mibun% 04321
%00026%seat% 20134
%00026%palyer_cards% S6SKH6H8HQD7DAC3C5CTJ3 S7HKH2D3D9DTC7C8C9CKCA S5STSQSAH4H5D6DJDQCQ S3S9H9HJHAD5DKD2C4C6C2 S4S8SJS2H3H7HTD4D8CJ 
%00026%change_cards%  10H2CAEE 24SAEE 01C3C5EE 42H3EE
%00026%play%  1C7C8C9EE 1D3C3EE 3S9H9EE 4EE 2EE 0EE 1HKCKEE 3D2C2EE 1EE 3EE 3S3EE 4S4EE 2S5EE 0S6EE 1S7EE 3KxEE 4S8EE 4SJCJEE 2SQDQCQEE 0DACAEE 1EE 3EE 4EE 0EE 0H6EE 1D9EE 3HJEE 4SAEE 2KxEE 0H2EE 1KxEE 3KxEE 4KxEE 0KxEE 0KxEE 0D7EE 1DTEE 3DKEE 4KxEE 2KxEE 0KxEE 1KxEE 3KxEE 3C4EE 4H7EE 2STEE 0HQEE 1KxEE 3HAEE 4KxEE 2KxEE 0KxEE 3KxEE 3D5EE 4D8EE 4D4EE 2H5EE 0H8EE 0CTEE 1KxEE 3KxEE 4S2EE 2KxEE 0KxEE 4KxEE 4HTEE 2DJEE 0SKEE 1KxEE 3KxEE 2KxEE 1C5EE 3C6EE
%00026%result% 40132
%00026%points% 92 62 87 79 85
%00027%mibun% 12430
%00027%seat% 43120
%00027%palyer_cards% S5H3H5HKD7DAD2C3CQCA S9STSQH6HJHAD4D8DQC4CK S2H9D3D6D9DTDJDKC7CT S3S8SKH4H8H2D5C6C8CJC2 S4S6S7SJSAH7HTHQC5C9J3 
%00027%change_cards%  24S2DKEE 30H2EE 42S4C5EE 03H3EE
%00027%play%  2D9DTDJEE 0EE 4EE 3EE 1EE 2EE 2D3EE 0S5EE 4S6EE 3S8EE 3S3H3EE 1D4C4EE 2EE 0DACAEE 4EE 3EE 1EE 0D2EE 0H2D2EE 4EE 3EE 1EE 2EE 0EE 0C3EE 4S7EE 3H8EE 3H4EE 1H6EE 2H9EE 0HKEE 4KxEE 3KxEE 1KxEE 2KxEE 0KxEE 4KxEE 4H7EE 3C8EE 3D5EE 1D8EE 1SQDQEE 2EE 0EE 4EE 3EE 1EE 1S9EE 2CTEE 0CQEE 4KxEE 3C2EE 1KxEE 2KxEE 0KxEE 3KxEE 3C6EE 1STEE 2KxEE 0KxEE 4SJEE 3SKEE 1KxEE 4SAEE 3KxEE 4S2EE 4KxEE 4C9EE 3CJEE 1CKEE 2KxEE 0KxEE 4KxEE 1KxEE 1HJEE 2KxEE 0KxEE 4HQEE 1HAEE 4KxEE 2S4EE 0H5EE 4HTEE 2KxEE 0KxEE 4KxEE 4DKEE 2KxEE 0KxEE 2C5EE 0D7EE
%00027%result% 31402
%00027%points% 94 66 88 84 88
%00028%mibun% 31402
%00028%seat% 43120
%00028%palyer_cards% S4S6SQSAH6DQC6C8CTCQ STH7HJHKHAD3D4D6D2C9J3 S3SJH5H8HTH2D5D9C5CJC2 S7S9SKS2H3HQD7D8DJC4CA S5S8H4H9DTDKDAC3C7CK 
%00028%change_cards%  23H2C2EE 01SAEE 32H3C4EE 10D3EE
%00028%play%  0S6H6C6EE 4DKCKEE 3S7D7EE 1SAHAEE 2EE 0SQDQCQEE 0EE 0D3EE 4H4EE 3S7EE 1C9EE 2HTEE 0KxEE 4DKEE 3CAEE 1D2EE 2KxEE 4KxEE 3KxEE 1KxEE 1KxEE 1SAHAEE 2EE 0EE 4EE 3S2H2C2EE 1EE 1D4EE 2H5EE 0C8EE 0S4EE 4S5EE 3S9EE 1STEE 2SJEE 0KxEE 4KxEE 3SKEE 1KxEE 2KxEE 3S2EE 3KxEE 3H2C2EE 1EE 2EE 0EE 4EE 3EE 3D7EE 1HJEE 2KxEE 0KxEE 4CKEE 3KxEE 1KxEE 4DAEE 4KxEE 4C3EE 3D8EE 3DJEE 1HKEE 2KxEE 0KxEE 4KxEE 3KxEE 1KxEE 1D6EE 2H8EE 2S3H3EE 0EE 4EE 3EE 1EE 2D5C5EE 2EE 2C4EE 0CTEE 4KxEE 3KxEE 1KxEE 2CJEE 2KxEE 2D9EE 4DTEE 3KxEE 1KxEE 4KxEE 4C7EE 3HQEE 1KxEE 4KxEE 1H7EE
%00028%result% 02314
%00028%points% 99 68 92 87 89
%00029%mibun% 03124
%00029%seat% 43120
%00029%palyer_cards% SAS2H5D6DTDQC3C4C6C8CQ S8H7HQHAD3D7D8DKDACA S3S9SQSKH8HKD4DJCTCK S4S6S7SJH3H6H9HTHJD9C2 S5STH4H2D5D2C5C7C9CJJ3 
%00029%change_cards%  40H2J3EE 12HAEE 04C3C4EE 21S3EE
%00029%play%  1S3D3EE 2SKHKCKEE 0D6C6EE 4EE 3EE 1H7D7EE 0DQCQEE 1EE 0S2H2EE 0EE 0H5EE 4C7EE 3H9EE 1HQEE 2HKEE 0KxEE 4KxEE 3KxEE 1KxEE 2KxEE 0KxEE 0C8EE 0DTEE 4CJEE 3C2EE 1KxEE 2KxEE 0KxEE 4KxEE 3KxEE 3S6H6EE 1S8D8EE 1DACAEE 2EE 0EE 4EE 3EE 1EE 1DKEE 2HAEE 0KxEE 4D2EE 3KxEE 2KxEE 4KxEE 4C3C4C5EE 3EE 2EE 0EE 4EE 4S5D5EE 3SJHJEE 2SKCKEE 0EE 4EE 3EE 2EE 2D4EE 0SAEE 4KxEE 3KxEE 2KxEE 4H4EE 3S7EE 2H8EE 2S9EE 4STEE 3KxEE 2SQEE 4KxEE 2KxEE 2CTEE 4KxEE 3KxEE 2DJEE 4C9EE
%00029%result% 10243
%00029%points% 103 73 95 88 91
%00030%mibun% 10243
%00030%seat% 31420
%00030%palyer_cards% SJSAH3H7D3DJDQCTCQCK H8HJHQHKHAD4D2C4C9CAC2 S4S5S8SQSKS2HTD7D9C6C7 S3S6S7STH5H6DAC8CJJ3 S9H4H9H2D5D6D8DTDKC3C5 
%00030%change_cards%  31DAJ3EE 40H2EE 13D4C4EE 04H3EE
%00030%play%  0SJDJEE 3EE 1HADACAEE 4EE 2EE 0DQCQEE 0EE 0D3EE 3D4EE 1DAEE 4KxEE 2KxEE 0KxEE 3KxEE 1D2EE 1KxEE 1KxEE 1HJHQHKHAEE 4EE 2EE 0EE 3EE 1EE 1H8EE 1C9EE 4DTEE 2SQEE 0CKEE 3KxEE 1CAEE 4KxEE 2KxEE 0KxEE 1C2EE 4H3C3EE 2D7C7EE 0EE 3EE 4EE 2EE 2S4EE 0H7EE 3C8EE 3S6H6EE 4EE 2EE 0EE 3EE 3S3EE 4H4EE 2S5EE 0CTEE 3CJEE 4KxEE 2KxEE 0KxEE 3KxEE 3C4EE 4D5EE 2C6EE 0SAEE 3KxEE 4KxEE 2S2EE 0KxEE 2KxEE 2S8EE 2D9EE 0H2EE 3KxEE 4KxEE 2KxEE 3H5EE 4D6EE 2HTEE 3KxEE 4DKEE 2KxEE 4KxEE 4S9H9EE 2EE 3EE 4EE 4C5EE 2SKEE 3KxEE 4KxEE 3S7EE 4D8EE
%00030%result% 10243
%00030%points% 107 78 98 89 93
%00031%mibun% 10243
%00031%seat% 31420
%00031%palyer_cards% S3S8S9STH5H8HKDQC6C8 S7SAH7HTD6D8D9D2CTCQJ3 SJSQH4H9H2D3D5DKDAC7CJ S6S2H3HJHAD4DJC5C9CA S4S5SKH6HQD7DTC3C4CKC2 
%00031%change_cards%  31S2HAEE 40C2EE 13S7D6EE 04S3EE
%00031%play%  2SJCJEE 0EE 3EE 1EE 4EE 2EE 2D3EE 0H5EE 3S6EE 1H7EE 4DTEE 2SQEE 0HKEE 3CAEE 1S2EE 4KxEE 2KxEE 0KxEE 3KxEE 1KxEE 1KxEE 1HTCTEE 4EE 2EE 0EE 3HJDJEE 1SAHAEE 3EE 1EE 1D8EE 1D9EE 4HQEE 2DKEE 0C2EE 3KxEE 1KxEE 4KxEE 2KxEE 0KxEE 0S8S9STEE 0H8C8EE 0C6EE 3S7EE 1CQEE 4SKEE 2DAEE 0KxEE 3KxEE 1D2EE 4KxEE 2KxEE 4S3S4S5EE 2EE 0EE 3EE 4EE 4C3EE 2H4EE 0DQEE 3KxEE 4CKEE 2H2EE 4KxEE 2KxEE 2D5EE 3D6EE 4D7EE 2KxEE 3KxEE 4KxEE 4C4EE 2C7EE 3C9EE 4KxEE 2KxEE 3KxEE 3H3EE 4H6EE 2H9EE
%00031%result% 10423
%00031%points% 111 83 100 90 96
%00032%mibun% 10342
%00032%seat% 31420
%00032%palyer_cards% S7S2H4H6H7HTD5D2CQCK STSQSKHQHKD4DQDACTCAJ3 S4S5H9HJD3D6D7D9C3C5C6 S3S6S8SAH5DTDJC4C9C2 S9SJH3H8HAH2D8DKC7C8CJ 
%00032%change_cards%  31SAC2EE 20HJEE 13STD4EE 02H4EE
%00032%play%  2D3C3EE 0S7H7EE 3EE 1SQHQDQEE 4H8D8C8EE 2EE 0S2D2EE 0EE 0D5EE 3S6EE 1CTEE 4SJEE 2KxEE 0CQEE 3KxEE 1SKEE 4HAEE 0KxEE 1C2EE 4KxEE 1KxEE 1KxEE 1SQHQDQEE 4EE 2EE 0EE 3EE 1SADACAEE 1EE 1HKEE 4H2EE 2KxEE 0KxEE 3KxEE 4KxEE 4H8D8C8EE 4H3EE 2S4EE 0H6EE 3S8EE 3D4C4EE 4EE 2S5C5EE 0EE 3STDTEE 2EE 3EE 3S3EE 4C7EE 2H9EE 0HTEE 3KxEE 4KxEE 2KxEE 0HJEE 0KxEE 0CKEE 3KxEE 4KxEE 2KxEE 3H5EE 4S9EE 2KxEE 3DJEE 4DKEE 3KxEE 4KxEE 4CJEE 2KxEE 3KxEE 2D6C6EE 3EE 2EE 2H4EE 3C9EE
%00032%result% 10432
%00032%points% 115 88 101 92 99
%00033%mibun% 10432
%00033%seat% 03142
%00033%palyer_cards% S3S9H3H9HQH2D7DAC5C8 S6S8STSQH4H6HKD8DQCKJ3 S4S2H5H8HADTDKD2CTCJC2 S5SJHTD6D9C3C4C6CQCA S7SKSAH7HJD3D4D5DJC7C9 
%00033%change_cards%  21S2D2EE 30CAEE 12S6H4EE 03S3EE
%00033%play%  4D3D4D5EE 2EE 0EE 3EE 1EE 4EE 4S7H7C7EE 2EE 0S9H9EE 3EE 1S8D8EE 4HJDJEE 4HJDJEE 2EE 0EE 3EE 1EE 4EE 4C9EE 2DTEE 0HQEE 3KxEE 1HKEE 4KxEE 2HAEE 0H2EE 1KxEE 2KxEE 0KxEE 1KxEE 1S8D8EE 1SQDQEE 4EE 2EE 0EE 3EE 1S2D2EE 1EE 1H6EE 4SKEE 2C2EE 0KxEE 3KxEE 1KxEE 4KxEE 2KxEE 2S4H4EE 0S9H9EE 3EE 1EE 4EE 2EE 0EE 0DACAEE 3EE 1EE 4EE 2EE 0EE 0H3EE 3C4EE 1STEE 4SAEE 2KxEE 0KxEE 3KxEE 1KxEE 2H5EE 0D7EE 3D9EE 1KxEE 2DKEE 0KxEE 3KxEE 2KxEE 2S6EE 0C8EE 0C5EE 3D6EE 1CKEE 2KxEE 3KxEE 2H8EE 2CTEE 3SJEE 2KxEE 3CQEE 3KxEE 3S3C3EE 2EE 3EE 3S5EE 2CJEE
%00033%result% 40123
%00033%points% 119 91 103 93 104
%00034%mibun% 12340
%00034%seat% 03142
%00034%palyer_cards% S5STSQH8HJHKD3D6D7C2J3 S7H3H6H7H9D8DJC5C8CK S8SKS2HTDAC3C6C7CTCQCA S3S6S9SJH4HAH2D9DQC4 S4SAH5HQD4D5DTDKD2C9CJ 
%00034%change_cards%  34HAH2EE 20S2EE 43S4D4EE 02D3EE
%00034%play%  2D3C3EE 0S2C2EE 3EE 1EE 4EE 2EE 0EE 0S5EE 3S6EE 1S7EE 4SAEE 2KxEE 0KxEE 3KxEE 1KxEE 4KxEE 0KxEE 0D6EE 3S9EE 1DJEE 4HQEE 2SKEE 0KxEE 3KxEE 1KxEE 4HAEE 2KxEE 4H2EE 4KxEE 4H5D5EE 2HTCTEE 0EE 3EE 1EE 4EE 2DACAEE 2EE 2C6EE 0D7EE 3D9EE 1KxEE 4DTEE 2KxEE 0KxEE 3DQEE 4DKEE 3KxEE 4D2EE 4KxEE 4C9EE 2CQEE 0KxEE 3KxEE 1CKEE 4KxEE 2KxEE 1KxEE 1D8C8EE 1H3EE 4CJEE 2KxEE 0SQEE 3KxEE 1KxEE 0HKEE 0KxEE 0H8EE 0STEE 3SJEE 1KxEE 2KxEE 0KxEE 3KxEE 3S4H4D4C4EE 1EE 2EE 0EE 3EE 3EE 1EE 2EE 0EE 3EE 1EE 2EE 0EE 3EE 1EE 2EE 0EE 3EE 1EE 2EE 0EE
%00034%result% 41203
%00034%points% 121 95 106 94 109
%00035%mibun% 31240
%00035%seat% 03142
%00035%palyer_cards% S6S8S9SKH3H6HTHAD4D8CJ SJSQHJH2D3C4C6C7CKC2 S4S7STH5D5DTDQC3C8C9CA S3S5H8H9D7DJDAC5CTCQ SAS2H4H7HQHKD6D9DKD2J3 
%00035%change_cards%  34DACQEE 01HAEE 43H4D6EE 10D3EE
%00035%play%  0H3D3EE 3S5C5EE 1SJHJEE 4HQCQEE 2EE 0EE 3EE 1H2C2EE 4EE 1EE 1C4EE 4H7EE 2C8EE 2H5D5EE 0S6H6EE 3EE 1EE 4HKDKEE 2EE 0EE 4SADAEE 4S2D2EE 4EE 4D9EE 2STEE 0CJEE 3KxEE 1SQEE 4KxEE 2KxEE 0KxEE 1KxEE 2C3EE 0D4EE 3D6EE 1KxEE 2DTEE 0KxEE 3DJEE 2DQEE 3KxEE 2KxEE 2S4EE 0S8EE 0D8EE 0S9EE 3CTEE 1CKEE 2CAEE 0KxEE 3KxEE 1KxEE 2KxEE 2S7EE 0HTEE 3KxEE 1HAEE 2KxEE 0KxEE 1KxEE 1C6EE 2C9EE 0KxEE 3KxEE 1KxEE 0SKEE 3KxEE 1KxEE 3S3EE 1C7EE
%00035%result% 42013
%00035%points% 124 97 110 95 114
%00036%mibun% 23140
%00036%seat% 42310
%00036%palyer_cards% S4S6STS2H4H8C3C6CTCK SKH5H9D3DAC4C9CJCAC2 S3SQHKH2D5D7D9DQDKC5CQ S7S8S9H3HTHQD4D8DTC7J3 S5SJSAH6H7HJHAD6DJD2C8 
%00036%change_cards%  34HQJ3EE 12C2EE 43S5H6EE 21S3EE
%00036%play%  1S3D3EE 0S4H4EE 4SJHJDJEE 2D5C5EE 3S7C7EE 1H9C9EE 0EE 2SQDQCQEE 3EE 1DACAEE 1EE 1C4EE 0S6EE 4H7EE 2D9EE 3HTEE 1CJEE 0CKEE 4KxEE 2KxEE 3KxEE 1KxEE 0KxEE 4KxEE 4SJHJDJEE 2SQDQCQEE 3EE 1EE 0EE 4SAHAEE 2HKDKEE 2HKDKEE 3EE 1EE 0EE 4SAHAEE 2H2C2EE 4EE 2EE 2D7EE 3S8EE 3H3EE 1H5EE 0H8EE 0STCTEE 4EE 3EE 1EE 0EE 0C3EE 4D6EE 3D8EE 3D4EE 1SKEE 0S2EE 4KxEE 3KxEE 0KxEE 0C6EE 4C8EE 4HQEE 3KxEE 4D2EE
%00036%result% 21043
%00036%points% 127 101 115 96 116
%00037%mibun% 21043
%00037%seat% 42310
%00037%palyer_cards% S4SQSKS2H3DJDKC9CJC2 S6H5H6H7HJHKD8D9DTDAC3 S3STSAH4H8HAD5D6D2C7J3 S7S8SJH9D4DQC4C5C6CQCA S5S9HTHQH2D3D7C8CTCK 
%00037%change_cards%  32DQCAEE 41H2EE 23S3H4EE 14C3EE
%00037%play%  4D3C3EE 2SAHACAEE 3H4D4C4EE 1S6H6EE 0DJCJEE 4EE 1EE 0SKDKEE 0S2C2EE 0EE 0H3EE 4S5EE 2D6EE 3S7EE 1D8EE 1H5EE 0C9EE 4HTEE 2DQEE 3KxEE 1HKEE 0KxEE 4KxEE 2SAEE 1H2EE 2KxEE 1KxEE 2KxEE 2HACAEE 3EE 1EE 0EE 4EE 2EE 2D5EE 3C6EE 1H7EE 0SQEE 4CKEE 2D2EE 3KxEE 1KxEE 0KxEE 4KxEE 2KxEE 2C7EE 3S8EE 3H4D4C4EE 1EE 0EE 4EE 2EE 3EE 3S3EE 1D9EE 0KxEE 4CTEE 2KxEE 3SJEE 1DAEE 4KxEE 3KxEE 1KxEE 1DTEE 0KxEE 4HQEE 2KxEE 3KxEE 1KxEE 4KxEE 4D7EE 2H8EE 2STEE 3CQEE 1KxEE 0KxEE 4KxEE 3KxEE 3C5EE 1HJEE 0KxEE 4KxEE 3KxEE 0S4EE 4C8EE 4S9EE
%00037%result% 21043
%00037%points% 130 105 120 97 118
%00038%mibun% 21043
%00038%seat% 42310
%00038%palyer_cards% S8SKH8D3D8DJC3C4C8C9 S3S4SAS2HKD5D6D9DTC7CA S6STH5HAD4DKD2C5CTCJJ3 S5S9SJH3HJHQH2D7DQCQCK S7SQH4H6H7H9HTDAC6C2 
%00038%change_cards%  32H2CKEE 41C2EE 23H5D4EE 14S3EE
%00038%play%  0D3C3EE 4H6C6EE 2STCTEE 3EE 1SACAEE 0EE 4EE 2EE 1S2C2EE 1EE 1S4EE 0S8EE 0H8D8C8EE 0C4EE 4S7EE 2CJEE 3HQEE 1HKEE 0KxEE 4KxEE 2HAEE 3KxEE 1KxEE 2H2EE 2KxEE 2KxEE 2DKCKEE 3EE 1EE 0EE 4EE 2EE 2C5EE 3D7EE 1D9EE 0DJEE 4DAEE 2D2EE 3KxEE 1KxEE 0KxEE 4KxEE 2KxEE 2S6EE 3S9EE 1KxEE 0SKEE 4KxEE 3KxEE 0KxEE 0C9EE 4HTEE 3SJEE 1KxEE 4SQEE 3KxEE 4KxEE 4S3EE 3D4EE 1D5EE 4KxEE 3DQEE 1KxEE 3KxEE 3S5H5EE 1EE 4EE 3EE 3H3EE 1D6EE 4H7EE 3HJEE 1KxEE 4KxEE 3KxEE 3CQEE 1KxEE 4KxEE 1C7EE 4H9EE 1DTEE
%00038%result% 20314
%00038%points% 134 107 125 100 119
%00039%mibun% 13024
%00039%seat% 04231
%00039%palyer_cards% S5STH8HQD4DJC7CTCJJ3 S3S7S2H6HKHAH2D3D5D9CA S4S6S8H5H7HJD6DQDAC6C2 SQSKSAH4D7D8D2C3C5C8C9 S9SJH3H9HTDTDKC4CQCK 
%00039%change_cards%  42DKCKEE 10S2EE 24S4H5EE 01D4EE
%00039%play%  1D3D4D5EE 0EE 4EE 2DQDKDAEE 3SQSKSAEE 1HKHAH2EE 2EE 2S6D6C6EE 3D8C8EE 1HACAEE 0STCTEE 4EE 2EE 2H7EE 3D8EE 3SQSKSAEE 1HKHAH2EE 0EE 4EE 2EE 3EE 3C3EE 1H6EE 0C7EE 4S9EE 2HJEE 3D2EE 1KxEE 0KxEE 4KxEE 2KxEE 3KxEE 0KxEE 0STCTEE 4EE 2EE 3EE 1HACAEE 0EE 1EE 1S3EE 0S5EE 4SJEE 2KxEE 3KxEE 1KxEE 0S2EE 4KxEE 0KxEE 0DJCJEE 4EE 2EE 3EE 1EE 0EE 0H8EE 0HQEE 4KxEE 2CKEE 3KxEE 1H2EE 2KxEE 1KxEE 1S7EE 4H9EE 2C2EE 3KxEE 1KxEE 4KxEE 2KxEE 2S8EE 3H4EE 1D9EE 4HTEE 3KxEE 1HKEE 4KxEE 4S4C4EE 3EE 4EE 4H3EE 3C5EE 4DTEE 3KxEE 4CQEE 4KxEE 4H5EE
%00039%result% 02143
%00039%points% 139 110 129 101 121
%00040%mibun% 02143
%00040%seat% 04231
%00040%palyer_cards% S3S9STS2H3D4D8C7CJCQJ3 S7SQH6H8HJHQD3D5DKC2 S6S8SJSKSAD6D7D2C5C6C8 S5H4H5H7HAD9C4C9CTCA S4H9HTHKH2DTDJDQDAC3CK 
%00040%change_cards%  30HACAEE 42H2EE 03S3H3EE 24C5EE
%00040%play%  1SQHQEE 0HACAEE 4EE 2EE 3EE 1EE 0EE 0D4EE 4C5EE 2S6EE 3H7EE 1H8EE 1D3EE 0C7EE 4H9EE 2SJEE 3KxEE 1DKEE 0S2EE 4KxEE 2KxEE 1KxEE 0KxEE 0KxEE 0D8EE 0S9EE 4HTEE 2SKEE 3KxEE 1C2EE 0KxEE 4KxEE 2KxEE 1KxEE 1D5EE 0STEE 4DJEE 2SAEE 3KxEE 1KxEE 0KxEE 4KxEE 2H2EE 2KxEE 2D6C6EE 3EE 1EE 0EE 4HKCKEE 2EE 4EE 4C3EE 2D7EE 3D9EE 1KxEE 0KxEE 4DTEE 2D2EE 3KxEE 4KxEE 2KxEE 2S8C8EE 3H3H4H5EE 1EE 0EE 4EE 3EE 3S3EE 1H6EE 0CJEE 4DQEE 3KxEE 1KxEE 0KxEE 4DAEE 4KxEE 4S4EE 3S5EE 1S7EE 0KxEE 3KxEE 1KxEE 1HJEE 0CQEE
%00040%result% 24103
%00040%points% 141 113 134 102 125
%00041%mibun% 32041
%00041%seat% 04231
%00041%palyer_cards% S7H8D4D5D6DKDAD2C5C2 S6H5HJHQD8C3C6C9CTCJCA S3SJSQH3H6H7H9HAD9DTC7 S8S9SAH4HKD7DJDQC8CKJ3 S4S5STSKS2HTH2D3C4CQ 
%00041%change_cards%  32SAJ3EE 04D2EE 23S3H3EE 40D3EE
%00041%play%  0D3D4D5D6EE 4EE 2EE 3EE 1C9CTCJEE 0EE 0C5EE 4STEE 2SJEE 3KxEE 1KxEE 0KxEE 4SKEE 2SAEE 4S2EE 2KxEE 4KxEE 2KxEE 2H7C7EE 3EE 1EE 0EE 4EE 2H9D9EE 2EE 2H6EE 3D7EE 1D8EE 1C9CTCJEE 0EE 4EE 2EE 3EE 1EE 1S6C6EE 0EE 4EE 2EE 3EE 1EE 1C3EE 0S7EE 4HTEE 2SQEE 3HKEE 1CAEE 0C2EE 4KxEE 2KxEE 3KxEE 1KxEE 0KxEE 0H8EE 0DKEE 4H2EE 2KxEE 3KxEE 1KxEE 0KxEE 4KxEE 4S4C4EE 2EE 3EE 1EE 0EE 4EE 4S5EE 2DTEE 3DJEE 1KxEE 0DAEE 4D2EE 2KxEE 3KxEE 4KxEE 4CQEE 2HAEE 3KxEE 1KxEE 3S3H3EE 1EE 3S8C8EE 3H4EE 1H5EE 3KxEE 1HJEE 1HQEE
%00041%result% 04213
%00041%points% 146 115 137 103 129
%00042%mibun% 03241
%00042%seat% 04312
%00042%palyer_cards% S3S5S9SKHJHKDTDJCQCKC2 S6S7STSQH2D7DKC3CJCA SJSAS2H5H9HAD4D9DQJ3 S8H3H4H6H7H8HQD5DAD2C7 S4HTD3D6D8C4C5C6C8C9CT 
%00042%change_cards%  30DAD2EE 14H2EE 03S3S5EE 41D3EE
%00042%play%  1D3C3EE 2H9D9EE 0HJDJEE 4EE 3EE 1EE 2HAEE 0HKEE 0SKHKCKEE 4EE 3EE 1EE 2SAHAEE 0D2C2EE 0D2C2EE 4EE 3EE 1EE 2EE 0EE 0S9EE 4HTEE 3HQEE 1KxEE 2HAEE 0KxEE 4H2EE 3KxEE 2KxEE 4KxEE 2KxEE 2D4EE 0DTEE 4KxEE 3KxEE 1DKEE 2KxEE 0DAEE 1KxEE 0KxEE 0CQEE 4KxEE 3KxEE 1CAEE 2KxEE 1KxEE 1S7D7EE 2EE 4EE 3EE 1EE 1S6EE 2SJEE 4KxEE 3KxEE 1SQEE 2SAEE 1KxEE 2S2EE 2KxEE 2H5EE 4D6EE 3H7EE 1STEE 2DQEE 4KxEE 3KxEE 1KxEE 4C4C5C6EE 3EE 1EE 4C8C9CTEE 4S4EE 3S5EE 1KxEE 4KxEE 3S8EE 3S3H3EE 1EE 4EE 3EE 3H4EE 1CJEE 4KxEE 3KxEE 4D8EE
%00042%result% 02143
%00042%points% 151 118 141 104 131
%00043%mibun% 02143
%00043%seat% 04312
%00043%palyer_cards% S9H5H8HJD3D5D9DTC6C7CT S4S5SJS2H4H9DJC8C2J3 S3S7SQH3H2D8DKD2C4C9 S8STH7HQHKD6DQDAC3C5CQ S6SKSAH6HTHAD4D7CJCKCA 
%00043%change_cards%  30HKDAEE 42SAEE 03H5D3EE 24S3EE
%00043%play%  3D3C3EE 1S4H4EE 2H2D2EE 0EE 4EE 3EE 1EE 2EE 2H3EE 0D5EE 4S6EE 3H7EE 1C8EE 1SJDJEE 2EE 0EE 4SKCKEE 3EE 1S2C2EE 4EE 1EE 1S5EE 2S7EE 0S9EE 4KxEE 3STEE 1KxEE 2KxEE 0KxEE 3KxEE 1KxEE 1H9EE 2SQEE 0HKEE 4HAEE 3KxEE 2KxEE 0KxEE 4KxEE 4S3EE 3H5EE 2D8EE 2C4EE 0C6EE 4CJEE 3CQEE 2KxEE 0KxEE 4CAEE 3KxEE 4KxEE 4D4EE 3C5EE 2C9EE 0CTEE 4KxEE 3KxEE 2KxEE 0KxEE 0C7EE 4HTEE 3HQEE 2KxEE 0KxEE 4KxEE 3KxEE 3D6EE 2DKEE 0DAEE 4KxEE 3KxEE 2KxEE 0KxEE 0H8EE 0D9EE 4KxEE 3DQEE 2KxEE 0KxEE 3KxEE 3S8EE 2SAEE 0KxEE 4KxEE 0DTEE 4KxEE 0HJEE
%00043%result% 13204
%00043%points% 153 123 144 108 132
%00044%mibun% 30214
%00044%seat% 04312
%00044%palyer_cards% STH4D6D7D8DQDKD2C5CQCK S4SQHJHKD4DTDJC3C7C9J3 S7SKH3H6H9HTHAD9C6CAC2 S3S9SAH5H8HQH2D5DAC4 S5S6S8SJS2H7D3C8CTCJ 
%00044%change_cards%  41SJS2EE 03D2EE 14S4C3EE 30S3EE
%00044%play%  4S4S5S6EE 3EE 1EE 2EE 0D6D7D8EE 4EE 4D3C3EE 3H5D5EE 1SJHJDJEE 2H6C6EE 0DQCQEE 4EE 3SADAEE 2EE 0EE 3H2D2EE 3EE 3C4EE 1C7EE 2CAEE 0KxEE 4KxEE 3KxEE 1KxEE 2KxEE 1KxEE 1SJHJDJEE 2EE 0DKCKEE 4EE 3EE 1EE 1D4EE 2S7EE 0D8EE 0DKCKEE 4EE 3EE 1EE 2EE 0EE 0S3EE 4H7EE 3H8EE 3S9EE 1DTEE 2SKEE 0KxEE 4KxEE 3KxEE 1S2EE 2KxEE 1KxEE 1C9EE 2HTEE 0KxEE 4CJEE 3HQEE 1HKEE 2HAEE 4KxEE 1KxEE 2KxEE 2H9D9EE 0EE 4EE 1EE 2EE 2H3EE 0H4EE 4KxEE 1KxEE 2KxEE 0KxEE 0C5EE 4S8EE 4C8EE 4CTEE 1SQEE 2C2EE
%00044%result% 34120
%00044%points% 154 126 146 113 136
%00045%mibun% 42301
%00045%seat% 10432
%00045%palyer_cards% S3S5S7H7D3D4D5D6DJC5 S8STSQH8H9HJDQD2C7C9CJ S4S9SJS2H5D8DTDAC8CQCK SKSAH3H4H6H2D7DKC3CAC2 S6HTHQHKHAD9C4C6CTJ3 
%00045%change_cards%  03S7DJEE 24S2EE 30H3C3EE 42C4EE
%00045%play%  0D3D4D5D6EE 4HQHKHAEE 3EE 2EE 1EE 0EE 0S3H3C3EE 4S6C6EE 3S7D7EE 2S4C4EE 1S8H8EE 0S5C5EE 0S5C5EE 4S6C6EE 3S7EE 2EE 1S8EE 0EE 4CTEE 4HQHKHAEE 3EE 2EE 1EE 0EE 4EE 4HTCTEE 3EE 2EE 1EE 0EE 4EE 4D9EE 3DJEE 2DAEE 1D2EE 0KxEE 4KxEE 3KxEE 2KxEE 1KxEE 4KxEE 4S2EE 3KxEE 2KxEE 1KxEE 0KxEE 3S7D7EE 2EE 1S8H8EE 1H9C9EE 0EE 3SKDKEE 2EE 1EE 3SACAEE 3H2C2EE 3EE 3H4EE 2H5EE 1HJEE 0KxEE 3KxEE 2KxEE 1KxEE 1SQDQEE 0EE 3EE 2EE 1EE 1C7EE 0KxEE 3KxEE 2D8EE 2S4C4EE 1EE 0EE 3EE 2EE 2C8EE 2S9EE 1STEE 0KxEE 3KxEE 2SJEE 1KxEE 2KxEE 2DTEE 1CJEE 0KxEE 3KxEE 2CQEE 2CKEE 0H7EE
%00045%result% 41203
%00045%points% 156 130 149 114 141
%00046%mibun% 31240
%00046%seat% 10432
%00046%palyer_cards% S6STSJHAD3D7DQDKC4C8 S5S7SKH4H8H9HKD4DACJ S4S8HJD9DJC3C5C6CTC2J3 S9SAS2H3H5H6HTH2D6D2C9 S3SQH7HQD5D8DTC7CQCKCA 
%00046%change_cards%  34S2H2EE 01HAEE 43S3D5EE 10H4EE
%00046%play%  0H4C4EE 4H7C7EE 3EE 2HJEE 1HKEE 0EE 4HQCQEE 4H2EE 4S2H2EE 3EE 2EE 1EE 0EE 4EE 4D8EE 4DTEE 3SAEE 2C2EE 1KxEE 0KxEE 4KxEE 3KxEE 2KxEE 2KxEE 2HJDJEE 1SKHKEE 0EE 4EE 3EE 2EE 1HADAEE 1EE 1D4EE 0S6EE 4SQEE 3KxEE 2KxEE 1KxEE 0KxEE 4KxEE 4CKEE 3D2EE 2KxEE 1KxEE 0KxEE 4KxEE 3KxEE 3S3H3EE 2EE 1EE 0EE 4EE 3H5D5EE 3H6D6EE 3EE 3S9C9EE 2EE 1EE 0EE 4EE 3EE 3HTEE 2KxEE 1CJEE 0DQEE 4CAEE 1KxEE 0KxEE 2C3EE 1S5EE 0D7EE 2S8EE 2S4EE 1S7EE 0STEE 2KxEE 1KxEE 0SJEE 0KxEE 0D3EE 2C5EE 1H8EE 1H9EE 0DKEE 2KxEE 0KxEE 0C8EE
%00046%result% 34102
%00046%points% 158 133 150 119 145
%00047%mibun% 32401
%00047%seat% 10432
%00047%palyer_cards% S4S8SAH6DQDAC3C8C9C2 S3S5S2H4H8HTHKH2D6C5CA S6SJSQSKH3H5H9D9DJC7CJ S7H7HJD3D4D5D8DTD2C6CT S9STHQHAD7DKC4CQCKJ3 
%00047%change_cards%  23SQSKEE 04C2EE 32D3D4EE 40C4EE
%00047%play%  2H3D3EE 1S5C5EE 0EE 4HQCQEE 3EE 2EE 1S2H2EE 4EE 1EE 1S3EE 0S4EE 4S9EE 3SQEE 2KxEE 1KxEE 0SAEE 4KxEE 3KxEE 0KxEE 4KxEE 4DKCKEE 3EE 2EE 1EE 0EE 4EE 4D7EE 3D8EE 3S7H7EE 2H9D9EE 1EE 0EE 4EE 3DTCTEE 2SJDJCJEE 3EE 3D5EE 2S6EE 1H8EE 1H4EE 0H6EE 4HAEE 3KxEE 2KxEE 1KxEE 0KxEE 4KxEE 4STEE 3HJEE 2KxEE 1HKEE 0KxEE 4KxEE 3KxEE 1KxEE 1D6EE 0S8EE 0C3EE 4C2EE 3KxEE 2KxEE 1KxEE 0KxEE 3C6EE 2C7EE 1CAEE 0KxEE 3KxEE 2KxEE 1KxEE 1HTEE 0DQEE 3SKEE 2KxEE 0DAEE 3D2EE 0KxEE 2SJDJCJEE 0EE 2EE 2D4EE 0C8EE 0C4EE 2H5EE
%00047%result% 41320
%00047%points% 159 137 152 122 150
%00048%mibun% 41320
%00048%seat% 01432
%00048%palyer_cards% S5S6H9H2D4D7D9C3C2J3 S9SQSAH4DTD2C5C9CJCK S4S7STH3H5H6H7HADKCTCA S3S8SJSKHTHQD3D6C4C8CQ S2H8HJHKD5D8DJDQDAC6C7 
%00048%change_cards%  04H2J3EE 21HAEE 40D5C6EE 12H4EE
%00048%play%  3S3D3EE 2S4H4EE 0S5D5EE 1S9C9EE 4EE 3EE 2EE 0EE 1SAHAEE 1EE 1C5EE 4C7EE 3C8EE 3HQCQEE 2EE 0EE 1EE 4EE 3EE 3C4EE 2H5EE 0S6EE 1DTEE 4HJEE 3SKEE 2CAEE 0C2EE 1KxEE 4KxEE 3KxEE 2KxEE 0KxEE 4KxEE 4H8D8EE 4S2H2EE 3EE 2EE 0EE 1EE 4EE 4DJEE 3KxEE 2DKEE 0KxEE 1D2EE 4KxEE 2KxEE 1KxEE 1CJEE 4DQEE 3KxEE 2KxEE 0KxEE 1CKEE 4DAEE 1KxEE 4KxEE 4HKEE 3KxEE 2KxEE 0KxEE 1KxEE 3D6EE 2S7EE 0H9EE 1SQEE 3KxEE 2KxEE 0KxEE 3S8EE 3HTEE 2KxEE 0KxEE 3SJEE 2STCTEE 0EE 2EE 2H3EE 0D4EE 2H6EE 0D7EE 2KxEE 0D9EE 0KxEE 0C3EE 2H7EE
%00048%result% 41320
%00048%points% 160 141 154 125 155
%00049%mibun% 41320
%00049%seat% 01432
%00049%palyer_cards% S5S6SQS2H8HTDTC5C7CA STSKH5H9D7D8DQDAC4C2 S8SJSAHQHAH2D4D6C6CQCK S3S7S9H3HJHKD3DKC8CTJ3 S4H4H6H7D5D9DJD2C3C9CJ 
%00049%change_cards%  04S2CAEE 21H2EE 40S4C3EE 12C4EE
%00049%play%  3S3H3D3EE 2D4C4EE 0S5C5EE 1H2C2EE 4D9C9EE 3HKDKEE 3HKDKEE 2EE 0EE 1H2C2EE 4EE 3EE 1EE 1H5EE 4H6EE 3HJEE 2HQEE 0KxEE 1KxEE 4KxEE 3KxEE 2KxEE 3KxEE 3S7EE 2S8EE 2D4C4EE 0S5C5EE 1EE 4D9C9EE 3EE 2EE 0HTDTEE 4DJCJEE 0EE 4S2D2EE 4EE 4H4EE 3C8EE 3S9EE 2SJEE 0SQEE 1SKEE 4KxEE 3KxEE 2SAEE 0KxEE 1KxEE 2KxEE 2D6C6EE 0EE 1EE 4EE 3EE 2EE 2CQEE 0KxEE 1DAEE 4KxEE 3KxEE 2KxEE 1KxEE 1D7EE 4CAEE 3KxEE 2KxEE 0KxEE 1KxEE 4KxEE 4D5EE 3CTEE 2CKEE 0KxEE 1KxEE 4KxEE 2KxEE 2HAEE 0KxEE 1KxEE 4KxEE 0C3EE 1D8EE 1H9EE 4KxEE 0KxEE 1STEE 1DQEE 4H7EE
%00049%result% 32140
%00049%points% 161 144 158 130 157
%00050%mibun% 42103
%00050%seat% 01432
%00050%palyer_cards% S8S2H5H9H2D8DQC4CJCKCA S4SKH3H6HQD6DTDJDKC5 S5S9SQH4H8D3D5D2C7C9CT S3S6SJSAH7HJHAD9DAC3J3 S7STHTHKD4D7C6C8CQC2 
%00050%change_cards%  03S2H2EE 42C2EE 30S3C3EE 24D3EE
%00050%play%  4S7D7EE 3SJHJEE 2EE 0EE 1EE 4EE 3SAHADAEE 3SAHADAEE 2EE 0EE 1EE 4EE 3S2H2EE 3S2H2EE 2EE 0EE 1EE 4EE 3EE 3S6EE 2C7EE 0S8EE 0S3C3EE 1H6D6EE 4STHTEE 3EE 2EE 0EE 1SKDKEE 4EE 1EE 1H3EE 4D4EE 3H7EE 2H8EE 2S5D5EE 0EE 1EE 4EE 3EE 2S9C9EE 2D2C2EE 2EE 2H4EE 0H5EE 1HQEE 4HKEE 3KxEE 2KxEE 0KxEE 1KxEE 4KxEE 3KxEE 3D9EE 2CTEE 0CJEE 1KxEE 4CQEE 2KxEE 0CKEE 4KxEE 0CAEE 0KxEE 0C4EE 1C5EE 4C6EE 2KxEE 0KxEE 1KxEE 4C8EE 4D3EE 2SQEE 0KxEE 1KxEE 0D8EE 0H9EE 1DTEE 0DQEE
%00050%result% 34201
%00050%points% 163 145 161 135 161
%00051%mibun% 34201
%00051%seat% 34102
%00051%palyer_cards% SJH3HTH2D9DAC8C9CTJ3 S3S9H4H5H6H9D3D4D6D7C3 S4S5S6HJHQDJDKC5CKC2 STSKH7H8HKHAC4C6CJCQCA S7S8SQSAS2D5D8DTDQD2C7 
%00051%change_cards%  13S9H9EE 04J3EE 31C4C6EE 40D5EE
%00051%play%  1H4H5H6EE 0C8C9CTEE 0H3EE 2S4EE 3H7EE 4S8EE 4S7C7EE 1EE 0EE 2EE 3S9H9EE 4SQDQEE 3SKHKEE 4S2D2EE 3EE 4EE 4D8EE 4DTEE 1KxEE 0SJEE 2HQEE 3HAEE 4KxEE 0KxEE 2KxEE 3KxEE 4KxEE 4SAEE 1KxEE 0H2EE 2KxEE 3KxEE 0KxEE 0D5EE 2S6EE 3H8EE 3STEE 1KxEE 0DAEE 2C2EE 3KxEE 0KxEE 2KxEE 2S5C5EE 3EE 1EE 0EE 2HJDJEE 2DKCKEE 3CJEE 1KxEE 0KxEE 3CQEE 3CAEE 1S3D3C3EE 0EE 1D4C4EE 1D4C4EE 0EE 1D6C6EE 1EE 1D7EE
%00051%result% 42310
%00051%points% 164 147 165 138 166
%00052%mibun% 43120
%00052%seat% 34102
%00052%palyer_cards% S3S4S5S2H3H8HJD5D2CKCA H4H7H9HKD3D6D8DQC6C7CT S6S7SQSKHQD7D9C8CJCQ S8S9H5HTD4DTDKC4C9J3 STSJSAH6HAH2DJDAC3C5C2 
%00052%change_cards%  04S2D2EE 12HKEE 40C3C5EE 21S6EE
%00052%play%  1S6D6C6EE 0EE 2S7D7EE 3EE 4SJDJEE 1H7C7EE 1H7C7EE 0EE 2EE 3EE 4SJDJEE 1EE 4SAHADAEE 4SAHADAEE 1EE 0EE 2EE 3EE 4S2H2D2C2EE 4S2H2D2C2EE 1EE 0EE 2EE 3EE 4EE 4EE 1EE 0EE 2EE 3EE 4EE 1EE 0EE 2EE 3EE 4EE 1EE 0EE 2EE 3EE
%00052%result% 04132
%00052%points% 169 150 166 140 170
%00053%mibun% 02431
%00053%seat% 34102
%00053%palyer_cards% S7S9SJH6H7HAH2D5C7CTCQ S5S2H4H9HTD6D7DJC4C5 SQSKH3H5HKD4D8DKDAC3J3 S3S8STSAHQD3D9DTD2C9C2 S4S6H8HJDQC6C8CJCKCA 
%00053%change_cards%  20DAJ3EE 34D2EE 02H6D5EE 43S4EE
%00053%play%  3S3D3EE 4S6C6EE 1EE 0S7H7C7EE 2EE 3D9C9EE 4EE 3STDTEE 3EE 3S4EE 4H8EE 4HJCJEE 1EE 0EE 2EE 3EE 4EE 4C8EE 4DQEE 1S2EE 0KxEE 2KxEE 3KxEE 4KxEE 1KxEE 0KxEE 0S7H7C7EE 2EE 3EE 4EE 1EE 0HADAEE 0HADAEE 2EE 3EE 4EE 1EE 0EE 0S9EE 2SQEE 3SAEE 4KxEE 1KxEE 0KxEE 2KxEE 3KxEE 3S8EE 3HQEE 4CKEE 1KxEE 0H2EE 2KxEE 3KxEE 4KxEE 0KxEE 0CTEE 2SKEE 3C2EE 4KxEE 1KxEE 0KxEE 2KxEE 4CAEE 1KxEE 0KxEE 2KxEE 4D2EE 1H4C4EE 0EE 2EE 1S5C5EE 1EE 1D6EE 0SJEE 2HKEE 1KxEE 0KxEE 2KxEE 2H3C3EE 1EE 0EE 2H5D5EE 2EE 2D4EE 1D7EE 0KxEE 2D8EE 2H6EE 1H9EE 0KxEE 2KxEE 1HTEE 1KxEE 1DJEE 0CQEE
%00053%result% 34102
%00053%points% 171 153 167 145 174
%00054%mibun% 32401
%00054%seat% 20413
%00054%palyer_cards% S6S7SJH9HKD5DTDKC8CJCK S8SKSAD8D9DQDAC7C9C2 S4S9H3H5D3D7DJC4C5CTJ3 STSQS2H6H8HTHJHQD4D6D2 S3S5H4H7HAH2C3C6CQCA 
%00054%change_cards%  23DJJ3EE 04HKEE 32H6D4EE 40S3EE
%00054%play%  2H3D3EE 0SJCJEE 4HACAEE 1EE 3EE 2EE 0EE 4EE 4C3EE 1C7EE 3KxEE 2KxEE 0KxEE 4KxEE 1KxEE 3KxEE 3HTHJHQEE 2EE 0EE 4EE 1EE 3EE 3S2D2EE 2EE 0EE 4EE 1EE 3EE 3D6EE 2D7EE 0DTEE 4KxEE 1DQEE 3KxEE 2KxEE 0DKEE 1DAEE 0KxEE 1KxEE 1S8D8EE 1D9C9EE 3EE 2EE 0EE 4EE 1EE 1SKEE 3KxEE 2KxEE 0KxEE 4H2EE 1KxEE 4KxEE 4H4EE 1SAEE 3KxEE 2KxEE 0KxEE 4KxEE 1C2EE 3H8EE 3STEE 2KxEE 0CKEE 4KxEE 3KxEE 0KxEE 0S3EE 4S5EE 3SQEE 2KxEE 0KxEE 4KxEE 3KxEE 3DJEE 2KxEE 0KxEE 4CQEE 4HKEE 4KxEE 4C6EE 2S9EE 0KxEE 4KxEE 2CTEE 2KxEE 2S4D4C4EE 0EE 4EE 2H5C5EE 2H5C5EE 0EE 4EE 2EE 2H6EE 0S7EE 4KxEE 0C8EE 0D5EE 4H7EE
%00054%result% 13240
%00054%points% 172 158 170 149 176
%00055%mibun% 40213
%00055%seat% 20413
%00055%palyer_cards% S4S5SJH8HJD5D7C5C8CA S3S9SKH3H2DTDJDQDKCQJ3 S6S7STSQS2H6HQDAD2C3C6 H7H9D3D4D6D8C4C7CTCKC2 S8SAH4H5HTHKHAD9C9CJ 
%00055%change_cards%  01SJCAEE 43SAEE 10S3H3EE 34D3EE
%00055%play%  4D9C9EE 1SJDJEE 3EE 2EE 0EE 4EE 1DQCQEE 1SKDKEE 1EE 1S9EE 3CTEE 2SQEE 0KxEE 4HKEE 1CAEE 3C2EE 2KxEE 4KxEE 1KxEE 3KxEE 1KxEE 1DTEE 3CKEE 2DAEE 0KxEE 4KxEE 1H2EE 3KxEE 2KxEE 3D4C4EE 2S6H6C6EE 0EE 4EE 3H7C7EE 3EE 3D6EE 2S7EE 0H8EE 0S3S4S5EE 4EE 3EE 2EE 0EE 0D5C5EE 4EE 3EE 2S6H6C6EE 0EE 0H3EE 4H4EE 3H9EE 2HQEE 0KxEE 4HAEE 3KxEE 2KxEE 4KxEE 4D3EE 3D8EE 3SAEE 2S2EE 0KxEE 4KxEE 2KxEE 2S6H6C6EE 0EE 4EE 2EE 2C3EE 0D7EE 4S8EE 4H5EE 2STEE 0HJEE 4KxEE 2D2EE 0KxEE 0C8EE
%00055%result% 13204
%00055%points% 174 163 173 153 177
%00056%mibun% 30214
%00056%seat% 20413
%00056%palyer_cards% S3S4SKSAH4H7D5D6DACJ HJHQHKHAD3D4D7D9DKCKJ3 S6S8SJH3H8HTDQC7C8C9CT S7S9STH5H6H2DJD2C3C6CQ S5SQS2H9D8DTC4C5CAC2 
%00056%change_cards%  41S2C2EE 03SAEE 14D3D4EE 30C3EE
%00056%play%  4D4C4EE 1HKDKCKEE 3H6C6EE 2S8H8C8EE 0EE 4EE 3H2D2EE 3EE 3H5EE 2S6EE 0H7EE 4D8EE 4S5C5EE 1HKDKCKEE 3EE 2S8H8C8EE 0EE 4EE 4D3EE 1D7EE 3DJEE 2DQEE 0DAEE 4KxEE 1KxEE 3KxEE 2KxEE 0KxEE 1KxEE 1HJHQHKHAEE 3EE 2C7C8C9CTEE 0EE 4EE 1EE 1DKCKEE 3EE 2EE 0EE 4EE 1S2C2EE 1EE 1D9EE 3STEE 2SJEE 0SKEE 4KxEE 3SAEE 2KxEE 0KxEE 3KxEE 3S7EE 2S8EE 2C7C8C9CTEE 2H3EE 0S4EE 4H9EE 3CQEE 2KxEE 0KxEE 4CAEE 3KxEE 4KxEE 4DTEE 3KxEE 2KxEE 0CJEE 4SQEE 0KxEE 3S9EE 2HTEE 0KxEE 2KxEE 2H8EE
%00056%result% 14320
%00056%points% 175 168 175 156 181
%00057%mibun% 40321
%00057%seat% 03142
%00057%palyer_cards% S8STS2H4H6HKDTDJCAJ3 S3S7S9SJH8H9D5D7C3C7C8 SQH5HAH2D4D6D8D9C4CJC2 SKSAH3H7DKC5C9CTCQCK S4S5S6HTHJHQD3DQDAD2C6 
%00057%change_cards%  01S2J3EE 24H2EE 10S3C3EE 42D3EE
%00057%play%  2D4C4EE 0EE 3SKDKCKEE 1S7D7C7EE 4S6C6EE 2EE 4HQDQEE 4H2D2EE 4EE 4S4EE 2H5EE 0H6EE 3H7EE 1H8EE 1S7D7C7EE 4EE 2EE 0EE 3SKDKCKEE 1EE 3EE 3H3EE 1D5EE 4HTEE 2CJEE 0HKEE 3SAEE 1S2EE 4KxEE 2KxEE 0KxEE 3KxEE 1KxEE 1KxEE 1S9H9EE 4EE 2EE 0EE 3EE 1EE 1C8EE 1SJEE 4DAEE 2C2EE 0KxEE 3KxEE 4KxEE 2KxEE 2D3EE 0H4EE 3C5EE 4HJEE 2SQEE 0CAEE 3KxEE 4KxEE 2KxEE 0KxEE 0S3C3EE 3EE 4EE 2EE 0STDTEE 0EE 0S8EE 0DJEE 3CQEE 4KxEE 2HAEE 3KxEE 2KxEE 2D6EE 3C9EE 4KxEE 2KxEE 3CTEE 4S5EE
%00057%result% 10342
%00057%points% 179 173 176 159 183
%00058%mibun% 10423
%00058%seat% 03142
%00058%palyer_cards% S4S6SJH8HJD6C5C6C8C9 S9SAH4H6HKD3D7D9C7CTC2 S8STH3HAH2D4DQDAC4CKCA SQH5H7H9HTHQD5DTC3CJ S3S5S7SKS2D8DJDKD2CQJ3 
%00058%change_cards%  21HAH2EE 40J3EE 12H4D3EE 04S4EE
%00058%play%  2H3D3EE 0S6D6C6EE 3H5D5EE 1D7EE 4DKEE 2EE 3HTDTEE 3HQEE 3SQHQEE 1EE 4SKDKEE 2EE 0EE 3EE 4S2D2EE 4EE 4S3S4S5EE 2EE 0EE 3EE 1HKHAH2EE 4EE 1EE 1D7C7EE 4EE 2EE 0EE 3EE 1S9D9EE 1EE 1H6EE 4S7EE 2S8EE 2H4D4C4EE 0S6D6C6EE 3EE 1EE 4EE 2DACAEE 0H8C8EE 0H8C8EE 0SJHJEE 3EE 1EE 4EE 2DACAEE 0EE 2EE 2STEE 0KxEE 3KxEE 1KxEE 4KxEE 2KxEE 0KxEE 0C5EE 3H7EE 1CTEE 4DJEE 2DQEE 0KxEE 3KxEE 1KxEE 4KxEE 2KxEE 2CKEE 0KxEE 3KxEE 1SAEE 4KxEE 1C2EE 4D8EE 4CQEE 0KxEE 3KxEE 0C9EE
%00058%result% 21403
%00058%points% 181 177 181 160 186
%00059%mibun% 31042
%00059%seat% 03142
%00059%palyer_cards% S4SJH4H8HTHKD6D9C3C7CK S3S7S2HJHAD4C6C9CQC2 SQSKSAH2D7DTDKD2C4C5J3 STH3H9HQD5D8DJDQDAC8CT S5S6S8S9H5H6H7D3CJCA 
%00059%change_cards%  32HQDAEE 01HKEE 23C4C5EE 10S3EE
%00059%play%  4H5H6H7EE 2SQSKSAEE 0EE 3EE 1EE 4EE 2DKDAD2EE 2DKDAD2EE 0EE 3EE 1EE 4EE 2EE 2D7EE 0H8EE 0S3C3EE 3D5C5EE 1S2C2EE 4EE 2EE 0EE 3EE 1EE 1D4EE 4S5EE 2DTEE 0SJEE 3DQEE 1HKEE 4CAEE 2H2EE 0KxEE 3KxEE 1KxEE 4KxEE 2KxEE 2KxEE 2HQEE 0CKEE 3KxEE 1HAEE 4KxEE 0KxEE 1KxEE 1C6EE 4S8EE 4D3EE 0S4EE 3D8EE 3STCTEE 1EE 4EE 0EE 3EE 3H3EE 1S7EE 4S9EE 0KxEE 3KxEE 1KxEE 4KxEE 4S6EE 0C7EE 3C8EE 3C4EE 1C9EE 4CJEE 0KxEE 3KxEE 1CQEE 1KxEE 1HJEE 0KxEE 3KxEE 0H4EE 3H9EE 0HTEE 3KxEE 0KxEE 0D6EE 3DJEE
%00059%result% 24130
%00059%points% 182 180 186 162 190
%00060%mibun% 42031
%00060%seat% 03412
%00060%palyer_cards% S5SAHTHAD5D8DKC7C8C2J3 S4STS2D4DAD2C4CJCKCA S9SJSKH7H9HJHKD7C5CTCQ S7SQH3H5H6H8HQH2DJDQC3 S3S6S8H4D3D6D9DTC6C9 
%00060%change_cards%  02C2J3EE 34H2EE 20H7C5EE 43S3EE
%00060%play%  4S6D6C6EE 1EE 2S9H9EE 0EE 3EE 4D9C9EE 4D9C9EE 1EE 2EE 0EE 3EE 4EE 4D3EE 1S4EE 2D7EE 0D8EE 0S5D5C5EE 3EE 4EE 1EE 2S9H9EE 0H7C7EE 0H7C7EE 3EE 4EE 1EE 2S9H9EE 0SAHAEE 2EE 0EE 0C8EE 0HTEE 3DJEE 4H2EE 1KxEE 2KxEE 0KxEE 3KxEE 4KxEE 2KxEE 2SJHJEE 0EE 3EE 4EE 1EE 2SKHKEE 2EE 2CTEE 0DKEE 3KxEE 4KxEE 1DAEE 2KxEE 1D2EE 1KxEE 1D4C4EE 2EE 3EE 4EE 1EE 1STEE 2CQEE 3KxEE 4KxEE 1CKEE 2C2EE 1KxEE 3S3H3C3EE 4EE 1EE 3SQHQDQEE 3EE 3H5EE 4S8EE 4H4EE 1CJEE 3KxEE 4KxEE 1CAEE 1KxEE 1S2EE 3KxEE 4KxEE 3H6EE 4DTEE
%00060%result% 02143
%00060%points% 187 183 190 163 192
%00061%mibun% 02143
%00061%seat% 03412
%00061%palyer_cards% S5STH4H7HKHAH2D7D8C3J3 S4S7S8H8D3D9C6C8CTCA S9SJSQSKSAH3D5C9CJCK S3S2H6HTHQD6DTDJC4CQC2 S6H5H9HJD4DQDKDAD2C5C7 
%00061%change_cards%  30S2C2EE 42D2EE 03H4C3EE 24H3EE
%00061%play%  1S8H8C8EE 1D3EE 2D5EE 0D7EE 3DTEE 4DQEE 1KxEE 2D2EE 0KxEE 3KxEE 4KxEE 2KxEE 0KxEE 0HKHAH2EE 3EE 4EE 1EE 2SJSQSKSAEE 0EE 0S2C2EE 3EE 4EE 1EE 2EE 0EE 0S5EE 3H6EE 4C7EE 1D9EE 2SJEE 0KxEE 3HQEE 4DKEE 1CAEE 2KxEE 3KxEE 4KxEE 1KxEE 1S4EE 2S9EE 0STEE 3KxEE 4KxEE 1KxEE 2SQEE 0KxEE 2SKEE 2SAEE 2KxEE 2C9EE 0KxEE 3HTEE 4HJEE 1KxEE 2KxEE 3KxEE 4KxEE 4H5C5EE 1EE 2EE 0EE 3EE 4EE 4H3EE 1C6EE 2CJEE 0KxEE 3CQEE 4KxEE 1KxEE 2CKEE 3KxEE 0H7EE 3DJEE 4DAEE 1KxEE 0KxEE 3KxEE 4KxEE 4D4EE 1S7EE 0D8EE 3S3C3EE 4EE 1EE 3H4C4EE 3EE 3D6EE 4H9EE 1CTEE
%00061%result% 20314
%00061%points% 191 185 195 166 193
%00062%mibun% 13024
%00062%seat% 03412
%00062%palyer_cards% S3S5SAHKHADJDKC3C5C7CQ S6S9STSKH5HJC4C8CJJ3 S4S7SJH3H6HQD5D2C6C9C2 S2H7H8H9H2D6D7D8DTDACT S8SQH4HTD3D4D9DQCKCA 
%00062%change_cards%  42CKCAEE 10J3EE 24S4H3EE 01S3EE
%00062%play%  4H3D3EE 1HJCJEE 2EE 0EE 3EE 4EE 1EE 1S3EE 2D5EE 0C7EE 3H8EE 3D6D7D8EE 3DTCTEE 4EE 1EE 2EE 0EE 3S2H2EE 3EE 3H7EE 4S8EE 4S4H4D4EE 1EE 2H6C6EE 0S5C5EE 3EE 4SQDQEE 4SQDQEE 1EE 2EE 0EE 3EE 4EE 4D9EE 1STEE 2SJEE 0SAEE 3KxEE 4KxEE 1KxEE 2KxEE 0KxEE 0KxEE 0S5C5EE 3EE 4EE 1EE 2H6C6EE 0HKDKEE 2D2C2EE 0EE 2EE 2S7EE 0DJEE 3DAEE 4KxEE 1KxEE 2KxEE 0KxEE 3KxEE 3H9EE 4HTEE 1KxEE 2HQEE 0HAEE 2KxEE 0KxEE 0C3EE 1C4EE 2C9EE 0CQEE 1KxEE 2CKEE 2CAEE
%00062%result% 34021
%00062%points% 194 186 197 171 197
%00063%mibun% 24301
%00063%seat% 12403
%00063%palyer_cards% S4S5H4HJH2D8D9C7CJJ3 S3S8H5H9HQD3DJC6C8C9CT S6S9D5D7DTDQDKD2C3C4CA S7SQH6H7HTHKD4D6C5CQCK STSJSKSAS2H3H8HADAC2 
%00063%change_cards%  13HQDJEE 24D2EE 31D4C5EE 42H3EE
%00063%play%  1C8C9CTEE 1S3D3EE 2EE 4SAHADAEE 0S4H4EE 3H6D6EE 1EE 0HJCJEE 3EE 0EE 0S5EE 3S7EE 1S8EE 1H5C5EE 2EE 4SAHADAEE 0EE 3SQHQCQEE 1EE 1D4EE 2D5EE 4DAEE 0KxEE 3KxEE 1KxEE 2KxEE 4KxEE 0KxEE 0C7EE 3HTEE 1KxEE 2DQEE 4SKEE 0H2EE 3KxEE 2KxEE 4KxEE 0KxEE 0D8EE 0D9EE 3DJEE 1KxEE 2DKEE 4D2EE 3KxEE 2KxEE 4KxEE 4SAHAEE 3EE 1EE 2EE 4S2C2EE 4EE 4H8EE 4STEE 3SQEE 1KxEE 2KxEE 4KxEE 3KxEE 3HQCQEE 1EE 2EE 4EE 3HKCKEE 3EE 3H7EE 1H9EE 2KxEE 4KxEE 1KxEE 1C6EE 2D7EE 4SJEE
%00063%result% 03142
%00063%points% 199 189 198 175 199
%00064%mibun% 02413
%00064%seat% 12403
%00064%palyer_cards% S3S6SJSQS2H3D2C4C6CJCK S4S7S8SKHJHKDJDKCTCAC2 S5SAH5H7H9H2D8C3C9CQ H4H6H8HTD3D4D5D6C5C7C8 S9STHQHAD7D9DTDQDAJ3 
%00064%change_cards%  20SAH2EE 43J3EE 02S3H3EE 34D3EE
%00064%play%  4S9D9EE 0EE 3EE 1HJDJEE 2EE 4EE 1SKHKDKEE 1SKHKDKEE 2EE 4EE 0EE 3EE 1EE 1S4EE 2S5EE 4STEE 0SJEE 3KxEE 1KxEE 2KxEE 4KxEE 0KxEE 3KxEE 3D4D5D6EE 1EE 2EE 4EE 0EE 3EE 3H8C8EE 3H4EE 1S7EE 2D8EE 2S3H3C3EE 4HQDQEE 0S6C6EE 3EE 1EE 2H9C9EE 2H9C9EE 4HQDQEE 0EE 3EE 1EE 2EE 4HADAEE 4EE 4D3EE 0C4EE 3C5EE 1CTEE 2CQEE 4KxEE 0CKEE 3KxEE 1CAEE 2KxEE 0KxEE 1C2EE 1KxEE 1S8EE 2H5EE 4D7EE 0CJEE 3KxEE 2KxEE 4KxEE 0SQEE 0SAEE 0S2EE 0KxEE 0S6C6EE 3EE 2EE 4EE 0H2D2EE 3H6EE 2H7EE 4KxEE 3HTEE 3KxEE 3C7EE
%00064%result% 10234
%00064%points% 203 194 201 177 200
%00065%mibun% 10234
%00065%seat% 12403
%00065%palyer_cards% S3S5S8STSQSKH3HTD5DA S7SJH7H9D8DKD2C5C9CKC2 S4S2H8HJHKDQC3CJCQCAJ3 H5HQHAH2D4D6D7DTC4C7 S6S9SAH4H6D3D9DJC6C8CT 
%00065%change_cards%  41SADJEE 30H2EE 14S7C5EE 03S3EE
%00065%play%  4S6H6C6EE 0EE 3EE 1H9C9EE 2HJCJEE 4S9D9EE 4S9D9EE 0EE 3EE 1EE 2HJCJEE 4EE 2DQCQEE 2EE 2C3EE 4H4EE 0S5EE 3D6EE 1H7EE 2H8EE 2S4EE 4C5EE 0S8EE 0STHTEE 3EE 1EE 2EE 4EE 0EE 0H3EE 3D4EE 1D8EE 1H9C9EE 2EE 4EE 0EE 3EE 1SJDJEE 1DKCKEE 1D2C2EE 1EE 1SAEE 2S2EE 4KxEE 0KxEE 3KxEE 2KxEE 2KxEE 2HKEE 4KxEE 0DAEE 3KxEE 2KxEE 0H2EE 0KxEE 0D5EE 3D7EE 2KxEE 4KxEE 0KxEE 3DTEE 3KxEE 3S3EE 2CAEE 4KxEE 0KxEE 3KxEE 4D3EE 0SQEE 3HAEE 4KxEE 0KxEE 3KxEE 3C4EE 4S7EE 0SKEE 3KxEE 4KxEE 3H5EE 4C8EE 4CTEE
%00065%result% 12043
%00065%points% 206 199 205 178 202
%00066%mibun% 20143
%00066%seat% 42031
%00066%palyer_cards% SQH4H8HQD4DTDAC7CTCJ S4STSKSAS2H3H5D3D6C3CA S5H9HKD5D7DQDKC4C5C6C2 S3S7S8S9SJH7HTD9C9CK S6H6HJHAH2D8DJD2C8CQJ3 
%00066%change_cards%  31SJCKEE 42J3EE 13H3D3EE 24C4EE
%00066%play%  3S7S8S9EE 3S3H3D3EE 1SKCKEE 4S6H6EE 2S5D5C5EE 0EE 3D9C9EE 2HKDKEE 2HKDKEE 0EE 3EE 1EE 4EE 2EE 2C6EE 0C7EE 3C9EE 1CKEE 4KxEE 2C2EE 0KxEE 3KxEE 1KxEE 2KxEE 2KxEE 2D7EE 0H8EE 0H4D4EE 3EE 1SACAEE 4EE 2EE 0EE 1EE 1C3EE 4C4EE 2KxEE 0CTEE 3KxEE 1KxEE 4CQEE 0KxEE 4KxEE 4S6H6EE 2EE 0SQHQEE 3EE 1EE 4EE 0EE 0DTEE 3KxEE 1SJEE 4HAEE 2KxEE 0KxEE 1S2EE 4KxEE 1KxEE 1S4EE 4D8EE 4HJDJEE 2EE 0EE 3EE 1EE 4H2D2EE 4EE 4C8EE 2H9EE 0CJEE 3KxEE 1SKEE 2KxEE 0DAEE 1KxEE 3H7EE 1STEE 2DQEE 3KxEE 1KxEE 3D9EE 1KxEE 3HTEE
%00066%result% 40231
%00066%points% 210 200 208 180 207
%00067%mibun% 14230
%00067%seat% 42031
%00067%palyer_cards% S6SKHJHKHAD9DKC3CQCAC2 S5S7S9SQSAS2D3D7DAC9 S4STH6H8HTH2D4D8C5C6C7 S3S8SJH3H4D6DTD2C4J3 H5H7H9HQD5DJDQC8CTCJCK 
%00067%change_cards%  14SAS2EE 30J3EE 41H5D5EE 03C3EE
%00067%play%  1S5H5D5EE 4DJCJEE 2EE 0SKHKDKEE 3EE 1EE 0HAEE 0HACAEE 3EE 1EE 4EE 2EE 0EE 0S6EE 3S8EE 3S3H3C3EE 1S7D7EE 4DJCJEE 2S4D4EE 0EE 3H4C4EE 3H4C4EE 1S7D7EE 4DJCJEE 2EE 0EE 3EE 1EE 4HQDQEE 4EE 4H7EE 2H8EE 2C5C6C7EE 0EE 3EE 1EE 4EE 2EE 2S4D4EE 0EE 3EE 1S9C9EE 4EE 2STHTEE 1EE 2EE 2H6EE 0D9EE 3DTEE 1DAEE 4KxEE 2KxEE 0KxEE 3KxEE 1KxEE 0KxEE 0HJEE 3D2EE 1KxEE 4KxEE 2KxEE 0KxEE 3KxEE 3D6EE 1SQEE 4CKEE 2H2EE 0KxEE 3KxEE 1KxEE 4KxEE 2KxEE 2D8EE 0CQEE 3KxEE 1KxEE 4SAEE 0C2EE 4KxEE 3SJEE 1KxEE 4S2EE 4KxEE 4C8EE 4H9EE 1KxEE 4CTEE
%00067%result% 20341
%00067%points% 214 201 213 183 209
%00068%mibun% 14023
%00068%seat% 42031
%00068%palyer_cards% S6S7S8H8HAD4D7DKC4C8J3 S3SJSKH6H7D3DJDQCJCA S4SAS2H9HTHJD8C5C7CQCK S5S9STH3H4HKDTD2C9CTC2 SQH5HQH2D5D6D9DAC3C6 
%00068%change_cards%  12SKCAEE 40H2EE 21S4C5EE 04D4EE
%00068%play%  1S3D3EE 4H5D5EE 2SKCKEE 0EE 3EE 1EE 4EE 2SACAEE 2EE 2H9HTHJEE 0S6S7S8EE 3EE 1EE 4EE 2EE 2C7EE 0S8EE 0S7D7EE 3S9C9EE 1SJDJCJEE 4EE 2EE 0EE 3STDTCTEE 3STDTCTEE 1SJDJCJEE 4EE 2EE 0EE 3D2C2EE 1EE 1S4EE 4D6EE 2D8EE 2CQEE 0DKEE 3D2EE 1KxEE 4KxEE 2KxEE 0KxEE 3KxEE 0KxEE 0H8C8EE 0C4EE 3S5EE 1H6EE 4D9EE 2S2EE 0KxEE 3KxEE 1KxEE 4KxEE 0S6EE 3HKEE 1KxEE 4DAEE 0H2EE 3KxEE 4KxEE 0KxEE 0HAEE 3C2EE 1KxEE 4KxEE 3KxEE 3H3EE 1C5EE 4C6EE 3KxEE 1KxEE 4KxEE 4SQHQEE 3EE 1EE 4EE 4C3EE 3H4EE 1H7EE 4KxEE 1KxEE 1DQEE
%00068%result% 20314
%00068%points% 218 203 218 186 210
%00069%mibun% 13024
%00069%seat% 01423
%00069%palyer_cards% S5S7S8SQHQHAD5D9C3C8CA S3S6SJH6H7HJD8DTCQJ3 SKSAH4HTH2D3DJDAC4C6CJ S4S9STH3H8H9D6DKC9CTC2 S2H5HKD4D7DQD2C5C7CK 
%00069%change_cards%  42S2D2EE 10J3EE 24H4D3EE 01C3EE
%00069%play%  4H4D4EE 2DJCJEE 3EE 0EE 1EE 4EE 2SADAEE 2S2H2D2EE 2S2H2D2EE 3EE 0EE 1EE 4EE 2EE 2C4EE 3D6EE 0S7EE 1D8EE 1S3C3EE 4H5C5EE 2EE 3S9H9C9EE 0EE 1S6H6EE 4D7C7EE 1SJHJEE 4HKCKEE 1EE 4EE 4D3EE 2C6EE 3H8EE 3S9H9C9EE 0EE 1EE 4EE 2EE 3STCTEE 3STCTEE 0EE 1EE 4EE 2EE 3EE 3H3EE 0S5EE 1H7EE 4DQEE 2SKEE 3C2EE 0KxEE 1KxEE 2KxEE 3KxEE 0KxEE 0S8C8EE 0SQHQEE 1EE 2EE 3EE 0HACAEE 0EE 0D5EE 1DTEE 2KxEE 3DKEE 0KxEE 1KxEE 3KxEE 3S4EE 0D9EE 1CQEE
%00069%result% 43012
%00069%points% 221 205 219 190 215
%00070%mibun% 23410
%00070%seat% 01423
%00070%palyer_cards% S6S9SQHTHKD4DJDQCJCQ S3S4S7H8HJD5C5C8C9CA SKSAS2H4D3D6D9DKD2CTC2 S5S8STSJH5H7H2D7D8DAC4 H3H6H9HQHADTC3C6C7CKJ3 
%00070%change_cards%  24S2D2EE 13CAEE 42H3C3EE 31C4EE
%00070%play%  2H3D3C3EE 3S5H5EE 0DJCJEE 1S4C4EE 4H6C6EE 2SKDKEE 2SKDKEE 3EE 0EE 1EE 4EE 2EE 2H4EE 3S5EE 0S6EE 1S7EE 4S2EE 2KxEE 3KxEE 0KxEE 1KxEE 4KxEE 4KxEE 4H6C6EE 2EE 3H7D7EE 0DJCJEE 1EE 4EE 3EE 0SQDQCQEE 0SQDQCQEE 1EE 4EE 2EE 3EE 0EE 0D4EE 1D5EE 4DTEE 2KxEE 3DAEE 0KxEE 1KxEE 4D2EE 3KxEE 4KxEE 4C7EE 2D9EE 3STEE 0HKEE 1KxEE 4HAEE 2KxEE 3H2EE 0KxEE 4KxEE 3KxEE 3S8D8EE 3H5EE 0S9EE 1HJEE 4HQEE 2KxEE 3KxEE 0KxEE 1KxEE 4KxEE 4H9EE 2CTEE 3SJEE 0KxEE 1KxEE 4CKEE 2SAEE 3KxEE 2C2EE 2KxEE 2D6EE 3CAEE 0KxEE 1KxEE 0HTEE
%00070%result% 42301
%00070%points% 223 206 223 193 220
%00071%mibun% 34120
%00071%seat% 01423
%00071%palyer_cards% H5HQHKD5D6D8D9C8CAC2 S5H9HTH2DJDAC3C6C7CK S4S6S7SJSKH3D3D4DTDQC5 S8STS2H4H8HJHADKD2C4J3 S3S9SQSAH6H7D7C9CTCJCQ 
%00071%change_cards%  14H2DAEE 02C2EE 41S3H6EE 20H3EE
%00071%play%  2S4D4EE 3EE 0H5D5EE 1EE 4H7D7EE 2EE 0D8EE 4EE 4C9CTCJCQEE 2EE 3EE 0EE 1EE 4EE 4SADAEE 2EE 3EE 0EE 1EE 4EE 4S9EE 2DTEE 3HJEE 0HQEE 1KxEE 4H2EE 2KxEE 3KxEE 0KxEE 4KxEE 3KxEE 3H4C4EE 0D8C8EE 0H3EE 1S5EE 4SQEE 2SKEE 3S2EE 0KxEE 1KxEE 2KxEE 3KxEE 3S8H8EE 3STEE 0HKEE 1KxEE 2C2EE 3KxEE 0KxEE 2KxEE 2D3EE 3DKEE 0KxEE 1KxEE 2KxEE 3D2EE 3KxEE 3HAEE 0KxEE 1KxEE 2KxEE 0D6EE 1C7EE 2SJEE 0CAEE 1KxEE 2KxEE 0KxEE 0D9EE 1HTEE 2DQEE 1CKEE 2KxEE 1KxEE 1S3C3EE 2EE 1H6C6EE 1EE 1H9EE 2KxEE 1DJEE
%00071%result% 43012
%00071%points% 226 208 224 197 225
%00072%mibun% 23410
%00072%seat% 13240
%00072%palyer_cards% SJH3H5HJD4DAC6C9CJCQCK H6H9HQHAH2D3D6D7DQDKC4 S5S8STSQSAD8DTCAC2J3 S3S4S6S9H7HTD9DJC8CT S7SKS2H4H8HKD5D2C3C5C7 
%00072%change_cards%  24C2J3EE 13H2EE 42H4C3EE 31S3EE
%00072%play%  1S3D3EE 3S9D9EE 2EE 4EE 0SJEE 1EE 3EE 3HTCTEE 2EE 4EE 0SJHJCJEE 1EE 3EE 3S4EE 2S5EE 4S7EE 0SJEE 1KxEE 3KxEE 2SQEE 4SKEE 0KxEE 2SAEE 4S2EE 2KxEE 4KxEE 4KxEE 4D5C5EE 0HJCJEE 1EE 3EE 2EE 4D2C2EE 0EE 4EE 4C7EE 0C9EE 1KxEE 3KxEE 2CAEE 4KxEE 0KxEE 2KxEE 2S8D8EE 2STDTEE 4EE 0EE 1EE 3EE 2EE 2C3EE 4H8EE 4HKEE 0DAEE 1KxEE 3H2EE 2KxEE 0KxEE 3KxEE 3S6EE 2KxEE 0CQEE 1DKEE 3KxEE 0KxEE 1HAEE 1KxEE 1H6D6EE 3EE 2EE 0EE 1HQDQEE 1EE 1C4EE 3H7EE 2KxEE 0CKEE 1KxEE 3KxEE 0KxEE 0H3EE 1D7EE 3C8EE 3DJEE 2KxEE 0KxEE 1KxEE 2H4EE 0H5EE 1H9EE
%00072%result% 43210
%00072%points% 227 210 227 201 230
%00073%mibun% 43210
%00073%seat% 13240
%00073%palyer_cards% S3S7SQSAH3H4HADKC4C7CT S9S2HJD5DAC5C8C9CKCAJ3 S4S5S6H8H9HKD3D7C3C6 STSJH7HTHQD8D9DTD2C2 S8SKH5H6H2D4D6DJDQCJCQ 
%00073%change_cards%  04SAHAEE 13J3EE 40H5D4EE 31H7EE
%00073%play%  2S4S5S6EE 4EE 0H3H4H5EE 1EE 3D8D9DTEE 3STHTEE 2EE 4EE 0EE 1EE 3D2C2EE 3EE 3SJEE 2HKEE 4SAEE 0KxEE 1S2EE 3KxEE 2KxEE 4KxEE 1KxEE 3KxEE 3HQEE 2KxEE 4SKEE 0KxEE 1DAEE 4H2EE 1KxEE 4KxEE 4H6D6EE 0EE 1EE 2EE 4DJCJEE 4DQCQEE 4EE 4S8EE 4HAEE 0KxEE 1KxEE 2KxEE 0H3H4H5EE 1EE 2EE 0EE 0D4C4EE 1D5C5EE 2EE 0C7EE 1C9EE 1S9C9EE 2EE 0EE 1EE 1H7EE 2H8EE 2D3C3EE 0S7C7EE 1EE 2EE 0EE 0S3EE 1C8EE 1HJEE 2KxEE 0SQEE 1CKEE 0KxEE 1CAEE 2C6EE 0CTEE 2KxEE 0KxEE 0DKEE
%00073%result% 34102
%00073%points% 229 213 228 206 234
%00074%mibun% 32401
%00074%seat% 13240
%00074%palyer_cards% SJH8HJHAD5D7DKC5C9CA S7S8H4D6DQDAC4C6C7C2 S3S6S2H3H5HTH2D3D4D8DT S4SKSAH6H7HKDJD2C8CJCQ S5S9STSQH9HQD9C3CTCKJ3 
%00074%change_cards%  23S2H2EE 04HAEE 32S4H6EE 40C3EE
%00074%play%  2S3H3D3EE 4S9H9D9EE 0EE 1EE 3DJEE 2EE 4STEE 4STCTEE 0EE 1EE 3DJCJEE 2EE 4SQHQEE 3SKHKEE 4EE 3S2H2EE 3EE 3H7EE 2D8EE 2S4D4EE 4EE 0D5C5EE 1EE 3EE 2S6H6EE 0SJHJEE 2EE 0EE 0C3EE 1H4EE 3C8EE 3CQEE 2KxEE 4CKEE 0CAEE 1C2EE 3KxEE 4KxEE 0KxEE 1KxEE 4KxEE 4S5EE 0D7EE 1S8EE 1D6C6EE 3EE 2HTDTEE 4EE 0EE 1EE 2EE 2H5EE 4HAEE 0KxEE 1KxEE 3KxEE 0H8EE 0C9EE 1DQEE 3SAEE 0KxEE 1KxEE 3D2EE 0DKEE
%00074%result% 24301
%00074%points% 231 214 233 209 238
%00075%mibun% 34021
%00075%seat% 43012
%00075%palyer_cards% S3HTHAD5D8DJDQDAC3CJ S5S9STSAH3H6HKD9DKC2 SQH5H8H2D4DTC7C8C9CQCA S4S7H7H9HJHQD3D6C4C6CK S6S8SJSKS2H4D7D2C5CTJ3 
%00075%change_cards%  12SAC2EE 04HAEE 21H5D4EE 40H4EE
%00075%play%  3S4C4EE 0EE 1S5H5EE 2H8C8EE 2SQCQEE 4S2D2EE 3EE 0EE 1EE 2EE 4EE 4C5EE 3D6EE 0D8EE 0S3C3EE 1S9D9EE 2SACAEE 4EE 3EE 0EE 1EE 2H2C2EE 2EE 2C7EE 4S8EE 4S6EE 3S7EE 0KxEE 1STEE 2KxEE 4SJEE 3KxEE 1KxEE 4SKEE 4KxEE 4KxEE 4D7EE 3H9EE 0HTEE 1HKEE 2KxEE 4HAEE 3KxEE 0KxEE 1KxEE 4KxEE 4CTEE 3HJEE 0DQEE 1DKEE 2KxEE 3KxEE 0DAEE 1KxEE 0KxEE 0DJCJEE 1EE 2EE 3EE 0EE 0H4EE 1H6EE 2KxEE 3H7EE 0KxEE 1KxEE 3HQEE 3KxEE 3D3EE 0D5EE 1KxEE 2DTEE 3KxEE 2KxEE 2C9EE 3CKEE 1KxEE 3KxEE 3C6EE
%00075%result% 40231
%00075%points% 235 215 236 211 243
%00076%mibun% 14230
%00076%seat% 43012
%00076%palyer_cards% SAS2H4HJHQHKDKDAC5C8CJ S4S5S8SQH3H6D4DJD2CK S3S6STH5HTH2D3D6CQJ3 S7SJH8H9D5D9C3C6C7C9C2 S9SKH7HAD7D8DTDQC4CTCA 
%00076%change_cards%  14D2CKEE 30C2EE 41H7C4EE 03H4EE
%00076%play%  2S3D3EE 4DTCTEE 3EE 0HJCJEE 1EE 2EE 4SKCKEE 0EE 4HACAEE 4EE 4D7EE 3H8EE 3S7C7EE 0HKDKEE 1EE 2EE 4EE 3EE 0SADAEE 0S2C2EE 0EE 0C5EE 1H6EE 2STEE 4DQEE 3KxEE 0KxEE 1KxEE 2H2EE 4KxEE 2KxEE 2KxEE 2S6D6EE 4EE 3H9D9C9EE 0EE 1EE 2EE 2H5EE 4D8EE 4S9EE 3SJEE 0KxEE 1SQEE 2KxEE 4KxEE 3KxEE 1KxEE 1S4D4C4EE 2EE 4EE 3H9D9C9EE 0EE 1EE 3EE 3C3EE 0C8EE 0HQEE 1KxEE 2KxEE 4D2EE 3KxEE 3H4EE 1S5EE 2HTEE 3KxEE 1DJEE 2CQEE 1KxEE 3D5EE 1H7EE 3KxEE 1S8EE 1H3EE
%00076%result% 04213
%00076%points% 240 217 239 212 247
%00077%mibun% 03241
%00077%seat% 43012
%00077%palyer_cards% S3S6S7H5D7D8D2C3C4CKC2 S8SQSKSAS2H7HTD4DTCQCA S4S5HKD3D6DQC6C7C9CJJ3 H3HJHQHAH2D5D9DAC5CT S9STSJH4H6H8H9DJDKC8 
%00077%change_cards%  30HAH2EE 14S2EE 03S3C3EE 41H4EE
%00077%play%  2D6C6EE 4H8C8EE 4S9STSJEE 3EE 0EE 1SQSKSAEE 2EE 4EE 1EE 1H4D4EE 2EE 4EE 3EE 0S7D7EE 1HTDTEE 0H2D2C2EE 1EE 1H7EE 2C9EE 4DJEE 3HQEE 0CKEE 1CAEE 2KxEE 4KxEE 3KxEE 0KxEE 1KxEE 2KxEE 2D3EE 4H6EE 3D9EE 0HAEE 1KxEE 2KxEE 4S2EE 3KxEE 0KxEE 4KxEE 4H9EE 3CTEE 0H2EE 1KxEE 2KxEE 4KxEE 3KxEE 0KxEE 0D2C2EE 1EE 2EE 4EE 3EE 0EE 0C4EE 1S8EE 1CQEE 2HKEE 4KxEE 3DAEE 0KxEE 2KxEE 3KxEE 3S3H3C3EE 0EE 2EE 4EE 3D5C5EE 3D5C5EE 0EE 2EE 4EE 3EE 3HJEE 0KxEE 2DQEE 4DKEE 2KxEE 0H5EE 2C7EE 0D8EE 0S6EE
%00077%result% 13402
%00077%points% 242 222 240 216 250
%00078%mibun% 30412
%00078%seat% 01234
%00078%palyer_cards% S3S5S8SKSAH9HJD7DKCQ SJH3H5H6H7HAD5DAC3C9J3 S2H4H8D4DJDQC5C7C8CTCK S4S6STSQHTHKD3D6DTC6C2 S7S9HQH2D8D9D2C4CJCA 
%00078%change_cards%  21S2CKEE 03SAEE 12H3C3EE 30D3EE
%00078%play%  0S3D3EE 1H5D5EE 2EE 3S6D6C6EE 4S9D9EE 0SKDKEE 1DAEE 4D2EE 0EE 0S5EE 1H6EE 2C7EE 3STEE 4CJEE 0CQEE 1CKEE 2KxEE 3C2EE 4KxEE 0KxEE 1KxEE 3KxEE 1KxEE 1HADAEE 2EE 3EE 4H2D2EE 0EE 1EE 4EE 4C4EE 0D7EE 1C9EE 2CTEE 3KxEE 4CAEE 0KxEE 1KxEE 2KxEE 4KxEE 4S7EE 0S8EE 0H9EE 1SJEE 2DQEE 3HKEE 4KxEE 0KxEE 1S2EE 2KxEE 3KxEE 1KxEE 1H7EE 2H8EE 2H3C3EE 3S6D6C6EE 4EE 0EE 2H4D4EE 2EE 2C5EE 3S6EE 4D8EE 4HQEE 0KxEE 2KxEE 3SAEE 3KxEE 3D6C6EE 0EE 2EE 3HTDTEE 3EE 3S4EE 0HJEE 2KxEE 3SQEE
%00078%result% 14032
%00078%points% 245 227 241 218 254
%00079%mibun% 20431
%00079%seat% 01234
%00079%palyer_cards% S3S7SJHQD4DTDKC9CKCA S9STSAH3H7HTC4C5C7CTC2 S4S6SKH8D8DQD2C3C6C8J3 SQH4H5H6H9HJHAD7D9DJCQ S5S8S2HKH2D3D5D6DACJ 
%00079%change_cards%  21D2J3EE 34HAEE 12H3C4EE 43D3EE
%00079%play%  3H4H5H6EE 4HKHAH2EE 0EE 1EE 2EE 3EE 4EE 4S5D5EE 0DKCKEE 1EE 2EE 3EE 4EE 0EE 0S3EE 1C5EE 2S6EE 3D7EE 4S8EE 4D6EE 0S7EE 1S9EE 2SKEE 3KxEE 4S2EE 0KxEE 1KxEE 2KxEE 4KxEE 1KxEE 1H7C7EE 2EE 3H9D9EE 4EE 0EE 1STHTCTEE 3HJDJEE 3EE 3SQCQEE 4EE 0EE 1EE 2EE 3EE 3D3EE 4CJEE 0HQEE 1SAEE 2KxEE 4KxEE 0KxEE 1D2EE 1KxEE 1STHTCTEE 2EE 4EE 0EE 1EE 1C2EE 2KxEE 4KxEE 0KxEE 2H3C3EE 4EE 0EE 2S4C4EE 2H8D8C8EE 2H8D8C8EE 2C6EE 4DAEE 0KxEE 2KxEE 0D4EE 2DQEE
%00079%result% 31420
%00079%points% 246 231 243 223 257
%00080%mibun% 41302
%00080%seat% 01234
%00080%palyer_cards% STSKHKH2D8DAC3C6C8CTC2 S3S5S6H5HTD7D9D2C9CQ S4S7S9H3H4HQHAD4C5CJ S8S2H6H8H9HJD3D6DQC4CK SJSQSAH7D5DTDJDKC7CAJ3 
%00080%change_cards%  03H2C2EE 21HAEE 30D3C4EE 12S3EE
%00080%play%  0D3C3EE 1S5H5EE 2EE 3H6D6EE 4H7C7EE 0D8C8EE 0STCTEE 1EE 2EE 3EE 4SJDJEE 0SKHKEE 4SACAEE 0EE 4EE 4D5EE 0C6EE 1D7EE 2S9EE 3HJEE 4SQEE 0DAEE 1D2EE 2KxEE 3KxEE 4KxEE 0KxEE 1KxEE 4KxEE 4DTEE 0KxEE 1CQEE 2KxEE 3CKEE 4KxEE 1KxEE 3C2EE 3KxEE 3S8H8EE 3S2H2EE 4EE 0EE 1EE 2EE 3EE 3H9EE 4DKEE 0KxEE 1HAEE 2KxEE 3KxEE 1KxEE 1D9C9EE 2EE 3EE 0EE 1EE 1S6EE 2S7EE 3KxEE 0KxEE 1KxEE 2KxEE 2S3H3EE 3EE 0EE 1EE 2S4H4D4EE 2S4H4D4EE 3EE 0EE 1EE 2EE 2C5EE 3DQEE 0KxEE 1KxEE 2KxEE 0C4EE 1HTEE
%00080%result% 43012
%00080%points% 249 233 244 227 262
%00081%mibun% 23410
%00081%seat% 23140
%00081%palyer_cards% S3S8H3H4H5HTD4D9C4C9CA S9STSJH8H9HQD8DTDKDA S4S6SKSAH6H7HKD5DJD2J3 HAH2D6DQC3C5C7C8CTCJ S5S7SQS2HJD3D7C6CQCKC2 
%00081%change_cards%  24D2J3EE 13DAEE 42S5D3EE 31C3EE
%00081%play%  2S4S5S6EE 3EE 1S9STSJEE 4EE 0H3H4H5EE 2EE 1EE 1H8D8EE 1C3EE 4C6EE 0C9EE 2KxEE 3CTEE 1KxEE 4CQEE 0CAEE 3KxEE 4C2EE 0KxEE 4KxEE 4KxEE 4S7D7EE 0EE 2SKHKEE 3HADAEE 1EE 4S2D2EE 2EE 3EE 4EE 4HJEE 0KxEE 2SAEE 3H2EE 1KxEE 4KxEE 2KxEE 3KxEE 3C5EE 1H9EE 4SQEE 0KxEE 2KxEE 3KxEE 1DKEE 4KxEE 1KxEE 1DTEE 4CKEE 0KxEE 2KxEE 3KxEE 1KxEE 0H3H4H5EE 2EE 3EE 1EE 0EE 0D4C4EE 2EE 3EE 1EE 0EE 0S3EE 2D5EE 3D6EE 1KxEE 0D9EE 2DJEE 3DQEE 0KxEE 2KxEE 3KxEE 3C7EE 1HQEE 0KxEE 2KxEE 3KxEE 0S8EE 0HTEE 2KxEE 3CJEE 3KxEE 3C8EE
%00081%result% 41032
%00081%points% 252 237 245 229 267
%00082%mibun% 21430
%00082%seat% 23140
%00082%palyer_cards% S5STS2H5H6H9HJD5C4C6C7 S4S8SKH4HTH2D3D7DTDJ S7S9SJSQHQHKD6D9D2CJJ3 SAH8DQDAC3C8CTCQCKCA S3S6H3H7HAD4D8DKC5C9C2 
%00082%change_cards%  24D2J3EE 31SAEE 42S3H3EE 13D3EE
%00082%play%  3CQCKCAEE 1EE 4EE 0EE 2EE 3EE 3D3C3EE 1S4H4EE 4D2C2EE 0EE 2EE 3EE 1EE 4EE 4D4EE 0S5EE 2D6EE 3H8EE 3C8EE 3CTEE 1DJEE 4DKEE 0KxEE 2KxEE 3DAEE 1KxEE 4KxEE 3KxEE 4KxEE 4C5EE 0H6EE 2S7EE 3DQEE 1SKEE 4HAEE 0S2EE 2KxEE 1KxEE 4KxEE 0KxEE 0H5D5EE 2EE 1HTDTEE 4EE 0EE 1EE 1D7EE 4D8EE 4S6EE 0C7EE 2S9EE 1SAEE 4KxEE 0KxEE 2KxEE 1KxEE 1S8EE 1H2EE 4KxEE 0KxEE 2KxEE 4H7EE 0H9EE 2HQEE 4KxEE 0KxEE 2HKEE 2KxEE 2S3H3EE 4EE 0EE 2SJCJEE 2EE 2D9EE 4KxEE 0STEE 2SQEE 0KxEE 4C9EE
%00082%result% 31240
%00082%points% 253 241 248 234 269
%00083%mibun% 41203
%00083%seat% 23140
%00083%palyer_cards% S3S6SKD3D4D6DAC7C8J3 S4SAS2H5H7HJH2D5D7C3CT S9STSJHKD9DTDQC4CQCA S8SQH3H4HQDJC5C6CJCKC2 S5S7H6H8H9HTHAD8DKD2C9 
%00083%change_cards%  03DAJ3EE 41D2EE 30H3H4EE 14C3EE
%00083%play%  0S3H3D3EE 2S9D9EE 3DJCJEE 1H5D5EE 4H8D8EE 0H4D4EE 0H4D4EE 2S9D9EE 3DJCJEE 1EE 4EE 0EE 2EE 3SQHQEE 3EE 3C5EE 1H7EE 4H8EE 4H9C9EE 0EE 2STDTEE 3EE 1EE 4EE 2DQCQEE 2EE 2C4EE 3C6EE 1CTEE 4KxEE 0KxEE 2CAEE 3C2EE 1KxEE 2KxEE 3KxEE 3KxEE 3S8EE 3CKEE 1SAEE 4KxEE 0KxEE 2KxEE 3KxEE 1S2EE 1KxEE 1H5D5EE 4EE 0S6D6EE 2EE 3EE 1H2D2EE 0EE 1EE 1S4EE 4S5EE 0SKEE 2KxEE 3KxEE 1KxEE 4KxEE 0KxEE 0C7EE 2SJEE 3DAEE 1KxEE 4KxEE 0KxEE 2KxEE 1D7EE 4D8EE 4C3EE 0C8EE 2HKEE 1KxEE 4HAEE 4KxEE 4H6EE 1HJEE
%00083%result% 30214
%00083%points% 257 243 251 239 270
%00084%mibun% 13204
%00084%seat% 40213
%00084%palyer_cards% SJH3H5H8HTD6D7DTC3C5J3 SAS2H9HJD3DJC4C9CJCA S3S4H4H7HQHAH2C7CTC2 S7S9SKD4D8D9DQDKDAC6CQ S5S6S8STSQH6HKD5D2C8CK 
%00084%change_cards%  43HKD2EE 10S2EE 34D4C6EE 01H3EE
%00084%play%  1H3D3EE 3S9D9EE 4EE 0EE 2EE 1EE 3DQCQEE 3SKHKDKEE 3DKDAD2EE 4EE 0EE 2EE 1EE 3EE 3SKHKEE 4EE 0EE 2EE 1EE 3EE 3S7EE 4S8EE 4S5D5EE 0EE 2EE 1H9C9EE 3EE 4EE 1HJDJCJEE 1HJDJCJEE 3EE 4EE 0EE 2EE 1SACAEE 1SACAEE 3EE 4EE 0EE 2EE 1EE 1C4EE 3D8EE 4S6H6C6EE 0EE 2EE 4EE 4D4EE 0H5EE 2H7EE 4KxEE 0H8EE 0HTDTEE 2EE 4EE 0EE 0C3EE 2S4EE 4C8EE 4STEE 0SJEE 2KxEE 4SQEE 0S2EE 4KxEE 0KxEE 0KxEE 0C5EE 2C7EE 4CKEE 0KxEE 2C2EE 2KxEE 2S3EE 0D6EE 2CTEE 0KxEE 2HQEE 2HAEE 2H2EE 2KxEE 2H4EE
%00084%result% 13420
%00084%points% 258 248 253 243 273
%00085%mibun% 40312
%00085%seat% 40213
%00085%palyer_cards% STSAS2H4H5H6H9D6DTC8 S3S8HTHJHQHADAC4C7CKJ3 S4S9H7HKD4D8DJDQCJC2 S5S7SQSKH3H2D3D5D2C6CT S6SJH8D7D9DKC3C5C9CQCA 
%00085%change_cards%  01SAS2EE 23C2EE 10S3C4EE 32H3EE
%00085%play%  3S5D5EE 4D9C9EE 0EE 2EE 1SAHADAEE 3H2D2C2EE 4EE 4C3EE 0H4EE 2H7EE 1HTEE 3H2EE 4KxEE 0KxEE 2KxEE 1KxEE 3KxEE 1KxEE 1SAHADAEE 3D2C2EE 4EE 0EE 2EE 1EE 1C7EE 3CTEE 4CQEE 0KxEE 2KxEE 1CKEE 3C2EE 4KxEE 1KxEE 3KxEE 3D3EE 4C5EE 0H6EE 2D8EE 2S4D4EE 1EE 3EE 4EE 0STDTEE 2DJEE 0EE 0S3EE 2S9EE 1S2EE 3KxEE 4KxEE 0KxEE 2KxEE 1KxEE 1S8EE 1HJEE 3SQEE 4DKEE 0KxEE 2KxEE 1KxEE 3D2EE 4KxEE 3KxEE 3C6EE 4D7EE 0C8EE 0C4EE 2DJEE 1HQEE 3SKEE 4CAEE 0KxEE 2KxEE 3KxEE 4KxEE 4S6EE 0H9EE 2CJEE 3KxEE 4KxEE 0KxEE 2DQEE 2HKEE 2KxEE 2H3EE 3S7EE 4H8EE 4SJEE
%00085%result% 12340
%00085%points% 259 253 257 246 275
%00086%mibun% 40123
%00086%seat% 40213
%00086%palyer_cards% S4S6H3H5H8H2DTDQC5CK S5SKH7HQD3D9DKD2CTCAC2 S7STH4H6HTHAD4D8C3J3 S9SQSAS2HJHKC4C6C8C9CJ S3S8SJH9D5D6D7DJDAC7CQ 
%00086%change_cards%  01H2CKEE 42DAEE 10S5D3EE 24C3EE
%00086%play%  0S4S5S6EE 2EE 1CKCAC2EE 3EE 4D5D6D7EE 0EE 1EE 1SKDKEE 3EE 4EE 0EE 2EE 1H2D2EE 1EE 1H7EE 3C8EE 3S9C9EE 4EE 0EE 2EE 1EE 3HJCJEE 3EE 3C4EE 4D5EE 0H8EE 0H3D3EE 2H4D4EE 1EE 3EE 4EE 0H5EE 2HTEE 2STHTEE 1EE 3EE 4EE 0EE 2HADAEE 2EE 2H6EE 1D9EE 3SQEE 4KxEE 0KxEE 2KxEE 1KxEE 3KxEE 2KxEE 2S7EE 1CTEE 3HKEE 4KxEE 0KxEE 2KxEE 1KxEE 3SAEE 3S2EE 3KxEE 3C6EE 4D7EE 0DTEE 2KxEE 1KxEE 4DJEE 0DQEE 4KxEE 0KxEE 0H5C5EE 2EE 1EE 4EE 2D8EE 1HQEE
%00086%result% 30214
%00086%points% 263 255 260 251 276
%00087%mibun% 13204
%00087%seat% 10423
%00087%palyer_cards% S8SAH3H5H6H8H9D8DQC4C9 S3S7S9SQHQD6DKC3C6CJC2 S6SJHTHJD7D9DTDACTCQ S4S5STH4H7HKHAD4DJC8J3 SKS2H2D3D5D2C5C7CKCA 
%00087%change_cards%  43S2H2EE 10C2EE 34S4H4EE 01H3EE
%00087%play%  4S4H4EE 2HTDTCTEE 3S2H2EE 1EE 0EE 4EE 3EE 3D4EE 1D6EE 0D8EE 0S8H8EE 0H9C9EE 4EE 2HTDTCTEE 3EE 1EE 0EE 0C4EE 4D5EE 2S6EE 3H7EE 1S9EE 0DQEE 4SKEE 2DAEE 3KxEE 1KxEE 0KxEE 4KxEE 2KxEE 3KxEE 3S5EE 1C6EE 0SAEE 4D2EE 2KxEE 3KxEE 1KxEE 0KxEE 4KxEE 4D3EE 2D7EE 3DJEE 1DKEE 0KxEE 4KxEE 2KxEE 3KxEE 1KxEE 1S3H3C3EE 0EE 4EE 2HTDTCTEE 3EE 1SQHQEE 2SJHJEE 2SJHJEE 3EE 1SQHQEE 0EE 4EE 2EE 1EE 1S7EE 0C2EE 4KxEE 2KxEE 3KxEE 1KxEE 0KxEE 0H5EE 4C7EE 2D9EE 3STEE 1CJEE 0KxEE 4CKEE 2KxEE 3KxEE 4CAEE 4KxEE 4C5EE 2CQEE 3KxEE 0KxEE 3C8EE 3HKEE 0KxEE 3HAEE
%00087%result% 14230
%00087%points% 264 260 263 253 280
%00088%mibun% 40231
%00088%seat% 10423
%00088%palyer_cards% S3S5S9S2H5H9HJHKD6D8DJ S7SQHTH2DQD2C4C6CJCKJ3 S4SKH4H8D9DTDAC8CTCQ SAH3H6D3D4DKC7C9CAC2 S6S8STSJH7HQHAD5D7C3C5 
%00088%change_cards%  01S2HKEE 34C2EE 10C4C6EE 43C3EE
%00088%play%  3H3D3C3EE 1SQDQEE 0S5H5EE 4D5C5EE 2S4H4EE 3SACAEE 3SACAEE 1EE 0EE 4EE 2EE 3EE 3D4EE 1S7EE 0D8EE 0S5H5EE 4EE 2EE 3EE 1SQDQEE 0EE 1HKCKEE 1S2H2D2EE 1S2H2D2EE 0EE 4EE 2EE 3EE 1EE 1HTEE 0HJEE 4HQEE 2KxEE 3KxEE 1KxEE 0KxEE 4KxEE 1KxEE 1CJEE 0KxEE 4HAEE 2KxEE 3KxEE 4C2EE 4KxEE 4D5C5EE 2EE 3EE 0D6C6EE 4D7EE 0EE 0S9H9EE 4EE 2EE 3EE 0EE 0S3EE 4S6EE 2SKEE 3KxEE 0KxEE 4KxEE 2KxEE 2S4H4EE 3EE 0EE 4H7D7EE 2H8C8EE 2DTCTEE 3EE 0EE 4EE 2EE 2D9EE 3DKEE 0KxEE 4KxEE 2DAEE 3KxEE 2KxEE 2CQEE 3KxEE 0KxEE 4KxEE 3H6EE 0DJEE 4KxEE 3KxEE 0KxEE 0C4EE 4S8EE 4STEE 3KxEE 4SJEE
%00088%result% 12043
%00088%points% 267 265 267 254 282
%00089%mibun% 20143
%00089%seat% 10423
%00089%palyer_cards% S3S5S6S9STSKH9D8C4CKCA H4H6H8HTHJHKH2D2C3C5CQ S4SQH3H7D3D5D7DQC7J3 S8SAH5HQD4D9C6CTCJC2 S7SJS2HAD6DTDJDKDAC8C9 
%00089%change_cards%  31SAC2EE 42S2EE 13H4C3EE 24H3EE
%00089%play%  2H7D7C7EE 3EE 1H2D2C2EE 0EE 4EE 2EE 1EE 1C5EE 0S6EE 4S7EE 2SQEE 3KxEE 1SAEE 0KxEE 4KxEE 2S2EE 1KxEE 2KxEE 2KxEE 2D3EE 3H4EE 1H6EE 0H9EE 4HAEE 2KxEE 3KxEE 1KxEE 0KxEE 4KxEE 4SJDJEE 2EE 3EE 1EE 0SKCKEE 4EE 0EE 0S3EE 4D6EE 2DQEE 3KxEE 1KxEE 0KxEE 4DKEE 2KxEE 4DAEE 4KxEE 4H3EE 2S4EE 3H5EE 1H8EE 1HTEE 0CAEE 4KxEE 2KxEE 3KxEE 1KxEE 0KxEE 0C4EE 4C8EE 4C9EE 2KxEE 3CTEE 1CQEE 0KxEE 4KxEE 3KxEE 1KxEE 1HJEE 0KxEE 4KxEE 2KxEE 3HQEE 1HKEE 3KxEE 0S5EE 4DTEE 2KxEE 3CJEE 0KxEE 3KxEE 3C3EE 0D8EE 0S9EE 2KxEE 3KxEE 0STEE 2D5EE
%00089%result% 14023
%00089%points% 270 270 269 255 286
%00090%mibun% 20341
%00090%seat% 20341
%00090%palyer_cards% S6S8STSKHJD3D4D8C6CQC2 SAH8HTHAH2D5D9DKC3C4C7 S5S7SJS2H4HKD6CTCJCAJ3 S4S9SQH3H5H6H7DTDACK S3H9HQD7DJDQD2C5C8C9 
%00090%change_cards%  31DACKEE 24J3EE 13C3C4EE 42S3EE
%00090%play%  0S6C6EE 3EE 4H9C9EE 1DKCKEE 2EE 0EE 4EE 1SAHADAEE 1SAHADAEE 2EE 0EE 3EE 4EE 1EE 1D5EE 2D6EE 0D8EE 0D3EE 3S4EE 4C5EE 1C7EE 2CTEE 0CQEE 3KxEE 4KxEE 1KxEE 2KxEE 0KxEE 4KxEE 4HQDQEE 1EE 2EE 0EE 3EE 4EE 4D7EE 1H8EE 1D9EE 2SJEE 0SKEE 3KxEE 4KxEE 1KxEE 2S2EE 0KxEE 2KxEE 2S3EE 0D4EE 3H5EE 4C8EE 4DJEE 1H2EE 2KxEE 0KxEE 3KxEE 4KxEE 1KxEE 1HTEE 2CJEE 0C2EE 3KxEE 4KxEE 2KxEE 0KxEE 0S8EE 0STEE 3SQEE 4KxEE 2KxEE 0KxEE 3KxEE 3H3C3EE 4EE 2EE 0EE 3EE 3C4EE 4D2EE 2KxEE 0KxEE 3KxEE 2H4EE 0HJEE 3KxEE 2HKEE 2KxEE 2S5EE 3H6EE 2S7EE 3S9EE 2KxEE 3KxEE 3H7EE 2CAEE
%00090%result% 14023
%00090%points% 273 275 271 256 290
%00091%mibun% 20341
%00091%seat% 20341
%00091%palyer_cards% S6S9SAHQD8DKD2C3C8CKCA S3S7S2H5H8D5DJC6C9CTJ3 S4S8SQSKH9H2D3D6DTC5C7 H4HTHKD4D7D9DQDAC4CQ S5STSJH3H6H7HJHACJC2 
%00091%change_cards%  31HKDAEE 24H2EE 13S3H5EE 42H3EE
%00091%play%  2H3D3EE 0D8C8EE 0DKCKEE 3EE 4EE 1EE 2EE 0SACAEE 0EE 0C3EE 3H4EE 4S5EE 1C6EE 2C7EE 0KxEE 3CQEE 4C2EE 1KxEE 2KxEE 3KxEE 4KxEE 1KxEE 1D5EE 2D6EE 0D2EE 3KxEE 4KxEE 1KxEE 2KxEE 0KxEE 0S6EE 3D7EE 4STEE 1DJEE 2SQEE 0KxEE 3KxEE 4HAEE 1S2EE 2KxEE 4KxEE 1KxEE 1S7EE 2S8EE 2S4EE 0S9EE 3KxEE 4SJEE 1KxEE 2SKEE 0KxEE 4KxEE 2KxEE 2C5EE 0HQEE 3KxEE 4H2EE 1KxEE 2KxEE 4KxEE 4HJCJEE 1EE 2EE 3EE 4EE 4H6EE 1H8EE 1C9EE 2DTEE 3DQEE 4KxEE 1DAEE 2KxEE 3KxEE 1KxEE 1CTEE 2KxEE 3KxEE 4KxEE 1HKEE 2H9EE 3HTEE 4KxEE 3KxEE 3D4C4EE 4EE 3EE 3S3EE 4H7EE
%00091%result% 01243
%00091%points% 278 279 274 257 292
%00092%mibun% 01243
%00092%seat% 20341
%00092%palyer_cards% S3S4SAH2D5D6D8DQDKC4C7 H6H8HTHQHAD4DAC9CJCA S8S9H7HJD3C8CTCQCKC2 S6STSJS2H5H9D7DJD2C5C6 S5S7SQSKH3H4HKD9DTC3J3 
%00092%change_cards%  30S2D2EE 41J3EE 03S3S4EE 14D4EE
%00092%play%  2S8C8EE 2D3EE 0C4EE 3H5EE 4S7EE 1H8EE 1HADACAEE 2EE 0S2H2D2EE 3EE 4EE 1EE 0EE 0D5EE 3S6EE 4D9EE 1HTEE 2HJEE 0KxEE 3KxEE 4HKEE 1KxEE 2KxEE 4KxEE 1KxEE 1H6EE 2H7EE 0KxEE 3H9EE 4KxEE 1HQEE 2KxEE 3KxEE 1KxEE 1C9EE 2CTEE 0KxEE 3KxEE 4KxEE 1CJEE 2CQEE 2CKEE 2C2EE 2KxEE 2S9EE 0DQEE 3KxEE 4SKEE 0SAEE 4KxEE 0KxEE 0D6EE 3D7EE 4DTEE 0DKEE 3KxEE 4KxEE 0KxEE 0C7EE 3STEE 4SQEE 0KxEE 3KxEE 4KxEE 4H3C3EE 0EE 3SJDJEE 4EE 3EE 3S3EE 4H4EE 0D8EE 3S4EE 4S5EE 3KxEE 4KxEE 4D4EE
%00092%result% 12043
%00092%points% 281 284 278 258 294
%00093%mibun% 20143
%00093%seat% 02143
%00093%palyer_cards% SAHQDTD2C4CJCQCKCAC2 SQH3HKHAH2D4D6D7DJDAC8 S4SKS2H6H8HTHJD8DQC6 S5S8STH4H5H7D3D9DKCTJ3 S3S6S7S9SJH9D5C3C5C7C9 
%00093%change_cards%  31DKJ3EE 42SJEE 13H3D4EE 24S4EE
%00093%play%  3H3H4H5EE 0CJCQCKCAC2EE 2EE 1HKHAH2EE 4EE 3EE 1EE 1D6EE 4S7EE 3S8EE 3STCTEE 0HQCQEE 2EE 1EE 4EE 3EE 0SACAEE 0D2C2EE 0EE 0C4EE 2H6EE 1D7EE 4S9EE 3KxEE 0DTEE 2SJEE 1SQEE 4KxEE 0KxEE 2SKEE 1KxEE 2KxEE 1KxEE 1C8EE 1DJEE 4KxEE 3KxEE 0CKEE 2S2EE 1KxEE 0KxEE 2KxEE 2H8D8EE 2C6EE 1DKEE 4KxEE 3KxEE 0KxEE 2KxEE 1DAEE 4S3C3EE 3EE 0EE 2EE 4D5C5EE 4H9C9EE 4EE 4S4EE 3S5EE 0KxEE 2KxEE 4S6EE 3KxEE 4KxEE 4C7EE 3D9EE 0CJEE 2DQEE 3KxEE 2KxEE 2HTEE 3KxEE 2HJEE
%00093%result% 14023
%00093%points% 284 289 280 259 298
%00094%mibun% 20341
%00094%seat% 02143
%00094%palyer_cards% S9STH4HTHQD3DQD2C7J3 S8SKH7HKHAH2D5D9DTC5CK SJSQH3DJDKC4C6CJCAC2 S5S7H6H8H9HJD4C8C9CTCQ S3S4S6SAS2H5D6D7D8DAC3 
%00094%change_cards%  31HJCQEE 24C2EE 13D5C5EE 42S3EE
%00094%play%  0STHTEE 2EE 1SKHKCKEE 4EE 3EE 0HQDQEE 0EE 0D3EE 2C4EE 1H7EE 4D8EE 4S6D6EE 3EE 0EE 2EE 1SKHKCKEE 4SADAEE 4S2EE 4S2C2EE 3EE 0EE 2EE 1EE 4EE 4C3EE 3D4EE 0C7EE 2SJEE 1CQEE 4KxEE 3KxEE 0D2EE 2KxEE 1KxEE 0KxEE 0KxEE 0H4EE 2C6EE 1S8EE 1HKHAH2EE 4EE 3C8C9CTEE 0EE 2EE 1EE 1SKCKEE 4EE 3EE 0EE 2EE 1EE 1D9EE 4KxEE 3CTEE 0KxEE 2DJEE 1KxEE 3KxEE 2SQEE 2DKEE 2CAEE 2KxEE 2S3H3EE 1EE 4EE 3S5D5C5EE 0EE 2EE 2CJEE 1KxEE 4KxEE 3KxEE 0KxEE 1DTEE 4KxEE 3KxEE 0KxEE 1HJEE 4S4EE 3S5EE 0S9EE 4KxEE 3KxEE 4H5EE 3H6EE 4KxEE 3H8EE 3D5C5EE 4EE 3H9C9EE 3EE 3S7EE 4KxEE 3C8EE
%00094%result% 21034
%00094%points% 287 293 285 261 299
%00095%mibun% 21034
%00095%seat% 02143
%00095%palyer_cards% S5S9STHTD3D6D8C3CJJ3 S6S7SKS2H4HQHAD5DTC4C7 S8SJSQH3H8H9H2DQDAD2C6 SAH7HJD4D7D9DJCTCKCA S3S4H5H6