%-----%hostname% a62
%-----%TIME_START% 2024/04/30 13:19:55
%-----%palyer_name% Normal Normal Normal Normal Normal
%-----%WINDOW_TYPE% ALICE
%-----%GRAPH_WINDOW% YES
%-----%RAND_TYPE% 1
%-----%RULE_KAKUMEI% YES
%-----%RULE_SHIBARI% YES
%-----%RULE_KINSOKU% NO
%-----%RULE_KAIDAN% YES
%-----%RULE_CHANGE% YES
%-----%RULE_5TOBI% NO
%-----%RULE_6REVERS% NO
%-----%RULE_8GIRI% YES
%-----%RULE_11BACK% NO
%-----%RULE_SEKIGAE% YES
%-----%RULE_SEKIGAE_NUM% 3
%-----%GAME_NUMBER% 1500
%-----%FLASH_MIBUN_NUMBER% 100
%-----%GAME_PORT% 52745
%-----%RANDOM_SEED% 1714450781
%00000%mibun% 22222
%00000%seat% 42103
%00000%palyer_cards% SQS2H6HQD8D9DQC6C8CTCK S7SJSAH7HKD7C3C4C5CAJ3 S3H3H5H9H2D4DTDJDKC2 S4S5S6S8STH8HTD3D6C7C9 S9SKH4HJHAD5DAD2CJCQ 
%00000%change_cards% NULL
%00000%play%  3S6D6EE 4EE 2EE 1EE 0EE 3EE 3S8H8EE 3STHTEE 4EE 2EE 1EE 0EE 3EE 3D3EE 4H4EE 2H5EE 1H7EE 0HQEE 3KxEE 4HAEE 2H2EE 1KxEE 0KxEE 4KxEE 2KxEE 1KxEE 1S7D7EE 0EE 3EE 4EE 2EE 1EE 1SACAEE 0EE 3EE 4EE 2EE 1EE 1C3EE 0H6EE 3C7EE 4S9EE 2DTEE 1SJEE 0SQEE 3KxEE 4SKEE 2KxEE 1KxEE 0S2EE 4KxEE 0KxEE 0D8C8EE 0C6EE 3C9EE 4CJEE 2C2EE 1KxEE 0KxEE 3KxEE 4KxEE 2KxEE 2S3H3EE 1EE 0EE 3EE 4EE 2EE 2D4EE 1C5EE 0D9EE 3KxEE 4HJEE 2DKEE 1KxEE 0KxEE 4DAEE 2KxEE 4D2EE 4KxEE 4D5EE 2H9EE 1HKEE 0KxEE 3KxEE 4KxEE 2KxEE 1KxEE 1C4EE 0CTEE 3KxEE 4CQEE 2KxEE 0CKEE 0KxEE 0DQEE 3KxEE 2KxEE 3S4EE 2DJEE
%00000%result% 14023
%00000%points% 3 5 2 1 4
%00001%mibun% 20341
%00001%seat% 42103
%00001%palyer_cards% S7S8SJSKH3H5HKD7D8DQC7 S9HQH2D4D6DJDKDAC5C9CJ S5STSAH4D2C3C6CTCAJ3 S3S6H7H8H9HTHJHAC4CQC2 S4SQS2H6D3D5D9DTC8CK 
%00001%change_cards%  31HAC2EE 24J3EE 13D4C5EE 42D3EE
%00001%play%  2D3C3EE 1EE 0EE 3EE 4EE 2EE 2STCTEE 1EE 0EE 3EE 4EE 2EE 2SACAEE 1EE 0EE 3EE 4EE 2EE 2H4EE 1D6EE 0S7EE 3H8EE 3D4C4EE 4EE 2EE 1EE 0EE 3EE 3S3EE 4S4EE 2S5EE 1S9EE 0SJEE 3KxEE 4SQEE 2KxEE 1KxEE 0SKEE 4S2EE 0KxEE 4KxEE 4KxEE 4D5EE 2C6EE 1C9EE 0KxEE 3CQEE 4CKEE 2KxEE 1C2EE 3KxEE 4KxEE 1KxEE 1DJCJEE 0EE 3EE 4EE 2EE 1EE 1HADAEE 0EE 3EE 4EE 2EE 1EE 1HQEE 0HKEE 3KxEE 4KxEE 2KxEE 1H2EE 0KxEE 1KxEE 1DKEE 0KxEE 3KxEE 4KxEE 2D2EE 0D7C7EE 3EE 4EE 0EE 0S8D8EE 0H3EE 3C5EE 4H6EE 0DQEE 3KxEE 4KxEE 0KxEE 0H5EE 3S6EE 4C8EE 4D9EE 3HTEE 4KxEE 3HJEE 3KxEE 3H7EE 4DTEE
%00001%result% 12043
%00001%points% 6 10 6 2 6
%00002%mibun% 20143
%00002%seat% 42103
%00002%palyer_cards% S7S9STHJHKHAD6D7D2C5C8 S5S6S8SAS2H9D5D8D9DTDK SQH3H4H5HQDQCTCQC2J3 S4H6HTH2D4DJDAC3C9CJCA S3SJSKH7H8D3C4C6C7CK 
%00002%change_cards%  31H2DAEE 42SKEE 13S5D5EE 24H3EE
%00002%play%  4S3H3D3EE 2EE 1EE 0EE 3EE 4EE 4H7C7EE 2EE 1EE 0EE 3EE 4EE 4C4EE 2H5EE 1S6EE 0S7EE 3KxEE 4SJEE 2SQEE 1SAEE 0KxEE 4KxEE 2KxEE 1KxEE 2KxEE 2HQDQCQEE 1EE 0EE 3EE 4EE 2EE 2H4EE 1S8EE 1H9D9EE 0EE 3EE 4EE 2EE 1EE 1S2H2EE 0EE 3EE 4EE 2EE 1EE 1D8EE 1DTEE 0HJEE 3CAEE 4KxEE 2C2EE 1KxEE 0KxEE 3KxEE 2KxEE 2CTEE 1DKEE 0HAEE 3KxEE 4KxEE 2KxEE 1KxEE 0D2EE 0KxEE 0C5EE 3H6EE 4H8EE 4C6EE 2SKEE 1DAEE 0KxEE 3KxEE 4KxEE 0D6EE 3C9EE 4CKEE 0KxEE 3KxEE 0D7EE 3HTEE 0HKEE 3KxEE 0KxEE 0C8EE 0S9EE 3DJEE 0KxEE 3KxEE 3S4D4EE 0EE 3EE 3S5D5EE 0EE 3EE 3C3EE 0STEE
%00002%result% 21403
%00002%points% 8 14 11 3 9
%00003%mibun% 31042
%00003%seat% 20431
%00003%palyer_cards% S4SJH9HTHKD6DJDAC5C7CK S6SAS2H5HAD2C3C4C9C2 S3H3H6H8HQD4D9DKC8CQCA S5SKH7H2D3D5D7DTC6CT S7S8S9STSQH4HJD8DQCJJ3 
%00003%change_cards%  32SKH2EE 01DAEE 23S3H3EE 10C3EE
%00003%play%  3S3H3D3EE 1EE 2EE 0EE 4EE 3EE 3S5D5EE 1EE 2EE 0EE 4EE 3EE 3H7D7EE 1EE 2EE 0EE 4EE 3EE 3DTCTEE 1EE 2EE 0EE 4EE 3EE 3C6EE 1C9EE 2CQEE 0CKEE 4KxEE 1KxEE 2KxEE 0KxEE 4KxEE 4S8D8EE 4HJCJEE 1EE 2EE 0EE 4EE 4SQDQEE 1EE 2EE 0EE 4EE 4H4EE 1H5EE 2H6EE 0H9EE 4KxEE 1HAEE 2H2EE 0KxEE 1KxEE 2KxEE 2H8C8EE 2SKDKEE 0EE 4EE 1EE 2EE 2D4EE 0C5EE 4S7EE 1SAEE 2KxEE 0KxEE 4KxEE 1S2EE 1KxEE 1D2C2EE 2EE 0EE 4EE 1EE 1C4EE 2D9EE 0HTEE 4KxEE 1DAEE 2KxEE 0KxEE 1KxEE 1S6EE 2HQEE 0HKEE 4KxEE 2KxEE 0KxEE 0SJDJEE 4EE 2EE 0EE 0C3EE 4S9EE 2CAEE 0KxEE 4KxEE 0S4EE 4STEE
%00003%result% 31240
%00003%points% 9 18 14 8 11
%00004%mibun% 41203
%00004%seat% 20431
%00004%palyer_cards% S5H6HAD4DQC3C7CJCQCA S6STH9D5D6D7D9DJD2C4C9 S8SQSKS2HTHQHKH2D3DTCK S4S7H3H4H7HJD8DKC8C2J3 S3S9SJSAH5H8DAC5C6CT 
%00004%change_cards%  03HACAEE 41SAEE 30S4H3EE 14C4EE
%00004%play%  2HTDTEE 0EE 4EE 3EE 1EE 2EE 2SQHQEE 0EE 4EE 3EE 1EE 2EE 2SKHKCKEE 0EE 4EE 3EE 1EE 2EE 2S2H2EE 0EE 4EE 3EE 1EE 2EE 2D3EE 0S4EE 4H5EE 3S7EE 1H9EE 2KxEE 0CJEE 4DAEE 3C2EE 1KxEE 0KxEE 4KxEE 3KxEE 3KxEE 3D8C8EE 3HACAEE 1EE 2EE 0EE 4EE 3EE 3H4EE 1D5EE 2S8EE 0H3C3EE 4EE 3EE 1EE 0EE 0DQCQEE 4EE 3EE 1EE 0EE 0D4EE 4C5EE 3H7EE 1D9EE 0KxEE 4CTEE 3HJEE 1SAEE 4KxEE 3KxEE 1D2EE 1KxEE 1S6D6EE 0EE 4EE 3EE 1EE 1D7EE 0KxEE 4H8EE 4S3EE 3DKEE 1KxEE 0KxEE 4KxEE 1C9EE 0KxEE 4SJEE 1KxEE 4KxEE 4C4EE 1STEE 0KxEE 4KxEE 1DJEE 0S5EE 4C6EE 0C7EE 4KxEE 0KxEE 0H6EE
%00004%result% 23104
%00004%points% 11 21 19 12 12
%00005%mibun% 32014
%00005%seat% 20431
%00005%palyer_cards% S9SJHAD4D5D7D8C5C9CTJ3 S4STH3HQD3D6C3CJCQC2 S3S6S8H4H8HJDJC4C6CKCA S5SAS2H5H6HTH2DTDKC7 S7SQSKH7H9HKD9DQDAD2C8 
%00005%change_cards%  42DAD2EE 03J3EE 24S3H4EE 30S5EE
%00005%play%  1H3D3C3EE 2EE 0EE 4EE 3EE 1EE 1HQCQEE 2EE 0EE 4EE 3EE 1EE 1S4EE 2S6EE 0S9EE 4SQEE 3SAEE 1KxEE 2KxEE 0KxEE 4KxEE 3S2EE 3KxEE 3KxEE 3HTDTEE 1EE 2EE 0EE 4EE 3EE 3H5EE 1D6EE 2S8EE 2HJDJEE 0EE 4EE 3EE 1EE 2EE 2DACAEE 0EE 4EE 3EE 1EE 2EE 2C4EE 0S5EE 4S7EE 3KxEE 1STEE 2KxEE 0SJEE 4SKEE 1KxEE 0KxEE 4KxEE 4H9D9EE 3EE 1EE 2EE 0EE 4EE 4S3EE 3H6EE 1CJEE 2CKEE 0KxEE 4KxEE 3KxEE 1C2EE 2KxEE 2C6EE 0D7EE 4C8EE 4H4EE 3C7EE 2H8EE 2D2EE 0KxEE 4KxEE 3KxEE 0D5C5EE 4EE 3EE 0EE 0D4EE 4H7EE 3DKEE 0HAEE 4KxEE 3H2EE 0KxEE 0D8EE 0C9EE 4DQEE 0KxEE 4HKEE
%00005%result% 12340
%00005%points% 12 26 23 15 14
%00006%mibun% 40123
%00006%seat% 14023
%00006%palyer_cards% SJH7HQHKD3DQD2C7CTCJJ3 S5S6S7S9STH3H4H6H9D5D8 S4H5HTHJD4D6C4C6CKC2 SQSAS2HAH2D7D9DAC3C9 S3S8SKH8DTDJDKC5C8CQCA 
%00006%change_cards%  01D2J3EE 42CAEE 10H3H4EE 24S4EE
%00006%play%  0H3D3EE 2EE 3EE 1EE 4EE 0EE 0H7C7EE 2EE 3EE 1EE 4EE 0EE 0SJCJEE 2EE 3EE 1EE 4EE 0EE 0HQDQEE 2EE 3EE 1EE 4EE 0EE 0H4EE 2H5EE 3HAEE 1KxEE 4KxEE 0KxEE 2KxEE 3KxEE 1KxEE 1S5D5EE 4EE 0EE 2EE 3EE 1EE 1S6H6EE 4EE 0EE 2EE 3EE 1EE 1S9H9EE 4EE 0EE 2EE 3EE 1EE 1S7EE 4S8EE 4H8C8EE 4SKDKEE 0EE 2EE 3EE 1EE 4EE 4S3EE 0CTEE 2HJEE 3SQEE 1D2EE 4KxEE 0KxEE 2KxEE 3KxEE 1KxEE 1D8EE 1STEE 4DJEE 0HKEE 2CAEE 3S2EE 4KxEE 2KxEE 3KxEE 3D9C9EE 4EE 2EE 3EE 3SADAEE 4EE 2EE 3EE 3C3EE 4S4EE 2D6EE 3D7EE 4DTEE 2KxEE 3KxEE 4KxEE 4C5EE 2C6EE 3KxEE 4CQEE 2CKEE 2C2EE 2KxEE 2D4C4EE 3EE 2EE 2HTEE
%00006%result% 10423
%00006%points% 16 31 25 16 17
%00007%mibun% 10342
%00007%seat% 14023
%00007%palyer_cards% STSKHKD8DTC3C4C6C7CJCK S3S6SQS2H4DKC5C8CTCQC2 S4S7S9H8H9HTD9DQDACA S8SAH7HQHAD3D5D6D2C9 S5SJH3H5H6HJH2D4D7DJJ3 
%00007%change_cards%  31SAD2EE 20DAEE 13S3H4EE 02C3EE
%00007%play%  3S3D3EE 1EE 4EE 0EE 2EE 3EE 3H4EE 1C5EE 4H6EE 0C7EE 2H8EE 2S9H9D9EE 3EE 1EE 4EE 0EE 2EE 2C3EE 3D5EE 1S6EE 4D7EE 0D8EE 0STDTEE 2EE 3EE 1EE 4EE 0EE 0SKHKCKEE 2EE 3EE 1EE 4EE 0EE 0C4EE 2S7EE 3S8EE 3D6EE 1C8EE 1SQCQEE 4EE 0EE 2EE 3EE 1EE 1S2D2C2EE 4EE 0EE 2EE 3EE 1EE 1CTEE 4SJEE 0DAEE 2KxEE 3KxEE 1KxEE 4H2EE 0KxEE 4KxEE 4KxEE 4S5H5EE 0EE 2EE 3EE 1EE 4EE 4HJDJEE 0EE 2EE 3EE 1EE 4EE 4H3EE 0C6EE 2HTEE 3HQEE 1KxEE 4KxEE 0KxEE 2KxEE 3HAEE 3KxEE 3H7EE 1DKEE 4KxEE 0KxEE 2CAEE 3KxEE 1KxEE 2KxEE 2S4EE 3C9EE 1SAEE 4KxEE 0KxEE 2KxEE 4D4EE 0CJEE
%00007%result% 31402
%00007%points% 18 35 26 21 20
%00008%mibun% 31402
%00008%seat% 14023
%00008%palyer_cards% S4STS2H6D4DTDQC6CQCA SKSAH4H8HJHAH2D6C3C7CK S3S8SQH9HQD3D7D8C9CT S5S7SJH3H5H7HTHKC8CJJ3 S6S9D5D9DJDKDAD2C4C5C2 
%00008%change_cards%  23SQHQEE 01S2EE 32S5H3EE 10C3EE
%00008%play%  2S3H3D3EE 3EE 1EE 4EE 0EE 2EE 2S8D8EE 2H9C9EE 3EE 1EE 4EE 0EE 2EE 2S5EE 3S7EE 1SKEE 4KxEE 0KxEE 2KxEE 3KxEE 1KxEE 3KxEE 3SJCJEE 1EE 4EE 0EE 2EE 3EE 3SQHQEE 1EE 4EE 0EE 2EE 3EE 3H5EE 1D6EE 4S9EE 0STEE 2KxEE 3KxEE 1SAEE 4KxEE 0KxEE 1S2EE 1KxEE 1H4EE 4D5EE 0H6EE 2D7EE 3C8EE 3H7EE 1H8EE 1C7EE 4D9EE 0DTEE 2KxEE 3KxEE 1KxEE 4DJEE 0DQEE 4DKEE 0KxEE 4DAEE 4D2EE 4KxEE 4C4EE 0C6EE 2CTEE 3KxEE 1CKEE 4C2EE 0KxEE 1KxEE 4KxEE 4C5EE 0CQEE 3KxEE 1KxEE 4KxEE 0CAEE 0KxEE 0S4D4EE 3EE 1EE 4EE 0EE 0C3EE 3HTEE 1HJEE 4KxEE 3HKEE 1HAEE 1H2EE
%00008%result% 20314
%00008%points% 22 37 31 24 21
%00009%mibun% 13024
%00009%seat% 31024
%00009%palyer_cards% S5S6STSQHTHAH2DTDQC4 S3SKSAH6HQD4D2C3C6CQ S8H3H8D7D8D9DJC7CTC2J3 S4S7S9S2H4H5D5DAC8C9CK SJH7H9HJHKD3D6DKC5CJCA 
%00009%change_cards%  42HKCAEE 10D2EE 24H3D7EE 01C4EE
%00009%play%  4H3D3EE 3EE 1EE 0EE 2EE 4EE 4H7D7EE 3EE 1EE 0EE 2EE 4EE 4SJHJCJEE 3EE 1EE 0EE 2EE 4EE 4C5EE 3S7EE 1HQEE 0HAEE 2KxEE 4KxEE 3KxEE 1KxEE 0KxEE 2KxEE 2S8H8D8EE 2C7EE 4H9EE 3CKEE 1SAEE 0H2EE 2KxEE 4KxEE 3KxEE 1KxEE 0KxEE 0STHTDTEE 2EE 4EE 3EE 1EE 0EE 0SQDQEE 2EE 4EE 3EE 1EE 0EE 0S5EE 2D9EE 4DKEE 3DAEE 1KxEE 0D2EE 2KxEE 4KxEE 3KxEE 0KxEE 0S6EE 2CTEE 4KxEE 3S2EE 1KxEE 2KxEE 3KxEE 3S4H4EE 1EE 2EE 4EE 3EE 3H5D5EE 1EE 2EE 4EE 3EE 3S9C9EE 1EE 2EE 4EE 3EE 3C8EE 1S3C3EE 2EE 4EE 1EE 1D4C4EE 2EE 4EE 1EE 1H6C6EE 2EE 4EE 1EE 1CQEE 2HKEE 4KxEE 1KxEE 2CAEE 2C2EE 2KxEE 2DJEE 4KxEE 1SKEE
%00009%result% 03214
%00009%points% 27 39 34 28 22
%00010%mibun% 03214
%00010%seat% 31024
%00010%palyer_cards% S7S8H3HJHQD3DQDKC3C6CA S6STSQH4H6HKDJC4C7C9 S3S4S2H8H2D4DTD2CKC2J3 S5S9H5H9HTD7D8D9CJCQ SJSKSAH7HAD5D6DAC5C8CT 
%00010%change_cards%  40SAHAEE 13HKEE 04H3D3EE 31S5EE
%00010%play%  4H3D3EE 3EE 1EE 0EE 2EE 4EE 4D5C5EE 3EE 1EE 0EE 2EE 4EE 4D6EE 3D7EE 1DJEE 0DQEE 2D2EE 4KxEE 3KxEE 1KxEE 0KxEE 2KxEE 2KxEE 2S4D4EE 4EE 3EE 1EE 0EE 2EE 2S2H2C2EE 4EE 3EE 1EE 0EE 2EE 2S3EE 4H7EE 3D8EE 3S9H9D9EE 1EE 0EE 2EE 4EE 3EE 3H5EE 1S6EE 0S7EE 2KxEE 4SJEE 3KxEE 1SQEE 0SAEE 4KxEE 1KxEE 0KxEE 0HACAEE 2EE 4EE 3EE 1EE 0EE 0C3EE 2H8EE 2DTEE 4SKEE 3KxEE 1KxEE 0KxEE 2KxEE 4DAEE 4KxEE 4C8EE 4CTEE 3CJEE 1KxEE 0KxEE 2CKEE 3KxEE 3HTEE 1KxEE 0HJEE 3HKEE 0KxEE 3KxEE 3CQEE 1KxEE 0DKEE 0KxEE 0C6EE 1C7EE 0KxEE 1C9EE 1KxEE 1H4C4EE 0EE 1EE 1S5EE 0S8EE 0HQEE
%00010%result% 42301
%00010%points% 29 40 38 31 27
%00011%mibun% 34120
%00011%seat% 31024
%00011%palyer_cards% S3S9SQH5HQD5D9DTC3C6 S5S2H3H4H7H9HKD4DJCJCQ S7SJH6H8HAH2D8C9C2J3 S6STHJD3D6D7DQDKC5C7CA S4S8SKSAHTDAD2C4C8CTCK 
%00011%change_cards%  14S2HKEE 02SQEE 41S4C4EE 20H6EE
%00011%play%  3S6D6EE 1EE 0EE 2EE 4EE 3EE 3D7C7EE 1EE 0EE 2EE 4EE 3EE 3D3EE 1S4EE 0H5EE 2S7EE 4S8EE 4HTCTEE 3EE 1EE 0EE 2EE 4EE 4SKHKCKEE 3EE 1EE 0EE 2EE 4EE 4SADAEE 3EE 1EE 0EE 2EE 4EE 4S2D2EE 3EE 1EE 0EE 2EE 4EE 4C8EE 3C5EE 1H7EE 0S9EE 2SJEE 3KxEE 1KxEE 0KxEE 2SQEE 2KxEE 2KxEE 2H8D8EE 2H2C2EE 3EE 1EE 0EE 2EE 2C9EE 3STEE 1DJEE 0HQEE 2HAEE 3KxEE 1KxEE 0KxEE 3HJEE 1CQEE 0KxEE 3DKEE 1KxEE 3CAEE 3KxEE 3DQEE 1KxEE 0KxEE 1H4D4C4EE 0EE 1EE 1H3EE 0D5EE 1H9EE 0DTEE 1CJEE 0KxEE 1KxEE 1S5EE
%00011%result% 42310
%00011%points% 30 42 42 34 32
%00012%mibun% 43120
%00012%seat% 40123
%00012%palyer_cards% SQSAH5H8H9HTD5D2C4CJCQ S3S9SKH3HJHKH2D6DJDQJ3 S7S8H7D8DKC5C6C7CKCA S5S6STSJH6HQD4D9C8C2 S4S2H4HAD3D7DTDAC3C9CT 
%00012%change_cards%  04SAD2EE 12J3EE 40D3C3EE 21C5EE
%00012%play%  0D3C3EE 1EE 2EE 3EE 4EE 0EE 0H5D5EE 1EE 2EE 3EE 4EE 0EE 0SQCQEE 1EE 2EE 3EE 4EE 0EE 0C4EE 1C5EE 2C6EE 3C8EE 3S6H6EE 4EE 0EE 1EE 2EE 3EE 3D4EE 4D7EE 0KxEE 1DJEE 2DKEE 3KxEE 4DAEE 1KxEE 2KxEE 4KxEE 2KxEE 2S7H7C7EE 3EE 4EE 0EE 1EE 2EE 2S8D8EE 2CKEE 3C2EE 4KxEE 0KxEE 1KxEE 2KxEE 3KxEE 3S5EE 4C9EE 0HTEE 1HJEE 2KxEE 3HQEE 4HAEE 0KxEE 1H2EE 3KxEE 4KxEE 1KxEE 1S3H3EE 2EE 3EE 4EE 0EE 1EE 1SKHKEE 2EE 3EE 4EE 0EE 1EE 1D6EE 2CAEE 3KxEE 4S2EE 0KxEE 1KxEE 4KxEE 4S4H4EE 0EE 1EE 3EE 4EE 4DTCTEE 0EE 1EE 3EE 4EE 4SAEE 0KxEE 1KxEE 3KxEE 4D2EE 0H8EE 0H9EE 1DQEE 3KxEE 0KxEE 1KxEE 1S9EE 3STEE 0KxEE 3SJEE 3KxEE 3D9EE
%00012%result% 24130
%00012%points% 31 45 47 36 36
%00013%mibun% 42031
%00013%seat% 40123
%00013%palyer_cards% S3S4H6H9HJHADQDKC4C2 STSJSKHKD3D5DTDJC3C5 S8SAH5H7HTD6D7D2C7C8CJ S6S9H4H2D4DACTCQCKCAJ3 S5S7SQS2H3H8HQD8D9C6C9 
%00013%change_cards%  02HAC2EE 34J3EE 20H5D6EE 43H3EE
%00013%play%  1D3C3EE 2EE 3EE 4EE 0EE 1EE 1D5C5EE 2EE 3EE 4EE 0EE 1EE 1STDTEE 2EE 3EE 4EE 0EE 1EE 1SJDJEE 2EE 3EE 4EE 0EE 1EE 1SKHKEE 2EE 3EE 4EE 0EE 2H7D7C7EE 3EE 4EE 0EE 2EE 2S8C8EE 2SAHAEE 3EE 4EE 0EE 2EE 2D2C2EE 3EE 4EE 0EE 2EE 2HTEE 3CQEE 4S2EE 0KxEE 2KxEE 3KxEE 4KxEE 4KxEE 4H8D8EE 4D9C9EE 0EE 2EE 3EE 4EE 4SQHQEE 0EE 2EE 3EE 4EE 4S5EE 0H6EE 2CJEE 3CKEE 4KxEE 0KxEE 3CAEE 3KxEE 3H4D4EE 4EE 0EE 3EE 3H3EE 4C6EE 0H9EE 3CTEE 4KxEE 0HJEE 3DAEE 0KxEE 3H2EE 3KxEE 3S6EE 4S7EE 0KxEE 3S9EE
%00013%result% 12430
%00013%points% 32 50 51 38 39
%00014%mibun% 40132
%00014%seat% 40123
%00014%palyer_cards% SJSAH7HKD3DTC7C8CKJ3 S5SKH5H6H8HQD5D9DKC3CT S6STH3H9HTD4D8DJCQCAC2 S3S8SQS2H4HJHAH2D6D7DQ S4S7S9DAD2C4C5C6C9CJ 
%00014%change_cards%  01SAJ3EE 32S2EE 10S5C3EE 23H3EE
%00014%play%  0D3C3EE 1EE 2EE 3EE 4EE 0EE 0H7C7EE 1EE 2EE 3EE 4EE 0EE 0HKCKEE 1EE 2EE 3EE 4EE 0EE 0S5EE 1H6EE 2D8EE 2STHTEE 3EE 4EE 0EE 1EE 2EE 2S2C2EE 3EE 4EE 0EE 1EE 2EE 2D4EE 3D6EE 4DAEE 0KxEE 1KxEE 2KxEE 3KxEE 4KxEE 1KxEE 1H5D5EE 2EE 3EE 4EE 0EE 1EE 1SKDKEE 2EE 3EE 4EE 0EE 1EE 1H8EE 1D9EE 2DJEE 3DQEE 4D2EE 0KxEE 1KxEE 2KxEE 3KxEE 4KxEE 4S4C4EE 0EE 1EE 2EE 3EE 4EE 4S9C9EE 0EE 1EE 2EE 3EE 4EE 4C5EE 0C8EE 0DTEE 1HQEE 2CAEE 3H2EE 4KxEE 0KxEE 1KxEE 2KxEE 3KxEE 3S3H3EE 4EE 0EE 1EE 2EE 3EE 3H4EE 4C6EE 0SJEE 1SAEE 2KxEE 3KxEE 4KxEE 1KxEE 1CTEE 2CQEE 3KxEE 4KxEE 2KxEE 2S6EE 3D7EE 4CJEE 2KxEE 3SQEE 4KxEE 3HAEE 3KxEE 3S8EE 3HJEE 4KxEE 2KxEE 4S7EE
%00014%result% 01342
%00014%points% 37 54 52 41 41
%00015%mibun% 01423
%00015%seat% 02314
%00015%palyer_cards% SQS2H3HAD9DAC4C8C9CJJ3 S9SJHKD6DJDQC3C5C6CT STSAH5H6H9H2D3D5D8CQCK S3S4S5S6SKHJHQD4DTD2C2 S7S8H4H7H8HTD7DKC7CA 
%00015%change_cards%  20SAH2EE 41CAEE 02H3C4EE 14C3EE
%00015%play%  2H3D3EE 3EE 1EE 4EE 0EE 2EE 2H5D5EE 3EE 1EE 4EE 0EE 2EE 2C4EE 3S5EE 1D6EE 4S7EE 0C8EE 0D9C9EE 2EE 3EE 1EE 4EE 0EE 0SAHADAEE 2EE 3EE 1EE 4EE 0EE 0S2H2EE 2EE 3EE 1EE 4EE 0EE 0CJEE 2CQEE 3C2EE 1KxEE 4KxEE 0KxEE 2KxEE 3KxEE 0KxEE 0SQEE 2CKEE 3D2EE 1KxEE 4KxEE 2KxEE 3KxEE 3S4D4EE 1EE 4EE 2EE 3EE 3S3EE 1C5EE 4H7EE 2D8EE 2H6EE 3DTEE 1SJEE 4DKEE 2KxEE 3KxEE 1CAEE 4KxEE 1KxEE 1C6EE 4D7EE 2H9EE 3HJEE 1HKEE 4KxEE 2KxEE 3KxEE 1KxEE 1S9EE 4HTEE 2KxEE 3HQEE 1KxEE 4KxEE 3KxEE 3S6EE 1CTEE 4KxEE 2KxEE 3SKEE 1KxEE 1DJEE 4KxEE 2KxEE 1DQEE 4S8H8EE 4C3EE 2STEE
%00015%result% 03124
%00015%points% 42 57 54 45 42
%00016%mibun% 02314
%00016%seat% 02314
%00016%palyer_cards% SJSQH3HJH2D2C4C5C9CJC2 S8STH5H8HQD4D7D8DKCK S6S9H4H6H9HTHKHAD9DQCA S3S4S5SKSAH7D6DAC6C7J3 S7S2D3D5DTDJC3C8CTCQ 
%00016%change_cards%  40S2CQEE 23HAEE 04H3C4EE 32S3EE
%00016%play%  4H3D3C3EE 0EE 2EE 3EE 1EE 4EE 4DTCTEE 0EE 2EE 3EE 1EE 4EE 4C4EE 0C5EE 2CAEE 3KxEE 1KxEE 4KxEE 0KxEE 2KxEE 3KxEE 3D6C6EE 1EE 4EE 0EE 2EE 3EE 3H7C7EE 1EE 4EE 0EE 2EE 3EE 3SAHADAEE 1EE 4EE 0EE 2EE 3EE 3S4EE 1H5EE 4S7EE 0C9EE 2HTEE 3SKEE 1KxEE 4KxEE 0S2EE 2KxEE 3KxEE 0KxEE 0SJHJCJEE 2EE 3EE 1EE 4EE 0EE 0SQCQEE 2EE 3EE 1EE 4EE 0EE 0H2D2C2EE 2EE 3EE 1EE 4EE 2S6H6EE 3EE 1EE 4EE 2EE 2S9H9D9EE 3EE 1EE 4EE 2EE 2S3EE 3S5EE 1S8EE 1H8D8EE 1DKCKEE 4EE 2EE 1EE 1D4EE 4D5EE 2DQEE 1KxEE 4KxEE 2KxEE 2H4EE 1D7EE 4C8EE 4DJEE 2HKEE
%00016%result% 03421
%00016%points% 47 58 56 49 45
%00017%mibun% 04312
%00017%seat% 02314
%00017%palyer_cards% S6S8STSJSQH3H5H9HAH2DQ S7S9H8D3D4D7DKC4CTCK S3S5S2HJHKDAC5C6CAC2J3 SKSAHTD5D6D8DJC7C9CJCQ S4H4H6H7HQD9DTD2C3C8 
%00017%change_cards%  10DKCKEE 23J3EE 01H3H5EE 32D5EE
%00017%play%  1H3D3EE 4EE 0EE 2EE 3EE 1EE 1D4C4EE 4EE 0EE 2EE 3EE 1EE 1S7D7EE 4EE 0EE 2EE 3EE 1EE 1H5EE 4H6EE 0H9EE 2HJEE 3KxEE 1KxEE 4KxEE 0KxEE 2KxEE 3KxEE 3DJCJEE 1EE 4EE 0EE 2EE 3EE 3D6EE 1H8EE 1S9EE 4DTEE 0SJEE 2HKEE 3SAEE 1KxEE 4D2EE 0KxEE 2KxEE 3KxEE 4KxEE 4S4H4EE 0EE 2EE 3EE 1EE 4EE 4C3EE 0S6EE 2DAEE 3KxEE 1KxEE 4KxEE 0H2EE 2KxEE 0KxEE 0SQDQEE 2EE 3EE 1EE 4EE 0EE 0DKCKEE 2EE 3EE 1EE 4EE 0EE 0S8EE 0STEE 2CAEE 3KxEE 1KxEE 4KxEE 0KxEE 2S2EE 2KxEE 2S5D5C5EE 3EE 1EE 4EE 0EE 2EE 2S3EE 3C7EE 1CTEE 4KxEE 0KxEE 2C2EE 3KxEE 2KxEE 2C6EE 3D8EE 3C9EE 4HQEE 0HAEE 3KxEE 4KxEE 3HTEE 4KxEE 3CQEE 3SKEE
%00017%result% 12034
%00017%points% 50 63 60 51 46
%00018%mibun% 20134
%00018%seat% 43120
%00018%palyer_cards% S8SQH4H6H8D3D8DTC3C6C2 S4S6STSKH7D6DJD2C7C8J3 S5H5HJH2D5D7DKC4C9CJCK S3SAH3H9HQD4D9DQC5CT S7S9SJS2HTHKHADACQCA 
%00018%change_cards%  41S2HAEE 32SAEE 14S4S6EE 23C4EE
%00018%play%  0D3C3EE 4EE 3EE 1EE 2EE 0EE 0H6C6EE 4EE 3EE 1EE 2EE 0EE 0S8H8D8EE 0H4EE 4S6EE 3H9EE 1STEE 2HJEE 0SQEE 4HKEE 3KxEE 1HAEE 2H2EE 0KxEE 4KxEE 1KxEE 2KxEE 1KxEE 1H7C7EE 2EE 0EE 4EE 3EE 1EE 1S2D2EE 2EE 0EE 4EE 3EE 1EE 1D6EE 2D7EE 0DTEE 4DAEE 3KxEE 1KxEE 2KxEE 0KxEE 4KxEE 4S4EE 3C5EE 1C8EE 1DJEE 2DKEE 0KxEE 4KxEE 3KxEE 1KxEE 2KxEE 2S5H5D5EE 0EE 4EE 3EE 1EE 2EE 2C9EE 0C2EE 4KxEE 3KxEE 1KxEE 2KxEE 4S7EE 3D9EE 1SKEE 2SAEE 4KxEE 3KxEE 2KxEE 2CJEE 4CQEE 3KxEE 2CKEE 4CAEE 4KxEE 4S9EE 3CTEE 4SJEE 3HQEE 4KxEE 3KxEE 3S3H3EE 4EE 3EE 3D4C4EE 4EE 3EE 3DQEE
%00018%result% 01234
%00018%points% 55 67 63 53 47
%00019%mibun% 01234
%00019%seat% 43120
%00019%palyer_cards% SQHJHQD3DAD2C7C8CKCAC2 S6SKSAS2H4H8D5DTC3CQ S4S9H6H9HAD4DKC9CTCJ SJH5H7HTHKH2D6D8D9DQC5 S3S5S7S8STH3D7DJC4C6J3 
%00019%change_cards%  40DJJ3EE 31H2EE 04D3C7EE 13C3EE
%00019%play%  4S3H3D3EE 3EE 1EE 2EE 0EE 4EE 4S7D7C7EE 3EE 1EE 2EE 0EE 4EE 4C4EE 3H5EE 1S6EE 2S9EE 0SQEE 4KxEE 3KxEE 1SKEE 2KxEE 0KxEE 1KxEE 0KxEE 0HJDJEE 4EE 3EE 1EE 2EE 0EE 0DACAEE 4EE 3EE 1EE 2EE 0EE 0D2C2EE 4EE 3EE 1EE 2EE 0EE 0C8EE 0HQEE 4KxEE 3HKEE 1H2EE 2KxEE 0KxEE 3KxEE 1KxEE 1H4EE 2H6EE 0KxEE 4KxEE 3H7EE 1H8EE 1D5EE 2H9EE 0CKEE 4KxEE 3KxEE 1SAEE 2KxEE 1S2EE 1KxEE 1DTEE 2CJEE 4KxEE 3DQEE 1KxEE 2DKEE 3KxEE 2KxEE 2S4D4EE 4EE 3EE 1EE 2EE 2C9EE 4STEE 3SJEE 1KxEE 2KxEE 4KxEE 3KxEE 3C3EE 1CQEE 2KxEE 4KxEE 3KxEE 2CTEE 4KxEE 3KxEE 2HAEE 4S5EE 3D6EE 4S8EE 4C6EE
%00019%result% 01243
%00019%points% 60 71 66 54 49
%00020%mibun% 01243
%00020%seat% 43120
%00020%palyer_cards% S4S9H3H4HJDTDJC3C6CJJ3 S7HTHQD3D5D6D7DKDAC8 SKSAH7H9C4C5C7CQCKCA S5S6SJSQH5H6HAD8D9D2C2 S3S8STS2H8HKH2D4DQC9CT 
%00020%change_cards%  30D2C2EE 41S2EE 03H3C3EE 14D3EE
%00020%play%  4S3D3EE 3EE 1EE 2EE 0EE 4EE 4S8H8EE 4STCTEE 3EE 1EE 2EE 0EE 4EE 4D4EE 3S5EE 1D6EE 2H7EE 0S9EE 4DQEE 3HAEE 1S2EE 2KxEE 0KxEE 4KxEE 3KxEE 1KxEE 0KxEE 0S4H4EE 4EE 3EE 1EE 2EE 0EE 0HJDJCJEE 4EE 3EE 1EE 2EE 0EE 0D2C2EE 4EE 3EE 1EE 2EE 0EE 0C6EE 4C9EE 3KxEE 1KxEE 2CQEE 0KxEE 4KxEE 2CKEE 2CAEE 2KxEE 2C4EE 0DTEE 4HKEE 3KxEE 1DAEE 2KxEE 4H2EE 1KxEE 3H3C3EE 1EE 2EE 3EE 3S6H6EE 1EE 2EE 3EE 3H5EE 1S7EE 2H9EE 3SJEE 1HQEE 2SKEE 3KxEE 1KxEE 2SAEE 2KxEE 2C5EE 3D8EE 3D9EE 1HTEE 2KxEE 3SQEE 1DKEE 1KxEE 1D5EE 2C7EE
%00020%result% 04321
%00020%points% 65 72 68 57 53
%00021%mibun% 04321
%00021%seat% 02314
%00021%palyer_cards% SAS2HTHJHQDJDKD2C5CQJ3 S6S8SKH9HKD9DAC3C7CA S3S7S9SQH4D4DTC6CTCJC2 S4STH7H8HAH2D6D7DQC8CK S5SJH3H5H6D3D5D8C4C9 
%00021%change_cards%  10DACAEE 24C2EE 01HTC5EE 42H3EE
%00021%play%  4S5H5D5EE 0EE 2EE 3EE 1EE 4EE 4D3EE 0HJEE 2SQEE 3CKEE 1KxEE 4C2EE 0KxEE 2KxEE 3KxEE 4KxEE 0KxEE 0HQCQEE 2EE 3EE 1EE 4EE 0EE 0SADACAEE 2EE 3EE 1EE 4EE 0EE 0S2D2EE 2EE 3EE 1EE 4EE 0EE 0DJEE 2KxEE 3DQEE 1KxEE 4KxEE 0DKEE 3KxEE 2S3H3EE 3EE 1EE 4EE 2EE 2H4D4EE 3EE 1EE 4EE 2EE 2DTCTEE 3EE 1EE 4EE 2EE 2C6EE 3H7EE 1S8EE 1H9D9EE 4EE 2EE 3EE 1EE 1SKHKEE 4EE 2EE 3EE 1EE 1C3EE 4C4EE 2CJEE 3KxEE 1KxEE 4KxEE 2KxEE 2S7EE 3H8EE 3S4EE 1C5EE 4H6EE 2S9EE 3STEE 1KxEE 4SJEE 3KxEE 4KxEE 4D8EE 4C9EE 3HAEE 1KxEE 3H2EE 3KxEE 3D6EE 1C7EE 3C8EE 3D7EE
%00021%result% 02431
%00021%points% 70 73 72 59 56
%00022%mibun% 04132
%00022%seat% 02314
%00022%palyer_cards% S3S8S9SKH8HQD3DJC6C2J3 S4SAH3H5D5D9DTC3C7C8 S6STSQH9HKDKDAC9CTCJCA S7SJH6H7HJD8DQD2C4CQCK S5S2H4HTHAH2D4D6D7C5 
%00022%change_cards%  10SADTEE 32D2EE 01S3D3EE 23S6EE
%00022%play%  1S3H3D3C3EE 4EE 0EE 2EE 3EE 1EE 1EE 4EE 0EE 2EE 3EE 1EE 4EE 0EE 2EE 3EE 1EE 4EE 0EE 2EE 3EE
%00022%result% 30124
%00022%points% 74 76 74 64 57
%00023%mibun% 12304
%00023%seat% 02314
%00023%palyer_cards% SJH6H7H8HKH2C5C8CTC2 S7STH3H4H5D4D9DKC4C9CQ S3S5S6S8S9SQH9HADQDA S4SAHQD3DTDJD2C3C6CKJ3 SKS2HTHJD5D6D7D8C7CJCA 
%00023%change_cards%  43S2CAEE 20HAEE 34D3C3EE 02C5EE
%00023%play%  4D3C3EE 0EE 2EE 3EE 1EE 4EE 4D7C7EE 0EE 2EE 3EE 1EE 4EE 4HJCJEE 0EE 2EE 3EE 1EE 4EE 4D5EE 0H6EE 2S8EE 2S5C5EE 3EE 1EE 4EE 0EE 2EE 2S9H9EE 3EE 1EE 4EE 0EE 2EE 2SQDQEE 3EE 1EE 4EE 0EE 2EE 2S3EE 3S4EE 1S7EE 4SKEE 0KxEE 2KxEE 3SAEE 1KxEE 4KxEE 3S2EE 3KxEE 3KxEE 3C6EE 1D9EE 4HTEE 0SJEE 2DAEE 3D2EE 1KxEE 4KxEE 0KxEE 2KxEE 3KxEE 3DTEE 1CQEE 4KxEE 0HKEE 2KxEE 3CAEE 1KxEE 0H2EE 3KxEE 0KxEE 0H8C8EE 0H7EE 2KxEE 3DJEE 1DKEE 4KxEE 0KxEE 3KxEE 1KxEE 1H4D4C4EE 4EE 0EE 2EE 3EE 1EE 1H3EE 4D6EE 0CTEE 2KxEE 3HQEE 1KxEE 4KxEE 0HAEE 3KxEE 0KxEE 0C2EE 2KxEE 3KxEE 1KxEE 4KxEE 2S6EE 3CKEE 1KxEE 4KxEE 1H5EE 4D8EE
%00023%result% 02341
%00023%points% 79 77 78 67 59
%00024%mibun% 04123
%00024%seat% 12304
%00024%palyer_cards% S7SKH6H8H9HKD5DKCJCKJ3 S6SQSAH4HTD6D8DAC3C8C9 S8H5HQHAH2D9DJD2C5C2 S3STS2H7D3D7DTC4C6CQ S4S5S9SJH3HJD4DQC7CTCA 
%00024%change_cards%  10SADAEE 42CAEE 01H6D5EE 24H5EE
%00024%play%  3S3D3EE 0EE 4EE 1EE 2EE 3EE 3H7D7EE 0EE 4EE 1EE 2EE 3EE 3STDTEE 0EE 4EE 1EE 2EE 3EE 3C4EE 0S7EE 4S9EE 1SQEE 2KxEE 3S2EE 0KxEE 4KxEE 1KxEE 3KxEE 0KxEE 0SKHKDKCKEE 4EE 1EE 2EE 3EE 0EE 0EE 4EE 1EE 2EE 3EE 0EE 4EE 1EE 2EE 3EE 0EE 4EE 1EE 2EE 3EE
%00024%result% 31042
%00024%points% 82 81 79 72 61
%00025%mibun% 21403
%00025%seat% 12304
%00025%palyer_cards% SJH3HTHKD6D9DJC4C8CAJ3 S7S9STH4H5H9HAD7DKCJ S3S5S2HQD4D8DTDACTCK S4SQH6H7H8D5D2C3C7C9C2 S6S8SKSAHJH2D3DQC5C6CQ 
%00025%change_cards%  23S2DAEE 41H2EE 32S4C3EE 14H4EE
%00025%play%  4S6C6EE 1EE 2EE 3EE 0EE 4EE 4DQCQEE 1EE 2EE 3EE 0EE 4EE 4D3EE 1H5EE 2D8EE 2S3S4S5EE 3EE 0EE 4EE 1EE 2EE 2DTCTEE 3EE 0EE 4EE 1EE 2EE 2C3EE 3D5EE 0D6EE 4KxEE 1D7EE 2KxEE 3DAEE 0KxEE 1KxEE 3KxEE 0KxEE 0SJDJEE 4EE 1EE 2EE 3EE 0EE 0H3EE 4H4EE 1H9EE 2HQEE 3KxEE 0HKEE 4KxEE 1HAEE 2KxEE 0KxEE 1H2EE 1KxEE 1S7EE 2CKEE 3S2EE 0KxEE 4KxEE 1KxEE 2KxEE 3KxEE 3H7C7EE 0EE 4EE 1EE 2EE 3EE 3D2C2EE 0EE 4EE 1EE 2EE 3EE 3H6EE 0C8EE 0C4EE 4C5EE 1CJEE 2KxEE 3KxEE 0CAEE 4KxEE 1KxEE 0KxEE 0D9EE 4HJEE 1DKEE 2KxEE 3KxEE 0KxEE 4SAEE 1KxEE 4KxEE 4S8EE 4SKEE 1KxEE 2KxEE 3KxEE 0KxEE 1S9EE 2KxEE 3SQEE 0KxEE 1KxEE 3KxEE 3H8EE 3C9EE 0HTEE 1KxEE 2KxEE 1STEE
%00025%result% 43012
%00025%points% 85 83 80 76 66
%00026%mibun% 23410
%00026%seat% 12304
%00026%palyer_cards% S9SJH5H9HTH2D3D2C3CQ S4S8H8HJHKD5D8C4CKCAJ3 S5S7SKSAHADTDJDQC5C8CJ STSQS2HQD4D6D9DKDAC6 S3S6H3H4H6H7D7C7C9CTC2 
%00026%change_cards%  24SAHAEE 13J3EE 42S3H3EE 31D4EE
%00026%play%  0D3C3EE 4EE 1EE 2EE 3EE 0EE 0S9H9EE 4EE 1EE 2EE 3EE 0EE 0H2D2EE 4EE 1EE 2EE 3EE 0EE 0H5EE 4S6EE 1S8EE 1S4D4C4EE 2EE 3EE 0EE 4EE 1EE 1H8D8EE 1HKCKEE 2EE 3EE 0EE 4EE 1EE 1D5EE 2S7EE 3D9EE 0HTEE 4SAEE 1KxEE 2KxEE 3S2EE 0KxEE 4KxEE 3KxEE 3KxEE 3D6C6EE 0EE 4EE 1EE 2EE 3EE 3SQHQEE 0EE 4EE 1EE 2EE 3EE 3STEE 0SJEE 4KxEE 1KxEE 2SKEE 3KxEE 0KxEE 2KxEE 2S3H3EE 3EE 0EE 4EE 1EE 2EE 2S5C5EE 3EE 0EE 4EE 1EE 2EE 2DJCJEE 3EE 0EE 4EE 1EE 2EE 2C8EE 2DTEE 3DKEE 0KxEE 4KxEE 1KxEE 2KxEE 3DAEE 0CQEE 4HAEE 1KxEE 2KxEE 4C2EE 4KxEE 4H7D7C7EE 1EE 2EE 4EE 4H4EE 1HJEE 2KxEE 4KxEE 1KxEE 1CAEE 2KxEE 4KxEE 2DQEE
%00026%result% 30124
%00026%points% 89 86 82 81 67
%00027%mibun% 12304
%00027%seat% 31420
%00027%palyer_cards% S5SAS2H4HJHQD8C6CKJ3 S3S4S9H5H6H7D4D5D6DQC2 SKH3H8H9DJC3C5CTCJCQ S7S8STSQD7DTDKDAD2C8C9 S6SJHTHKHAH2D3D9C4C7CA 
%00027%change_cards%  43HAH2EE 20SKEE 34S7D7EE 02H4EE
%00027%play%  4S7D7C7EE 2EE 0EE 3EE 1EE 4EE 4D3EE 2H4EE 0S5EE 3S8EE 3STDTEE 1EE 4EE 2EE 0EE 3EE 3HADAEE 1EE 4EE 2EE 0EE 3EE 3H2D2EE 1EE 4EE 2EE 0EE 3EE 3C8EE 3C9EE 1DQEE 4HKEE 2KxEE 0SAEE 3KxEE 1C2EE 4KxEE 0KxEE 1KxEE 0KxEE 0SKCKEE 3EE 1EE 4EE 2EE 0EE 0C6EE 3SQEE 1KxEE 4CAEE 2KxEE 0S2EE 3KxEE 4KxEE 0KxEE 0D8EE 0HJEE 3DKEE 1KxEE 4KxEE 2KxEE 0KxEE 1S4D4EE 4EE 2EE 0EE 1EE 1H5D5EE 4EE 2EE 0EE 1EE 1H6D6EE 4EE 2EE 0EE 1EE 1S3EE 4C4EE 2C5EE 0KxEE 1KxEE 4KxEE 2CTEE 2CJEE 2CQEE 2KxEE 2H3C3EE 0EE 1EE 4EE 2EE 2H8EE 2H9EE 0HQEE 1KxEE 4KxEE 2KxEE 1H7EE 4D9EE 2DJEE 1KxEE 4KxEE 1S9EE
%00027%result% 30214
%00027%points% 93 88 85 86 68
%00028%mibun% 13204
%00028%seat% 31420
%00028%palyer_cards% SQS2H3H4H2DTDKDAC8C9 S9STSJH8HTHQD5C4C5CQCK S7SAH5H7H9HKHAD3D9CT S3S5H6HJD6D7D8D2C6C7C2 S4S6S8SKD4DJDQC3CJCAJ3 
%00028%change_cards%  43CAJ3EE 10CKEE 34S3S5EE 01H3EE
%00028%play%  2S7H7EE 0EE 3EE 1EE 4EE 2EE 2H9D9EE 0EE 3EE 1EE 4EE 2EE 2SAHAEE 0EE 3EE 1EE 4EE 2EE 2D3EE 0H4EE 3H6EE 1H8EE 1D5C5EE 4EE 2EE 0EE 3EE 1EE 1STHTEE 4EE 2EE 0EE 3EE 1EE 1HQCQEE 4EE 2EE 0EE 3EE 1EE 1H3EE 4S4EE 2H5EE 0C8EE 0DKCKEE 3EE 1EE 4EE 2EE 0EE 0S2H2EE 3EE 1EE 4EE 2EE 0EE 0C9EE 3HJEE 1KxEE 4DQEE 2HKEE 0DAEE 3D2EE 4KxEE 2KxEE 0KxEE 3KxEE 3KxEE 3D6C6EE 1EE 4EE 2EE 0EE 3EE 3D7C7EE 1EE 4EE 2EE 0EE 3EE 3D8EE 3CAEE 1KxEE 4KxEE 2KxEE 0KxEE 3C2EE 1C4EE 4S5EE 2CTEE 0SQEE 1KxEE 4SKEE 0KxEE 4KxEE 4S3C3EE 0EE 1EE 4EE 4DJCJEE 0EE 1EE 4EE 4D4EE 0DTEE 1KxEE 4KxEE 1S9EE 4KxEE 1SJEE
%00028%result% 32014
%00028%points% 96 90 89 91 69
%00029%mibun% 23104
%00029%seat% 31420
%00029%palyer_cards% SQH9HJHQHKHADTD2C7CA S7SAH4H7DQDKC4C5C8C2J3 S3S4STSJHTD5D8DAC3CJ S5S8S9H3H5H6H8H2D9DJCQ S6SKS2D3D4D6D7C6C9CTCK 
%00029%change_cards%  43SKS2EE 12J3EE 34S5H3EE 21S3EE
%00029%play%  4H3D3EE 2EE 0EE 3EE 1EE 4EE 4S6D6C6EE 2EE 0EE 3EE 1EE 4EE 4D4EE 2D5EE 0DTEE 3DJEE 1DQEE 4KxEE 2DAEE 0D2EE 3KxEE 1KxEE 2KxEE 0KxEE 2KxEE 2STHTEE 0EE 3EE 1EE 4EE 2EE 2SJCJEE 0EE 3EE 1EE 4EE 2EE 2C3EE 0C7EE 3CQEE 1C2EE 4KxEE 2KxEE 0KxEE 3KxEE 1KxEE 1H4C4EE 4EE 2EE 0EE 3EE 1EE 1S7H7EE 4EE 2EE 0EE 3EE 1EE 1S3EE 4S5EE 2KxEE 0SQEE 3SKEE 1SAEE 4KxEE 0KxEE 3S2EE 1KxEE 3KxEE 3S8H8EE 3S9D9EE 1EE 4EE 2EE 0EE 3EE 3H5EE 1C8EE 1C5EE 4D7EE 2D8EE 2S4EE 0H9EE 3H2EE 1KxEE 4KxEE 0KxEE 3KxEE 3H6EE 1DKEE 4KxEE 0HAEE 0KxEE 0HJEE 4CKEE 0CAEE 4KxEE 0KxEE 0HQEE 4KxEE 0HKEE
%00029%result% 23104
%00029%points% 98 93 94 95 70
%00030%mibun% 32014
%00030%seat% 02341
%00030%palyer_cards% S7STSQSAH3HKD3C4C9C2 S3S4S9SJH9D5CJCQCKJ3 S6H5H2DQDAC3C5C6C7C8CT S5S8H4H7H8HQHAD4DTDJD2 SKS2H6HTHJD6D7D8D9DKCA 
%00030%change_cards%  42S2CAEE 03C2EE 24H5C3EE 30H4EE
%00030%play%  0H3D3EE 2EE 3EE 4EE 1EE 0EE 0H4C4EE 2EE 3EE 4EE 1EE 0EE 0S7EE 2C8EE 2S6C6EE 3EE 4EE 1EE 0EE 2EE 2DACAEE 3EE 4EE 1EE 0EE 2EE 2S2H2EE 3EE 4EE 1EE 0EE 2EE 2C5EE 3H7EE 4D8EE 4H6D6EE 1EE 0EE 2EE 3EE 4EE 4SKDKEE 1EE 0EE 2EE 3EE 4EE 4C3EE 1S4EE 0C9EE 2CTEE 3C2EE 4KxEE 1KxEE 0KxEE 2KxEE 3KxEE 1KxEE 1S9H9EE 0EE 2EE 3EE 4EE 1EE 1SJCJEE 0EE 2EE 3EE 4EE 1EE 1S3EE 0STEE 2KxEE 3KxEE 4KxEE 1KxEE 0SQEE 0SAEE 0KxEE 0HKEE 2KxEE 3HAEE 4KxEE 1KxEE 3KxEE 3S8H8EE 3D4EE 4H5EE 1CQEE 2KxEE 3D2EE 4KxEE 1KxEE 3KxEE 3S5EE 4D7EE 1CKEE 2KxEE 3KxEE 4KxEE 1KxEE 1D5EE 2C7EE 3DTEE 4HJEE 2DQEE 3KxEE 4KxEE 3DJEE 4KxEE 3HQEE
%00030%result% 01234
%00030%points% 103 97 97 97 71
%00031%mibun% 01234
%00031%seat% 02341
%00031%palyer_cards% S9SKH5HTHJD4D7D8DTD2C4 H9HQHKD5D9DJDAC3C8CQ S4SQH4H6H8HAD3CTCJCKC2 S3S6SJH3H7D6C5C6C7CAJ3 S5S7S8STSAS2H2DQDKC9 
%00031%change_cards%  40S2H2EE 31J3EE 04D4C4EE 13C3EE
%00031%play%  2S4H4EE 3EE 4EE 1EE 0EE 2EE 2D3EE 3C5EE 4S7EE 1C8EE 1H9D9EE 0EE 2EE 3EE 4EE 1EE 1HQCQEE 0EE 2EE 3EE 4EE 1EE 1D5EE 0D7EE 2KxEE 3KxEE 4DQEE 1DAEE 0D2EE 4KxEE 1KxEE 0KxEE 1KxEE 1DJEE 0SKEE 2HAEE 3KxEE 4KxEE 1KxEE 0S2EE 2KxEE 0KxEE 0HTDTEE 2EE 3EE 4EE 1EE 0EE 0H5EE 2H6EE 3H7EE 4KxEE 1HKEE 0H2EE 2KxEE 3KxEE 0KxEE 0D8EE 0S9EE 2CTEE 3SJEE 4DKEE 0KxEE 2C2EE 3KxEE 4KxEE 2KxEE 2H8EE 2CJEE 3CAEE 4KxEE 0KxEE 2KxEE 3KxEE 3S3H3C3EE 4EE 0EE 2EE 3EE 3S6D6C6EE 4EE 0EE 2EE 3EE 3C7EE 4S8EE 4D4C4EE 0EE 2EE 4EE 4S5EE 0HJEE 2SQEE 4SAEE 2KxEE 4KxEE 4C9EE 2CKEE
%00031%result% 13024
%00031%points% 106 102 99 101 72
%00032%mibun% 20314
%00032%seat% 02341
%00032%palyer_cards% S3S6S8STH8H2D3D6D2C4C5 S5SJSKH7HKD8C6C8C9CJJ3 S7S9S2H3H6H9D9DTC7CTCA S4SQH4HJHAD5D7C3CQCK SAH5HTHQD4DJDQDKDAC2 
%00032%change_cards%  41SAC2EE 23S2EE 14S5C6EE 32C3EE
%00032%play%  0S3D3EE 2EE 3EE 4EE 1EE 0EE 0S6D6EE 2EE 3EE 4EE 1EE 0EE 0S8H8EE 0H2D2EE 2EE 3EE 4EE 1EE 0EE 0C4EE 2H6EE 3D7EE 4HTEE 1SJEE 0KxEE 2CAEE 3S2EE 4KxEE 1KxEE 2KxEE 3KxEE 1KxEE 1D8C8EE 1SKHKEE 0EE 2EE 3EE 4EE 1EE 1H7EE 0STEE 2KxEE 3HJEE 4HQEE 1KxEE 0KxEE 3HAEE 4KxEE 3KxEE 3S4H4EE 4EE 1EE 0EE 2EE 3EE 3SQCQEE 4EE 1EE 0EE 2EE 3EE 3D5EE 4C6EE 1C9EE 0KxEE 2CTEE 3CKEE 4KxEE 1C2EE 2KxEE 1KxEE 1CJEE 0KxEE 2KxEE 4DQEE 1SAEE 4KxEE 0C5EE 2S7EE 4DJEE 2KxEE 4DKEE 4DAEE 4KxEE 4S5H5EE 2EE 4EE 4D4EE
%00032%result% 31042
%00032%points% 109 106 100 106 74
%00033%mibun% 21403
%00033%seat% 13042
%00033%palyer_cards% S4SKH4H8HTDTC4C7CJCQCA S7STH6H2D4D8DKDAC8C9 S6S9SJSQD3D5D7DJC3C5 S3S5SAH3HJHQHKHACKC2J3 S8S2H5H7H9D6D9DQD2C6CT 
%00033%change_cards%  23SJSQEE 41S2EE 32S3H3EE 14D4EE
%00033%play%  2S3H3D3C3EE 1EE 3EE 0EE 4EE 2EE 2EE 1EE 3EE 0EE 4EE 2EE 1EE 3EE 0EE 4EE 2EE 1EE 3EE 0EE 4EE
%00033%result% 20341
%00033%points% 113 107 105 109 76
%00034%mibun% 14023
%00034%seat% 13042
%00034%palyer_cards% STSQS2H3H8HJD4DKD2C9 S8H5H6H9D5DTDQDAC5C7C2 S3S6SJSKH7HTHQD7D9DJCQ S9SAH4HKHAH2D6C3CTCJCK S4S5S7D3D8C4C6C8CAJ3 
%00034%change_cards%  12DAC2EE 40J3EE 21S3S6EE 04H3EE
%00034%play%  4H3D3EE 2EE 1EE 3EE 0EE 4EE 4S4C4EE 2EE 1EE 3EE 0EE 4EE 4D8C8EE 4S5EE 2H7EE 1S8EE 1H5D5C5EE 3EE 0EE 4EE 2EE 1EE 1S6H6EE 3EE 0EE 4EE 2EE 1EE 1S3EE 3H4EE 0H8EE 0S2D2EE 4EE 2EE 1EE 3EE 0EE 0D4EE 4C6EE 2D7EE 1H9EE 3CTEE 0HJEE 4CAEE 2C2EE 1KxEE 3KxEE 0KxEE 4KxEE 2KxEE 0KxEE 0C9EE 4KxEE 2HTEE 1DQEE 3HKEE 0KxEE 2DAEE 1KxEE 3H2EE 2KxEE 3KxEE 3SAHAEE 0EE 4EE 2EE 1EE 3EE 3C3EE 0STEE 4KxEE 2SJEE 1KxEE 3KxEE 0SQEE 2SKEE 0KxEE 2KxEE 2HQCQEE 1EE 3EE 0EE 4EE 2EE 2D9EE 1DTEE 3KxEE 0DKEE 4KxEE 2KxEE 1KxEE 4S7EE 2DJEE 1KxEE 3CKEE 3KxEE 3D6EE 1C7EE
%00034%result% 04213
%00034%points% 118 109 108 110 80
%00035%mibun% 03241
%00035%seat% 13042
%00035%palyer_cards% S3S5SQH4H6H9D5DJD2C6CA S7S9SAHKH2D3D6C8CJC2 S2H3H5HTHQD8D9C3C4C5CK S8SJSKHAD4D7DKC7CQJ3 S4S6STH7H8HJDTDQDAC9CT 
%00035%change_cards%  30HAJ3EE 14H2EE 03S3H4EE 41S4EE
%00035%play%  1D3EE 3H4EE 0S5EE 4S6EE 2S2EE 1KxEE 3KxEE 0KxEE 4KxEE 2KxEE 0KxEE 0H6C6EE 4EE 2EE 1EE 3EE 0EE 0HACAEE 4EE 2EE 1EE 3EE 0EE 0D5EE 4H7EE 2D8EE 2H3C3EE 1EE 3EE 0EE 4EE 2EE 2H5C5EE 1EE 3EE 0EE 4EE 2EE 2C4EE 1D6EE 3D7EE 0DJEE 4DQEE 2KxEE 1KxEE 3DKEE 0D2EE 4KxEE 3KxEE 0KxEE 0H9EE 4STEE 2HQEE 1HKEE 3KxEE 0KxEE 4H2EE 2KxEE 1KxEE 4KxEE 4DTCTEE 2EE 1EE 3EE 0EE 4EE 4H8EE 4C9EE 2HTEE 1CJEE 3CQEE 0KxEE 4KxEE 2CKEE 1C2EE 3KxEE 2KxEE 1KxEE 1S4EE 3C7EE 0SQEE 4DAEE 2KxEE 1KxEE 3KxEE 4KxEE 4HJEE 2KxEE 1SAEE 3KxEE 1KxEE 1S7EE 3S8EE 3S3EE 2D9EE 1KxEE 3SJEE 3SKEE 3KxEE 3D4EE
%00035%result% 04231
%00035%points% 123 110 111 112 84
%00036%mibun% 04231
%00036%seat% 04132
%00036%palyer_cards% H5H6HJHKD7DJDKC7C8CQC2 S4S5S7S8SAH9HQD2C3C6J3 STSJS2H3HTHAD6D9DTC5 SQSKH2D5D8DAC4C9CKCA S3S6S9H4H7H8D3D4DQCTCJ 
%00036%change_cards%  10D2J3EE 34H2EE 01H5H6EE 43S3EE
%00036%play%  4H4D4EE 1EE 3EE 2EE 0EE 4EE 4D3EE 1S4EE 3D5EE 2D6EE 0D7EE 4DQEE 1KxEE 3DAEE 2KxEE 0D2EE 4KxEE 3KxEE 0KxEE 0KxEE 0HJDJEE 4EE 1EE 3EE 2EE 0EE 0HKDKEE 4EE 1EE 3EE 2EE 0EE 0C7EE 4H8EE 4S6EE 1S7EE 3SQEE 2S2EE 0KxEE 4KxEE 1KxEE 3KxEE 2KxEE 2STHTDTEE 0EE 4EE 1EE 3EE 2EE 2H3EE 0C8EE 0CQEE 4H2EE 1KxEE 3KxEE 2KxEE 0KxEE 4KxEE 4H7EE 1S8EE 1S5H5EE 3EE 2EE 0EE 4EE 1EE 1H6C6EE 3EE 2EE 0EE 4EE 1EE 1C3EE 3C4EE 2C5EE 0C2EE 4KxEE 1KxEE 3KxEE 2KxEE 4S9EE 1HQEE 3SKEE 2HAEE 4KxEE 1KxEE 3KxEE 2KxEE 2D9EE 4CTEE 1SAEE 3KxEE 2KxEE 4KxEE 1KxEE 1H9EE 3CKEE 2KxEE 4KxEE 3CAEE 3KxEE 3S3EE 2SJEE 4KxEE 3KxEE 4CJEE
%00036%result% 01243
%00036%points% 128 114 114 113 86
%00037%mibun% 01243
%00037%seat% 04132
%00037%palyer_cards% H5HTHJHQD3D6D7DKD2CTCA S8S9SJSAS2H4HKC4C7CQCK S3S6S7SQH2D9C3C5C6CJ S4S5STD4D8DJDQDAC8J3 SKH3H6H7H8H9HAD5DTC9C2 
%00037%change_cards%  30DAJ3EE 41C2EE 03H5D3EE 14H4EE
%00037%play%  3S4D4EE 2EE 0EE 4EE 1EE 3EE 3S5H5EE 2EE 0EE 4EE 1EE 3EE 3D8C8EE 3D3EE 2C5EE 0D6EE 4H7EE 1S8EE 1HKCKEE 3EE 2EE 0EE 4EE 1EE 1S2C2EE 3EE 2EE 0EE 4EE 1EE 1C4EE 3STEE 2CJEE 0HQEE 4SKEE 1SAEE 3KxEE 2KxEE 0KxEE 4KxEE 1KxEE 0KxEE 0HTCTEE 4EE 1EE 3EE 2EE 0EE 0DACAEE 4EE 1EE 3EE 2EE 0EE 0D7EE 4H8EE 4H9C9EE 1EE 3EE 2EE 0EE 4EE 4H3EE 1C7EE 3DJEE 2SQEE 0DKEE 4HAEE 1KxEE 3KxEE 2H2EE 0KxEE 4KxEE 2KxEE 2S3C3EE 0EE 4EE 1EE 3EE 2EE 2S6C6EE 0EE 4EE 1EE 3EE 2EE 2S7EE 0HJEE 4KxEE 1CQEE 3KxEE 2KxEE 0D2EE 1KxEE 4H4EE 1S9EE 3DQEE 2KxEE 4KxEE 1KxEE 2D9EE 4DTEE 1KxEE 4KxEE 4D5EE 1SJEE
%00037%result% 03214
%00037%points% 133 116 117 117 87
%00038%mibun% 03214
%00038%seat% 04132
%00038%palyer_cards% S4S8SQSKS2HAD4DKDAC4C5 SAH3H6HQD5D7DTDQC9CQJ3 S3S7S9H5H8HTD3D2C6C8 S6STH7H9D6D8C3CTCKCA S5SJH4HJHKH2D9DJC7CJC2 
%00038%change_cards%  40H2C2EE 13J3EE 04S4D4EE 31C3EE
%00038%play%  2S3D3EE 0EE 4EE 1EE 3EE 2EE 2H8C8EE 2H5EE 0S8EE 0SKDKEE 4EE 1EE 3EE 2EE 0EE 0HADAEE 4EE 1EE 3EE 2EE 0EE 0S2H2C2EE 4EE 1EE 3EE 2EE 0EE 0C4EE 4S5EE 1H6EE 3H7EE 2HTEE 0KxEE 4HJEE 1HQEE 3KxEE 2KxEE 4KxEE 1KxEE 3KxEE 3S6D6EE 2EE 0EE 4EE 1EE 3EE 3STCTEE 2EE 0EE 4EE 1EE 3EE 3D8EE 3H9EE 2D2EE 0KxEE 4KxEE 1KxEE 3KxEE 2KxEE 2C6EE 0SQEE 4HKEE 1SAEE 3KxEE 2KxEE 0KxEE 4KxEE 1KxEE 1H3C3EE 3EE 2EE 0EE 4EE 1EE 1DQCQEE 3EE 2EE 0EE 4EE 1EE 1D5EE 3CKEE 2KxEE 0KxEE 4KxEE 1KxEE 3CAEE 2S7EE 0KxEE 4D9EE 1DTEE 2KxEE 4DJEE 1KxEE 4KxEE 4S4H4D4EE 1EE 2EE 0EE 4EE 4SJCJEE 1EE 2EE 0EE 4EE 4C7EE 1C9EE 2KxEE 0KxEE 1KxEE 1D7EE 2S9EE
%00038%result% 34120
%00038%points% 134 119 119 122 91
%00039%mibun% 42301
%00039%seat% 24301
%00039%palyer_cards% S5S8SAH6H9D7D9DTC8CJC2 S3S2H3H4H5HJHQHAH2D8C7 S9STHTD4DJDQDKC5C6CQ S4S7SJSQD3D6DACTCKCAJ3 S6SKH7H8HKD5D2C3C4C9 
%00039%change_cards%  03SAC2EE 24DKEE 30S4D3EE 42C3EE
%00039%play%  0S8C8EE 0H9D9EE 1EE 2EE 4EE 3EE 0EE 0D3EE 1H4EE 2C5EE 4S6EE 3S7EE 0KxEE 1S2EE 2KxEE 4KxEE 3KxEE 1KxEE 3KxEE 3SADACAEE 0EE 1EE 2EE 4EE 3EE 3D6EE 0D7EE 1D8EE 1S3H3EE 2EE 4EE 3EE 0EE 1EE 1H5EE 2C6EE 4H7EE 3CTEE 0CJEE 1KxEE 2CQEE 4KxEE 3CKEE 0KxEE 2KxEE 3C2EE 3KxEE 3SJEE 0KxEE 1HQEE 2KxEE 4SKEE 3KxEE 1HAEE 4D2EE 1KxEE 4KxEE 4HKDKEE 3EE 0EE 1EE 2EE 4EE 4C4EE 3SQEE 0KxEE 1H2EE 2KxEE 4KxEE 1KxEE 1C7EE 2S9EE 4KxEE 0DTEE 1HJEE 2DQEE 0KxEE 2KxEE 2STHTEE 4EE 0EE 2EE 2C3EE 4D5EE 0H6EE 2DJEE 4KxEE 0KxEE 2KxEE 2D4EE 4H8EE 4C9EE
%00039%result% 31240
%00039%points% 135 123 122 127 93
%00040%mibun% 41203
%00040%seat% 24301
%00040%palyer_cards% S3S8STSQSAS2H4C6CJCKJ3 H6H7H8HKHADJDKC4C9CQCA S6S9D3D6D7D9DTDQD2C8 S4SJSKH9HJD4D5C3C5C7CT S5S7H3H5HTHQH2D8DAC2 
%00040%change_cards%  03S2J3EE 41H2EE 30S4C3EE 14C4EE
%00040%play%  2S6D6EE 4EE 3EE 0EE 1EE 2EE 2S9D9EE 4EE 3EE 0EE 1EE 2EE 2D3EE 4C4EE 3D5EE 0C6EE 1H7EE 2C8EE 2D7EE 4D8EE 4S5H5EE 3EE 0EE 1EE 2EE 4EE 4H3EE 3D4EE 0S8EE 0S3C3EE 1EE 2EE 4EE 3EE 0EE 0S4H4EE 1EE 2EE 4EE 3EE 0EE 0STEE 1DJEE 2DQEE 4DAEE 3KxEE 0KxEE 1KxEE 2KxEE 4KxEE 3KxEE 3SJHJEE 0EE 1EE 2EE 4EE 3EE 3C5EE 0CJEE 1CQEE 2KxEE 4C2EE 3KxEE 0KxEE 1KxEE 4KxEE 4S7EE 3H9EE 0SQEE 1HKEE 2D2EE 4KxEE 3KxEE 0KxEE 1KxEE 2KxEE 2DTEE 4HQEE 3SKEE 0SAEE 1KxEE 4KxEE 3S2EE 0KxEE 3KxEE 3C7EE 0CKEE 1CAEE 4KxEE 3KxEE 1KxEE 1H6EE 4HTEE 3KxEE 1HAEE 1H2EE 1KxEE 1H8EE 1C9EE 3CTEE
%00040%result% 20431
%00040%points% 139 124 127 129 96
%00041%mibun% 14032
%00041%seat% 24301
%00041%palyer_cards% S4S6HJHKHAD3D4DAC4CA S9STSAD5D9DTDJDQD2C6 H3H8H9HQH2D7DKC3C8CTJ3 S3S5S8SQH4HTC7C9CJCQC2 S7SJSKS2H5H6H7D6D8C5CK 
%00041%change_cards%  12SAD2EE 30C2EE 21H3C3EE 03D3EE
%00041%play%  3S3D3EE 0EE 1EE 2EE 4EE 3EE 3SQCQEE 0EE 1EE 2EE 4EE 3EE 3H4EE 0S6EE 1S9EE 2SAEE 4S2EE 3KxEE 0KxEE 1KxEE 2KxEE 4KxEE 2KxEE 2H8C8EE 2H2D2EE 4EE 3EE 0EE 1EE 2EE 2D7EE 4D8EE 4H5C5EE 3EE 0EE 1EE 2EE 4EE 4H6D6EE 3EE 0EE 1EE 2EE 4EE 4S7H7EE 3EE 0EE 1EE 2EE 4EE 4SKCKEE 3EE 0EE 1EE 2EE 4EE 4SJEE 3KxEE 0HKEE 1KxEE 2KxEE 0HAEE 0KxEE 0S4D4C4EE 1EE 2EE 3EE 0EE 0DACAEE 1EE 2EE 3EE 0EE 0HJEE 1DQEE 2DKEE 3KxEE 0KxEE 1KxEE 2KxEE 2H9EE 3HTEE 0KxEE 1KxEE 2HQEE 3KxEE 2KxEE 2CTEE 3CJEE 0C2EE 1KxEE 3KxEE 1H3C3EE 3EE 1EE 1STDTEE 3EE 1EE 1D5EE 3C7EE 1D9EE 3KxEE 1DJEE 1KxEE 1C6EE
%00041%result% 42013
%00041%points% 142 126 131 130 101
%00042%mibun% 23140
%00042%seat% 20431
%00042%palyer_cards% S8S9SJSKS2DTDQD2C4CJ S4S6HJD8DKDAC6C7C8C9CA S7STH8H9HTHQD7CKC2J3 SQSAH7HAH2D3D5D6D9C5CQ S3S5H3H4H5H6HKD4DJC3CT 
%00042%change_cards%  34SAH2EE 12DAEE 43S3H3EE 21S7EE
%00042%play%  3S3H3D3EE 1EE 2EE 0EE 4EE 3EE 3D5C5EE 1EE 2EE 0EE 4EE 3EE 3SQCQEE 1EE 2EE 0EE 4EE 3EE 3D6EE 1S7EE 2H8EE 2STHTEE 0EE 4EE 3EE 1EE 2EE 2D7EE 0S8EE 0SJCJEE 4EE 3EE 1EE 2EE 0EE 0S2D2EE 4EE 3EE 1EE 2EE 0EE 0C4EE 4S5EE 3H7EE 1D8EE 1S6C6EE 2EE 0EE 4EE 3EE 1EE 1S4EE 2H9EE 0DTEE 4DJEE 3KxEE 1DKEE 2DAEE 0KxEE 4KxEE 1KxEE 2KxEE 2KxEE 2HQEE 0SKEE 4SAEE 3KxEE 1KxEE 2KxEE 0KxEE 4KxEE 4H4D4EE 3EE 1EE 2EE 0EE 4EE 4C3EE 3D9EE 1HJEE 2CKEE 0KxEE 4H2EE 3KxEE 1KxEE 2KxEE 4KxEE 4H5EE 3HAEE 1KxEE 2KxEE 0KxEE 4KxEE 1C7EE 2C2EE 0KxEE 4KxEE 1KxEE 0S9EE 4CTEE 1CAEE 0KxEE 4KxEE 1KxEE 1C8EE 1C9EE 0DQEE
%00042%result% 32104
%00042%points% 144 129 135 135 102
%00043%mibun% 32104
%00043%seat% 20431
%00043%palyer_cards% S5S6STSQH4HQD7DTCAC2 SJSKH3HTHAH2D2C5C9CTJ3 S7S8S9H5H6HJD4D5D8C7C8 H7H8H9D3D6D9DAC3C6CJCK S3S4SAS2HKDJDQDKC4CQ 
%00043%change_cards%  43SAS2EE 02C2EE 34D3C3EE 20D4EE
%00043%play%  4S3D3C3EE 3EE 1EE 2EE 0EE 4EE 4S4C4EE 3EE 1EE 2EE 0EE 4EE 4DQCQEE 3EE 1EE 2EE 0EE 4EE 4HKDKEE 3EE 1EE 2EE 0EE 4EE 4DJEE 3CKEE 1HAEE 2C2EE 0KxEE 3KxEE 1KxEE 2KxEE 1KxEE 1HTCTEE 2EE 0EE 3EE 1EE 1H2D2EE 2EE 0EE 3EE 1EE 1H3EE 2H5EE 0HQEE 3KxEE 1KxEE 2KxEE 0KxEE 0H4D4EE 3EE 1EE 2EE 0EE 0STDTEE 3EE 1EE 2EE 0EE 0S5EE 3D6EE 1C9EE 2HJEE 0SQEE 3SAEE 1KxEE 2KxEE 0KxEE 3S2EE 3KxEE 3H9D9EE 1EE 2EE 0EE 3EE 3C6EE 1SJEE 2KxEE 0CAEE 3KxEE 1KxEE 0KxEE 0S6EE 3H7EE 1SKEE 2KxEE 0KxEE 3DAEE 1KxEE 3KxEE 3H8EE 3CJEE 1KxEE 2KxEE 0KxEE 1C5EE 2H6EE 0D7EE
%00043%result% 43102
%00043%points% 146 132 136 139 107
%00044%mibun% 32410
%00044%seat% 20431
%00044%palyer_cards% S5S6S7S8D3D6D8DJC4J3 SJH3H5H9D5D7DAD2C3C6CT S3HJD9DTC5C7C8C9CKCA S4STSAH6HTHQHKH2D4DQDK S9SQSKS2H4H7H8HACJCQC2 
%00044%change_cards%  24CKCAEE 03J3EE 42H4H7EE 30S4EE
%00044%play%  0S4C4EE 4EE 3EE 1EE 2EE 0EE 0S6D6EE 4EE 3EE 1EE 2EE 0EE 0S8D8EE 0D3EE 4H8EE 4SQCQEE 3EE 1EE 2EE 0EE 4EE 4SKCKEE 3EE 1EE 2EE 0EE 4EE 4HACAEE 3EE 1EE 2EE 0EE 4EE 4S2C2EE 3EE 1EE 2EE 0EE 4EE 4S9EE 3STEE 1SJEE 2KxEE 0KxEE 4KxEE 3SAEE 1KxEE 3KxEE 3KxEE 3HQDQEE 1EE 2EE 0EE 4EE 3EE 3HKDKEE 1EE 2EE 0EE 4EE 3EE 3D4EE 1H5EE 2H7EE 0KxEE 4KxEE 3HTEE 1KxEE 2HJEE 3H2EE 2KxEE 3KxEE 3H6EE 1D7EE 2C8EE 2D9C9EE 0EE 4EE 1EE 2EE 2S3EE 0S5EE 4KxEE 1KxEE 2KxEE 0S7EE 0KxEE 0DJEE 4KxEE 1DAEE 2KxEE 1D2EE 1KxEE 1H3C3EE 2EE 4EE 1EE 1D5EE 2C7EE 4CJEE 1KxEE 2KxEE 1C6EE 2DTEE 1KxEE 2KxEE 2H4EE 1H9EE 2KxEE 1KxEE 1CTEE
%00044%result% 30412
%00044%points% 150 134 137 144 110
%00045%mibun% 13402
%00045%seat% 20431
%00045%palyer_cards% S7S9H6H7H2D3D9C8CTCJ H4H9HQD4D5D7DJD2C7C9CK S3S6STSKH8HKD8DTDKDAC3 S4S5S8SJSQH3HJHAC5C6J3 SAS2H5HTD6DQC4CQCAC2 
%00045%change_cards%  23SKDAEE 10D2EE 32S4H3EE 01D3EE
%00045%play%  1H4D4EE 2EE 0EE 4EE 3EE 1EE 1D7C7EE 2EE 0EE 4EE 3EE 1EE 1H9C9EE 2EE 0EE 4EE 3EE 1EE 1D3EE 2S4EE 0H6EE 4HTEE 3HJEE 1HQEE 2HKEE 0H2EE 4KxEE 3KxEE 1KxEE 2KxEE 0KxEE 3KxEE 3S5C5EE 1EE 2EE 0EE 4EE 3EE 3HADAEE 1EE 2EE 0EE 4EE 3EE 3C6EE 1DJEE 2DKEE 0D2EE 4KxEE 3KxEE 1KxEE 2KxEE 0KxEE 0S7H7EE 4EE 3EE 1EE 2EE 0EE 0S9D9EE 4EE 3EE 1EE 2EE 0EE 0C8EE 0CTEE 4DQEE 3SKEE 1KxEE 2KxEE 0KxEE 4SAEE 3KxEE 4S2EE 4KxEE 4C4EE 3S8EE 3SJEE 1CKEE 2KxEE 0KxEE 4CAEE 3KxEE 1KxEE 4C2EE 4KxEE 4H5EE 3SQEE 1KxEE 2KxEE 0KxEE 4KxEE 1D5EE 2S6EE 0CJEE 4CQEE 2KxEE 4KxEE 4D6EE
%00045%result% 31042
%00045%points% 153 138 138 149 112
%00046%mibun% 21403
%00046%seat% 20431
%00046%palyer_cards% S6S9STH3H4HAD5DJC5CK S8SJSQSAHTD8DQDKDAC8J3 S7SKH6H8H9H2D9C3C4C9CT S5S2H5D3D4D6D7D2C6CJCQ S3S4H7HJHQHKDTC7CAC2 
%00046%change_cards%  23SKH2EE 41C2EE 32D3D4EE 14S8EE
%00046%play%  2D3C3EE 0EE 4EE 3EE 1EE 2EE 2D4C4EE 0EE 4EE 3EE 1EE 2EE 2H9D9C9EE 0EE 4EE 3EE 1EE 2EE 2H6EE 0S9EE 4DTEE 3CJEE 1SQEE 2KxEE 0CKEE 4CAEE 3KxEE 1C2EE 0KxEE 4KxEE 1KxEE 1KxEE 1D8C8EE 1SADAEE 2EE 0EE 4EE 3EE 1EE 1HTEE 2KxEE 0DJEE 4HQEE 3SKEE 1KxEE 0HAEE 4KxEE 3S2EE 0KxEE 3KxEE 3S5H5EE 1EE 2EE 0EE 4EE 3EE 3D6C6EE 1EE 2EE 0EE 4EE 3EE 3H2D2EE 1EE 2EE 0EE 4EE 3EE 3D7EE 1SJEE 2KxEE 0KxEE 4HKEE 3KxEE 1KxEE 4KxEE 4H7C7EE 3EE 1EE 2EE 0EE 4EE 4S3EE 3CQEE 1DKEE 2KxEE 0KxEE 4KxEE 1KxEE 1DQEE 2KxEE 0KxEE 4KxEE 2S7EE 0STEE 4KxEE 2KxEE 0KxEE 0D5C5EE 4EE 2EE 0EE 0H3EE 4S4EE 2H8EE 2CTEE 0KxEE 4HJEE 4KxEE 4S8EE
%00046%result% 31240
%00046%points% 154 142 141 154 114
%00047%mibun% 41203
%00047%seat% 20431
%00047%palyer_cards% SKS2H4H5DTC3C5CTCJCQ S5S8STSJH2D6D8DQD2CKJ3 S3SQSAH3H6HTD4D7C6CAC2 S4S6S7S9H7H8HJHAD3D5DA H9HQHKD9DJDKC4C7C8C9 
%00047%change_cards%  03SKS2EE 41HKEE 30S4D3EE 14S5EE
%00047%play%  0D3C3EE 4EE 3EE 1EE 2EE 0EE 0S4H4EE 4EE 3EE 1EE 2EE 0EE 0H5C5EE 4EE 3EE 1EE 2EE 0EE 0DTCTEE 4EE 3EE 1EE 2EE 0EE 0CJEE 4HQEE 3SKEE 1H2EE 2KxEE 0KxEE 4KxEE 3KxEE 1KxEE 1KxEE 1S8D8EE 1HKCKEE 2EE 0EE 4EE 3EE 1EE 1D6EE 2D7EE 0KxEE 4D9EE 3DAEE 1D2EE 2KxEE 4KxEE 3KxEE 1KxEE 1STEE 2SQEE 0KxEE 4KxEE 3S2EE 1KxEE 2KxEE 3KxEE 3S7H7EE 1EE 2EE 0EE 4EE 3EE 3D5EE 1SJEE 2SAEE 0KxEE 4KxEE 3KxEE 1KxEE 2KxEE 2S3H3EE 0EE 4EE 3EE 1EE 2EE 2H6C6EE 0EE 4EE 3EE 1EE 2EE 2D4EE 0CQEE 4DKEE 3HAEE 1KxEE 2C2EE 4KxEE 3KxEE 2KxEE 2HTEE 4DJEE 3KxEE 1DQEE 2KxEE 4KxEE 2CAEE 4KxEE 3KxEE 4H9C9EE 3EE 4EE 4C4EE 3S6EE 4C7EE 3H8EE 3S9EE 4KxEE 3HJEE
%00047%result% 01234
%00047%points% 159 146 144 156 115
%00048%mibun% 01234
%00048%seat% 13420
%00048%palyer_cards% SKH4H5H8HTH2D6DKD2C9J3 HKHAD4D7D8D9DJDQC3C5CT S4S5STSJSAS2HQD5C6C8 S6S8H6H7H9D3C4C7CJCQCA S3S7S9SQH3HJDTDACKC2 
%00048%change_cards%  40DAC2EE 31CAEE 04H4H5EE 13C3EE
%00048%play%  3D3C3EE 4EE 2EE 0EE 1EE 3EE 3S6H6EE 4EE 2EE 0EE 1EE 3EE 3H7C7EE 4EE 2EE 0EE 1EE 3EE 3C4EE 4H5EE 2C6EE 0H8EE 0SKDKEE 1EE 3EE 4EE 2EE 0EE 0H2D2C2EE 1EE 3EE 4EE 2EE 0EE 0D6EE 1D7EE 3KxEE 4DTEE 2KxEE 0DAEE 1KxEE 4KxEE 0KxEE 0KxEE 0C9EE 1CTEE 3CJEE 4CKEE 2KxEE 0KxEE 1CAEE 3KxEE 4KxEE 1KxEE 1D4EE 3S8EE 3H9EE 4HJEE 2HQEE 0KxEE 1HKEE 3KxEE 4KxEE 2KxEE 1HAEE 1KxEE 1C5EE 3CQEE 4KxEE 2KxEE 0KxEE 1KxEE 4S3H3EE 2EE 0EE 1EE 4EE 4H4EE 2S5EE 0HTEE 1DJEE 4SQEE 2SAEE 1KxEE 4KxEE 2S2EE 2KxEE 2S4EE 1D8EE 1D9EE 4KxEE 2STEE 1DQEE 2KxEE 4S7EE 2C8EE 2D5EE 4S9EE
%00048%result% 30142
%00048%points% 163 149 145 161 117
%00049%mibun% 12403
%00049%seat% 13420
%00049%palyer_cards% S7S9H8H9HKDTDAD2CTJ3 S6S2H3HQHAD9DQDKC7C8 S5S8SJSQH5H7H2D8C6CKC2 S3S4STH4HTHJD3D6DJC4CQ SKSAH6D4D5D7C3C5C9CJCA 
%00049%change_cards%  23H2C2EE 40SAEE 32S3D3EE 04S7EE
%00049%play%  2S3D3EE 0EE 1EE 3EE 4EE 2EE 2S5H5EE 0EE 1EE 3EE 4EE 2EE 2S8D8EE 2C6EE 0H8EE 0S9H9EE 1EE 3EE 4EE 2EE 0EE 0DTCTEE 1EE 3EE 4EE 2EE 0EE 0SADAEE 1EE 3EE 4EE 2EE 0EE 0HKEE 1HAEE 3H2EE 4KxEE 2KxEE 0KxEE 1KxEE 3KxEE 0KxEE 0D2EE 1KxEE 3KxEE 4KxEE 2KxEE 1HQDQEE 3EE 4EE 2EE 1EE 1H3EE 3S4EE 4D5EE 2H7EE 1C8EE 1S6EE 3STEE 4SKEE 2KxEE 1S2EE 3KxEE 4KxEE 1KxEE 1C7EE 3HTEE 4CJEE 2SQEE 1DKEE 3C2EE 4KxEE 2KxEE 1KxEE 3KxEE 3H4C4EE 4EE 2EE 1EE 3EE 3HJDJEE 4EE 2EE 1EE 3EE 3D6EE 4S7EE 2SJEE 1KxEE 3KxEE 4KxEE 2KxEE 2CKEE 1KxEE 3KxEE 4CAEE 4KxEE 4C3EE 1D9EE 3CQEE
%00049%result% 02134
%00049%points% 168 152 149 163 118
%00050%mibun% 02134
%00050%seat% 13420
%00050%palyer_cards% S4S7S9D3D6DJC3C7CJCKC2 S3SJSAH4D5D8D9DKD2CTCQ S8STSKH5HJHQH2D4C6C8 SQS2H3HTHAD7DQDAC5C9J3 S5S6H6H7H8H9HKDTC4CA 
%00050%change_cards%  40HKCAEE 32J3EE 04D3C3EE 23D4EE
%00050%play%  4D3C3EE 2EE 0EE 1EE 3EE 4EE 4S6H6EE 2EE 0EE 1EE 3EE 4EE 4C4EE 2H5EE 0D6EE 1D8EE 1S3EE 3D4EE 4S5EE 2C6EE 0S7EE 1D9EE 3HTEE 4KxEE 2HJEE 0HKEE 1KxEE 3HAEE 2H2EE 0KxEE 3KxEE 2KxEE 2KxEE 2S8C8EE 2STEE 0DJEE 1CQEE 3DAEE 4KxEE 2KxEE 0C2EE 1KxEE 3KxEE 0KxEE 0S4EE 1D5EE 3D7EE 4DTEE 2KxEE 0KxEE 1DKEE 3KxEE 4KxEE 1D2EE 1KxEE 1H4EE 3C5EE 4H7EE 2HQEE 0KxEE 1KxEE 3KxEE 4KxEE 2KxEE 2SKEE 0CAEE 1KxEE 3S2EE 4KxEE 0KxEE 3KxEE 3SQDQEE 4EE 0EE 1EE 3EE 3H3EE 4H8EE 4H9EE 0CJEE 1SAEE 3KxEE 0KxEE 1KxEE 1CTEE 3KxEE 0CKEE 1KxEE 0KxEE 0C7EE 1SJEE 3KxEE 0KxEE 3C9EE
%00050%result% 24130
%00050%points% 169 155 154 165 122
%00051%mibun% 42031
%00051%seat% 14302
%00051%palyer_cards% S6STSKHTH2D3D6C6CJCA S3S7S9SAH7H9D8D9DTDAC3 S4S5S8H3H4H5HJD4DJDKCK S2HQHAC4C5C7C8CTCQJ3 SJSQH6H8HKD5D7DQD2C9C2 
%00051%change_cards%  02H2CAEE 34J3EE 20S4H3EE 43D5EE
%00051%play%  0H3D3EE 2EE 1EE 4EE 3EE 0EE 0S6D6C6EE 2EE 1EE 4EE 3EE 0EE 0STHTEE 2EE 1EE 4EE 3EE 0EE 0S4EE 2S5EE 1S7EE 4SJEE 3S2EE 0KxEE 2KxEE 1KxEE 4KxEE 3KxEE 4KxEE 4SQDQEE 3EE 0EE 2EE 1EE 4EE 4D2C2EE 3EE 0EE 2EE 1EE 4EE 4H6EE 3C7EE 0CJEE 2CKEE 1KxEE 4KxEE 3KxEE 0KxEE 2CAEE 2KxEE 2H4D4EE 1EE 4EE 3EE 0EE 2EE 2HJDJEE 1EE 4EE 3EE 0EE 2EE 2H5EE 1H7EE 4H8EE 4D7EE 3C8EE 3D5C5EE 0EE 2EE 1EE 4EE 3EE 3HQCQEE 0EE 2EE 1EE 4EE 3EE 3C4EE 0SKEE 2H2EE 1KxEE 4KxEE 3KxEE 2KxEE 2S8EE 2DKEE 1SAEE 4KxEE 3KxEE 1KxEE 1S3C3EE 4EE 3EE 1EE 1S9H9D9EE 4EE 3EE 1EE 1D8EE 1DTEE 4HKEE 3HAEE 1KxEE 4KxEE 3KxEE 3CTEE 1DAEE
%00051%result% 02314
%00051%points% 174 157 158 168 123
%00052%mibun% 03124
%00052%seat% 14302
%00052%palyer_cards% S4S6SJHJHQH2D4DAC5C6C8 S7H4H7H9D7D9DJC4C7CJCA S5STSAH8HTHKD6DTDKD2C3 S8S9S2H5HAD3D5D8CQC2 S3SQSKH3H6DQC9CTCKJ3 
%00052%change_cards%  40SKJ3EE 12CAEE 04S4D4EE 21C3EE
%00052%play%  3H5D5EE 0EE 2EE 1EE 4EE 3EE 3S8D8EE 3S2C2EE 0EE 2EE 1EE 4EE 3EE 3D3EE 0C5EE 2D6EE 1S7EE 4C9EE 3CQEE 0KxEE 2KxEE 1KxEE 4KxEE 3KxEE 0KxEE 0S6C6EE 2EE 1EE 4EE 3EE 0EE 0SJHJEE 2EE 1EE 4EE 3EE 0EE 0C8EE 0HQEE 2HKEE 1KxEE 4KxEE 3HAEE 0H2EE 2KxEE 3KxEE 0KxEE 0SKEE 2SAEE 1KxEE 4KxEE 3KxEE 0KxEE 2KxEE 2STHTDTEE 1EE 4EE 3EE 0EE 2EE 2S5EE 1H7EE 4CTEE 3KxEE 0DAEE 2D2EE 1KxEE 4KxEE 2KxEE 2H8EE 2DKEE 1KxEE 4KxEE 3KxEE 2CAEE 1H4C4EE 4EE 3EE 1EE 1D7C7EE 4EE 3EE 1EE 1H9D9EE 4EE 3EE 1EE 1DJCJEE 4EE 3EE 1EE 1C3EE 4S4EE 3S9EE
%00052%result% 02134
%00052%points% 179 160 162 170 124
%00053%mibun% 02134
%00053%seat% 14302
%00053%palyer_cards% S3S5S6H7H8HKHADJC3C5C7 S4SJSQSKH4H9D6DKD2CQC2 S9STH6HTHJHQDAC4C6C9CK S7S8SAS2H2D8D9DQCTJ3 H3H5D3D4D5D7DTC8CJCA 
%00053%change_cards%  40CJCAEE 32J3EE 04S3C3EE 23C4EE
%00053%play%  4S3H3D3C3EE 3EE 0EE 2EE 1EE 4EE 4EE 3EE 0EE 2EE 1EE 4EE 3EE 0EE 2EE 1EE 4EE 3EE 0EE 2EE 1EE
%00053%result% 40231
%00053%points% 183 161 165 172 129
%00054%mibun% 14230
%00054%seat% 12340
%00054%palyer_cards% S9STSJSKHKH2DTDQC3C8C2 S6SAS2H4H8HJD7D9C6CAJ3 S4SQH3H7D5D8DJC4CTCQ S3S8H9HAD6D2C5C7CJCK S5S7H5H6HTHQD3D4DKDAC9 
%00054%change_cards%  14S2J3EE 30D2EE 41D3D4EE 03C3EE
%00054%play%  1H4D4EE 2EE 3EE 4EE 0EE 1EE 1S6C6EE 2EE 3EE 4EE 0EE 1EE 1SACAEE 2EE 3EE 4EE 0EE 1EE 1D3EE 2S4EE 3C5EE 4H6EE 0C8EE 0STDTEE 1EE 2EE 3EE 4EE 0EE 0SKHKEE 1EE 2EE 3EE 4EE 0EE 0H2D2C2EE 1EE 2EE 3EE 4EE 0EE 0S9EE 1HJEE 2SQEE 3CKEE 4DAEE 0KxEE 1KxEE 2KxEE 3KxEE 4S2EE 4KxEE 4KxEE 4S5H5EE 0EE 1EE 2EE 3EE 4EE 4S7EE 0SJEE 1KxEE 2KxEE 3KxEE 4KxEE 0KxEE 0DQEE 1KxEE 2KxEE 3HAEE 4KxEE 3KxEE 3S3C3EE 4EE 1EE 2EE 3EE 3D6EE 4C9EE 1KxEE 2CTEE 3CJEE 4KxEE 2CQEE 3KxEE 2KxEE 2H3EE 3C7EE 4HTEE 1KxEE 2DJEE 3KxEE 4HQEE 2KxEE 4DKEE 1D7EE 2D8EE 2C4EE 3S8EE 3H9EE 1KxEE 2KxEE 1H8EE 1D9EE
%00054%result% 04312
%00054%points% 188 163 166 175 133
%00055%mibun% 03421
%00055%seat% 12340
%00055%palyer_cards% S5SJSKH3H5H6H2D5DKC9CT S6S2H8H9HJD3DJD2CJCAC2 S3S7S8S9SQSAH7D4D6D9C3 STH4HQHAD7DTC4C5C8CQ S4HTHKD8DQDAC6C7CKJ3 
%00055%change_cards%  20SQSAEE 14S2EE 02S5H3EE 41S4EE
%00055%play%  1HJDJCJEE 2EE 3EE 4EE 0EE 1EE 1D2C2EE 2EE 3EE 4EE 0EE 1EE 1D3EE 2D4EE 3D7EE 4D8EE 4HKCKEE 0EE 1EE 2EE 3EE 4EE 4C6EE 0C9EE 1CAEE 2KxEE 3KxEE 4KxEE 0KxEE 1KxEE 4KxEE 4C7EE 0CTEE 1KxEE 2KxEE 3CQEE 4KxEE 0KxEE 3KxEE 3H4C4EE 4EE 0EE 1EE 2EE 3EE 3STDTEE 4EE 0EE 1EE 2EE 3EE 3C5EE 4HTEE 0SJEE 1KxEE 2KxEE 3HQEE 4DAEE 0H2EE 3KxEE 4KxEE 0KxEE 0H5D5EE 1EE 2EE 3EE 4EE 0EE 0SKDKEE 1EE 2EE 3EE 4EE 0EE 0H6EE 1H8EE 1S4EE 2S5EE 3KxEE 4S2EE 0KxEE 1KxEE 2KxEE 4KxEE 4DQEE 0SAEE 1KxEE 2KxEE 3KxEE 0KxEE 0SQEE 1KxEE 2KxEE 3HAEE 3KxEE 3C8EE 1S6EE 2S7EE 1KxEE 2S8EE 2S3H3C3EE 1EE 2EE 2S9D9EE 1EE 2EE 2D6EE 1H9EE
%00055%result% 40312
%00055%points% 192 165 167 178 138
%00056%mibun% 13420
%00056%seat% 12340
%00056%palyer_cards% S6S2H4H7HQHAD5DKC4C6C9 S5S9SQH3H6HJH2D6C5CTCJ S3SJSAH5H9D4D7D9DQCK S4S7S8SKHTHKD8DTDACA STH8D3DJD2C3C7C8CQC2J3 
%00056%change_cards%  24SACKEE 10H2EE 42D3C3EE 01H4EE
%00056%play%  2S3D3C3EE 3EE 4EE 0EE 1EE 2EE 2H9D9EE 3EE 4EE 0EE 1EE 2EE 2D4EE 3S7EE 4H8EE 4D2C2EE 0EE 1EE 2EE 3EE 4EE 4C7EE 0C9EE 1CTEE 2KxEE 3CAEE 4KxEE 0KxEE 1KxEE 3KxEE 4KxEE 4C8EE 4STEE 0HQEE 1KxEE 2KxEE 3SKEE 4SAEE 0S2EE 3KxEE 4KxEE 0KxEE 0S6C6EE 1EE 2EE 3EE 4EE 0EE 0C4EE 1S5EE 2D7EE 3S8EE 3HTDTEE 4EE 0EE 1EE 2EE 3EE 3S4EE 4DJEE 0DKEE 1KxEE 2KxEE 3DAEE 4KxEE 0KxEE 3KxEE 3D8EE 3HKEE 4KxEE 0HAEE 1KxEE 2KxEE 0H2EE 0KxEE 0D5EE 1H6EE 2SJEE 4CQEE 0KxEE 1KxEE 2KxEE 4CKEE 0H7EE 1S9EE 2DQEE 1KxEE 2KxEE 2H5EE
%00056%result% 34021
%00056%points% 195 166 169 183 142
%00057%mibun% 24301
%00057%seat% 04123
%00057%palyer_cards% S3SAS2H7D3D5D6C6C7CAJ3 S4S9SKH4H6H9HJHADJDA S6STHTD4D7D9DTDQD2C2 S5SQH8HKH2D8DKC3C9CQCK S7S8SJH3H5HQC4C5C8CTCJ 
%00057%change_cards%  13HADAEE 24D2EE 31S5C3EE 42H3EE
%00057%play%  0S3D3EE 4EE 1EE 2EE 3EE 0EE 0D6C6EE 4EE 1EE 2EE 3EE 0EE 0H7C7EE 4EE 1EE 2EE 3EE 0EE 0SACAEE 4EE 1EE 2EE 3EE 0EE 0D5EE 4S7EE 1S9EE 2STEE 3SQEE 0S2EE 4KxEE 1KxEE 2KxEE 3KxEE 0KxEE 4H5C5EE 1EE 2EE 3EE 4EE 4S8C8EE 4SJCJEE 1EE 2EE 3EE 4EE 4C4EE 1S5EE 2S6EE 3KxEE 4KxEE 1SKEE 2KxEE 1KxEE 1S4H4EE 2EE 3EE 4EE 1EE 1HJDJEE 2EE 3EE 4EE 1EE 1C3EE 2D4EE 3H8EE 3HKDKCKEE 4EE 1EE 2EE 3EE 3HADAEE 4EE 1EE 2EE 3EE 3D8EE 3C9EE 4CTEE 1KxEE 2C2EE 3KxEE 4KxEE 2KxEE 2HTDTEE 3EE 4EE 1EE 2EE 2H3EE 3CQEE 4D2EE 1KxEE 2KxEE 3KxEE 4KxEE 4HQEE 1KxEE 2KxEE 3H2EE 1H6EE 2D7EE 1H9EE
%00057%result% 04312
%00057%points% 200 168 170 186 146
%00058%mibun% 03421
%00058%seat% 04123
%00058%palyer_cards% S3SJSAS2HTHJD5C4CQCKCA S7STSQH8HADTDAD2C3C6J3 S6S8H3H4H6HKD3DJC9CT S4S5SKH9D6D7DQC7CJC2 S9H5H7HQH2D4D8D9DKC5C8 
%00058%change_cards%  20HKDJEE 14J3EE 02S3C4EE 41D4EE
%00058%play%  2S3H3D3EE 3EE 0EE 4EE 1EE 2EE 2H4C4EE 3EE 0EE 4EE 1EE 2EE 2S6H6EE 3EE 0EE 4EE 1EE 2EE 2S8EE 2C9EE 3CJEE 0CQEE 4KxEE 1KxEE 2KxEE 3KxEE 0KxEE 4KxEE 4H5C5EE 1EE 2EE 3EE 0EE 4EE 4D8C8EE 4S9D9EE 1EE 2EE 3EE 0EE 4EE 4H7EE 1H8EE 1STDTEE 2EE 3EE 0EE 4EE 1EE 1HADAEE 2EE 3EE 0EE 4EE 1EE 1C3EE 2CTEE 3C2EE 0KxEE 4KxEE 1KxEE 3KxEE 3D7C7EE 0EE 4EE 1EE 3EE 3S4EE 0D5EE 4HQEE 1D2EE 3KxEE 0KxEE 4KxEE 1KxEE 1D4EE 3S5EE 0HTEE 4DKEE 1KxEE 3KxEE 0SAEE 4H2EE 0KxEE 1C6EE 3H9EE 0SJEE 1SQEE 3SKEE 0S2EE 1KxEE 3KxEE 0KxEE 0HJDJEE 1EE 3EE 0EE 0HKCKEE 1EE 3EE 0EE 0CAEE 1KxEE 3KxEE 1S7EE
%00058%result% 24013
%00058%points% 203 170 175 187 150
%00059%mibun% 23041
%00059%seat% 04123
%00059%palyer_cards% STSJSQH4D3D4D8D9C3C9CA S5S9HJD5DJDKC6CJCKJ3 S3S7H7H9HTHKDTDQC4C5C8 S6S8SKSAS2H3H5H6H2C7CQ S4H8HQHAD6D7DAD2CTC2 
%00059%change_cards%  32S2H2EE 14J3EE 23S3C4EE 41S4EE
%00059%play%  0D3C3EE 4EE 1EE 2EE 3EE 0EE 0H4D4EE 4EE 1EE 2EE 3EE 0EE 0D9C9EE 4EE 1EE 2EE 3EE 0EE 0D8EE 0STEE 4HQEE 1DKEE 2S2EE 3KxEE 0KxEE 4KxEE 1KxEE 2KxEE 4KxEE 4HADAEE 1EE 2EE 3EE 0EE 4EE 4D2C2EE 1EE 2EE 3EE 0EE 4EE 4D6EE 1S9EE 2HTEE 3CQEE 0CAEE 4KxEE 1KxEE 2KxEE 3KxEE 0KxEE 0SJEE 4KxEE 1CKEE 2H2EE 3KxEE 0KxEE 1KxEE 2KxEE 2S7H7EE 3EE 0EE 4EE 1EE 2EE 2C5EE 3S6EE 0SQEE 4KxEE 1KxEE 2KxEE 3SKEE 3SAEE 3KxEE 3S3H3EE 4EE 1EE 2EE 3EE 3C4EE 4D7EE 1HJEE 2DQEE 3KxEE 4KxEE 1KxEE 2HKEE 2KxEE 2C8EE 2H9EE 3KxEE 4CTEE 1DJEE 2KxEE 4KxEE 1KxEE 1S5D5EE 2EE 3EE 4EE 1EE 1S4EE 2DTEE 3KxEE 4KxEE 1CJEE 1KxEE 1C6EE 3C7EE 4KxEE 3KxEE 3H5EE 4H8EE
%00059%result% 02143
%00059%points% 208 173 179 188 152
%00060%mibun% 02143
%00060%seat% 02143
%00060%palyer_cards% S3S4SKH5H9D5D6D9D2C7C2 S5S8S9SQH3H7HAD3C6C9CJ S7STH4H8HQHKH2D7DTDACQ S6SJHTD4DQDKC3C4CKJ3 SAS2H6HJD8DJC5C8CTCA 
%00060%change_cards%  30DKJ3EE 42S2EE 03S3S4EE 24H4EE
%00060%play%  1H3D3EE 4EE 3EE 0EE 2EE 1EE 1S9C9EE 4EE 3EE 0EE 2EE 1EE 1S5EE 4H6EE 3HTEE 0KxEE 2KxEE 1KxEE 4KxEE 3KxEE 0KxEE 0H5D5EE 2EE 1EE 4EE 3EE 0EE 0H9D9EE 2EE 1EE 4EE 3EE 0EE 0SKDKEE 2EE 1EE 4EE 3EE 0EE 0D2C2EE 2EE 1EE 4EE 3EE 0EE 0D6EE 2S7EE 1S8EE 1C6EE 4D8EE 4HJDJEE 3EE 0EE 2EE 1EE 4EE 4SACAEE 3EE 0EE 2EE 1EE 4EE 4H4EE 3S6EE 0C7EE 2H8EE 2STDTEE 1EE 4EE 3EE 2EE 2HQCQEE 1EE 4EE 3EE 2EE 2S2H2EE 1EE 4EE 3EE 2EE 2D7EE 1CJEE 4KxEE 3DQEE 2HKEE 1HAEE 3KxEE 2KxEE 1KxEE 1H7EE 4C8EE 4C5EE 3SJEE 2DAEE 1KxEE 4KxEE 3KxEE 1SQEE 4KxEE 3CKEE 3KxEE 3S3C3EE 4EE 3EE 3S4D4C4EE
%00060%result% 02134
%00060%points% 213 176 183 190 153
%00061%mibun% 02134
%00061%seat% 02143
%00061%palyer_cards% S3S6S9SQH8HJD3D5C4CQCA SKS2H5H6H7H9DKDAC5C8CT S4S5STSJHKHAH2D6D8C7J3 S8SAH3H4D7D9DJDQC6C2 S7HTHQD4DTD2C3C9CJCK 
%00061%change_cards%  40D2CKEE 32C2EE 04S3D3EE 23S4EE
%00061%play%  4S3D3C3EE 3EE 0EE 2EE 1EE 4EE 4HTDTEE 3EE 0EE 2EE 1EE 4EE 4D4EE 3C6EE 0H8EE 0SQCQEE 2EE 1EE 4EE 3EE 0EE 0C4EE 2S5EE 1H6EE 4S7EE 3S8EE 3S4H4EE 0EE 2EE 1EE 4EE 3EE 3H3EE 0D5EE 2D6EE 1DKEE 4KxEE 3KxEE 0D2EE 2KxEE 1KxEE 0KxEE 2KxEE 2H2C2EE 1EE 4EE 3EE 0EE 2EE 2C7EE 1C8EE 1H5C5EE 4EE 3EE 0EE 2EE 1EE 1H7EE 4C9EE 3DJEE 0CKEE 2HAEE 1S2EE 4KxEE 3KxEE 0KxEE 2KxEE 1KxEE 1H9EE 4CJEE 3DQEE 0CAEE 2KxEE 1KxEE 4KxEE 3KxEE 0KxEE 0S6EE 2D8EE 2STEE 1SKEE 4KxEE 3SAEE 0KxEE 2KxEE 1KxEE 3KxEE 3D7EE 0S9EE 2SJEE 1KxEE 4KxEE 3KxEE 0KxEE 2KxEE 2HKEE 1DAEE 4KxEE 3KxEE 0KxEE 1KxEE 1CTEE 4HQEE 3KxEE 0KxEE 3D9EE
%00061%result% 21430
%00061%points% 214 180 188 192 156
%00062%mibun% 41032
%00062%seat% 02143
%00062%palyer_cards% S4S9STHJHAD7DJDKCAJ3 S5SAH4H2D3D5D6D8D2C4C7 S8SQH3H8HKD9C3C5C6CTC2 S3S2H5H6HTD4DTDAC8C9 S6S7SJSKH7H9HQDQCJCQCK 
%00062%change_cards%  02HAJ3EE 31S2EE 20H3C3EE 13D3EE
%00062%play%  3S3D3EE 0EE 2EE 1EE 4EE 3EE 3HTDTEE 0EE 2EE 1EE 4EE 3EE 3D4EE 0D7EE 2D9EE 1D2EE 4KxEE 3KxEE 0KxEE 2KxEE 1KxEE 2KxEE 2S8H8EE 2C5EE 1D6EE 4S7EE 3C8EE 3H5EE 0S9EE 2CTEE 1SAEE 4KxEE 3KxEE 0KxEE 2C2EE 1KxEE 2KxEE 2C6EE 1C7EE 4CJEE 3KxEE 0CAEE 2KxEE 1KxEE 4KxEE 0KxEE 0H3C3EE 2EE 1EE 4EE 3EE 0EE 0HJDJEE 2EE 1EE 4EE 3EE 0EE 0S4EE 2SQEE 1S2EE 4KxEE 3KxEE 0KxEE 2KxEE 1KxEE 1H4C4EE 4EE 3EE 0EE 2EE 1EE 1S5D5EE 4EE 3EE 0EE 2EE 1EE 1D8EE 1H2EE 4KxEE 3KxEE 0KxEE 2KxEE 4HQDQCQEE 3EE 0EE 2EE 4EE 4SKCKEE 3EE 0EE 2EE 4EE 4S6EE 3C9EE 0STEE 2HKEE 4KxEE 3DAEE 0KxEE 2KxEE 3KxEE 3H6EE 0DKEE 2HAEE
%00062%result% 13024
%00062%points% 217 185 190 196 157
%00063%mibun% 20314
%00063%seat% 43210
%00063%palyer_cards% SJS2H4H5H6H8HJDTC8CTCJ S4S9STSQH9D4D9DKD2C9J3 S3S5SKH7HQHKHAC5CKC2 S6S8HTH2D7DJDAC3C4CA S7SAH3D3D5D6D8DQC6C7CQ 
%00063%change_cards%  41SADQEE 23C2EE 14S4D4EE 32C3EE
%00063%play%  4H3D3EE 3EE 2EE 1EE 0EE 4EE 4S4D4EE 3EE 2EE 1EE 0EE 4EE 4D6C6EE 3EE 2EE 1EE 0EE 4EE 4S7C7EE 3EE 2EE 1EE 0EE 4EE 4D5EE 3S6EE 2H7EE 1S9EE 0DTEE 4CQEE 3DAEE 2KxEE 1D2EE 0KxEE 4KxEE 3KxEE 1KxEE 1KxEE 1H9D9C9EE 0EE 4EE 3EE 2EE 1EE 1SQDQEE 0EE 4EE 3EE 2EE 1EE 1STEE 0SJEE 4KxEE 3KxEE 2SKEE 1SAEE 0S2EE 2KxEE 1KxEE 0KxEE 0H8C8EE 0HJCJEE 4EE 3EE 2EE 1EE 0EE 0H4EE 4D8EE 3H2C2EE 2EE 1EE 0EE 3EE 3C4EE 2S5EE 1DKEE 0KxEE 3CAEE 2KxEE 3KxEE 3D7EE 2HQEE 0KxEE 3KxEE 2HKEE 2HAEE 2KxEE 2S3C3EE 0EE 3EE 2EE 2C5EE 0H6EE 3S8EE 3HTEE 2CKEE 0KxEE 3KxEE 0H5EE 3DJEE
%00063%result% 41230
%00063%points% 218 189 193 198 162
%00064%mibun% 41230
%00064%seat% 43210
%00064%palyer_cards% S3S7STHTHAD5DJDQC3C5 S5SJSKH3H6H7H8D4D6C6 SQH5H9HKD8D9C4CKCAC2J3 S4S6S2H4HJH2DTDKDAC7CQ S8S9SAHQD3D7D2C8C9CTCJ 
%00064%change_cards%  04HADQEE 31S2EE 40D3D7EE 13H3EE
%00064%play%  0S3D3C3EE 4EE 3EE 2EE 1EE 0EE 0D5C5EE 4EE 3EE 2EE 1EE 0EE 0S7D7EE 4EE 3EE 2EE 1EE 0EE 0STHTEE 4EE 3EE 2EE 1EE 0EE 0DJEE 4HQEE 3DKEE 2CAEE 1S2EE 4KxEE 3KxEE 2KxEE 1KxEE 2KxEE 2H9D9EE 1EE 4EE 3EE 2EE 2HKCKEE 1EE 4EE 3EE 2EE 2C4EE 1S5EE 4S8EE 4S9C9EE 3EE 2EE 1EE 4EE 4SAHAEE 3EE 2EE 1EE 4EE 4C8EE 4CTEE 3HJEE 2SQEE 1SKEE 4KxEE 3KxEE 2KxEE 1KxEE 1H6D6C6EE 4EE 3EE 2EE 1EE 1D4EE 4CJEE 3CQEE 2C2EE 1KxEE 4KxEE 3KxEE 2KxEE 2H5EE 1H7EE 4KxEE 3H2EE 2KxEE 1KxEE 3KxEE 3S4H4EE 2EE 1EE 4EE 3EE 3H3EE 2D8EE 1H8EE 1SJEE 4DQEE 3DAEE 4D2EE
%00064%result% 02143
%00064%points% 223 192 197 199 164
%00065%mibun% 02143
%00065%seat% 43210
%00065%palyer_cards% S4STSKH4H7HKD7DJC3C5CA S3S5SAS2H5H8D2CTCJC2 SQH3HQD3D4D9DQC7CQJ3 S7S8H9H2D6D8DTDKDAC6CK S6S9SJH6HTHJHAD5C4C8C9 
%00065%change_cards%  30H2DAEE 42HAEE 03S4C3EE 24H3EE
%00065%play%  2SQHQDQCQEE 1EE 0EE 4EE 3EE 2EE 2EE 1EE 0EE 4EE 3EE 2EE 1EE 0EE 4EE 3EE 2EE 1EE 0EE 4EE 3EE
%00065%result% 42031
%00065%points% 226 193 201 201 169
%00066%mibun% 24130
%00066%seat% 31204
%00066%palyer_cards% S7H4H6H8HAD7DQDAC3C4 S3S6SQSKH5D3D5DTDKD2CK S4S5S8HJHKD8C6C8C2J3 S9SAH9HTD4D6D9C7C9CJCQ STSJS2H3H7HQH2DJC5CTCA 
%00066%change_cards%  14SKD2EE 32SAEE 41H3C5EE 23S4EE
%00066%play%  1S3H3D3EE 2EE 0EE 4EE 3EE 1EE 1H5D5C5EE 2EE 0EE 4EE 3EE 1EE 1DKCKEE 2EE 0EE 4EE 3EE 1EE 1S6EE 2S8EE 2D8C8EE 2S5EE 0H6EE 4H7EE 3H9EE 1KxEE 2HJEE 0HAEE 4H2EE 3KxEE 2KxEE 0KxEE 4KxEE 2KxEE 2C6EE 0S7EE 4STEE 3KxEE 1SQEE 2SAEE 0KxEE 4S2EE 1KxEE 2KxEE 4KxEE 4SJDJEE 3EE 1EE 2EE 0EE 4EE 4CTEE 3CJEE 1KxEE 2C2EE 0KxEE 4KxEE 3KxEE 2KxEE 2HKEE 0DAEE 4D2EE 3KxEE 1KxEE 0KxEE 4KxEE 4HQEE 3KxEE 1KxEE 0KxEE 4SKEE 4CAEE 3S4D4EE 1EE 0EE 3EE 3S9D9C9EE 1EE 0EE 3EE 3D6EE 1DTEE 0DQEE 3KxEE 0KxEE 0H4C4EE 3EE 0EE 0C3EE 3C7EE 0KxEE 3CQEE 3KxEE 3HTEE
%00066%result% 24130
%00066%points% 227 196 206 203 173
%00067%mibun% 42031
%00067%seat% 31204
%00067%palyer_cards% H3H4H7H9HJHQD5DKC7C8CT SAH6HKD8DQC4C9CJCKJ3 S3S6S7STSQSKH5HTDJC3C6 S9SJH8H2D3D9DTC5CAC2 S4S5S8S2HAD4D6D7DAD2CQ 
%00067%change_cards%  02HQDKEE 34H2EE 20S3C3EE 43S4EE
%00067%play%  3S9D9EE 1EE 2EE 0EE 4EE 3EE 3D3EE 1C4EE 2H5EE 0H7EE 4HAEE 3KxEE 1KxEE 2KxEE 0KxEE 4KxEE 1KxEE 1HKCKEE 2EE 0EE 4EE 3EE 1EE 1H6EE 2S7EE 0C8EE 0S3H3C3EE 4EE 3EE 1EE 2EE 0EE 0H4EE 4S5EE 3H8EE 3S4EE 1D8EE 1C9EE 2STEE 0HJEE 4CQEE 3CAEE 1KxEE 2KxEE 0KxEE 4KxEE 3C2EE 3KxEE 3C5EE 1CJEE 2KxEE 0KxEE 4KxEE 3KxEE 1KxEE 1DQEE 2SKEE 0KxEE 4DAEE 3KxEE 1KxEE 2KxEE 4S2EE 4KxEE 4H2D2EE 3EE 1EE 2EE 0EE 4EE 4D4EE 3DTEE 1KxEE 2DJEE 0KxEE 4KxEE 3KxEE 2DKEE 2KxEE 2S6C6EE 0EE 4EE 3EE 1EE 2EE 2SQHQEE 0EE 4EE 3EE 1EE 2EE 2HTEE 0KxEE 4KxEE 3SJEE 1SAEE 0D5EE 4D6EE 0KxEE 4D7EE 4KxEE 4S8EE
%00067%result% 23140
%00067%points% 228 199 211 207 175
%00068%mibun% 42013
%00068%seat% 31204
%00068%palyer_cards% SQH7HQD5DTC3C6CJCQCKCA S7H4H6H8HTD7DJCTC2J3 S4S5S8S9SKH5H2D6D9DQC5 S3SJSAS2H9D3D8DAD2C9 S6STH3HJHKHAD4DKC4C7C8 
%00068%change_cards%  02CKCAEE 43HAEE 20S4S5EE 34S3EE
%00068%play%  3H9C9EE 1EE 2EE 0EE 4EE 3EE 3SAHADAEE 1EE 2EE 0EE 4EE 3EE 3S2D2EE 1EE 2EE 0EE 4EE 3EE 3D3EE 1H4EE 2H5EE 0H7EE 4HJEE 3KxEE 1KxEE 2KxEE 0KxEE 4KxEE 1KxEE 1S7D7EE 2EE 0EE 4EE 3EE 1EE 1HTCTEE 2EE 0EE 4EE 3EE 1EE 1H6EE 2S8EE 2S9D9EE 0EE 4EE 3EE 1EE 2EE 2SKCKEE 0EE 4EE 3EE 1EE 2EE 2C5EE 0C6EE 4C7EE 3KxEE 1C2EE 2KxEE 0KxEE 4KxEE 1KxEE 1H8EE 1DJEE 2DQEE 0KxEE 4DKEE 3KxEE 2KxEE 4KxEE 4S3H3EE 3EE 2EE 0EE 4EE 4D4C4EE 3EE 2EE 0EE 4EE 4S6EE 3D8EE 3SJEE 2CAEE 0KxEE 4KxEE 2H2EE 2KxEE 2D6EE 0DTEE 4KxEE 0KxEE 0S5D5EE 4EE 0EE 0SQHQCQEE 4EE 0EE 0C3EE 4C8EE 4STEE 0CJEE 4HKEE
%00068%result% 13240
%00068%points% 229 204 214 211 177
%00069%mibun% 40213
%00069%seat% 34201
%00069%palyer_cards% S3S6S7H3HTD5D9C3C5C8 S8SJSQSAH9HKD8DTDJC7CQ S4S9S2H4HQD6DQC4CTJ3 H7HJHAD3D4DKDAC9CJCKCA S5STSKH5H6H8H2D7D2C6C2 
%00069%change_cards%  01HTD9EE 43H2EE 10S8C7EE 34D3EE
%00069%play%  4S5H5EE 2EE 0EE 1EE 3EE 4EE 4H6C6EE 2EE 0EE 1EE 3EE 4EE 4D2C2EE 2EE 0EE 1EE 3EE 4EE 4D3EE 2S4EE 0D5EE 1D8EE 1H9D9EE 3EE 4EE 2EE 0EE 1EE 1HTDTEE 3EE 4EE 2EE 0EE 1EE 1SJDJEE 3EE 4EE 2EE 0EE 1EE 1SQCQEE 3EE 4EE 2EE 0EE 1EE 1HKEE 3HAEE 4KxEE 2KxEE 0KxEE 1KxEE 3KxEE 2KxEE 2H4C4EE 0EE 1EE 3EE 4EE 2EE 2HQDQEE 0EE 1EE 3EE 4EE 2EE 2D6EE 0S7EE 1SAEE 3KxEE 4KxEE 2S2EE 0KxEE 2KxEE 2S9EE 0KxEE 3HJEE 4SKEE 2KxEE 3DAEE 4KxEE 3H2EE 3KxEE 3DKCKEE 4EE 2EE 0EE 3EE 3D4EE 4D7EE 2KxEE 0KxEE 3KxEE 4KxEE 4H8EE 4STEE 2KxEE 0KxEE 3CJEE 3CAEE 3KxEE 3H7EE 2CTEE 0KxEE 3KxEE 0S3H3C3EE 3EE 0EE 0S8C8EE 0C5EE 3C9EE
%00069%result% 14230
%00069%points% 230 209 217 213 181
%00070%mibun% 40231
%00070%seat% 34201
%00070%palyer_cards% S3S8S2H9HTD5D6D9C7C2 S5S9SQH5D3D4DAC4C8CQCK S6S7STSKH3HKDTDJDKCJ S4H4H8HJD7D2C3C5C9CTJ3 SJSAH6H7HQHAH2D8DQC6CA 
%00070%change_cards%  01S2C2EE 34J3EE 10D3D4EE 43H6EE
%00070%play%  0S3D3EE 1EE 3EE 4EE 2EE 0EE 0H9D9EE 1EE 3EE 4EE 2EE 0EE 0D4EE 1S5EE 3H6EE 4H7EE 2HKEE 0KxEE 1KxEE 3KxEE 4HAEE 2KxEE 4H2EE 4KxEE 4KxEE 4HQDQEE 2EE 0EE 1EE 3EE 4EE 4SACAEE 2EE 0EE 1EE 3EE 4EE 4C6EE 2S7EE 0S8EE 0D5EE 1C8EE 1SQCQEE 3EE 4EE 2EE 0EE 1EE 1S2C2EE 3EE 4EE 2EE 0EE 1EE 1C4EE 3C5EE 4KxEE 2CJEE 0KxEE 1CKEE 3KxEE 2KxEE 1KxEE 1H5EE 3D7EE 4D8EE 4SJEE 2SKEE 0KxEE 1KxEE 3KxEE 2KxEE 2STDTEE 0EE 1EE 3EE 2EE 2H3EE 0D6EE 1S9EE 3CTEE 2DJEE 0KxEE 1DAEE 3D2EE 2KxEE 3KxEE 3S4H4EE 2EE 0EE 3EE 3C3EE 2S6EE 0C7EE 3H8EE 3C9EE 2DKEE 0KxEE 3KxEE 0HTEE
%00070%result% 41203
%00070%points% 232 213 220 214 186
%00071%mibun% 31240
%00071%seat% 34201
%00071%palyer_cards% S4SQSAH7H8H9HAD7DQC3J3 S8SKS2H6HTHJH2D3D9C5 S3S5S7S9D4D6C6C7C8CJCA STHKD5D8DTDAC4CQCKC2 S6SJH3H4H5HQDJDKD2C9CT 
%00071%change_cards%  34DAC2EE 01J3EE 43H3H4EE 10D3EE
%00071%play%  0D3C3EE 1EE 3EE 4EE 2EE 0EE 0H7D7EE 1EE 3EE 4EE 2EE 0EE 0SQDQEE 1EE 3EE 4EE 2EE 0EE 0SAHAEE 1EE 3EE 4EE 2EE 0EE 0S4EE 1C5EE 3D8EE 3H4C4EE 4EE 2EE 0EE 1EE 3EE 3STDTEE 4EE 2EE 0EE 1EE 3EE 3HKCKEE 4EE 2EE 0EE 1EE 3EE 3H3EE 4H5EE 2KxEE 0H8EE 0H9EE 1HTEE 3KxEE 4HQEE 2KxEE 1H2EE 4KxEE 1KxEE 1KxEE 1H6EE 3CQEE 4DKEE 2CAEE 1S2EE 3KxEE 4KxEE 2KxEE 1KxEE 1S8EE 1D9EE 3KxEE 4CTEE 2CJEE 1KxEE 4C2EE 2KxEE 4KxEE 4SJDJEE 2EE 1EE 3EE 4EE 4S6EE 2S7EE 1SKEE 3KxEE 4KxEE 2KxEE 1KxEE 1HJEE 3KxEE 4DAEE 2KxEE 4D2EE 4KxEE 4C9EE 2KxEE 3KxEE 2D6C6EE 3EE 2EE 2S3EE 3D5EE
%00071%result% 01432
%00071%points% 237 217 221 216 189
%00072%mibun% 01432
%00072%seat% 04213
%00072%palyer_cards% S3S6SQSKH3H4H5D5D9DTC5 SAH8D6DQC3C4CTCQCKC2 S9SJS2H6HJH2D8DJD2C6C9 S4STH7HQHKD7DACJCAJ3 S5S7S8H9HTHAD3D4DKC7C8 
%00072%change_cards%  20S2H2EE 31J3EE 02S3H3EE 13C3EE
%00072%play%  4S7C7EE 2EE 1EE 3EE 0EE 4EE 4S8C8EE 4D3EE 2H6EE 1H8EE 1DQCQEE 3EE 0EE 4EE 2EE 1EE 1C4EE 3H7EE 0D9EE 4HTEE 2SJEE 1CKEE 3DAEE 0S2EE 4KxEE 2KxEE 1KxEE 3KxEE 0KxEE 1KxEE 1D6EE 3D7EE 0DTEE 4DKEE 2D2EE 1KxEE 3KxEE 0KxEE 4KxEE 2KxEE 2S3H3EE 1EE 3EE 0EE 4EE 2EE 2S9C9EE 1EE 3EE 0EE 4EE 2EE 2HJDJEE 1EE 3EE 0EE 4EE 2EE 2C6EE 1CTEE 3CJEE 0KxEE 4KxEE 2KxEE 1C2EE 3KxEE 1KxEE 1SAEE 3KxEE 0H2EE 4KxEE 2KxEE 0KxEE 0H5D5C5EE 4EE 2EE 3EE 0EE 0H4EE 4S5EE 2D8EE 3C3EE 0S6EE 4H9EE 3STEE 0SQEE 4KxEE 3KxEE 0SKEE 4D4EE 3HQEE 4HAEE
%00072%result% 12043
%00072%points% 240 222 225 217 191
%00073%mibun% 20143
%00073%seat% 04213
%00073%palyer_cards% S4H3H7HJH2D5D6D7D9DQCT S3S5S8S9STSKSAHTHQD8C4 S7H4H6H9D4DKC3C6C7CK SJSQH5HKHADJD2C8CJC2J3 S6S2H8D3DTDAC5C9CQCA 
%00073%change_cards%  31D2J3EE 42S2EE 13S3C4EE 24C3EE
%00073%play%  4D3C3EE 2EE 1EE 3EE 0EE 4EE 4DACAEE 2EE 1EE 3EE 0EE 4EE 4C5EE 2H6EE 1S8EE 1STHTEE 3EE 0EE 4EE 2EE 1EE 1S5EE 3C8EE 3SJDJCJEE 0EE 4EE 2EE 1EE 3EE 3S3EE 0S4EE 4S6EE 2S7EE 1S9EE 3SQEE 0KxEE 4KxEE 2S2EE 1KxEE 3KxEE 2KxEE 1KxEE 1D8EE 1HQEE 3HKEE 0H2EE 4KxEE 2KxEE 1KxEE 3KxEE 0KxEE 0H7D7EE 4EE 2EE 1EE 3EE 0EE 0H3EE 4H8EE 4C9EE 2DKEE 1SAEE 3C2EE 0KxEE 4KxEE 2KxEE 1KxEE 3KxEE 3C4EE 0D5EE 4DTEE 2KxEE 1D2EE 3KxEE 0KxEE 4KxEE 1KxEE 1SKEE 3HAEE 0KxEE 4KxEE 2KxEE 3KxEE 3H5EE 0D6EE 4CQEE 2CKEE 0KxEE 2KxEE 2H4D4EE 0EE 2EE 2C6EE 0D9EE 2KxEE 0CTEE 0HJEE 0DQEE
%00073%result% 13402
%00073%points% 242 227 226 221 194
%00074%mibun% 30412
%00074%seat% 04213
%00074%palyer_cards% SAH3H7D7D8C3C6C8CTCKJ3 S3S7S9H6H8HKD3D4DTC4CQ S8STS2D9DJDKDAC5CJC2 S4S6SQSKH4H5HJHQH2D6DQ S5SJH9HTHAD5D2C7C9CA 
%00074%change_cards%  21S2C2EE 03J3EE 12S3D3EE 30S4EE
%00074%play%  2S3D3EE 1EE 3EE 0EE 4EE 2EE 2DJCJEE 1EE 3EE 0EE 4EE 2EE 2C5EE 1H6EE 3HJEE 0KxEE 4HAEE 2KxEE 1KxEE 3H2EE 4KxEE 3KxEE 3KxEE 3S6D6EE 0EE 4EE 2EE 1EE 3EE 3SQHQDQEE 0EE 4EE 2EE 1EE 3EE 3H4EE 0C6EE 4C7EE 2KxEE 1CQEE 3KxEE 0CKEE 4CAEE 1C2EE 0KxEE 4KxEE 1KxEE 1D4C4EE 3EE 0EE 4EE 2EE 1EE 1S7EE 3SKEE 0SAEE 4KxEE 2KxEE 1S2EE 3KxEE 0KxEE 1KxEE 1H8EE 1S9EE 3KxEE 0CTEE 4SJEE 2DKEE 1KxEE 0KxEE 4D2EE 2KxEE 4KxEE 4S5D5EE 2EE 1EE 3EE 0EE 4EE 4H9C9EE 2EE 1EE 3EE 0EE 4EE 4HTEE 2DAEE 1KxEE 3KxEE 0KxEE 2KxEE 2S8EE 2D9EE 1DTEE 3KxEE 0KxEE 2KxEE 1KxEE 1HKEE 3KxEE 0KxEE 2KxEE 3H5EE 0H7EE 2KxEE 0KxEE 0H3C3EE 2EE 0EE 0D8C8EE 0S4EE 2STEE
%00074%result% 41320
%00074%points% 243 231 228 224 199
%00075%mibun% 41320
%00075%seat% 03412
%00075%palyer_cards% S9SAH4HQD3D4DKC3C4C8 S6S8SJSQH3H8H2DAD2CQC2 S5H5H6H7HJD9DTDQC7CTCA STSKS2HAD7D8DJC5C9J3 S3S4S7H9HTHKD5D6C6CJCK 
%00075%change_cards%  04SADKEE 21CAEE 40S3S4EE 12H3EE
%00075%play%  0S3D3C3EE 3EE 4EE 1EE 2EE 0EE 0S4H4D4C4EE 3EE 4EE 1EE 2EE 0EE 0EE 3EE 4EE 1EE 2EE 0EE 3EE 4EE 1EE 2EE 0EE 3EE 4EE 1EE 2EE
%00075%result% 04321
%00075%points% 248 232 230 227 203
%00076%mibun% 04321
%00076%seat% 03412
%00076%palyer_cards% S5S9H9H2D5D6D8DQD2C5CT SJSKH7H8HJHKHADKCJC2 S8HQD4D9DJC4C7C8CKCA S4S6SAS2H3H4DTDAC3C6C9 S3S7STSQH5H6HTD3D7CQJ3 
%00076%change_cards%  10HAC2EE 24CAEE 01S5D5EE 42S3EE
%00076%play%  4S7D7EE 1EE 2EE 0EE 3EE 4EE 4STHTEE 1EE 2EE 0EE 3EE 4EE 4SQCQEE 1EE 2EE 0EE 3EE 4EE 4D3EE 1S5EE 2C7EE 0D8EE 0S9H9EE 3EE 4EE 1EE 2EE 0EE 0H2D2C2EE 3EE 4EE 1EE 2EE 0EE 0C5EE 3S6EE 4CAEE 1KxEE 2KxEE 0KxEE 3S2EE 4KxEE 3KxEE 4KxEE 4H5EE 1H7EE 2HQEE 0HAEE 3KxEE 4KxEE 1KxEE 2KxEE 0KxEE 0D6EE 3C9EE 4KxEE 1SJEE 2CKEE 0KxEE 3SAEE 1KxEE 2KxEE 3KxEE 3H3C3EE 4EE 1EE 2EE 0EE 3EE 3S4H4EE 4EE 1EE 2EE 0EE 3EE 3C6EE 4KxEE 1H8EE 1HJCJEE 2EE 0EE 3EE 4EE 1EE 1SKHKDKEE 2EE 0EE 3EE 4EE 1EE 1D5EE 2S8EE 2D4C4EE 0EE 3EE 4EE 2EE 2S3EE 0CTEE 3DAEE 4KxEE 2KxEE 0KxEE 3KxEE 3DTEE 4KxEE 2DJEE 0DQEE 2KxEE 4H6EE
%00076%result% 13042
%00076%points% 251 237 231 231 205
%00077%mibun% 20413
%00077%seat% 03412
%00077%palyer_cards% S5S8SJSQH3H6HAH2C6C9CA S6S7STSKH4H5HKD5DTCJCQ S9H8HQD9DJDQC4C5CKC2J3 SAHTHJD3D6D8D2C3C8CT S3S4S2H7H9D4D7DKDAC7 
%00077%change_cards%  21C2J3EE 43S2EE 12H4H5EE 34D3EE
%00077%play%  4S3D3EE 1EE 2EE 0EE 3EE 4EE 4S4D4EE 1EE 2EE 0EE 3EE 4EE 4H7D7C7EE 1EE 2EE 0EE 3EE 4EE 4H9EE 1STEE 2DJEE 0SQEE 3SAEE 4KxEE 1KxEE 2KxEE 0KxEE 3KxEE 1KxEE 1SKHKEE 2EE 0EE 3EE 4EE 1EE 1D5EE 2H8EE 2H4C4EE 0EE 3EE 4EE 1EE 2EE 2H5C5EE 0EE 3EE 4EE 1EE 2EE 2S9D9EE 0EE 3EE 4EE 1EE 2EE 2HQDQEE 0EE 3EE 4EE 1EE 2EE 2CKEE 0HAEE 3S2EE 4KxEE 1KxEE 0KxEE 3KxEE 3D8C8EE 3HTCTEE 4EE 1EE 0EE 3EE 3C3EE 4DKEE 1C2EE 0KxEE 3KxEE 4KxEE 1KxEE 1S6EE 0S8EE 0H6C6EE 3EE 4EE 1EE 0EE 0H3EE 3D6EE 4DAEE 1KxEE 0KxEE 3D2EE 3KxEE 3HJEE 1CQEE 0CAEE 1KxEE 0KxEE 0S5EE 1S7EE 0SJEE 1KxEE 0KxEE 0C9EE 1DTEE 0H2EE
%00077%result% 24301
%00077%points% 253 238 236 234 209
%00078%mibun% 34021
%00078%seat% 03241
%00078%palyer_cards% S7S9S2HJHKHAD7DACJCQ SJSQSAH4H2D5D6D8DTD2C8 S6S8STH3H6HQD3C3C7C9CA S4H7H8H9HTDJDKCKC2J3 S3S5SKH5D4D9DQC4C5C6CT 
%00078%change_cards%  12H2D2EE 04S2EE 21H3D3EE 40S3EE
%00078%play%  1H3D3EE 0EE 3EE 2EE 4EE 1EE 1D8C8EE 1H4EE 0S7EE 3H8EE 3DKCKEE 2EE 4EE 1EE 0EE 3EE 3S4EE 2S6EE 4SKEE 1SAEE 0KxEE 3KxEE 2KxEE 4KxEE 1KxEE 3KxEE 3H7EE 2S8EE 2H2D2EE 4EE 1EE 0EE 3EE 2EE 2C3EE 4D4EE 1D5EE 0D7EE 3DJEE 2KxEE 4DQEE 1KxEE 0DAEE 3KxEE 4KxEE 0KxEE 0HJCJEE 3EE 2EE 4EE 1EE 0EE 0S3EE 3H9EE 2STEE 4S2EE 1KxEE 0KxEE 3KxEE 2KxEE 4KxEE 4S5H5C5EE 1EE 0EE 3EE 2EE 4EE 4C4EE 1D6EE 0S9EE 3HTEE 2HQEE 4KxEE 1KxEE 0HKEE 3KxEE 2KxEE 0HAEE 0KxEE 0CQEE 3C2EE 2KxEE 4KxEE 1KxEE 2H6EE 4D9EE 1DTEE 2KxEE 4KxEE 1KxEE 1SJEE 2CAEE 4KxEE 1KxEE 2KxEE 2C7EE 4CTEE 1KxEE 2KxEE 4KxEE 4C6EE 1SQEE
%00078%result% 03412
%00078%points% 258 240 237 238 212
%00079%mibun% 03412
%00079%seat% 03241
%00079%palyer_cards% S8SQH6H9HTD8DTD2C5C8CK S5STSJS2H5C4CTCJCAC2 SAH8HJHQHAH2D4DQC6C7CQ S6S9H3H7HKD3D7D9DJDAC9 S3S4S7SKH4D5D6DKC3J3 
%00079%change_cards%  20SAH2EE 13S2EE 02H6C5EE 31H3EE
%00079%play%  3H7D7EE 2EE 4EE 1EE 0EE 3EE 3S9D9C9EE 2EE 4EE 1EE 0EE 3EE 3D3EE 2D4EE 4D5EE 1KxEE 0D8EE 0S8C8EE 0HTDTEE 3EE 2EE 4EE 1EE 0EE 0H2D2EE 3EE 2EE 4EE 1EE 0EE 0H9EE 3DJEE 2HQEE 4SKEE 1CAEE 0KxEE 3S2EE 2KxEE 4KxEE 1KxEE 3KxEE 4KxEE 4S3C3EE 1EE 0EE 3EE 2EE 4EE 4S4H4EE 1EE 0EE 3EE 2EE 4EE 4D6EE 1STEE 0SQEE 3KxEE 2KxEE 4KxEE 1KxEE 0SAEE 0KxEE 0CKEE 3DAEE 2KxEE 4KxEE 1C2EE 3KxEE 1KxEE 1S5H5EE 3EE 2EE 4EE 1EE 1SJCJEE 3EE 2EE 4EE 1EE 1H3EE 3S6EE 2C7EE 4DKEE 1KxEE 3KxEE 2HAEE 4KxEE 2KxEE 2H6C6EE 4EE 1EE 3EE 2EE 2DQCQEE 4EE 1EE 3EE 2EE 2C5EE 4S7EE 1CTEE 3HKEE 2KxEE 1KxEE 2H8EE 2HJEE
%00079%result% 04321
%00079%points% 263 241 239 241 216
%00080%mibun% 04321
%00080%seat% 03241
%00080%palyer_cards% S4S7S2H8D5D8DTC8C9CTCK S3STSQSKH2D3DJC4C5J3 S6H7H9HQHKD4D7D9DQDKC7 S5S8H3H4H6HTHAD6DAC3CA S9SJSAH5HJD2C6CJCQC2 
%00080%change_cards%  10H2J3EE 24HKEE 01S4D5EE 42H5EE
%00080%play%  1S3D3EE 0EE 3EE 2EE 4EE 1EE 1S4C4EE 0EE 3EE 2EE 4EE 1EE 1D5C5EE 0EE 3EE 2EE 4EE 1EE 1STEE 0CKEE 3HAEE 2KxEE 4D2EE 1KxEE 0KxEE 3KxEE 4KxEE 0KxEE 0H8D8C8EE 0DTCTEE 3EE 2EE 4EE 1EE 0EE 0S2H2EE 3EE 2EE 4EE 1EE 0EE 0S7EE 3S8EE 3H3C3EE 2EE 4EE 1EE 0EE 3EE 3H6D6EE 2EE 4EE 1EE 0EE 3EE 3DACAEE 2EE 4EE 1EE 0EE 3EE 3H4EE 2H5EE 4HJEE 1KxEE 0KxEE 3KxEE 2HQEE 4HKEE 2KxEE 4KxEE 4SJCJEE 1EE 0EE 3EE 2EE 4EE 4C6EE 1DJEE 0KxEE 3KxEE 2DQEE 4KxEE 1KxEE 2DKEE 2KxEE 2H7D7C7EE 4EE 1EE 0EE 3EE 2EE 2H9D9EE 4EE 1EE 0EE 3EE 2EE 2D4EE 4S9EE 1SQEE 0KxEE 3KxEE 2KxEE 4SAEE 1KxEE 4KxEE 4CQEE 1SKEE 0KxEE 3KxEE 2KxEE 4C2EE 0C9EE 3HTEE 2KxEE 3KxEE 3S5EE
%00080%result% 14032
%00080%points% 266 246 240 243 220
%00081%mibun% 20431
%00081%seat% 01342
%00081%palyer_cards% S8S9SQH5HJH2D3D6DAC4 S4S5STH4HTDTD2C6C7CQC2 S3S2H6H7H8HKHADQC9CT S7SAH9D4D5D8C3CJCKCAJ3 S6SJSKH3HQD7D9DJDKC5C8 
%00081%change_cards%  21S2HAEE 34J3EE 12S4H4EE 43H3EE
%00081%play%  0D3EE 1S5EE 3S7EE 4SJEE 2KxEE 0SQEE 1S2EE 3KxEE 4KxEE 0KxEE 1KxEE 4KxEE 4SKDKEE 2EE 0EE 1EE 3EE 4EE 4C5EE 2H6EE 0S8EE 0C4EE 1C6EE 3CJEE 4KxEE 2KxEE 0KxEE 1CQEE 3CKEE 1C2EE 3KxEE 1KxEE 1STHTDTEE 3EE 4EE 2EE 0EE 1EE 1C7EE 3D8EE 3H3C3EE 4EE 2EE 0EE 1EE 3EE 3SACAEE 4EE 2EE 0EE 1EE 3EE 3D4EE 4S6EE 2H7EE 0S9EE 1HAEE 3KxEE 4KxEE 2KxEE 0H2EE 1KxEE 0KxEE 0H5EE 1D2EE 3KxEE 4KxEE 2KxEE 0KxEE 3D5EE 4D7EE 2DQEE 0DAEE 3KxEE 4KxEE 2KxEE 0KxEE 0D6EE 3H9EE 4DJEE 2HKEE 0KxEE 4KxEE 2KxEE 2S4H4EE 0EE 4EE 2EE 2S3EE 0HJEE 4HQEE 2KxEE 4KxEE 4C8EE 4D9EE
%00081%result% 13042
%00081%points% 269 251 241 247 222
%00082%mibun% 20413
%00082%seat% 01342
%00082%palyer_cards% S5S7STS2HQHADAC9CTC2 S8SKH3D5D6D7DTDKCQCAJ3 S3H4H5HJHKH2D9C5C6CJ S6S9SJSQH6HTD4D8DQC4C7 S4SAH7H8H9D3DJD2C3C8CK 
%00082%change_cards%  21HKH2EE 43D2EE 12H3D5EE 34D4EE
%00082%play%  4D3C3EE 2EE 0EE 1EE 3EE 4EE 4S4D4EE 2EE 0EE 1EE 3EE 4EE 4H8C8EE 4H7EE 2D9EE 0STEE 1CQEE 3D2EE 4KxEE 2KxEE 0KxEE 1KxEE 3KxEE 1KxEE 1SKHKDKEE 3EE 4EE 2EE 0EE 1EE 1D6EE 3C7EE 4H9EE 2HJEE 0HQEE 1H2EE 3KxEE 4KxEE 2KxEE 0KxEE 1KxEE 1D7EE 3D8EE 3S6H6EE 4EE 2EE 0EE 1EE 3EE 3SQDQEE 4EE 2EE 0EE 1EE 3EE 3C4EE 4DJEE 2KxEE 0HAEE 1KxEE 3KxEE 4KxEE 0S2EE 0KxEE 0S5EE 1S8EE 1DTEE 3SJEE 4CKEE 2KxEE 0DAEE 1KxEE 3KxEE 4KxEE 0C2EE 0KxEE 0S7EE 1CAEE 3KxEE 4KxEE 2KxEE 0KxEE 3S9EE 4SAEE 2KxEE 0KxEE 3KxEE 2S3H3EE 0EE 3EE 2EE 2H5D5C5EE 0EE 3EE 2EE 2H4EE 0C9EE 3HTEE 2CJEE 0KxEE 2KxEE 2C6EE
%00082%result% 14320
%00082%points% 270 256 243 250 226
%00083%mibun% 40321
%00083%seat% 01342
%00083%palyer_cards% S7S8SJH8HKD7DQC8CTJ3 S9SQSKH4H5HTD3D4C3C4CQ S3S4STS2H9HJH2D6DKD2 S6SAH3H7HAD8D9DTDAC7C9 S5H6HQD5DJC5C6CJCKCAC2 
%00083%change_cards%  01HKJ3EE 24S2EE 10D3C3EE 42S5EE
%00083%play%  0D3C3EE 1EE 3EE 4EE 2EE 0EE 0S7D7EE 1EE 3EE 4EE 2EE 0EE 0S8H8C8EE 0CTEE 1SQEE 3SAEE 4S2EE 2KxEE 0KxEE 1KxEE 3KxEE 4KxEE 1KxEE 1H4D4C4EE 3EE 4EE 2EE 0EE 1EE 1SKHKEE 3EE 4EE 2EE 0EE 1EE 1H5EE 3S6EE 4DJEE 2DKEE 0KxEE 1KxEE 3DAEE 4KxEE 2D2EE 3KxEE 2KxEE 2S3S4S5EE 0EE 1EE 3EE 4EE 2EE 2D6EE 0SJEE 1CQEE 3HAEE 4C2EE 2KxEE 0KxEE 1KxEE 3KxEE 4KxEE 4D5C5EE 2EE 0EE 1EE 3EE 4EE 4H6C6EE 2EE 0EE 1EE 3EE 4EE 4CJEE 2H2EE 0KxEE 1KxEE 3KxEE 4KxEE 2KxEE 2H9EE 0DQEE 1KxEE 3KxEE 4CKEE 2KxEE 4CAEE 4KxEE 4HQEE 2KxEE 1KxEE 3KxEE 2STEE 1KxEE 3KxEE 2HJEE 1S9EE 3DTEE 1KxEE 3KxEE 3H7C7EE 1EE 3EE 3D9C9EE 1EE 3EE 3H3EE 1HTEE
%00083%result% 04213
%00083%points% 275 258 246 251 230
%00084%mibun% 03241
%00084%seat% 42130
%00084%palyer_cards% S8SJH5D5D7DKC7C9CTCJCA S4S5STSAHTHJHKD8C3C6 SQH3HAD4DTDQD2C4CKC2J3 S3S6S7H4H7H9HQD9DJCQ S9SKS2H6H8H2D3D6DAC5C8 
%00084%change_cards%  30HQCQEE 14SAEE 03H5D5EE 41D3EE
%00084%play%  1D3C3EE 3EE 0EE 4EE 2EE 1EE 1STHTEE 3EE 0EE 4EE 2EE 1EE 1S4EE 3H5EE 0D7EE 4H8EE 4H6D6EE 2EE 1EE 3EE 0EE 4EE 4SADAEE 2EE 1EE 3EE 0EE 4EE 4S2H2EE 2EE 1EE 3EE 0EE 4EE 4C5EE 2DTEE 1HJEE 3KxEE 0HQEE 4KxEE 2HAEE 1KxEE 0KxEE 2KxEE 2KxEE 2D4C4EE 1EE 3EE 0EE 4EE 2EE 2SQDQEE 1EE 3EE 0EE 4EE 2EE 2D2C2EE 1EE 3EE 0EE 4EE 2EE 2H3EE 1S5EE 3S6EE 0S8EE 0SJCJEE 4EE 2EE 1EE 3EE 0EE 0C7EE 4C8EE 4S9EE 2CKEE 1KxEE 3KxEE 0CAEE 4KxEE 0KxEE 0C9EE 4SKEE 1KxEE 3KxEE 0KxEE 1C6EE 3S7EE 0CTEE 1HKEE 3KxEE 0KxEE 1KxEE 1D8EE 3H9D9EE 0EE 3EE 3S3EE 0CQEE 3KxEE 0DKEE
%00084%result% 24103
%00084%points% 277 261 251 252 234
%00085%mibun% 32041
%00085%seat% 42130
%00085%palyer_cards% S4S8STH8DKC4C8CQCKC2 S5H3H5H9HQHKD8D9DTDAC6 SJS2H4H6D3D5D6D7C7CTCJ S3S9SQHJD4DQD2C3C5C9CA S6S7SKSAH7HTHAH2DJJ3 
%00085%change_cards%  32D2CAEE 04C2EE 23H4D3EE 40S6EE
%00085%play%  3S3D3C3EE 0EE 4EE 2EE 1EE 3EE 3H4D4EE 0EE 4EE 2EE 1EE 3EE 3S9C9EE 0EE 4EE 2EE 1EE 3EE 3SQDQEE 0EE 4EE 2EE 1EE 3EE 3C5EE 0S6EE 4S7EE 2SJEE 1KxEE 3KxEE 0KxEE 4SKEE 2S2EE 4KxEE 2KxEE 4KxEE 4SAHAEE 2EE 1EE 3EE 0EE 4EE 4H2C2EE 2EE 1EE 3EE 0EE 4EE 4H7EE 2CTEE 1HQEE 3KxEE 0DKEE 4KxEE 2CAEE 1KxEE 0KxEE 2D2EE 2KxEE 2H6D6EE 1EE 3EE 0EE 4EE 2EE 2D7C7EE 1EE 3EE 0EE 4EE 2EE 2D5EE 1C6EE 3HJEE 0CQEE 4KxEE 2KxEE 1HKEE 0KxEE 1DAEE 1KxEE 1S5H5EE 0EE 4EE 2EE 1EE 1H9D9EE 0EE 4EE 2EE 1EE 1H3EE 0S4EE 4HTEE 2CJEE 1KxEE 0CKEE 4KxEE 0KxEE 0S8H8C8EE 0C4EE 4DJEE 1KxEE 0KxEE 1D8EE 1DTEE
%00085%result% 32410
%00085%points% 278 263 255 257 237
%00086%mibun% 43102
%00086%seat% 42130
%00086%palyer_cards% S5S9SQH4H9D3D9C4C7C8CK S3S4S8S2H5H6H8D8DQJ3 S7HJHQHKD5D7DJC6CQCA STSKSAD6DTD2C3C5CTCJC2 S6SJH3H7HTHAH2D4DKDAC9 
%00086%change_cards%  03SQCKEE 12J3EE 30C3C5EE 21D5EE
%00086%play%  0D3C3EE 4EE 2EE 1EE 3EE 0EE 0H4C4EE 4EE 2EE 1EE 3EE 0EE 0S5C5EE 4EE 2EE 1EE 3EE 0EE 0S9H9D9EE 4EE 2EE 1EE 3EE 0EE 0C7EE 4C9EE 2CQEE 1KxEE 3CKEE 0KxEE 4KxEE 2CAEE 3C2EE 2KxEE 3KxEE 2KxEE 2S7D7EE 1EE 3EE 0EE 4EE 2EE 2HJDJEE 1EE 3EE 0EE 4EE 2EE 2C6EE 1S8EE 1H5D5EE 3EE 0EE 4EE 2EE 1EE 1H8D8EE 1S3EE 3D6EE 0C8EE 4HADAEE 2EE 1EE 3EE 4EE 4H3EE 2HQEE 1KxEE 3KxEE 4H2EE 2KxEE 4KxEE 4D4EE 2HKEE 1S2EE 3KxEE 4KxEE 1KxEE 1S4EE 3STEE 4SJEE 1KxEE 3SQEE 4KxEE 3SKEE 3SAEE 3KxEE 3DTCTEE 4EE 1EE 3EE 3CJEE 4DKEE 1KxEE 3D2EE 4KxEE 4S6EE 1DQEE 4KxEE 1KxEE 1H6EE
%00086%result% 02314
%00086%points% 283 265 259 260 238
%00087%mibun% 03124
%00087%seat% 32401
%00087%palyer_cards% STH3HTHQD4DJDAC4C5C6CA S4S5SJH5H6H7HJHAD5D8C3 S9SKSAS2H4H2DKC9CTJ3 S3S8H9HKD3DTDQC7CQCKC2 S6S7SQH8D6D7D9D2C8CJ 
%00087%change_cards%  40SQD2EE 12HAEE 04H3D4EE 21H4EE
%00087%play%  3S3D3EE 2EE 4EE 0EE 1EE 3EE 3DQCQEE 2EE 4EE 0EE 1EE 3EE 3HKCKEE 2EE 4EE 0EE 1EE 3EE 3C7EE 2S9EE 4CJEE 0SQEE 1KxEE 3C2EE 2KxEE 4KxEE 0KxEE 3KxEE 2KxEE 2SKDKEE 4EE 0EE 1EE 3EE 2EE 2SAHAEE 4EE 0EE 1EE 3EE 2EE 2S2H2EE 4EE 0EE 1EE 3EE 2EE 2C9EE 4KxEE 0STEE 1SJEE 3KxEE 2KxEE 0KxEE 1KxEE 1S4H4EE 3EE 2EE 4EE 0EE 1EE 1S5H5D5EE 3EE 2EE 4EE 0EE 1EE 1C3EE 3S8EE 3H9EE 2CTEE 4KxEE 0DJEE 1KxEE 3KxEE 0HQEE 0DAEE 0D2EE 0KxEE 0C4EE 1H6EE 3DTEE 4KxEE 0CAEE 1KxEE 0KxEE 0C5EE 1H7EE 4H8EE 4S6D6EE 0EE 1EE 4EE 4S7D7EE 0EE 1EE 4EE 4H3EE 0C6EE 1D8EE 1HJEE 4KxEE 0KxEE 4D4EE 0HTEE
%00087%result% 23104
%00087%points% 285 268 264 264 239
%00088%mibun% 32014
%00088%seat% 32401
%00088%palyer_cards% S3S6S9SJH6H7H8HJH2D6CT H3H5HTD9DTDAC3C4CKC2 S5S7H4HAD3D5D7DQDKD2CA S8STSQSKH9HQHKD8C9CQ S4SAS2D4DJC5C6C7C8CJJ3 
%00088%change_cards%  42S2J3EE 03H2EE 24H4D3EE 30S8EE
%00088%play%  4S4H4D4EE 0EE 1EE 3EE 2EE 4EE 4DJCJEE 0EE 1EE 3EE 2EE 4EE 4D3EE 0S6EE 1D9EE 3STEE 2DQEE 4SAEE 0KxEE 1C2EE 3KxEE 2KxEE 4KxEE 1KxEE 2KxEE 2S5D5EE 4EE 0EE 1EE 3EE 2EE 2S7D7EE 4EE 0EE 1EE 3EE 2EE 2HACAEE 4EE 0EE 1EE 3EE 2EE 2S2D2EE 4EE 0EE 1EE 3EE 2EE 2DKEE 4KxEE 0KxEE 1DAEE 3KxEE 1KxEE 1H3C3EE 3EE 4EE 0EE 1EE 1HTDTEE 3EE 4EE 0EE 1EE 1C4EE 3D8EE 3H9C9EE 4EE 0EE 1EE 3EE 3SQHQCQEE 4EE 0EE 1EE 3EE 3SKHKEE 4EE 0EE 1EE 3EE 3H2EE 4KxEE 0KxEE 1KxEE 4C5EE 0H6EE 1CKEE 4KxEE 0KxEE 1KxEE 1H5EE 4C6EE 0H7EE 4C8EE 4C7EE
%00088%result% 23140