%-----%hostname% DavLs-MacBook-Air.local
%-----%TIME_START% 2024/05/11 20:35:13
%-----%palyer_name% Normal Normal Normal Normal Normal
%-----%WINDOW_TYPE% ALICE
%-----%GRAPH_WINDOW% YES
%-----%RAND_TYPE% 1
%-----%RULE_KAKUMEI% YES
%-----%RULE_SHIBARI% YES
%-----%RULE_KINSOKU% NO
%-----%RULE_KAIDAN% YES
%-----%RULE_CHANGE% YES
%-----%RULE_5TOBI% NO
%-----%RULE_6REVERS% NO
%-----%RULE_8GIRI% YES
%-----%RULE_11BACK% NO
%-----%RULE_SEKIGAE% YES
%-----%RULE_SEKIGAE_NUM% 3
%-----%GAME_NUMBER% 15000
%-----%FLASH_MIBUN_NUMBER% 100
%-----%GAME_PORT% 52745
%-----%RANDOM_SEED% 1715427268
%00000%mibun% 22222
%00000%seat% 21043
%00000%palyer_cards% S6STSJSQS2H2D5D7C4C5CJ S5S9H4H5HTD9DKC3C6C2 S3S8SKH8H9DJC8CQCAJ3 S4SAH3H6H7HKD3D6D8DTD2 S7HJHQHAD4DQDAC7C9CTCK 
%00000%change_cards% NULL
%00000%play%  3H3EE 2S8EE 2S3EE 1H4EE 0D5EE 4S7EE 3D8EE 3D3EE 2H8EE 2C8EE 2H9EE 1HTEE 0H2EE 4KxEE 3KxEE 2KxEE 1KxEE 0KxEE 2KxEE 2DJEE 1DKEE 0KxEE 4DAEE 3D2EE 2KxEE 1KxEE 4KxEE 3KxEE 3S4EE 2CQEE 1C2EE 0KxEE 4KxEE 3KxEE 2KxEE 1KxEE 1C3EE 0C4EE 4C7EE 3KxEE 2CAEE 1KxEE 0KxEE 4KxEE 2KxEE 2SKEE 1KxEE 0S2EE 4KxEE 3KxEE 0KxEE 0STSJSQEE 4EE 3EE 1EE 0EE 0C5EE 4C9EE 3KxEE 1KxEE 0CJEE 4CKEE 0KxEE 4KxEE 4D4EE 3H6EE 1S9EE 0KxEE 4CTEE 3HKEE 1KxEE 4HAEE 3KxEE 4KxEE 4HJEE 3SAEE 1KxEE 0KxEE 4KxEE 3KxEE 3D6EE 1D9EE 0KxEE 4DQEE 3KxEE 1KxEE 4KxEE 4HQEE 3KxEE 1KxEE 0KxEE 3H7EE 1KxEE 0KxEE 3DTEE 1S5EE 0S6EE 1KxEE 0KxEE 0D7EE
%00000%result% 24301
%00000%points% 2 1 5 3 4
%00001%mibun% 34021
%00001%seat% 21043
%00001%palyer_cards% S7S8SJS2HJC4C7C8CQCAC2 S9SQH2DTDJD2C3C6CTCKJ3 STSAH4H8H9HTHKHAD4D5DQ S5S6H3H5H7D3D8D9DKC5 S3S4SKH6HQD6D7DAC9CJ 
%00001%change_cards%  12H2J3EE 04S2EE 21H4D4EE 40S3EE
%00001%play%  3H3EE 2D5EE 1C6EE 0S7EE 4C9EE 3DKEE 2SAEE 1D2EE 0KxEE 4KxEE 3KxEE 2KxEE 1KxEE 2KxEE 2H8H9HTEE 2HKHAH2EE 1EE 0EE 4EE 3EE 2EE 2STEE 1DJEE 0CQEE 4SKEE 3KxEE 2KxEE 1KxEE 0CAEE 4S2EE 0KxEE 4KxEE 4S4EE 3S5EE 2KxEE 1S9EE 0SJEE 4KxEE 3KxEE 1SQEE 0KxEE 1KxEE 1C3EE 0C4EE 4CJEE 3KxEE 2KxEE 1CKEE 0C2EE 4KxEE 1KxEE 0KxEE 0S3EE 4H6EE 3H7EE 2KxEE 1KxEE 0HJEE 4HQEE 3KxEE 0KxEE 4KxEE 4D6EE 3D8EE 3D3EE 2DQEE 1KxEE 0KxEE 4DAEE 3KxEE 4KxEE 4D7EE 3D9EE 1DTEE 0KxEE 3KxEE 1KxEE 1H4EE 0C7EE 3KxEE 1CTEE 0KxEE 1KxEE 1D4EE 0S8EE 0C8EE
%00001%result% 24103
%00001%points% 4 4 10 4 8
%00002%mibun% 32041
%00002%seat% 21043
%00002%palyer_cards% S4S5S6S8S9SQH6HTCJCQC2 SJSKSAS2HQHKD8C4C7CTCK STH8HJH2D4D6DKD2C5C6C8 S7H5H9HAD5DTDJDAC9J3 S3H3H4H7D3D7D9DQC3CA 
%00002%change_cards%  32HAJ3EE 04C2EE 23D4C5EE 40S3EE
%00002%play%  4H3EE 3D4EE 2D6EE 1D8EE 1SKSAS2EE 0S3S4S5S6EE 4EE 3EE 2EE 1EE 1C4EE 0S5EE 4H7EE 3H9EE 2HJEE 1HQEE 0KxEE 4KxEE 3KxEE 2HAEE 1KxEE 2H2EE 2KxEE 2KxEE 2C6EE 1C7EE 0CJEE 4CAEE 3KxEE 2KxEE 1KxEE 0KxEE 4C2EE 4KxEE 4D3EE 3H5EE 2H8EE 2C8EE 2STEE 1SJEE 0SQEE 4KxEE 3KxEE 2KxEE 1KxEE 0KxEE 0S3EE 4H4EE 3D5EE 2DKEE 1KxEE 0KxEE 4KxEE 3DAEE 2D2EE 3KxEE 1CTEE 0CQEE 4KxEE 3KxEE 1CKEE 0KxEE 1KxEE 1HKEE 0KxEE 4KxEE 3KxEE 0S4EE 4D7EE 3C9EE 0HTEE 4DQEE 3KxEE 0KxEE 4KxEE 4C3EE 3C5EE 0KxEE 4KxEE 3KxEE 3S7EE 0S8EE 0S6EE 4D9EE 3DTEE 0KxEE 3DJEE
%00002%result% 21430
%00002%points% 5 8 15 6 11
%00003%mibun% 41032
%00003%seat% 42130
%00003%palyer_cards% S3SKH7H9HJDJDKC3C6C8 H4H5H6HQD3D4D7DAD2C4C5 S4S6S9SJH8H2D5D8CJCQCK S5S8STSQSAH3DQCTCAC2J3 S7S2HTHKHAD6D9DTC7C9 
%00003%change_cards%  02SKDKEE 31J3EE 20S4D5EE 13D3EE
%00003%play%  3H3EE 0S4EE 4D6EE 2H8EE 2CJCQCKEE 1H4H5H6EE 3EE 0EE 4EE 2EE 2S6EE 1D7EE 3S8EE 3D3EE 0D5EE 4D9EE 2DKEE 1DAEE 3KxEE 0KxEE 4KxEE 2KxEE 1D2EE 1KxEE 1KxEE 1H4H5H6EE 3EE 0EE 4EE 2EE 1EE 1D4EE 3S5EE 0C6EE 4S7EE 2D8EE 2S9EE 1HQEE 3SAEE 0KxEE 4S2EE 2KxEE 1KxEE 3KxEE 4KxEE 4C7EE 2SJEE 1KxEE 3SQEE 0KxEE 4KxEE 2SKEE 3KxEE 2KxEE 2H2EE 1KxEE 3KxEE 0KxEE 4KxEE 1C4EE 3STEE 0HJEE 4HKEE 1KxEE 3KxEE 0KxEE 4HAEE 4KxEE 4C9EE 1KxEE 3CTEE 0KxEE 4KxEE 3CAEE 3C2EE 3KxEE 3DQEE 0KxEE 4KxEE 1KxEE 0S3EE 4HTEE 1KxEE 0DJEE 4KxEE 0KxEE 0C3EE 4DTEE 1KxEE 0KxEE 1C5EE
%00003%result% 23410
%00003%points% 6 10 20 10 14
%00004%mibun% 43012
%00004%seat% 42130
%00004%palyer_cards% S5S6S8SJHTD3D5DAC8J3 S3SAS2H4HQDTD2C3C6CQCA S4STSQH7HAH2DJDQDKCTCJ SKH6HKD7D8D9C4C7C9CKC2 S7S9H3H5H8H9HJD4D6C5 
%00004%change_cards%  02DAJ3EE 13S2EE 20S4H