%-----%hostname% a62
%-----%TIME_START% 2024/04/30 11:06:53
%-----%palyer_name% Normal Normal Normal Normal Normal
%-----%WINDOW_TYPE% ALICE
%-----%GRAPH_WINDOW% YES
%-----%RAND_TYPE% 1
%-----%RULE_KAKUMEI% YES
%-----%RULE_SHIBARI% YES
%-----%RULE_KINSOKU% NO
%-----%RULE_KAIDAN% YES
%-----%RULE_CHANGE% YES
%-----%RULE_5TOBI% NO
%-----%RULE_6REVERS% NO
%-----%RULE_8GIRI% YES
%-----%RULE_11BACK% NO
%-----%RULE_SEKIGAE% YES
%-----%RULE_SEKIGAE_NUM% 3
%-----%GAME_NUMBER% 1500
%-----%FLASH_MIBUN_NUMBER% 100
%-----%GAME_PORT% 52745
%-----%RANDOM_SEED% 1714442800
%00000%mibun% 22222
%00000%seat% 13240
%00000%palyer_cards% S6H4H5HQD4D5DKC3CJC2J3 S8STSQSKSAH7HTHAC5C6C7 H8H9H2D3D9DTDQDAC4CQ S3S7S9S2H3HJHKD7DJC8CT S4S5SJH6D6D8D2C9CKCA 
%00000%change_cards% NULL
%00000%play%  2H9D9EE 4EE 0EE 1EE 3EE 2EE 2DQCQEE 4EE 0EE 1EE 3EE 2EE 2D3EE 4S4EE 0H5EE 1C6EE 3S7EE 2H8EE 2C4EE 4S5EE 0S6EE 1S8EE 1H7C7EE 3EE 2EE 4EE 0EE 1EE 1STHTEE 3EE 2EE 4EE 0EE 1EE 1SAHAEE 3EE 2EE 4EE 0EE 1EE 1C5EE 3D7EE 2DTEE 4D2EE 0KxEE 1KxEE 3KxEE 2KxEE 4KxEE 0KxEE 0H4D4EE 1EE 3EE 2EE 4EE 0EE 0C3EE 1SQEE 3HKEE 2DAEE 4KxEE 0C2EE 1KxEE 3KxEE 2KxEE 0KxEE 0D5EE 1SKEE 3S2EE 2KxEE 4KxEE 0KxEE 3KxEE 3S3H3EE 2EE 4EE 0EE 3EE 3HJDJEE 2EE 4EE 0EE 3EE 3C8EE 3S9EE 2H2EE 4KxEE 0KxEE 3KxEE 4H6D6EE 0EE 3EE 4EE 4D8EE 4C9EE 0CJEE 3KxEE 4CKEE 0KxEE 4CAEE 4KxEE 4SJEE 0HQEE 3KxEE 0DKEE
%00000%result% 12403
%00000%points% 2 5 4 1 3
%00001%mibun% 30142
%00001%seat% 13240
%00001%palyer_cards% S4S6SAH3H8HTHKD7D2C7 STH6D5D6DTDKDAC5C9CAJ3 S5SJSQS2H7H2D4DQC3C6CQ S9H4H5HAD3D8D9DJC4C8CK S3S7S8SKH9HJHQCTCJC2 
%00001%change_cards%  31HACKEE 02D2EE 13D5C5EE 20C3EE
%00001%play%  3H4C4EE 2EE 4EE 0EE 1EE 3EE 3H5D5C5EE 2EE 4EE 0EE 1EE 3EE 3D8C8EE 3S9D9EE 2EE 4EE 0EE 1EE 3EE 3D3EE 2D4EE 4KxEE 0D7EE 1DTEE 3DJEE 2DQEE 0KxEE 1DKEE 2D2EE 1KxEE 2KxEE 1KxEE 1H6D6EE 2EE 4EE 0EE 1EE 1HADACAEE 2EE 4EE 0EE 1EE 1C9EE 2SJEE 4HQEE 0HKEE 1KxEE 2H2EE 4KxEE 0KxEE 2KxEE 2SQCQEE 4EE 0EE 1EE 2EE 2S5EE 4S7EE 0SAEE 1KxEE 2S2EE 4KxEE 0KxEE 2KxEE 2C6EE 4S8EE 4HJCJEE 0EE 1EE 2EE 4EE 4S3EE 0S4EE 1STEE 2KxEE 4SKEE 0KxEE 1KxEE 4KxEE 4H9EE 0HTEE 1KxEE 2KxEE 4KxEE 0KxEE 0H3C3EE 1EE 2EE 4EE 0EE 0S6EE 1CKEE 2KxEE 4C2EE 0KxEE 4KxEE 4CTEE 0KxEE 2KxEE 0C7EE 2KxEE 0H8EE
%00001%result% 31402
%00001%points% 4 9 5 6 6
%00002%mibun% 31402
%00002%seat% 13240
%00002%palyer_cards% S5SAHJH2D3D7C3C5CAJ3 S7S8SKHTHQHKD4D6C8CJ S4S6H3H4H5D5DTDAD2CQC2 S3S9SJH8H9D8D9DJDQC4CK STSQS2H6H7HADKC6C7C9CT 
%00002%change_cards%  23D2C2EE 01J3EE 32S3C4EE 10D4EE
%00002%play%  0D3C3EE 1EE 3EE 2EE 4EE 0EE 0S5C5EE 1EE 3EE 2EE 4EE 0EE 0SACAEE 1EE 3EE 2EE 4EE 0EE 0D4EE 1D6EE 3D8EE 3S9H9D9EE 2EE 4EE 0EE 1EE 3EE 3SJDJEE 2EE 4EE 0EE 1EE 3EE 3D2C2EE 2EE 4EE 0EE 1EE 3EE 3H8EE 3DQEE 2DAEE 4KxEE 0KxEE 1KxEE 3KxEE 2KxEE 1KxEE 1S8C8EE 1SKHKEE 3EE 2EE 4EE 0EE 1EE 1S7EE 3CKEE 2KxEE 4HAEE 0H2EE 1KxEE 4KxEE 0KxEE 0D7EE 1HTEE 2CQEE 4DKEE 0KxEE 1KxEE 2KxEE 4S2EE 4KxEE 4H6C6EE 0EE 1EE 2EE 4EE 4H7C7EE 0EE 1EE 2EE 4EE 4STCTEE 0EE 1EE 2EE 4EE 4C9EE 0HJEE 1HQEE 2KxEE 4KxEE 1KxEE 1CJEE 2KxEE 4SQEE
%00002%result% 30142
%00002%points% 8 12 6 11 8
%00003%mibun% 12403
%00003%seat% 24301
%00003%palyer_cards% S9SQSAH9D8D9DJC4C8CJJ3 S4S7SJHTHQD4D7DKC7C9C2 S3S5S8H4H6H7HKD5D6C3 S6STSKS2H5HJHAD3DAC5CQ H3H8H2DTDQD2C6CTCKCA 
%00003%change_cards%  23S8HKEE 40H2EE 32H5D3EE 04C4EE
%00003%play%  2S3D3C3EE 4EE 3EE 0EE 1EE 2EE 2S5H5D5EE 4EE 3EE 0EE 1EE 2EE 2H6D6EE 4EE 3EE 0EE 1EE 2EE 2H4EE 4C6EE 3S8EE 3SKHKEE 0EE 1EE 2EE 4EE 3EE 3HADAEE 0EE 1EE 2EE 4EE 3EE 3C5EE 0D8EE 0S9H9D9EE 1EE 2EE 4EE 3EE 0EE 0DJCJEE 1EE 2EE 4EE 3EE 0EE 0C8EE 0SQEE 1DKEE 2KxEE 4CAEE 3S2EE 0KxEE 1KxEE 4KxEE 3KxEE 0KxEE 0SAEE 1C2EE 2KxEE 4KxEE 3KxEE 0KxEE 1KxEE 1S4D4EE 2EE 4EE 3EE 0EE 1EE 1S7D7C7EE 2EE 4EE 3EE 0EE 1EE 1C9EE 2KxEE 4DTEE 3HJEE 0H2EE 1KxEE 4KxEE 3KxEE 1HTEE 2KxEE 4DQEE 3KxEE 1KxEE 4CKEE 4D2EE 4KxEE 4H3EE 3S6EE 1SJEE 2KxEE 4KxEE 3KxEE 1KxEE 1HQEE 2KxEE 4KxEE 3KxEE 2H7EE 4H8EE 4C4EE 3STEE 4KxEE 3CQEE
%00003%result% 01234
%00003%points% 13 16 9 13 9
%00004%mibun% 01234
%00004%seat% 24301
%00004%palyer_cards% S5SJSQH5HTD4D9DTC4CAC2 S3S6S8H7HKHAH2D5D6D7C9 S7S9H3H6D3DJDAC5CTCJCK S4SKH4HQD8DQDKC3C6CQ STSAS2H8H9HJD2C7C8J3 
%00004%change_cards%  40S2J3EE 31SKEE 04D4C4EE 13S3EE
%00004%play%  2H3D3EE 4EE 3EE 0EE 1EE 2EE 2DJCJEE 4EE 3EE 0EE 1EE 2EE 2C5EE 4C7EE 3CQEE 0CAEE 1KxEE 2KxEE 4KxEE 3KxEE 0C2EE 0KxEE 0KxEE 0S5H5EE 1EE 2EE 4EE 3EE 0EE 0HTDTEE 1EE 2EE 4EE 3EE 0EE 0D9EE 1SKEE 2DAEE 4D2EE 3KxEE 0KxEE 1KxEE 2KxEE 4KxEE 4D4C4EE 3EE 0EE 1EE 2EE 4EE 4H8C8EE 4H9EE 3HQEE 0KxEE 1HKEE 2KxEE 4KxEE 3KxEE 1HAEE 1H2EE 1KxEE 1S6D6EE 2EE 4EE 3EE 0EE 1EE 1H7D7EE 2EE 4EE 3EE 0EE 1EE 1D5EE 2H6EE 4STEE 3DQEE 0S2EE 1KxEE 2KxEE 4KxEE 3KxEE 0KxEE 0SJEE 1KxEE 2CKEE 4SAEE 3KxEE 0KxEE 2KxEE 4KxEE 4HJEE 3DKEE 0KxEE 1KxEE 2KxEE 3KxEE 3S3C3EE 0EE 1EE 2EE 3EE 3S4H4EE 0EE 1EE 2EE 3EE 3C6EE 0SQEE 1KxEE 2KxEE 3KxEE 1S8EE 1C9EE 2CTEE 3KxEE 2KxEE 2S7EE 3D8EE
%00004%result% 40132
%00004%points% 17 19 10 15 14
%00005%mibun% 12430
%00005%seat% 24301
%00005%palyer_cards% S7SAH6H8HJH2DQC3C9CTCQ SKH9HTD3D6D7D9C5C7CJ S9STH7D4D8DJD2C4C8CK S3S4S6SJSQH3H4HQD5DKC6 S5S8S2H5HKHADTDACAC2J3 
%00005%change_cards%  24D2CKEE 30DKEE 42S5H5EE 03C3EE
%00005%play%  1D7C7EE 2EE 4EE 3EE 0EE 1EE 1H9D9EE 2EE 4EE 3EE 0EE 1EE 1D3EE 2D4EE 4DTEE 3KxEE 0DQEE 1KxEE 2KxEE 4DAEE 0KxEE 4D2EE 4KxEE 4KxEE 4HKCKEE 3EE 0EE 1EE 2EE 4EE 4HACAEE 3EE 0EE 1EE 2EE 4EE 4S2C2EE 3EE 0EE 1EE 2EE 4EE 4S8EE 3S3H3C3EE 0EE 1EE 2EE 3EE 3S4H4EE 0EE 1EE 2EE 3EE 3S6C6EE 0EE 1EE 2EE 3EE 3SQHQEE 0EE 1EE 2EE 3EE 3D5EE 0H6EE 1HTEE 2KxEE 3KxEE 0HJEE 1KxEE 0H2EE 0KxEE 0S7EE 1CJEE 2KxEE 3KxEE 0CQEE 1KxEE 0KxEE 0H8EE 0C9EE 1SKEE 2KxEE 3KxEE 0SAEE 1KxEE 0KxEE 0CTEE 1KxEE 2DJEE 3KxEE 0DKEE 2KxEE 1C5EE 2H7EE 3SJEE 1KxEE 2KxEE 1D6EE
%00005%result% 40312
%00005%points% 21 21 11 18 19
%00006%mibun% 13420
%00006%seat% 14230
%00006%palyer_cards% S3STSJH5HKD3DJD2C7C8 S7H4H8H9HTHAD9CJC2J3 S9SQH2D5D6D7DTDKC4C9CT S8SKS2H6H7HQD4DQDAC3C5 S4S5S6SAH3HJD8C6CQCKCA 
%00006%change_cards%  24H2DKEE 10J3EE 42S4H3EE 01S3EE
%00006%play%  0SJDJEE 1EE 4EE 2EE 3EE 0EE 0D3EE 1H4EE 4S5EE 2D6EE 3H7EE 0C8EE 0H5EE 1S7EE 4D8EE 4S6C6EE 2EE 3EE 0EE 1EE 4EE 4DKCKEE 2EE 3EE 0EE 1EE 4EE 4SACAEE 2EE 3EE 0EE 1EE 4EE 4HJEE 2SQEE 3SKEE 0KxEE 1KxEE 4KxEE 2KxEE 3KxEE 0KxEE 0C7EE 1H8EE 1H9D9EE 4EE 2EE 3EE 0EE 1EE 1S3EE 4CQEE 2KxEE 3DAEE 0D2EE 1KxEE 4KxEE 3KxEE 0KxEE 0STEE 1CJEE 4H2EE 2KxEE 3KxEE 0KxEE 1KxEE 2S4C4EE 3EE 0EE 1EE 2EE 2S9C9EE 3EE 0EE 1EE 2EE 2DTCTEE 3EE 0EE 1EE 2EE 2H3EE 3D4EE 0HKEE 1HAEE 2KxEE 3KxEE 1KxEE 1HTEE 2KxEE 3HQEE 1KxEE 3KxEE 3C3EE 1C2EE 2KxEE 3KxEE 2D5EE 3H6EE 2D7EE
%00006%result% 40123
%00006%points% 25 24 13 19 24
%00007%mibun% 12340
%00007%seat% 14230
%00007%palyer_cards% S5S7SKHQD5D9C4C8CQC2 STSJH4H5H6HJHKH2D6DK S6S8H3H9DQD2C6C9CKCAJ3 S4S9SQH8D7DTDJDAC7CTCJ S3SAS2H7HTHAD3D4D8C3C5 
%00007%change_cards%  34SQDAEE 20J3EE 43S3D3EE 02C4EE
%00007%play%  3S3D3EE 0EE 1EE 4EE 2EE 3EE 3D7C7EE 0EE 1EE 4EE 2EE 3EE 3DTCTEE 0EE 1EE 4EE 2EE 3EE 3DJCJEE 0EE 1EE 4EE 2EE 3EE 3S4EE 0S5EE 1STEE 4SQEE 2KxEE 3KxEE 0SKEE 1KxEE 4SAEE 0KxEE 4KxEE 0KxEE 0HQCQEE 1EE 4EE 2EE 3EE 0EE 0D5EE 1H6EE 4H7EE 2H9EE 3KxEE 0KxEE 1HJEE 4HAEE 2KxEE 1H2EE 4KxEE 1KxEE 1HKDKEE 4EE 2EE 3EE 0EE 1EE 1H4EE 4C5EE 2S6EE 3H8EE 3S9EE 0C2EE 1KxEE 4KxEE 2KxEE 0KxEE 0S7EE 1SJEE 4S2EE 2KxEE 0KxEE 1KxEE 4KxEE 4C3EE 2C4EE 0C8EE 0D9EE 1KxEE 4HTEE 2DQEE 4DAEE 2D2EE 4KxEE 2KxEE 2H3EE 1H5EE 4KxEE 2KxEE 1KxEE 1D6EE 4D8EE 4D4EE
%00007%result% 30142
%00007%points% 29 27 14 24 26
%00008%mibun% 12403
%00008%seat% 14230
%00008%palyer_cards% S5S7S8H3H5DAD2C4C9CTCQ S6S9STSAS2D4D7DQDKC3J3 S4SQH7HJHQHKH2D6C6C7 S3SJH6H8H9HAD5DTC8CKC2 SKH4HTD3D8D9DJC5CJCA 
%00008%change_cards%  23HKH2EE 40CAEE 32S3D5EE 04H3EE
%00008%play%  4H3D3EE 2EE 3EE 0EE 1EE 4EE 4DJCJEE 2EE 3EE 0EE 1EE 4EE 4H4EE 2D5EE 3H6EE 0S7EE 1S9EE 4SKEE 2KxEE 3KxEE 0KxEE 1SAEE 4KxEE 1S2EE 1KxEE 1KxEE 1C3EE 4C5EE 2C6EE 3C8EE 3HKCKEE 0EE 1EE 4EE 2EE 3EE 3H2C2EE 0EE 1EE 4EE 2EE 3EE 3H8EE 3H9EE 0CTEE 1DQEE 4KxEE 2KxEE 3HAEE 0D2EE 1KxEE 3KxEE 0KxEE 0S5H5EE 1EE 4EE 2EE 3EE 0EE 0DACAEE 1EE 4EE 2EE 3EE 0EE 0C4EE 1S6EE 4D8EE 4D9EE 2HJEE 3KxEE 0CQEE 1DKEE 4KxEE 2KxEE 0KxEE 1KxEE 1D4EE 4HTEE 2SQEE 3KxEE 0KxEE 1KxEE 2KxEE 2H7C7EE 3EE 0EE 1EE 2EE 2S3EE 3DTEE 0KxEE 1KxEE 2HQEE 3KxEE 2KxEE 2S4EE 3SJEE 0KxEE 1KxEE 2KxEE 0S8EE 0C9EE 1STEE 2KxEE 1KxEE 1D7EE
%00008%result% 43012
%00008%points% 32 29 15 28 31
%00009%mibun% 23410
%00009%seat% 34201
%00009%palyer_cards% S3S5HQHADTDJC5C8CJCQC2 S9STH4H6H8H9D5DKD2C9 SKH3HKD3D9DAC4C6C7CTCK S8SJSQSAH5HJD4D7DQCA S4S6S7S2H7HTH2D6D8C3J3 
%00009%change_cards%  24SKDAEE 13D2EE 42S4C3EE 31D4EE
%00009%play%  2H3D3C3EE 0EE 1EE 3EE 4EE 2EE 2S4C4EE 0EE 1EE 3EE 4EE 2EE 2HKCKEE 0EE 1EE 3EE 4EE 2EE 2C6EE 0C8EE 0S5C5EE 1EE 3EE 4EE 2EE 0EE 0DJCJEE 1EE 3EE 4EE 2EE 0EE 0HQCQEE 1EE 3EE 4EE 2EE 0EE 0S3EE 1H4EE 3H5EE 4H7EE 2KxEE 0HAEE 1KxEE 3KxEE 4H2EE 0KxEE 4KxEE 4KxEE 4S6D6EE 2EE 0EE 1EE 3EE 4EE 4S7EE 2D9EE 0DTEE 1DKEE 3D2EE 4KxEE 2KxEE 0KxEE 1KxEE 3KxEE 3SJHJEE 4EE 2EE 0EE 1EE 3EE 3SQDQEE 4EE 2EE 0EE 1EE 3EE 3SACAEE 4EE 2EE 0EE 1EE 3EE 3D7EE 4D8EE 4HTEE 2KxEE 0C2EE 1KxEE 3KxEE 4KxEE 1S9H9C9EE 3EE 4EE 2EE 1EE 1D4EE 3S8EE 4SKEE 2KxEE 1KxEE 4DAEE 4S2EE 2C7EE 1H8EE 1D5EE 2CTEE
%00009%result% 03421
%00009%points% 37 30 17 32 34
%00010%mibun% 04312
%00010%seat% 34201
%00010%palyer_cards% S5S6H9HTHKD3D4C4C5C6C9 S7H6HJHQHADTDJDQCJCQCA S8SQS2H3H7D6D9DAC3CK S3SJSKSAH4H2D7DKD2C7CT S4S9STH5H8D5D8C8C2J3 
%00010%change_cards%  10HACAEE 23S2EE 01D3D4EE 32S3EE
%00010%play%  1HJDJCJEE 3EE 4EE 2EE 0EE 1EE 1HQDQCQEE 3EE 4EE 2EE 0EE 1EE 1D3EE 3H4EE 4H5EE 2H7EE 0H9EE 1KxEE 3H2EE 4KxEE 2KxEE 0KxEE 3KxEE 4KxEE 4H8D8C8EE 4S4EE 2D6EE 0C9EE 1DTEE 3SJEE 4C2EE 2KxEE 0KxEE 1KxEE 3KxEE 4KxEE 4D5EE 2S8EE 2S3H3C3EE 0EE 1EE 3EE 4EE 2EE 2D9EE 0HTEE 1KxEE 3SKEE 4KxEE 2DAEE 0KxEE 3S2EE 2KxEE 3KxEE 3D7C7EE 4EE 2EE 0EE 1EE 3EE 3CTEE 4KxEE 2SQEE 0HKEE 1KxEE 3SAEE 2KxEE 0KxEE 3D2EE 3KxEE 3DKEE 4KxEE 2KxEE 0HAEE 1KxEE 0KxEE 0S5C5EE 1EE 4EE 2EE 0EE 0S6C6EE 1EE 4EE 2EE 0EE 0C4EE 1H6EE 4S9EE 2CKEE 0CAEE 1KxEE 4KxEE 1D4EE 4STEE
%00010%result% 32041
%00010%points% 40 31 21 37 36
%00011%mibun% 24103
%00011%seat% 34201
%00011%palyer_cards% S3S7S8STH5H9HJC7CKJ3 H7HTDTDJDQDAC4C5CAC2 S5SQS2H6H8HQHKD3D2C8CT S4S9SJSKSAH4HAD4D6D9C6 S6H3H2D5D7D8DKC3C9CJCQ 
%00011%change_cards%  13DAC2EE 42H2EE 31S4H4EE 24D3EE
%00011%play%  4H3D3C3EE 2EE 0EE 1EE 3EE 4EE 4D5EE 2H6EE 0S7EE 1HTEE 3SJEE 4CQEE 2HKEE 0KxEE 1KxEE 3KxEE 4KxEE 2KxEE 0KxEE 0S3EE 1S4EE 3S9EE 4KxEE 2SQEE 0KxEE 1KxEE 3SKEE 2S2EE 3KxEE 2KxEE 2H8C8EE 2H2D2EE 0EE 1EE 3EE 4EE 2EE 2S5EE 0C7EE 1DTEE 3SAEE 4KxEE 2KxEE 0KxEE 1KxEE 3C2EE 3KxEE 3D6C6EE 4EE 2EE 0EE 1EE 3EE 3HADAEE 4EE 2EE 0EE 1EE 3EE 3D4EE 4S6EE 2CTEE 0HJEE 1DQEE 3KxEE 4DKEE 2KxEE 0KxEE 1KxEE 4KxEE 4D7EE 2HQEE 0CKEE 1CAEE 3KxEE 4KxEE 0KxEE 1KxEE 1H4C4EE 3EE 4EE 0EE 1EE 1C5EE 3D9EE 4CJEE 0KxEE 1KxEE 4KxEE 4D8EE 4C9EE 0STEE 1DJEE 0KxEE 1KxEE 1H7EE
%00011%result% 23410
%00011%points% 41 33 26 41 39
%00012%mibun% 43012
%00012%seat% 02134
%00012%palyer_cards% S5SAHKD4D5C3C5C8CKJ3 SJH4H7HJH2D7D8DAD2C7CT S4S9STS2H5H6HTDQC6CJC2 S3S8H3HQHAD3D6DJDKC4CQ S6S7SQSKH8H9D9DTC9CA 
%00012%change_cards%  02SAJ3EE 13H2EE 20S4H5EE 31S3EE
%00012%play%  3H3D3EE 4EE 0EE 2EE 1EE 3EE 3HQCQEE 4EE 0EE 2EE 1EE 3EE 3C4EE 4S6EE 0C8EE 0S4D4EE 2EE 1EE 3EE 4EE 0EE 0S5H5D5C5EE 2EE 1EE 3EE 4EE 0EE 0EE 2EE 1EE 3EE 4EE 0EE 2EE 1EE 3EE 4EE 0EE 2EE 1EE 3EE 4EE
%00012%result% 30214
%00012%points% 45 35 29 46 40
%00013%mibun% 13204
%00013%seat% 02134
%00013%palyer_cards% SJSAS2H5H6HJHQHKD5C4C8 S5S6S7SQH7H9D8DJCJCQ H3HTHAD3D9DQC6CTCAJ3 S3S8SKH8D4D6DKD2C5C7C9 S4S9STH4H2D7DTDAC3CKC2 
%00013%change_cards%  43H2C2EE 10SQEE 34S3D4EE 01C4EE
%00013%play%  2H3D3EE 1EE 3EE 4EE 0EE 2EE 2HTCTEE 1EE 3EE 4EE 0EE 2EE 2HACAEE 1EE 3EE 4EE 0EE 2EE 2C6EE 1S7EE 3S8EE 3SKDKEE 4EE 0EE 2EE 1EE 3EE 3H2D2C2EE 4EE 0EE 2EE 1EE 3EE 3C5EE 4D7EE 0C8EE 0H5D5EE 2EE 1EE 3EE 4EE 0EE 0SJHJEE 2EE 1EE 3EE 4EE 0EE 0SQHQEE 2EE 1EE 3EE 4EE 0EE 0H6EE 2D9EE 1DJEE 3KxEE 4DAEE 0KxEE 2KxEE 1KxEE 4KxEE 2KxEE 2DQEE 1KxEE 3KxEE 4CKEE 0SAEE 4KxEE 0S2EE 0KxEE 0HKEE 1KxEE 3KxEE 4KxEE 1C4EE 3D6EE 4S9EE 1CJEE 3KxEE 4KxEE 1CQEE 1KxEE 1S5EE 3C7EE 4STEE 1KxEE 3KxEE 4KxEE 4S3C3EE 1EE 3EE 4EE 4S4H4D4EE 1EE 3EE 4EE 4DTEE 1KxEE 3KxEE 1S6EE 3H8EE 3C9EE
%00013%result% 20431
%00013%points% 49 36 34 48 43
%00014%mibun% 14032
%00014%seat% 02134
%00014%palyer_cards% S9SJSQH3HAD7DJC3C6CA S4S5H4H9HQHKDAC5C7C8CJ S7STH6HTD6D9DTDQDKD2C2 SAS2H7H8HJD4D8C4C9CTCK S3S6S8SKH5H2D3D5CQJ3 
%00014%change_cards%  12HKDAEE 30S2EE 21H6D6EE 03H3EE
%00014%play%  4S3D3EE 0EE 2EE 1EE 3EE 4EE 4H5D5EE 0EE 2EE 1EE 3EE 4EE 4S6EE 0D7EE 2D9EE 1KxEE 3KxEE 4KxEE 0KxEE 2KxEE 4KxEE 4S8EE 4CQEE 0HAEE 2D2EE 1KxEE 3KxEE 4KxEE 0KxEE 2KxEE 2STHTDTEE 1EE 3EE 4EE 0EE 2EE 2HKDKEE 1EE 3EE 4EE 0EE 2EE 2S7EE 1C8EE 1S4H4EE 3EE 4EE 0EE 2EE 1EE 1S5C5EE 3EE 4EE 0EE 2EE 1EE 1H6D6EE 3EE 4EE 0EE 2EE 1EE 1C7EE 3H8EE 3D4C4EE 4EE 0EE 2EE 1EE 3EE 3H3EE 4SKEE 0CAEE 2C2EE 1KxEE 3KxEE 4KxEE 0KxEE 2KxEE 2DQEE 1KxEE 3CKEE 4H2EE 0KxEE 2KxEE 3KxEE 0SJDJEE 2EE 1EE 3EE 0EE 0C3EE 2DAEE 1KxEE 3KxEE 0S2EE 0KxEE 0C6EE 1H9EE 3CTEE 0SQEE 1KxEE 3SAEE 0KxEE 3KxEE 3H7EE 0S9EE 1CJEE 3KxEE 1HQEE
%00014%result% 42013
%00014%points% 52 38 38 49 48
%00015%mibun% 23140
%00015%seat% 42301
%00015%palyer_cards% S6SKSAHJD7D8C4C5CAC2 S5S8S2HADTDQC3CJCQCK S3S4SJH5H6H7HTHQDJC6CT S7S9H8HKH2D4D6DAD2C7C8 STSQH3H4H9D3D5D9DKC9J3 
%00015%change_cards%  34H2D2EE 12S2EE 43H3D3EE 21S3EE
%00015%play%  3H3D3EE 0EE 1EE 4EE 2EE 3EE 3S7C7EE 0EE 1EE 4EE 2EE 3EE 3H8C8EE 3D4EE 0C5EE 1S8EE 1S3C3EE 4EE 2EE 3EE 0EE 1EE 1DQCQEE 4EE 2EE 3EE 0EE 1EE 1S5EE 4H9EE 2HTEE 3HKEE 0KxEE 1HAEE 4H2EE 2KxEE 3KxEE 1KxEE 4KxEE 4KxEE 4D9C9EE 2EE 3EE 0EE 1EE 4EE 4H4EE 2H5EE 3KxEE 0HJEE 1KxEE 4KxEE 2HQEE 0KxEE 2KxEE 2H6C6EE 3EE 0EE 1EE 4EE 2EE 2SJDJEE 3EE 0EE 1EE 4EE 2EE 2S4EE 3D6EE 0D7EE 1DTEE 4DKEE 2KxEE 3DAEE 0KxEE 1KxEE 4D2EE 3KxEE 4KxEE 4D5EE 2H7EE 3S9EE 0SKEE 1KxEE 4KxEE 2S2EE 0KxEE 2KxEE 2CTEE 0SAEE 1KxEE 4KxEE 0C2EE 0KxEE 0C4EE 1CJEE 4KxEE 0CAEE 1KxEE 0KxEE 0S6EE 1CKEE 4KxEE 0KxEE 4STEE 0KxEE 4SQEE
%00015%result% 32140
%00015%points% 53 41 42 54 50
%00016%mibun% 42103
%00016%seat% 42301
%00016%palyer_cards% S7S9S2HTHJD4DTDJDQC9C2 S4S6SJH4H8H9HAD3D6DKJ3 S3S5H3H7HKD8D9C5CTCJ S8STSAH5HQD5D7DAC7C8CA SQSKH6H2D2C3C4C6CQCK 
%00016%change_cards%  03S2C2EE 42H2EE 30H5D5EE 24S3EE
%00016%play%  1S4H4EE 4EE 2EE 3EE 0EE 1EE 1S6D6EE 4EE 2EE 3EE 0EE 1EE 1D3EE 4C4EE 2S5EE 3D7EE 0S9EE 1SJEE 4SQEE 2KxEE 3SAEE 0KxEE 1KxEE 4KxEE 3KxEE 1KxEE 1H8EE 1H9EE 4CQEE 2HKEE 3DAEE 0KxEE 1KxEE 4D2EE 2KxEE 3KxEE 4KxEE 4S3C3EE 2EE 3EE 0EE 1EE 4EE 4H6C6EE 2EE 3EE 0EE 1EE 4EE 4SKCKEE 2EE 3EE 0EE 1EE 2H3EE 3C7EE 0C9EE 1KxEE 2CTEE 3CAEE 0KxEE 2KxEE 3C2EE 3KxEE 3S8C8EE 3STEE 0HJEE 1DKEE 2H2EE 3KxEE 0KxEE 1KxEE 2KxEE 2C5EE 3HQEE 0KxEE 1HAEE 2KxEE 3KxEE 2H7EE 3S2EE 0KxEE 2KxEE 0H5D5EE 2EE 0EE 0HTDTEE 2EE 0EE 0D4EE 2D8EE 2D9EE 0DJEE 2KxEE 0DQEE 0KxEE 0S7EE
%00016%result% 41302
%00016%points% 55 45 43 57 55
%00017%mibun% 31420
%00017%seat% 42301
%00017%palyer_cards% S3S8SQH8HTHAD5DKC3CJ S6STS2H4H7D6D7C5C8J3 S5S7SAH5HKD3D8DJC7C9C2 S4SKH3HQH2D4D9DQD2C4CT S9SJH6H9HJDTDAC6CQCKCA 
%00017%change_cards%  24SAC2EE 01HAEE 42H6C6EE 10H4EE
%00017%play%  2S5H5EE 3EE 0EE 1EE 4EE 2EE 2H6C6EE 3EE 0EE 1EE 4EE 2EE 2S7C7EE 3EE 0EE 1EE 4EE 2EE 2D3EE 3S4EE 0D5EE 1S6EE 4S9EE 2KxEE 3SKEE 0KxEE 1S2EE 4KxEE 3KxEE 1KxEE 1KxEE 1H7D7EE 4EE 2EE 3EE 0EE 1EE 1C5EE 4H9EE 2DJEE 3HQEE 0DKEE 1HAEE 4C2EE 2KxEE 3KxEE 0KxEE 1KxEE 4KxEE 4SJHJEE 2EE 3EE 0EE 1EE 4EE 4SADACAEE 2EE 3EE 0EE 1EE 4EE 4DTEE 2HKEE 3H2EE 0KxEE 1KxEE 4KxEE 2KxEE 3KxEE 3D4C4EE 0EE 1EE 4EE 2EE 3EE 3H3EE 0H4EE 1KxEE 4KxEE 2KxEE 3KxEE 0H8EE 0S3C3EE 1EE 4EE 2EE 3EE 0EE 0S8EE 0HTEE 1KxEE 4CQEE 2KxEE 3D2EE 0KxEE 4KxEE 3KxEE 3D9EE 0CJEE 1KxEE 4CKEE 2KxEE 3KxEE 0KxEE 2D8EE 2C9EE 3CTEE 0KxEE 1KxEE 3KxEE 3DQEE 0KxEE 1KxEE 0SQEE
%00017%result% 42301
%00017%points% 57 46 47 60 60
%00018%mibun% 34120
%00018%seat% 24103
%00018%palyer_cards% S6S7SAH8HKH2D6D7DQC4C6 S5SQHTHQD8DJC5C7C8C9CA STSKH3H5H9D9DKDACKJ3 S3S4S8SJH6D3D4D2C3CJ S9S2H4H7HJHAD5DTCTCQC2 
%00018%change_cards%  14SQCAEE 02H2EE 41H4D5EE 20H3EE
%00018%play%  3S3D3C3EE 2EE 4EE 1EE 0EE 3EE 3S4D4EE 2EE 4EE 1EE 0EE 3EE 3SJCJEE 2EE 4EE 1EE 0EE 3EE 3H6EE 2H9EE 4HJEE 1HQEE 0HKEE 3KxEE 2H2EE 4KxEE 1KxEE 0KxEE 2KxEE 2KxEE 2SKDKCKEE 4EE 1EE 0EE 3EE 2EE 2H5EE 4H7EE 1HTEE 0KxEE 3KxEE 2KxEE 4HAEE 1KxEE 4KxEE 4DTCTEE 1EE 0EE 3EE 2EE 4EE 4SQCQEE 1EE 0EE 3EE 2EE 4EE 4S2C2EE 1EE 0EE 3EE 2EE 4EE 4S9EE 1DJEE 0DQEE 3D2EE 2KxEE 4KxEE 1KxEE 0KxEE 3KxEE 3S8EE 2D9EE 4CAEE 1KxEE 0KxEE 2KxEE 1S5D5C5EE 0EE 2EE 1EE 1D8C8EE 1H4EE 0S6EE 2STEE 1KxEE 0SAEE 2KxEE 0KxEE 0D6C6EE 2EE 1EE 0EE 0S7D7EE 2EE 1EE 0EE 0H3EE 2DAEE 1KxEE 0KxEE 1C7EE 0H8EE 0C4EE
%00018%result% 34201
%00018%points% 59 47 50 65 64
%00019%mibun% 34201
%00019%seat% 24103
%00019%palyer_cards% S4S6SKS2HKD8C7CJCQCA S7SJSQD3D5DKC4C5C9CT S9H3H8HJHAD7D9DTD2CKC2 STSAH4H5H6HTD6DJDAC3C8 S3S5S8H7H9HQH2D4DQC6J3 
%00019%change_cards%  13SQDKEE 04S2EE 31H4C3EE 40S3EE
%00019%play%  1D3C3EE 0EE 3EE 2EE 4EE 1EE 1H4C4EE 0EE 3EE 2EE 4EE 1EE 1D5C5EE 0EE 3EE 2EE 4EE 1EE 1S7EE 0D8EE 0SKHKEE 3EE 2EE 4EE 1EE 0EE 0S3EE 3H5EE 2D7EE 4S8EE 4HQDQEE 1EE 0EE 3EE 2EE 4EE 4S2H2EE 1EE 0EE 3EE 2EE 4EE 4D4EE 1C9EE 0CJEE 3KxEE 2CKEE 4KxEE 1KxEE 0KxEE 2KxEE 4KxEE 4S5EE 1CTEE 0CQEE 3KxEE 2C2EE 4KxEE 1KxEE 0KxEE 2KxEE 2S9D9EE 4EE 1EE 0EE 3EE 2EE 2H3EE 4C6EE 1SJEE 0CAEE 3KxEE 2D2EE 4KxEE 0KxEE 2KxEE 2H8EE 2DTEE 4KxEE 0KxEE 3DJEE 2KxEE 3DKEE 3DAEE 3KxEE 3H6D6EE 2EE 4EE 0EE 3EE 3STHTEE 2EE 4EE 0EE 3EE 3C8EE 3SQEE 2HAEE 4KxEE 0KxEE 3KxEE 2KxEE 2HJEE 4KxEE 0KxEE 3SAEE 4H7EE 0KxEE 4H9EE
%00019%result% 12340
%00019%points% 60 52 54 68 66
%00020%mibun% 40123
%00020%seat% 24103
%00020%palyer_cards% S6STH5H7H9C4C5C6C7C8J3 SJH4HJHQHKD3D9DTDJD2CJ S3S4S7SKH3D4D5D8CAC2 S5SAS2H6H8H2D7DQDKDACT S8S9SQHTHAD6C3C9CQCK 
%00020%change_cards%  01STJ3EE 42HAEE 10H4D3EE 24S3EE
%00020%play%  0H4C4EE 3EE 2EE 4EE 1EE 0EE 0H5C5EE 3EE 2EE 4EE 1EE 0EE 0S6C6EE 3EE 2EE 4EE 1EE 0EE 0H7C7EE 3EE 2EE 4EE 1EE 0EE 0D3EE 3S5EE 2S7EE 4S8EE 4S3C3EE 1EE 0EE 3EE 2EE 4EE 4S9C9EE 1EE 0EE 3EE 2EE 4EE 4SQCQEE 1EE 0EE 3EE 2EE 4EE 4D6EE 1D9EE 0KxEE 3DQEE 2KxEE 4KxEE 1D2EE 3KxEE 1KxEE 1KxEE 1STDTEE 0EE 3EE 2EE 4EE 1EE 1SJHJDJCJEE 0EE 3EE 2EE 4EE 1EE 1EE 0EE 3EE 2EE 4EE 1EE 0EE 3EE 2EE 4EE 1EE 0EE 3EE 2EE 4EE
%00020%result% 02314
%00020%points% 65 54 58 71 67
%00021%mibun% 03124
%00021%seat% 32104
%00021%palyer_cards% S3S8S9SAH7H8HKHAH2D5CJ S4H3H4H5D4DTDAC8CAC2 S7SQSKHQD6DQD2C9CTCQ S5STSJH6HTD7DKC3C5C6CK S6S2H9HJD3D8D9DJC4C7J3 
%00021%change_cards%  40S2J3EE 12C2EE 04S3D5EE 21D6EE
%00021%play%  4S3D3EE 3EE 2EE 1EE 0EE 4EE 4H9D9EE 3EE 2EE 1EE 0EE 4EE 4HJDJEE 3EE 2EE 1EE 0EE 4EE 4C4EE 3S5EE 2S7EE 1KxEE 0S8EE 0SAHAEE 4EE 3EE 2EE 1EE 0EE 0S2H2EE 4EE 3EE 2EE 1EE 0EE 0H7EE 4D8EE 4D5EE 3H6EE 2C9EE 1DTEE 0CJEE 4KxEE 3DKEE 2D2EE 1KxEE 0KxEE 3KxEE 2KxEE 0KxEE 0H8EE 0S9EE 4KxEE 3STEE 2SQEE 1KxEE 0KxEE 3KxEE 2SKEE 2KxEE 2HQDQCQEE 1EE 0EE 4EE 3EE 2EE 2CTEE 1DAEE 0KxEE 4KxEE 3KxEE 2C2EE 1KxEE 1S4H4D4EE 0EE 4EE 3EE 1EE 1H3EE 0HKEE 4KxEE 3KxEE 1KxEE 4S6EE 3D7EE 1C8EE 1H5EE 4C7EE 3HTEE 1CAEE 3KxEE 1KxEE 1D6EE
%00021%result% 20413
%00021%points% 69 56 63 72 70
%00022%mibun% 13042
%00022%seat% 32104
%00022%palyer_cards% S9H5H6H8HQH2DAD2C7C2J3 S3SAS2H7D5DTDKC3C6CTCA S5S6STSJH9HJHAD8D9C4C8 S4S7SQHKD4DJC9CJCQCK S8SKH3H4HTD3D6D7DQC5 
%00022%change_cards%  32HKCKEE 10S2EE 23S5C4EE 01H5EE
%00022%play%  4H3D3EE 3EE 2EE 1EE 0EE 4EE 4H4EE 3S5EE 2S6EE 1SAEE 0S2EE 4KxEE 3KxEE 2KxEE 1KxEE 0KxEE 0KxEE 0H2D2C2EE 4EE 3EE 2EE 1EE 0EE 0H6EE 4D7EE 3C9EE 2STEE 1DKEE 0DAEE 4KxEE 3KxEE 2KxEE 1KxEE 0KxEE 0C7EE 4S8EE 4C5EE 3S7EE 2D8EE 2H9D9EE 1EE 0EE 4EE 3EE 2EE 2SJHJEE 1EE 0EE 4EE 3EE 2EE 2HKCKEE 1EE 0EE 4EE 3EE 2EE 2C8EE 2HAEE 1KxEE 0KxEE 4KxEE 3KxEE 1S3C3EE 0EE 4EE 3EE 1EE 1H5D5EE 0EE 4EE 3EE 1EE 1DTCTEE 0EE 4EE 3EE 1EE 1C6EE 0H8EE 0S9EE 4HTEE 3DJEE 1CAEE 0KxEE 4KxEE 3KxEE 1KxEE 1H7EE 0HQEE 4KxEE 3KxEE 4D6EE 3CJEE 4DQEE 3KxEE 4SKEE
%00022%result% 21043
%00022%points% 72 60 68 73 72
%00023%mibun% 21043
%00023%seat% 32104
%00023%palyer_cards% S7H3H6H9HADQDKC9CTCKC2 S3S5H5HTHQHKD3D7DACJCA S6STSKH7H8H2D4D9C3C4J3 S9SJSQH4HJD6DJC6C7CQ S4S8SAS2D5D8DTD2C5C8 
%00023%change_cards%  32SQCQEE 41S2EE 23D4C3EE 14S3EE
%00023%play%  1S5H5EE 0EE 4EE 3EE 2EE 1EE 1DACAEE 0EE 4EE 3EE 2EE 1EE 1D3EE 0H6EE 4S8EE 4D5C5EE 3EE 2EE 1EE 0EE 4EE 4D8C8EE 4S3EE 3H4EE 2S6EE 1D7EE 0H9EE 4DTEE 3SJEE 2SQEE 1S2EE 0KxEE 4KxEE 3KxEE 2KxEE 1KxEE 2KxEE 2C4EE 1HTEE 0DQEE 4SAEE 3KxEE 2H2EE 1KxEE 0KxEE 4KxEE 2KxEE 2H7EE 1CJEE 0DKEE 4D2EE 3KxEE 2KxEE 1KxEE 0KxEE 4KxEE 4S4EE 3D6EE 2H8EE 2D9EE 1HQEE 0CKEE 3KxEE 2KxEE 1KxEE 0HAEE 0C2EE 0KxEE 0H3EE 3D4EE 2STEE 1HKEE 0KxEE 3KxEE 2KxEE 0S7EE 3S9EE 2SKEE 0KxEE 3KxEE 2KxEE 2CQEE 0KxEE 3KxEE 0C9EE 3HJEE 0KxEE 3KxEE 3C3EE 0CTEE
%00023%result% 41203
%00023%points% 74 64 71 74 77
%00024%mibun% 31240
%00024%seat% 13420
%00024%palyer_cards% S6S9SJH3HTHQD7DAC3C5CQ S4STSAH5H8HJD3D2C6C9 S5SQH9HKHAH2D5D9DJCKJ3 S3S7S8SKS2D6DTC4C7C2 H4H6H7D4D8DQDKC8CTCJCA 
%00024%change_cards%  34S2C2EE 01DAEE 43H4D4EE 10D3EE
%00024%play%  0H3D3C3EE 1EE 3EE 4EE 2EE 0EE 0HQCQEE 1EE 3EE 4EE 2EE 0EE 0C5EE 1C6EE 3C7EE 4C8EE 4S2C2EE 2EE 0EE 1EE 3EE 4EE 4H6EE 2H9EE 0HTEE 1HJEE 3KxEE 4KxEE 2HKEE 0KxEE 1KxEE 2HAEE 2H2EE 2KxEE 2KxEE 2S5D5EE 0EE 1EE 3EE 4EE 2EE 2D9EE 0SJEE 1SAEE 3KxEE 4KxEE 2KxEE 0KxEE 1KxEE 1S4EE 3D6EE 4H7EE 2DJEE 0KxEE 1DAEE 3KxEE 4KxEE 2KxEE 1D2EE 1KxEE 1H5EE 3S7EE 4D8EE 4CTEE 2SQEE 0KxEE 1KxEE 3SKEE 4KxEE 2KxEE 3KxEE 3H4D4C4EE 4EE 2EE 0EE 1EE 3EE 3S3EE 4CJEE 2CKEE 0KxEE 1KxEE 3KxEE 4CAEE 4KxEE 4DQEE 0KxEE 1KxEE 3KxEE 4DKEE 0S6EE 1H8EE 1C9EE 3DTEE 0KxEE 1KxEE 3KxEE 3S8EE 0D7EE 1STEE
%00024%result% 24310
%00024%points% 75 66 76 77 81
%00025%mibun% 43021
%00025%seat% 13420
%00025%palyer_cards% S3S8SAH3H4H6H9D5D8C5CJ HJHADQDKDAC3C6CTCQC2J3 S4S6STSJSQSKS2H8H2D3D2 S7S9H5H7HTHQD4D7C9CA S5HKD6D9DTDJC4C7C8CK 
%00025%change_cards%  02SACJEE 14J3EE 20S4D3EE 41C4EE
%00025%play%  0S3H3D3EE 1EE 3EE 4EE 2EE 0EE 0S4H4EE 1EE 3EE 4EE 2EE 0EE 0D5C5EE 1EE 3EE 4EE 2EE 0EE 0S8D8EE 0H6EE 1CTEE 3HQEE 4HKEE 2H2EE 0KxEE 1KxEE 3KxEE 4KxEE 2KxEE 4KxEE 4S5EE 2S6EE 0KxEE 1KxEE 3S7EE 4KxEE 2STEE 3KxEE 2SJEE 2SQEE 2SKEE 2SAEE 2S2EE 2KxEE 2H8EE 2CJEE 0KxEE 1DQEE 3CAEE 4KxEE 2D2EE 1KxEE 3KxEE 0H9EE 1HJEE 3KxEE 4KxEE 1HAEE 1KxEE 1C3EE 3D4EE 4D6EE 1DKEE 3KxEE 4KxEE 1DAEE 1KxEE 1C4EE 3H5EE 4C7EE 1CQEE 3KxEE 4CKEE 1C2EE 4KxEE 1KxEE 1C6EE 3H7EE 4C8EE 4D9EE 3HTEE 4DJEE 3KxEE 4KxEE 4DTEE
%00025%result% 20143
%00025%points% 79 69 81 78 83
%00026%mibun% 12043
%00026%seat% 13420
%00026%palyer_cards% S5S9STSJSKHTHAD3C3C9CT S3S6S7SAH6HQD4D9DQC4C7 S2H4H7H8HJD5DAD2C6CQCA S4SQHKD7DJDKC5C8CJJ3 S8H3H5H9H2D6D8DTCKC2 
%00026%change_cards%  32HKJ3EE 40H2EE 23H4D5EE 04D3EE
%00026%play%  4H3D3EE 2EE 0EE 1EE 3EE 4EE 4S8D8EE 4H5EE 2C6EE 0S9EE 1HQEE 3DKEE 4C2EE 2KxEE 0KxEE 1KxEE 3KxEE 4KxEE 2KxEE 2DACAEE 0EE 1EE 3EE 4EE 2EE 2S2D2EE 0EE 1EE 3EE 4EE 2EE 2H7EE 0C9EE 1DQEE 3KxEE 4CKEE 2KxEE 0HAEE 1KxEE 4KxEE 0H2EE 0KxEE 0STHTCTEE 1EE 3EE 4EE 2EE 0EE 0C3EE 1D4EE 3D5EE 4D6EE 2KxEE 0KxEE 1D9EE 3DJEE 4KxEE 1KxEE 3KxEE 3S4H4EE 4EE 2EE 0EE 1EE 3EE 3C5EE 4H9EE 2HJEE 0KxEE 1KxEE 3KxEE 4KxEE 2HKEE 2KxEE 2H8EE 2CQEE 0SKEE 1SAEE 3KxEE 4KxEE 0KxEE 1KxEE 1S6H6EE 3EE 4EE 0EE 1EE 1S7C7EE 3EE 4EE 0EE 1EE 1S3EE 3D7EE 4DTEE 0KxEE 1KxEE 3KxEE 0S5EE 1KxEE 3C8EE 3CJEE 0KxEE 1KxEE 3SQEE 0SJEE
%00026%result% 24301
%00026%points% 81 70 86 81 87
%00027%mibun% 34021
%00027%seat% 03412
%00027%palyer_cards% SQSKH6H9HJHQHKC3C7C9CT H4H5H8HTDTDQC6C8CJCQ S8S9STH2D3D4D5D6D7C5C2 S4S7SJS2H3H7DJDAD2CAJ3 S3S5S6SAHAD8D9DKC4CK 
%00027%change_cards%  12DQCQEE 04SKEE 21D3D4EE 40S3EE
%00027%play%  1H4D4EE 2EE 0EE 3EE 4EE 1EE 1H8C8EE 1HTDTEE 2EE 0EE 3EE 4EE 1EE 1D3EE 2D5EE 0KxEE 3DJEE 4DKEE 1KxEE 2KxEE 3DAEE 4KxEE 3D2EE 3KxEE 3KxEE 3S7H7EE 4EE 1EE 2EE 0EE 3EE 3H3EE 4C4EE 1H5EE 2D6EE 0C7EE 3SJEE 4SKEE 1KxEE 2KxEE 0KxEE 3S2EE 4KxEE 3KxEE 3S4EE 4S5EE 1KxEE 2S8EE 2DQCQEE 0EE 3EE 4EE 1EE 2EE 2H2C2EE 0EE 3EE 4EE 1EE 2EE 2C5EE 0H6EE 3CAEE 4KxEE 1KxEE 2KxEE 0KxEE 4SAHAEE 1EE 2EE 0EE 4EE 4S6EE 1CJEE 2KxEE 0SQEE 4CKEE 1KxEE 0KxEE 4KxEE 4D8EE 4D9EE 1KxEE 2STEE 0HJEE 2KxEE 0HQEE 0HKEE 0KxEE 0S3C3EE 1EE 2EE 0EE 0H9C9EE 1EE 2EE 0EE 0CTEE 1KxEE 2KxEE 1C6EE
%00027%result% 34012
%00027%points% 84 72 87 86 91
%00028%mibun% 23401
%00028%seat% 03412
%00028%palyer_cards% S3S5SKH3H7HQH2D3C6CK S6S9H4H8HKD8DQC4C5C8C9 S4S7STSJHAD6D7C3CAC2 S8S2H9HTHJD5D9DTDJDKD2 SQSAH5H6D4DAC7CTCJCQJ3 
%00028%change_cards%  23HAC2EE 14HKEE 32S8D5EE 41D4EE
%00028%play%  0S3H3D3EE 3EE 4EE 1EE 2EE 0EE 0SKCKEE 3EE 4EE 1EE 2EE 0EE 0S5EE 3H9EE 4CTEE 1DQEE 2CAEE 0H2EE 3KxEE 4KxEE 1KxEE 2KxEE 0KxEE 4KxEE 4SQCQEE 1EE 2EE 0EE 3EE 4EE 4SADAEE 1EE 2EE 0EE 3EE 4EE 4H5EE 1S6EE 2S7EE 0KxEE 3S2EE 4KxEE 1KxEE 2KxEE 3KxEE 3HTDTEE 4EE 1EE 2EE 0EE 3EE 3HJDJEE 4EE 1EE 2EE 0EE 3EE 3D2C2EE 4EE 1EE 2EE 0EE 3EE 3D9EE 4CJEE 1KxEE 2KxEE 0HQEE 3DKEE 4KxEE 0KxEE 3HAEE 4H6EE 1H8EE 1H4D4C4EE 2EE 0EE 4EE 1EE 1D8C8EE 1S9C9EE 2EE 0EE 4EE 1EE 1C5EE 2D6EE 0H7EE 4HKEE 2KxEE 0KxEE 4KxEE 4C7EE 2S8EE 2C3EE 0C6EE
%00028%result% 31402
%00028%points% 86 76 