%-----%hostname% a62
%-----%TIME_START% 2024/04/30 12:12:42
%-----%palyer_name% Normal Normal Normal Normal Normal
%-----%WINDOW_TYPE% ALICE
%-----%GRAPH_WINDOW% YES
%-----%RAND_TYPE% 1
%-----%RULE_KAKUMEI% YES
%-----%RULE_SHIBARI% YES
%-----%RULE_KINSOKU% NO
%-----%RULE_KAIDAN% YES
%-----%RULE_CHANGE% YES
%-----%RULE_5TOBI% NO
%-----%RULE_6REVERS% NO
%-----%RULE_8GIRI% YES
%-----%RULE_11BACK% NO
%-----%RULE_SEKIGAE% YES
%-----%RULE_SEKIGAE_NUM% 3
%-----%GAME_NUMBER% 1500
%-----%FLASH_MIBUN_NUMBER% 100
%-----%GAME_PORT% 52745
%-----%RANDOM_SEED% 1714446751
%00000%mibun% 22222
%00000%seat% 32140
%00000%palyer_cards% S6SJS2H4H5H7H8HAH2D5D6 S5S9H9DJDKDAD2C3C6CJ S3S4S7HTHJHQC4C7C8CAJ3 S8STSKD4D7D8DTDQC5CTCQ SQSAH3H6HKD3D9C9CKC2 
%00000%change_cards% NULL
%00000%play%  4H3D3EE 0EE 3EE 2EE 1EE 4EE 4D9C9EE 0EE 3EE 2EE 1EE 4EE 4HKCKEE 0EE 3EE 2EE 1EE 4EE 4H6EE 0H7EE 3KxEE 2HTEE 1KxEE 4KxEE 0HAEE 2KxEE 0KxEE 2KxEE 2S4C4EE 1EE 4EE 0EE 3EE 2EE 2S7C7EE 1EE 4EE 0EE 3EE 2EE 2S3EE 1S5EE 4SQEE 0S2EE 3KxEE 2KxEE 1KxEE 4KxEE 0KxEE 0H5D5EE 3EE 2EE 1EE 4EE 0EE 0S6D6EE 3EE 2EE 1EE 4EE 0EE 0H4EE 3C5EE 2C8EE 2HJEE 1DKEE 4SAEE 0H2EE 3KxEE 2KxEE 1KxEE 4KxEE 0KxEE 0H8EE 0SJEE 3DQEE 2CAEE 1D2EE 4KxEE 3KxEE 2KxEE 1KxEE 1S9H9EE 4EE 3EE 2EE 1EE 1DJCJEE 4EE 3EE 2EE 1EE 1C3EE 4C2EE 3KxEE 2KxEE 1KxEE 3S8D8EE 3STDTCTEE 2EE 1EE 3EE 3D4EE 2HQEE 1DAEE 3KxEE 1KxEE 1C6EE
%00000%result% 04213
%00000%points% 5 2 3 1 4
%00001%mibun% 03241
%00001%seat% 32140
%00001%palyer_cards% S6H6H9HKH2D5DQD2C7CTC2 S9SQS2H4H5H7HQD6C6CA S7SKSAHAD9DJC3C4C5CQJ3 S4S8STHTD3D4D7D8DKDACK S3S5SJH3H8HJDTC8C9CJ 
%00001%change_cards%  30DKDAEE 14S2EE 03S6D5EE 41S3EE
%00001%play%  3S4D4EE 2EE 1EE 4EE 0EE 3EE 3S8D8EE 3STHTEE 2EE 1EE 4EE 0EE 3EE 3D3EE 2C4EE 1H5EE 4H8EE 4SJHJCJEE 0EE 3EE 2EE 1EE 4EE 4H3EE 0H6EE 3KxEE 2HAEE 1KxEE 4KxEE 0H2EE 2KxEE 0KxEE 2KxEE 2C3EE 1H4EE 4S5EE 0C7EE 3CKEE 2KxEE 1CAEE 4KxEE 0C2EE 3KxEE 1KxEE 0KxEE 0HKDKEE 3EE 2EE 1EE 4EE 0EE 0H9EE 3KxEE 2DJEE 1SQEE 4S2EE 0KxEE 2KxEE 1KxEE 4KxEE 4C8EE 4C9EE 0CTEE 3KxEE 2CQEE 1KxEE 4KxEE 0KxEE 2KxEE 2C5EE 1D6EE 4DTEE 0DQEE 3KxEE 2KxEE 1KxEE 0DAEE 0D2EE 3D5EE 2S7EE 1S9EE 3KxEE 2SKEE 1KxEE 2SAEE 2KxEE 2D9EE 1HQEE 3KxEE 1KxEE 1S3EE 3S6EE 1KxEE 3KxEE 3D7EE
%00001%result% 40231
%00001%points% 9 3 6 3 9
%00002%mibun% 14230
%00002%seat% 32140
%00002%palyer_cards% S8STSJSKHAH2D8DJC5CKJ3 S5SAH7H9HTD5DTC4C9CQ S3S6H3H6HJHQD3D6D7CA SQH4H5H8HKD9DKD2C8CTC2 S4S7S9S2D4DQDAC3C6C7CJ 
%00002%change_cards%  14SACQEE 30D2EE 41S4C3EE 03C5EE
%00002%play%  2S3H3D3EE 1EE 4EE 0EE 3EE 2EE 2S6H6D6EE 1EE 4EE 0EE 3EE 2EE 2D7EE 1H9EE 4CJEE 0SKEE 3C2EE 2KxEE 1KxEE 4KxEE 0KxEE 3KxEE 0KxEE 0S8D8EE 0SJDJEE 3EE 2EE 1EE 4EE 0EE 0H2D2EE 3EE 2EE 1EE 4EE 0EE 0STEE 3SQEE 2KxEE 1KxEE 4SAEE 0KxEE 3KxEE 4S2EE 4KxEE 4S7C7EE 0EE 3EE 2EE 1EE 4EE 4DQCQEE 0EE 3EE 2EE 1EE 4EE 4D4EE 0CKEE 3KxEE 2CAEE 1KxEE 4KxEE 0KxEE 2KxEE 2HJEE 1KxEE 4DAEE 0KxEE 3KxEE 2KxEE 4KxEE 4C6EE 0HAEE 3KxEE 2KxEE 1KxEE 4KxEE 3H5C5EE 2EE 1EE 4EE 3EE 3H8C8EE 3HKDKEE 2EE 1EE 4EE 3EE 3H4EE 2HQEE 1KxEE 4KxEE 3KxEE 1S4C4EE 4EE 3EE 1EE 1S5D5EE 4EE 3EE 1EE 1HTDTEE 4EE 3EE 1EE 1C3EE 4S9EE 3CTEE 1KxEE 3KxEE 3D9EE
%00002%result% 02431
%00002%points% 14 4 10 5 12
%00003%mibun% 04132
%00003%seat% 14023
%00003%palyer_cards% S4SKSAH4H6H2DKC6CJCQJ3 S3H5H9HJHAD3DTCTCAC2 S5S7STH3H7D4D8DJDAD2C8 S8SQS2H8D5D9DQC4C7C9CK S6S9SJHTHQHKD6D7C3C5 
%00003%change_cards%  10HAC2EE 32S2EE 01S4H4EE 23H3EE
%00003%play%  1S3D3EE 4EE 0EE 2EE 3EE 1EE 1S4H4EE 4EE 0EE 2EE 3EE 1EE 1DTCTEE 4EE 0EE 2EE 3EE 1EE 1H5EE 4S6EE 0CJEE 2DAEE 3KxEE 1KxEE 4KxEE 0H2EE 2KxEE 0KxEE 0KxEE 0H6C6EE 2EE 3EE 1EE 4EE 0EE 0SKDKEE 2EE 3EE 1EE 4EE 0EE 0SAHAEE 2EE 3EE 1EE 4EE 0EE 0CQEE 2S2EE 3KxEE 1KxEE 4KxEE 0KxEE 2KxEE 2S7H7EE 3EE 1EE 4EE 0EE 2EE 2D8C8EE 2D4EE 3D5EE 1KxEE 4D6EE 0KxEE 2DJEE 3DQEE 4KxEE 2D2EE 3KxEE 2KxEE 2S5EE 3C7EE 1H9EE 4HTEE 0KxEE 2KxEE 3KxEE 1HJEE 4HQEE 1KxEE 4HKEE 4KxEE 4C3EE 0C2EE 2KxEE 3KxEE 1KxEE 4KxEE 2STEE 3SQEE 1KxEE 4KxEE 3KxEE 3S8H8EE 3D9C9EE 1EE 4EE 3EE 3H3EE 1CAEE 4KxEE 3KxEE 4C5EE 3CKEE 4KxEE 3KxEE 3C4EE
%00003%result% 02134
%00003%points% 19 7 14 7 13
%00004%mibun% 02134
%00004%seat% 14023
%00004%palyer_cards% S3H3H2D8DJDQC8C9CQCKCA S8S9S2H5HQHAD7CTCJC2 SJSQSAH6H7H9D4D5DAC3C5 S4S7SKH4H8HJD6DTDKD2C6 S5S6STHTHKD3D9C4C7J3 
%00004%change_cards%  40HKJ3EE 32D2EE 04S3H3EE 23C3EE
%00004%play%  4S3H3D3EE 0EE 2EE 3EE 1EE 4EE 4STHTEE 0EE 2EE 3EE 1EE 4EE 4C4EE 0D8EE 0DQCQEE 2EE 3EE 1EE 4EE 0EE 0HKCKEE 2EE 3EE 1EE 4EE 0EE 0C8EE 0C9EE 2SJEE 3SKEE 1S2EE 4KxEE 0KxEE 2KxEE 3KxEE 1KxEE 0KxEE 0DJEE 2SQEE 3DKEE 1HAEE 4KxEE 0H2EE 2KxEE 3KxEE 1KxEE 0KxEE 0CAEE 2D2EE 3KxEE 1KxEE 4KxEE 2KxEE 2D5C5EE 3EE 1EE 4EE 2EE 2SADAEE 3EE 1EE 4EE 2EE 2D4EE 3D6EE 1D7EE 4D9EE 2KxEE 3DTEE 1KxEE 4KxEE 3KxEE 3S4H4EE 1EE 4EE 2EE 3EE 3C3EE 1H5EE 4S6EE 2H7EE 3H8EE 3C6EE 1S8EE 1S9EE 4KxEE 2KxEE 3HJEE 1HQEE 3KxEE 1KxEE 1CTEE 4KxEE 2KxEE 3KxEE 1CJEE 1C2EE 4S5EE 2H6EE 3S7EE 4KxEE 2H9EE
%00004%result% 01324
%00004%points% 24 11 16 10 14
%00005%mibun% 01324
%00005%seat% 14023
%00005%palyer_cards% S5S6S9SQH8D4D6DQC6CJJ3 S3SJSKH3H5H9HQD9C4C2 S7SAH6H7HJH2D3D5DKDAC7 S8STS2HKD7DJC3C8CTCQCK S4H4HTHAD8DTD2C5C9CA 
%00005%change_cards%  40HAD2EE 21H2EE 04S5D4EE 12S3EE
%00005%play%  2S3D3EE 3EE 1EE 4EE 0EE 2EE 2S7H7C7EE 3EE 1EE 4EE 0EE 2EE 2SADAEE 3EE 1EE 4EE 0EE 2EE 2D5EE 3D7EE 1D9EE 4DTEE 0DQEE 2DKEE 3KxEE 1KxEE 4KxEE 0D2EE 2KxEE 0KxEE 0KxEE 0S6D6C6EE 2EE 3EE 1EE 4EE 0EE 0H8EE 0S9EE 2HJEE 3CQEE 1SKEE 4CAEE 0KxEE 2KxEE 3S2EE 1KxEE 4KxEE 3KxEE 3S8C8EE 3STCTEE 1EE 4EE 0EE 2EE 3EE 3HKCKEE 1EE 4EE 0EE 2EE 3EE 3C3EE 1C4EE 4C5EE 0CJEE 2KxEE 3KxEE 1C2EE 4KxEE 0KxEE 1KxEE 1H3EE 4S4EE 0SQEE 2KxEE 3KxEE 1KxEE 4KxEE 0KxEE 0HAEE 2KxEE 3KxEE 1H2EE 4KxEE 1KxEE 1H5EE 4D8EE 4H4D4EE 2EE 3EE 1EE 4EE 4S5EE 2H6EE 3DJEE 1HQEE 4KxEE 1KxEE 1H9EE 4HTEE 1KxEE 4KxEE 4C9EE
%00005%result% 02341
%00005%points% 29 12 20 13 16
%00006%mibun% 04123
%00006%seat% 04231
%00006%palyer_cards% S5S9STH5H7HTD5D8DKC5CK S3S8SQH6HQHKD7D2C9CQ SAS2H4HAD4DJC3C6C7CAJ3 SJH3H2D3D6D9DAC4CTCJ S4S6S7SKH8H9HJDTDQC8C2 
%00006%change_cards%  10HKD2EE 42C2EE 01S5H5EE 24C3EE
%00006%play%  3H3D3EE 1EE 0EE 4EE 2EE 3EE 3SJCJEE 1EE 0EE 4EE 2EE 3EE 3C4EE 1S5EE 0H7EE 4H8EE 4C3EE 2H4EE 3D6EE 1D7EE 0D8EE 0D5C5EE 4EE 2EE 3EE 1EE 0EE 0STHTEE 4EE 2EE 3EE 1EE 0EE 0HKDKCKEE 4EE 2EE 3EE 1EE 0EE 0S9EE 4DTEE 2DJEE 3DAEE 1KxEE 0D2EE 4KxEE 2KxEE 3KxEE 2KxEE 2SAHACAEE 3EE 1EE 4EE 2EE 2S2C2EE 3EE 1EE 4EE 2EE 2D4EE 3D9EE 1KxEE 4DQEE 2KxEE 3KxEE 4KxEE 4S4EE 2C6EE 3CTEE 1CQEE 4KxEE 2KxEE 3KxEE 1KxEE 1SQHQEE 4EE 2EE 3EE 1EE 1S3EE 4S6EE 2KxEE 3KxEE 1S8EE 1H5EE 4S7EE 2KxEE 3H2EE 1KxEE 4KxEE 1H6EE 4C8EE 4H9EE 2KxEE 1KxEE 4HJEE 4KxEE 4SKEE 2KxEE 1KxEE 2C7EE
%00006%result% 03421
%00006%points% 34 13 22 17 19
%00007%mibun% 04312
%00007%seat% 04231
%00007%palyer_cards% SJSQSKH5H9D9DJC4C7C9CJ S3S7SAHJD3D8D2CTCAJ3 S4S5S6H4H7HKD6DKDACQC2 S8S9STH3HTHQHAD4DTC6 S2H6H8H2D5D7DQC3C5C8CK 
%00007%change_cards%  10D2J3EE 23C2EE 01H5C4EE 32H3EE
%00007%play%  1S3D3EE 0EE 4EE 2EE 3EE 1EE 1SACAEE 0EE 4EE 2EE 3EE 1EE 1C4EE 0C7EE 4C8EE 4D5C5EE 2EE 3EE 1EE 0EE 4EE 4S2H2EE 2EE 3EE 1EE 0EE 4EE 4C3EE 2S4EE 3C6EE 1S7EE 0H9EE 4DQEE 2HKEE 3HAEE 1KxEE 0KxEE 4KxEE 2KxEE 3KxEE 0KxEE 0D9C9EE 4EE 2EE 3EE 1EE 0EE 0SJDJCJEE 4EE 2EE 3EE 1EE 0EE 0SQEE 4CKEE 2DAEE 3C2EE 1KxEE 0KxEE 4KxEE 2KxEE 3KxEE 3STHTDTEE 1EE 0EE 4EE 2EE 3EE 3D4EE 1H5EE 0SKEE 4KxEE 2KxEE 3KxEE 1KxEE 0D2EE 4H6EE 2H7EE 3HQEE 1KxEE 4KxEE 2KxEE 3KxEE 3S8EE 3S9EE 1CTEE 4KxEE 2CQEE 1KxEE 2KxEE 2S6D6EE 1EE 4EE 2EE 2H3EE 1D8EE 1HJEE 4KxEE 2DKEE 2KxEE 2H4EE 4D7EE 2KxEE 4H8EE
%00007%result% 03142
%00007%points% 39 16 23 21 21
%00008%mibun% 02413
%00008%seat% 04231
%00008%palyer_cards% SAH8HTD5D6C4C7C9CKCAC2 SJSQS2H6H7H9HJH2D3C3 S5SKH3H5D4D7D8DKCTCJCQ S3S4S7S9HQDTDJC5C6C8 S6S8STH4HKHAD9DQDAD2J3 
%00008%change_cards%  20SKDKEE 43J3EE 02D5C4EE 34S3EE
%00008%play%  1D3C3EE 0EE 4EE 2EE 3EE 1EE 1SJHJEE 0EE 4EE 2EE 3EE 1EE 1S2H2EE 0EE 4EE 2EE 3EE 1EE 1H6EE 0C7EE 4S8EE 4HADAEE 2EE 3EE 1EE 0EE 4EE 4S3EE 2D4EE 3C5EE 1H7EE 0H8EE 0SKDKCKEE 4EE 2EE 3EE 1EE 0EE 0SACAEE 4EE 2EE 3EE 1EE 0EE 0D6EE 4D9EE 2KxEE 3DTEE 1KxEE 0KxEE 4DQEE 3KxEE 4KxEE 3KxEE 3S4EE 1H9EE 0HTEE 4HKEE 2KxEE 3KxEE 1KxEE 0KxEE 4KxEE 4H4EE 2S5EE 3C6EE 1SQEE 0C2EE 4KxEE 2KxEE 3KxEE 0KxEE 0C9EE 4STEE 2CJEE 3HQEE 4D2EE 2KxEE 3KxEE 4KxEE 4S6EE 2D7EE 3C8EE 3S7EE 2D8EE 2H5D5EE 3EE 2EE 2H3EE 3S9EE 2CTEE 3DJEE
%00008%result% 10432
%00008%points% 43 21 24 23 24
%00009%mibun% 10432
%00009%seat% 30412
%00009%palyer_cards% S6S7H3H7H9D3D5D6C7C2 SJSKH6HKH2D2C6C8C9CKCA S5STSQSAHQD7D9DJC4CJJ3 S8HTHAD4D8DQDKDAC5CTCQ S3S4S9S2H4H5H8HJDTC3 
%00009%change_cards%  21SAJ3EE 30HAEE 12H6C6EE 03H3EE
%00009%play%  0S6D6EE 4EE 1EE 2EE 3EE 0EE 0S7H7C7EE 4EE 1EE 2EE 3EE 0EE 0D3EE 4S4EE 1C8EE 1SKHKCKEE 2EE 3EE 0EE 4EE 1EE 1SACAEE 2EE 3EE 0EE 4EE 1EE 1H2D2EE 2EE 3EE 0EE 4EE 1EE 1C9EE 2STEE 3DQEE 0HAEE 4S2EE 1KxEE 2KxEE 3KxEE 0KxEE 4KxEE 1KxEE 1SJEE 2SQEE 3KxEE 0KxEE 4KxEE 2KxEE 2H6C6EE 3EE 0EE 4EE 2EE 2DJCJEE 3EE 0EE 4EE 2EE 2C4EE 3C5EE 0C2EE 4KxEE 2KxEE 3KxEE 0KxEE 0D5EE 4H8EE 4S3C3EE 2EE 3EE 0EE 4EE 4H4EE 2S5EE 3S8EE 3HTCTEE 0EE 4EE 2EE 3EE 3H3EE 0H9EE 4HJEE 2HQEE 3KxEE 4KxEE 2KxEE 2D7EE 3D8EE 3D4EE 4H5EE 2D9EE 3CQEE 4KxEE 3DKEE 3DAEE
%00009%result% 10234
%00009%points% 47 26 27 25 25
%00010%mibun% 10234
%00010%seat% 30412
%00010%palyer_cards% H6HAD6D9DJDKC3C8CJCK SJSKSAH3H4H7HKD4C4C6J3 S3S6S7SQH8D3D7DQC5CQCA S5S8STHTHJHQH2D5D8DTD2 S4S9S2H5H9DAC7C9CTC2 
%00010%change_cards%  41S2C2EE 30H2EE 14H3H4EE 03C3EE
%00010%play%  2S3D3EE 3EE 0EE 4EE 1EE 2EE 2S7D7EE 3EE 0EE 4EE 1EE 2EE 2SQDQCQEE 3EE 0EE 4EE 1EE 2EE 2C5EE 3S8EE 3S5D5EE 0EE 4EE 1EE 2EE 3EE 3STHTDTEE 0EE 4EE 1EE 2EE 3EE 3C3EE 0H6EE 4C7EE 1SJEE 2CAEE 3D2EE 0KxEE 4KxEE 1KxEE 2KxEE 3KxEE 1KxEE 1D4C4EE 2EE 3EE 0EE 4EE 1EE 1SKHKEE 2EE 3EE 0EE 4EE 1EE 1S2C2EE 2EE 3EE 0EE 4EE 1EE 1C6EE 2H8EE 2S6EE 3D8EE 3HJEE 0DKEE 4DAEE 1KxEE 3KxEE 0KxEE 4KxEE 4S4H4EE 1EE 3EE 0EE 4EE 4S9H9C9EE 1EE 3EE 0EE 4EE 4H3EE 1H7EE 3HQEE 0HAEE 4KxEE 1KxEE 0H2EE 0KxEE 0DJCJEE 4EE 1EE 0EE 0D6EE 4CTEE 1SAEE 0KxEE 4KxEE 0C8EE 0D9EE 4KxEE 0CKEE
%00010%result% 23104
%00010%points% 49 29 32 29 26
%00011%mibun% 32014
%00011%seat% 30412
%00011%palyer_cards% S3S9H4H6H9D6D8C6C8CTCK S4S7S8STSKH5H2DJC3C9 S5SJH8HAD3D7DQD2C7CQC2 SQH3H7HQHKD9DTDKC4C5CA S6SAS2HTHJD4D5DACJJ3 
%00011%change_cards%  42S2J3EE 03CKEE 24S5D3EE 30H3EE
%00011%play%  4S5D5EE 1EE 2EE 3EE 0EE 4EE 4HJCJEE 1EE 2EE 3EE 0EE 4EE 4SADAEE 1EE 2EE 3EE 0EE 4EE 4D3EE 1S4EE 2D7EE 3D9EE 0KxEE 4KxEE 1DJEE 2DQEE 3DKEE 1KxEE 2D2EE 3KxEE 2KxEE 2KxEE 2S2C2EE 3EE 0EE 4EE 1EE 2EE 2C7EE 3DTEE 0KxEE 4KxEE 1SKEE 2HAEE 3KxEE 1H2EE 2KxEE 1KxEE 1C3EE 2H8EE 2SJEE 3SQEE 0KxEE 4KxEE 1KxEE 2KxEE 3KxEE 3HKCKEE 0EE 4EE 1EE 2EE 3EE 3C4EE 0H6EE 4HTEE 1KxEE 2KxEE 3HQEE 0KxEE 4KxEE 3KxEE 3C5EE 0D6EE 4KxEE 1S7EE 2CQEE 3CAEE 0KxEE 1KxEE 3KxEE 3H7EE 0D8EE 0S3H3EE 4EE 1EE 0EE 0S9H9EE 4EE 1EE 0EE 0H4EE 4S6EE 1S8EE 1H5EE 0C6EE 4KxEE 1C9EE 0CTEE 1KxEE 0KxEE 0C8EE 4D4EE
%00011%result% 23041
%00011%points% 52 30 37 33 28
%00012%mibun% 24013
%00012%seat% 13240
%00012%palyer_cards% S9H3H6H9HJH2D3D5DTCTCJ S5S6S8STHQHKD6D8D2C2 S4H4H5H7D4D7DQDKC5C9CK S3S7H8D9DJDAC3C4C7J3 SJSQSKSAS2HTHAC6C8CQCA 
%00012%change_cards%  12D2C2EE 43S2EE 21S4H4EE 34S3EE
%00012%play%  0H3D3EE 1EE 3EE 2EE 4EE 0EE 0S9H9EE 1EE 3EE 2EE 4EE 0EE 0DTCTEE 1EE 3EE 2EE 4EE 0EE 0HJCJEE 1EE 3EE 2EE 4EE 0EE 0D5EE 1S6EE 3S7EE 2KxEE 4SJEE 0KxEE 1KxEE 3S2EE 4KxEE 3KxEE 3KxEE 3C3EE 2D4EE 4C6EE 0H2EE 1KxEE 3KxEE 2KxEE 4KxEE 0KxEE 0H6EE 1S8EE 1S4H4EE 3EE 2EE 4EE 1EE 1S5EE 3C7EE 2C9EE 4CQEE 1KxEE 3KxEE 2CKEE 4CAEE 2C2EE 4KxEE 2KxEE 2H5C5EE 4EE 1EE 3EE 2EE 2H7D7EE 4EE 1EE 3EE 2EE 2DQEE 4SKEE 1KxEE 3DAEE 2D2EE 4KxEE 3KxEE 2KxEE 2DKEE 4SAEE 1KxEE 3KxEE 4KxEE 4S3EE 1D6EE 3H8EE 3C4EE 4C8EE 4HTEE 1HQEE 3KxEE 4HAEE 1KxEE 4KxEE 4SQEE 1HKEE 3KxEE 1KxEE 1D8EE 1STEE
%00012%result% 02413
%00012%points% 57 32 41 34 31
%00013%mibun% 03142
%00013%seat% 13240
%00013%palyer_cards% S7H5H6H7H9HTD3D5D7DACQ S2H8HAH2D8DTC4C5CJCAC2 S4S8SQHQDJD2C7C9CTJ3 S3S5S6S9SJH3H4DKC3C6C8 STSKSAHJHKD4D6D9DQCK 
%00013%change_cards%  30SJDKEE 12S2EE 03H5D3EE 21S4EE
%00013%play%  3S3H3D3C3EE 2EE 4EE 0EE 1EE 3EE 3EE 2EE 4EE 0EE 1EE 3EE 2EE 4EE 0EE 1EE 3EE 2EE 4EE 0EE 1EE
%00013%result% 24301
%00013%points% 59 33 46 37 35
%00014%mibun% 34021
%00014%seat% 13240
%00014%palyer_cards% S8HQD3D6DTDJDQC4C6C8C9 S5S7SJH3HJC3C7CJCQCK S3S4H4H5H9D8D9DKD2CTJ3 S6STSQS2H6H2D5D7DACA S9SKSAH7H8HTHKHAD4C5C2 
%00014%change_cards%  12CQCKEE 04HQEE 21S3S4EE 40D4EE
%00014%play%  0D4C4EE 1EE 3EE 2EE 4EE 0EE 0D6C6EE 1EE 3EE 2EE 4EE 0EE 0S8C8EE 0D3EE 1S4EE 3D5EE 2D8EE 2H9D9EE 4EE 0EE 1EE 3EE 2EE 2DKCKEE 4EE 0EE 1EE 3EE 2EE 2H4EE 4C5EE 0C9EE 1CJEE 3CAEE 2KxEE 4KxEE 0KxEE 1KxEE 3KxEE 2KxEE 2H5EE 4H7EE 0KxEE 1HJEE 3H2EE 2KxEE 4KxEE 1KxEE 3KxEE 3S6H6EE 2EE 4EE 0EE 1EE 3EE 3D7EE 2CTEE 4HQEE 0KxEE 1KxEE 3DAEE 2D2EE 4KxEE 3KxEE 2KxEE 2CQEE 4SKEE 0KxEE 1KxEE 3S2EE 4KxEE 3KxEE 3STEE 4HKEE 0KxEE 1KxEE 3KxEE 4SAEE 4C2EE 4KxEE 4H8EE 4S9EE 0DTEE 1SJEE 3SQEE 4KxEE 0KxEE 1KxEE 4HTEE 0DJEE 1KxEE 4HAEE 0KxEE 0DQEE
%00014%result% 23401
%00014%points% 61 34 51 41 38
%00015%mibun% 34012
%00015%seat% 34201
%00015%palyer_cards% S8SKS2H4H5H7HJD5D6CJCQ S3S9SQH3HQD9DTDJC3C5C2 S4S6STSJH6D7DAC7C8C9J3 S5SAH8H9HTDQDKD2C6CK S7HKHAH2D3D4D8C4CTCA 
%00015%change_cards%  12SQC2EE 03S2EE 21S4S6EE 30S5EE
%00015%play%  4D4C4EE 2EE 0EE 1EE 3EE 4EE 4HACAEE 2EE 0EE 1EE 3EE 4EE 4D3EE 2H6EE 0H7EE 1HQEE 3KxEE 4HKEE 2KxEE 0KxEE 1KxEE 4KxEE 2KxEE 2D7C7EE 0EE 1EE 3EE 4EE 2EE 2C8EE 2C9EE 0HJEE 1KxEE 3DQEE 4H2EE 2KxEE 0KxEE 3KxEE 4KxEE 4S7EE 2STEE 0SKEE 1KxEE 3SAEE 4KxEE 2KxEE 0KxEE 3S2EE 3KxEE 3DKCKEE 4EE 2EE 0EE 1EE 3EE 3C6EE 4D8EE 4CTEE 2SJEE 0CQEE 1KxEE 3D2EE 2KxEE 0KxEE 3KxEE 3H8EE 3H9EE 2SQEE 0KxEE 1KxEE 3KxEE 2DAEE 2C2EE 0S5H5D5EE 1EE 3EE 0EE 0H4EE 1C5EE 3HTEE 0CJEE 1KxEE 0KxEE 0D6EE 1S9EE 0KxEE 1DTEE 1DJEE 1KxEE 1S3H3C3EE 0EE 1EE 1S4EE 0S8EE
%00015%result% 42301
%00015%points% 63 35 55 44 43
%00016%mibun% 34120
%00016%seat% 34201
%00016%palyer_cards% S6SAH6H9HJD9DTDAC8CQCK S7H4H7HQD5DQC4C5C7CA S8S9STSJSQH5H2D3D8DKC3 SKH8HKHAD4D2C6C9CTCJ S3S4S5S2H3HTD6D7DJC2J3 
%00016%change_cards%  14HQCAEE 02SAEE 41S3H3EE 20D3EE
%00016%play%  0S6H6EE 1EE 3EE 4EE 2EE 0EE 0H9D9EE 1EE 3EE 4EE 2EE 0EE 0D3EE 1H4EE 3C6EE 4D7EE 2S8EE 2C3EE 0C8EE 0DTEE 1DQEE 3D2EE 4KxEE 2KxEE 0KxEE 1KxEE 3KxEE 4KxEE 4S2C2EE 2EE 0EE 1EE 3EE 4EE 4S4EE 2H5EE 0HJEE 1KxEE 3HKEE 4KxEE 2H2EE 0KxEE 3KxEE 2KxEE 2D8EE 2S9EE 0CQEE 1KxEE 3SKEE 4CAEE 2KxEE 0KxEE 3KxEE 4KxEE 4S5EE 2STEE 0KxEE 1KxEE 3KxEE 4KxEE 2SJEE 2SQEE 2SAEE 2KxEE 2DKEE 0DAEE 1KxEE 3KxEE 4KxEE 0KxEE 0CKEE 1KxEE 3HAEE 4KxEE 3KxEE 3D4EE 4D6EE 1KxEE 3KxEE 4DJEE 4KxEE 4HTEE 1KxEE 3CJEE 4HQEE 3KxEE 1S3H3EE 3EE 1EE 1D5C5EE 3EE 1EE 1S7H7C7EE 3EE 1EE 1C4EE
%00016%result% 20413
%00016%points% 67 37 60 45 46
%00017%mibun% 13042
%00017%seat% 34201
%00017%palyer_cards% SKSAH3H4HTHKD9DKD2C6CJ S4S5S8S9STHJHQD6DTDAC8 S6H7H9HAD3D5DQC4C7C9CT SQS2H5H6H2D4D7C3C5CA S3S7SJH8D8DJCQCKC2J3 
%00017%change_cards%  32S2H2EE 10DAEE 23D3C4EE 01H3EE
%00017%play%  3D3C3EE 4EE 2EE 0EE 1EE 3EE 3D4C4EE 4EE 2EE 0EE 1EE 3EE 3H5C5EE 4EE 2EE 0EE 1EE 3EE 3H6EE 4S7EE 2H9EE 0HTEE 1HJEE 3KxEE 4KxEE 2KxEE 0KxEE 1KxEE 4KxEE 4H8D8EE 4SJDJEE 2EE 0EE 1EE 3EE 4EE 4S3EE 2D5EE 0C6EE 1S8EE 1STDTEE 3EE 4EE 2EE 0EE 1EE 1H3EE 3D7EE 4CQEE 2HAEE 0D2EE 1KxEE 3KxEE 4KxEE 2KxEE 0KxEE 0SKHKDKEE 1EE 3EE 4EE 2EE 0EE 0SADAEE 1EE 3EE 4EE 2EE 0EE 0H4EE 1S5EE 3SQEE 4KxEE 2S2EE 0KxEE 1KxEE 3KxEE 2KxEE 2H7C7EE 0EE 1EE 3EE 4EE 2EE 2S6EE 0D9EE 1HQEE 3CAEE 4C2EE 2KxEE 0KxEE 1KxEE 4KxEE 4CKEE 2H2EE 0KxEE 1KxEE 2KxEE 2C9EE 0CJEE 1KxEE 2KxEE 1S4EE 2CTEE 1KxEE 2DQEE
%00017%result% 34021
%00017%points% 70 38 62 50 50
%00018%mibun% 24301
%00018%seat% 01423
%00018%palyer_cards% S3SQSAH8HTD9DJC7C9CQCA S4S7STH6H2DTDQC4C5C6C8 SJS2HJHKD3D4D2C3CJC2 S8S9SKH4H5HQHAD8DACTJ3 S5S6H3H7H9D5D6D7DKCK 
%00018%change_cards%  13H2DQEE 24S2EE 31H4H5EE 42H3EE
%00018%play%  2H3D3C3EE 3EE 0EE 1EE 4EE 2EE 2SJHJCJEE 3EE 0EE 1EE 4EE 2EE 2D2C2EE 3EE 0EE 1EE 4EE 2EE 2D4EE 3S8EE 3HQDQEE 0EE 1EE 4EE 2EE 3EE 3HADAEE 0EE 1EE 4EE 2EE 3EE 3D8EE 3S9EE 0HTEE 1KxEE 4DKEE 2KxEE 3H2EE 0KxEE 4KxEE 3KxEE 3KxEE 3CTEE 0DJEE 1KxEE 4CKEE 2KxEE 3KxEE 0SAEE 4S2EE 0KxEE 4KxEE 4S5D5EE 2EE 3EE 0EE 1EE 4EE 4S6D6EE 2EE 3EE 0EE 1EE 4EE 4H7D7EE 2EE 3EE 0EE 1EE 4EE 4H9EE 2HKEE 3KxEE 0KxEE 1KxEE 3SKEE 0CAEE 1KxEE 0KxEE 0D9C9EE 1EE 0EE 0SQCQEE 1EE 0EE 0S3EE 1S4EE 0KxEE 1S7EE 1STEE 1KxEE 1H4C4EE 0EE 1EE 1H5C5EE 0EE 1EE 1H6C6EE 0EE 1EE 1C8EE 1DTEE
%00018%result% 42310
%00018%points% 71 40 66 53 55
%00019%mibun% 43120
%00019%seat% 01423
%00019%palyer_cards% S5H4HTHJHQC7C8C9CTCA S8STSAH9HKHADJDQDAJ3 S3S4S6S7S9SKH5D3D5D9D2 S2H2D6D7DTDKC4C5CQCKC2 SJSQH3H6H7H8D4D8C3C6CJ 
%00019%change_cards%  04HQCAEE 12J3EE 40H3C3EE