%-----%hostname% a62
%-----%TIME_START% 2024/04/23 14:23:09
%-----%palyer_name% Normal Normal Normal Normal Normal
%-----%WINDOW_TYPE% ALICE
%-----%GRAPH_WINDOW% YES
%-----%RAND_TYPE% 1
%-----%RULE_KAKUMEI% YES
%-----%RULE_SHIBARI% YES
%-----%RULE_KINSOKU% NO
%-----%RULE_KAIDAN% YES
%-----%RULE_CHANGE% YES
%-----%RULE_5TOBI% NO
%-----%RULE_6REVERS% NO
%-----%RULE_8GIRI% YES
%-----%RULE_11BACK% NO
%-----%RULE_SEKIGAE% YES
%-----%RULE_SEKIGAE_NUM% 3
%-----%GAME_NUMBER% 10
%-----%FLASH_MIBUN_NUMBER% 100
%-----%GAME_PORT% 52745
%-----%RANDOM_SEED% 1713849372
%00000%mibun% 22222
%00000%seat% 41230
%00000%palyer_cards% S8S2H5H7H8HAD3D4D5D9C7 S3S6HJD7D8DTDKC3CTCA S9H9D6DQD2C6C8C9CJCQC2 S4S5STSQSKSAH3H4DAC4CK S7SJH6HTHQHKH2DJC5J3 
%00000%change_cards% NULL
%00000%play%  0H5D5EE 4EE 1EE 2EE 3EE 0EE 0H7C7EE 4EE 1EE 2EE 3EE 0EE 0S8H8EE 0D3EE 4C5EE 1S6EE 2C8EE 2D6C6EE 3EE 0EE 4EE 1EE 2EE 2S9H9C9EE 3EE 0EE 4EE 1EE 2EE 2DQCQEE 3EE 0EE 4EE 1EE 2EE 2D2C2EE 3EE 0EE 4EE 1EE 2EE 2CJEE 3SQEE 0HAEE 4H2EE 1KxEE 3KxEE 0KxEE 4KxEE 4KxEE 4SJDJEE 1EE 3EE 0EE 4EE 4H6EE 1D7EE 3STEE 0S2EE 4KxEE 1KxEE 3KxEE 0KxEE 0D4EE 4S7EE 1D8EE 1S3C3EE 3EE 0EE 4EE 1EE 1DTCTEE 3EE 0EE 4EE 1EE 1HJEE 3SKEE 0KxEE 4KxEE 1CAEE 3KxEE 1KxEE 1DKEE 3SAEE 0KxEE 4KxEE 3KxEE 3S4H4C4EE 0EE 4EE 3EE 3H3EE 0D9EE 4HTEE 3CKEE 4KxEE 3DAEE 3KxEE 3S5EE
%00000%result% 21034
%00000%points% 3 4 5 2 1
%00001%mibun% 21034
%00001%seat% 41230
%00001%palyer_cards% S4STH4H6H8D5C7C8CTCJJ3 S3S5S6H5H9HKH2DAD2CQ SKS2HTHJD8DTDKC3C4C9C2 S7S8SAHQD3D6D7D9DJC5C6 S9SJSQH3H7HAD4DQCKCA 
%00001%change_cards%  42HACAEE 31SAEE 24C3C4EE 13S3EE
%00001%play%  3S3D3EE 0EE 4EE 1EE 2EE 3EE 3D6C6EE 0EE 4EE 1EE 2EE 3EE 3S7D7EE 0EE 4EE 1EE 2EE 3EE 3C5EE 0H6EE 4H7EE 1H9EE 2HTEE 3HQEE 0KxEE 4KxEE 1KxEE 2KxEE 3KxEE 0KxEE 0S4H4EE 4EE 1EE 2EE 3EE 0EE 0H8C8EE 0STCTEE 4EE 1EE 2EE 3EE 0EE 0D5EE 4S9EE 1CQEE 2SKEE 3KxEE 0KxEE 4KxEE 1SAEE 2S2EE 1KxEE 2KxEE 2HACAEE 3EE 0EE 4EE 1EE 2EE 2D8EE 2C9EE 3DJEE 0KxEE 4SQEE 1HKEE 2C2EE 3KxEE 4KxEE 1KxEE 2KxEE 2DTEE 3KxEE 0CJEE 4DQEE 1DAEE 2KxEE 0KxEE 4KxEE 1D2EE 1KxEE 1S5H5EE 2EE 3EE 0EE 4EE 1EE 1S6EE 2HJEE 3KxEE 0KxEE 4CKEE 1H2EE 2KxEE 4KxEE 2DKEE 3KxEE 0KxEE 4KxEE 3S8EE 3D9EE 0KxEE 4SJEE 4KxEE 4H3C3EE 0EE 4EE 4D4C4EE
%00001%result% 12340
%00001%points% 4 9 9 5 3
%00002%mibun% 40123
%00002%seat% 41230
%00002%palyer_cards% S6STSQS2H5H7H8HJC9J3 S5S7SAH3HKD7DJDQD2CAC2 S8SJH4HQH2D9DKDAC3CJCQ S3SKH6H9D3D4D5C4C8CTCK S4S9HTHAD6D8DTC5C6C7 
%00002%change_cards%  01S2J3EE 42HAEE 10S5H3EE 24C3EE
%00002%play%  3S3D3EE 0EE 4EE 1EE 2EE 3EE 3D4C4EE 0EE 4EE 1EE 2EE 3EE 3SKCKEE 0EE 4EE 1EE 2EE 3EE 3D5EE 0S6EE 4C7EE 1DJEE 2HQEE 3KxEE 0KxEE 4KxEE 1HKEE 2HAEE 1KxEE 2KxEE 1KxEE 1S7D7EE 2EE 3EE 0EE 4EE 1EE 1SACAEE 2EE 3EE 0EE 4EE 1EE 1S2D2C2EE 2EE 3EE 0EE 4EE 1EE 1DQEE 2DKEE 3KxEE 0KxEE 4KxEE 2DAEE 2KxEE 2SJCJEE 3EE 0EE 4EE 2EE 2H4EE 3H6EE 0H7EE 4HTEE 2H2EE 3KxEE 0KxEE 4KxEE 2KxEE 2S8EE 2D9EE 3CTEE 0HJEE 4KxEE 2CQEE 3KxEE 0KxEE 3C8EE 3H9EE 0STEE 4KxEE 0SQEE 0KxEE 0S5H5EE 4EE 0EE 0H3EE 4S4EE 0H8EE 0C9EE
%00002%result% 12304
%00002%points% 6 14 13 8 4
%00003%mibun% 30124
%00003%seat% 21340
%00003%palyer_cards% S4SAS2H5HJHQD9DTCAC2 S3S9SQHKHAH2D3D6DJC4CQ SJH3D5D7DQD2C6C9CKJ3 S5S7S8H6H9HTD4DAC3C5C7 S6STSKH4H7H8D8DKC8CTCJ 
%00003%change_cards%  41SKDKEE 02S2EE 14S3D3EE 20H3EE
%00003%play%  4S3D3EE 0EE 2EE 1EE 3EE 4EE 4H8D8C8EE 4STCTEE 0EE 2EE 1EE 3EE 4EE 4H4EE 0H5EE 2KxEE 1KxEE 3KxEE 4KxEE 0KxEE 2KxEE 2S2D2EE 1EE 3EE 4EE 0EE 2EE 2D5EE 1D6EE 3DAEE 4KxEE 0KxEE 2KxEE 1KxEE 3KxEE 3S5C5EE 4EE 0EE 2EE 1EE 3EE 3S7C7EE 4EE 0EE 2EE 1EE 3EE 3C3EE 4S6EE 0D9EE 2SJEE 1SQEE 3KxEE 4KxEE 0SAEE 2KxEE 1KxEE 0KxEE 0H3EE 2C6EE 1S9EE 3HTEE 4CJEE 0HQEE 2CKEE 1HAEE 3KxEE 4KxEE 0C2EE 2KxEE 1KxEE 0KxEE 0S4EE 2D7EE 1DJEE 3KxEE 4KxEE 0KxEE 2DQEE 1DKEE 2KxEE 1KxEE 1SKHKEE 3EE 4EE 0EE 2EE 1EE 1C4EE 3H6EE 4H7EE 0HJEE 2KxEE 1H2EE 3KxEE 0KxEE 1KxEE 1CQEE 3KxEE 0CAEE 2KxEE 0KxEE 0DTEE 2KxEE 3KxEE 2C9EE
%00003%result% 41023
%00003%points% 9 18 15 9 9
%00004%mibun% 21340
%00004%seat% 21340
%00004%palyer_cards% STSJS2H6H8D9DJDAC3C8CA H7H9D4D8DTD2C7CQCKC2 S3S4S8SKH5HTHJD3D6C5CJ S5S6SQHKHAD5D7C4CTJ3 S7S9SAH3H4HQH2DQDKC6C9 
%00004%change_cards%  34HAJ3EE 21SKEE 43H3H4EE 12D4EE
%00004%play%  2S3D3EE 1EE 3EE 4EE 0EE 2EE 2S4D4EE 1EE 3EE 4EE 0EE 2EE 2H5C5EE 1EE 3EE 4EE 0EE 2EE 2HJCJEE 1EE 3EE 4EE 0EE 2EE 2D6EE 1H7EE 3CTEE 4HQEE 0DAEE 2KxEE 1D2EE 3KxEE 4KxEE 0KxEE 1KxEE 4KxEE 4S9C9EE 0EE 2EE 1EE 3EE 4EE 4SAHAEE 0EE 2EE 1EE 3EE 4EE 4C6EE 0H8EE 0SJDJEE 2EE 1EE 3EE 4EE 0EE 0C3EE 2S8EE 2HTEE 1CQEE 3HKEE 4H2EE 0KxEE 1KxEE 3KxEE 4KxEE 4S7EE 0C8EE 0H6EE 1C7EE 3SQEE 4DKEE 0CAEE 1C2EE 3KxEE 4KxEE 0KxEE 1KxEE 1SKCKEE 3EE 4EE 0EE 1EE 1D8EE 1H9EE 3KxEE 4DQEE 0S2EE 1KxEE 0KxEE 0D9EE 1DTEE 3KxEE 0KxEE 3H4C4EE 0EE 3EE 3S5D5EE 0EE 3EE 3H3EE 0STEE
%00004%result% 24103
%00004%points% 11 21 20 10 13
%00005%mibun% 32041
%00005%seat% 21340
%00005%palyer_cards% H6H8HKHAH2D7DTDJDQCT S4SJSKS2H3H4D5D6D9DKC7 S3S7S8S9SQD4D8C6C8CKCA S5STSAH5H7HQD2C3C4C5CJ S6H9HTHJD3DAC9CQC2J3 
%00005%change_cards%  32SAD2EE 04H2EE 23S3D4EE 40D3EE
%00005%play%  0DTCTEE 2EE 1EE 3EE 4EE 0EE 0D3EE 2C6EE 1C7EE 3CJEE 4CQEE 0KxEE 2CKEE 1KxEE 3KxEE 4C2EE 2KxEE 4KxEE 4KxEE 4H9C9EE 0EE 2EE 1EE 3EE 4EE 4S6EE 0D7EE 2S8EE 2D8C8EE 2SACAEE 1EE 3EE 4EE 0EE 2EE 2S7EE 1D9EE 3STEE 4HJEE 0DQEE 2D2EE 1KxEE 3KxEE 4KxEE 0KxEE 2KxEE 2S9EE 1SJEE 3KxEE 4KxEE 0KxEE 2SQEE 1SKEE 1S2EE 1KxEE 1S4H4EE 3EE 4EE 0EE 1EE 1H3EE 3D4EE 4HTEE 0DJEE 1DKEE 3KxEE 4DAEE 0KxEE 1KxEE 4KxEE 4H2EE 0KxEE 1KxEE 3KxEE 0H6EE 1KxEE 3H7EE 0H8EE 0HKEE 1KxEE 3KxEE 0HAEE 1D5EE 3HQEE 1KxEE 3KxEE 3S3C3EE 1EE 3EE 3S5H5C5EE 1EE 3EE 3C4EE
%00005%result% 24031
%00005%points% 14 22 25 12 17
%00006%mibun% 24031
%00006%seat% 32410
%00006%palyer_cards% S5S9STSJH6H9H2D5DTC8 S4SQSKH4HTHJD6DJC3C2J3 S7SAS2H3HQD3D9DQD2C4C6 S8H5H7HKHAD4D8CJCKCA S3S6H8D7DKDAC5C7C9CTCQ 
%00006%change_cards%  12C2J3EE 34HAEE 21H3D3EE 43S3EE
%00006%play%  1H3D3C3EE 0EE 3EE 2EE 4EE 1EE 1S4H4EE 0EE 3EE 2EE 4EE 1EE 1HJDJEE 0EE 3EE 2EE 4EE 1EE 1D6EE 0C8EE 0S5D5EE 3EE 2EE 4EE 1EE 0EE 0S9H9EE 3EE 2EE 4EE 1EE 0EE 0STDTEE 3EE 2EE 4EE 1EE 0EE 0H6EE 3H7EE 2HQEE 4HAEE 1KxEE 0H2EE 3KxEE 2KxEE 4KxEE 0KxEE 2KxEE 2S2D2C2EE 4EE 1EE 0EE 3EE 2EE 2C4EE 4C5EE 1KxEE 0KxEE 3CJEE 2KxEE 4CQEE 3CKEE 4KxEE 3CAEE 3KxEE 3S8D8EE 3S3EE 2C6EE 4D7EE 1HTEE 0SJEE 3HKEE 2SAEE 4KxEE 1KxEE 3KxEE 2KxEE 2S7EE 4H8EE 4S6EE 1SQEE 3KxEE 2KxEE 4KxEE 1SKEE 3D4EE 2D9EE 4DKEE 3KxEE 2KxEE 4DAEE 4KxEE 4C7EE 3KxEE 2DQEE 4KxEE 4C9EE 3KxEE 4CTEE
%00006%result% 01243
%00006%points% 19 26 28 13 19
%00007%mibun% 01243
%00007%seat% 32410
%00007%palyer_cards% S4SKSAS2H9HAH2D3C6C7CQ S7STH3D5DQC4C5C9CJJ3 S3S9H5HTHJD7D8DTDJDACT H7H8HQHKD6D2C3C8CKCAC2 S5S6S8SJSQH4H6D4D9DK 
%00007%change_cards%  30D2C2EE 41DKEE 03S4D3EE 14H3EE
%00007%play%  3D3C3EE 2EE 4EE 1EE 0EE 3EE 3H8C8EE 3HKCKEE 2EE 4EE 1EE 0EE 3EE 3S4EE 2H5EE 4S6EE 1S7EE 0SKEE 3KxEE 2KxEE 4KxEE 1KxEE 0KxEE 1KxEE 1D5C5EE 0EE 3EE 2EE 4EE 1EE 1C4EE 0C6EE 3CAEE 2KxEE 4KxEE 1KxEE 0C2EE 3KxEE 0KxEE 0SAHAEE 3EE 2EE 4EE 1EE 0EE 0S2H2D2EE 3EE 2EE 4EE 1EE 0EE 0C7EE 3HQEE 2DAEE 4KxEE 1KxEE 0KxEE 3KxEE 2KxEE 2HTDTCTEE 4EE 1EE 0EE 3EE 2EE 2HJDJEE 4EE 1EE 0EE 3EE 2EE 2S3EE 4H4EE 1C9EE 0CQEE 3KxEE 2KxEE 4KxEE 1KxEE 0KxEE 0H9EE 3KxEE 2KxEE 4SJEE 1DQEE 4KxEE 1DKEE 1KxEE 1STEE 3KxEE 2KxEE 4SQEE 1KxEE 4KxEE 4H3EE 1CJEE 3KxEE 2KxEE 4KxEE 3D6EE 2D7EE 4D9EE 3KxEE 2KxEE 4KxEE 4D4EE 3H7EE 2D8EE 2S9EE
%00007%result% 01324
%00007%points% 24 30 30 16 20
%00008%mibun% 01324
%00008%seat% 32410
%00008%palyer_cards% S4S5S9STH6H7HKD7DTCTCQ S3SQH3H8D4D6D9C3CKCA S6SKSAH5HTHJD8DAC4C7C8 S7S2H4D3DQC5C6C9CJC2J3 S8SJH9HQHAH2D5DJDKD2 
%00008%change_cards%  40H2D2EE 21SAEE 04S4S5EE 12S3EE
%00008%play%  3S2C2EE 2EE 4EE 1EE 0EE 3EE 3D3EE 2C4EE 4S5EE 1D6EE 0H7EE 3C9EE 2HTEE 4SJEE 1SQEE 0KxEE 3KxEE 2KxEE 4KxEE 1KxEE 3KxEE 3H4EE 2H5EE 4H9EE 1KxEE 0HKEE 3KxEE 2KxEE 4HAEE 0H2EE 4KxEE 0KxEE 0STDTCTEE 3EE 2EE 4EE 1EE 0EE 0H6EE 3S7EE 2D8EE 2S3EE 4S4EE 1SAEE 0KxEE 3KxEE 2KxEE 4KxEE 1KxEE 1H3C3EE 0EE 3EE 2EE 4EE 1EE 1D4EE 0D7EE 3DQEE 2DAEE 4KxEE 1KxEE 0D2EE 3KxEE 2KxEE 0KxEE 0S9EE 3CJEE 2SKEE 4KxEE 1CAEE 0KxEE 3KxEE 2KxEE 1KxEE 1H8EE 1D9EE 0CQEE 3KxEE 2KxEE 4DKEE 1KxEE 4KxEE 4D5EE 1CKEE 3KxEE 2KxEE 4KxEE 3C5EE 2S6EE 4S8EE 4DJEE 3KxEE 2KxEE 4HQEE 3C6EE
%00008%result% 01432
%00008%points% 29 34 31 18 23
%00009%mibun% 01432
%00009%seat% 20341
%00009%palyer_cards% S4S5SJH4H9HJHQD4DTDAC4 S8STH3H7D5D7C3C6C2J3 SQS2H2D6D8DJDKC5CJCK S3S6S7H5HAD3D9C7CTCQCA S9SKSAH6H8HTHKDQD2C8C9 
%00009%change_cards%  20S2H2EE 31HAEE 02S4H4EE 13H3EE
%00009%play%  3S3H3D3EE 4EE 1EE 2EE 0EE 3EE 3S7C7EE 4EE 1EE 2EE 0EE 3EE 3H5EE 4H6EE 1H7EE 2KxEE 0H9EE 3KxEE 4HTEE 1HAEE 0H2EE 4KxEE 1KxEE 0KxEE 1KxEE 1C3EE 2S4EE 0S5EE 3S6EE 4S9EE 1STEE 2SQEE 0S2EE 3KxEE 4KxEE 1KxEE 2KxEE 0KxEE 0D4C4EE 3EE 4EE 1EE 2EE 0EE 0SJHJEE 3EE 4EE 1EE 2EE 0EE 0DTEE 3CQEE 4SKEE 1C2EE 2KxEE 0KxEE 3KxEE 4KxEE 1KxEE 1D5EE 2D6EE 0DAEE 3KxEE 4D2EE 1KxEE 2KxEE 0KxEE 4KxEE 4H8C8EE 4C9EE 1KxEE 2DJEE 0HQEE 3CAEE 4KxEE 2KxEE 3KxEE 3D9EE 4DQEE 1KxEE 2DKEE 3KxEE 4KxEE 2KxEE 2H4EE 3CTEE 4HKEE 1KxEE 2KxEE 4SAEE 1C6EE 2D8EE 2C5EE 1D7EE 2CJEE 1KxEE 2CKEE
%00009%result% 03421
%00009%points% 34 35 33 22 26
